2023-10-01 06:06:35,258 [INFO] Activator:178 - 


2023-10-01 06:06:35,264 [INFO] Activator:179 - !SESSION log4j initialized
2023-10-01 06:06:45,183 [INFO] ApplicationProperties:181 - Using Application install path: C:\ST\STM32CubeIDE_1.4.0\STM32CubeIDE\plugins\com.st.stm32cube.common.mx_6.0.0.202007160824
2023-10-01 06:06:45,208 [INFO] DbMcusXml:70 - Set database path to: C:\ST\STM32CubeIDE_1.4.0\STM32CubeIDE\plugins\com.st.stm32cube.common.mx_6.0.0.202007160824\\db\/mcu/
2023-10-01 06:06:45,215 [INFO] DbBoardsPdsc:56 - Set plugin database path to: C:\ST\STM32CubeIDE_1.4.0\STM32CubeIDE\plugins\com.st.stm32cube.common.mx_6.0.0.202007160824\\db\/plugins/boardmanager/
2023-10-01 06:06:45,217 [INFO] DbMcus:258 - Set plugin images path to: C:\ST\STM32CubeIDE_1.4.0\STM32CubeIDE\plugins\com.st.stm32cube.common.mx_6.0.0.202007160824\\db\/plugins/mcufinder/images/
2023-10-01 06:06:45,218 [INFO] DbBoards:264 - Set plugin images path to: C:\ST\STM32CubeIDE_1.4.0\STM32CubeIDE\plugins\com.st.stm32cube.common.mx_6.0.0.202007160824\\db\/plugins/mcufinder/images/
2023-10-01 06:06:45,222 [INFO] DbExamples:326 - Set plugin images path to: C:\ST\STM32CubeIDE_1.4.0\STM32CubeIDE\plugins\com.st.stm32cube.common.mx_6.0.0.202007160824\\db\/plugins/mcufinder/images/
2023-10-01 06:06:45,240 [INFO] DbMcusDocs:112 - Set database path to: C:\Users\LEGION\.stmcufinder\plugins\mcufinder//mcu/
2023-10-01 06:06:45,244 [INFO] DbMcusJson:63 - Set database path to: C:\Users\LEGION\.stmcufinder\plugins\mcufinder//mcu/
2023-10-01 06:06:45,246 [INFO] DbBoardsDocs:112 - Set database path to: C:\Users\LEGION\.stmcufinder\plugins\mcufinder//mcu/
2023-10-01 06:06:45,249 [INFO] DbBoardsJson:56 - Set database path to: C:\Users\LEGION\.stmcufinder\plugins\mcufinder//mcu/
2023-10-01 06:06:45,255 [INFO] CrossReferenceDbSqlite:196 - Set database path to: C:\Users\LEGION\.stmcufinder\plugins\mcufinder//mcu/cs/
2023-10-01 06:06:45,261 [INFO] DbExamplesSqlite:800 - Set database path to: C:\Users\LEGION\.stmcufinder\plugins\mcufinder//mcu/
2023-10-01 06:06:45,475 [INFO] RulesReader:52 - Compatibility file has been processed (209 Rules)
2023-10-01 06:06:46,043 [INFO] MicroXplorer:564 - Detected Java Version = 1.8.0_252
2023-10-01 06:06:46,044 [INFO] DbMcusXml:70 - Set database path to: C:\ST\STM32CubeIDE_1.4.0\STM32CubeIDE\plugins\com.st.stm32cube.common.mx_6.0.0.202007160824\\db\/mcu/
2023-10-01 06:06:46,045 [INFO] DbBoardsPdsc:56 - Set plugin database path to: C:\ST\STM32CubeIDE_1.4.0\STM32CubeIDE\plugins\com.st.stm32cube.common.mx_6.0.0.202007160824\\db\/plugins/boardmanager/
2023-10-01 06:06:46,048 [INFO] DbMcus:258 - Set plugin images path to: C:\ST\STM32CubeIDE_1.4.0\STM32CubeIDE\plugins\com.st.stm32cube.common.mx_6.0.0.202007160824\\db\/plugins/mcufinder/images/
2023-10-01 06:06:46,049 [INFO] DbBoards:264 - Set plugin images path to: C:\ST\STM32CubeIDE_1.4.0\STM32CubeIDE\plugins\com.st.stm32cube.common.mx_6.0.0.202007160824\\db\/plugins/mcufinder/images/
2023-10-01 06:06:46,049 [INFO] DbExamples:326 - Set plugin images path to: C:\ST\STM32CubeIDE_1.4.0\STM32CubeIDE\plugins\com.st.stm32cube.common.mx_6.0.0.202007160824\\db\/plugins/mcufinder/images/
2023-10-01 06:06:46,050 [WARN] DbFile:36 - Overriding database path with different value: C:\Users\LEGION\.stmcufinder\plugins\mcufinder/ => C:\Users\LEGION\.stmcufinder\plugins\mcufinder
2023-10-01 06:06:46,050 [INFO] DbMcusDocs:112 - Set database path to: C:\Users\LEGION\.stmcufinder\plugins\mcufinder//mcu/
2023-10-01 06:06:46,051 [WARN] DbFile:36 - Overriding database path with different value: C:\Users\LEGION\.stmcufinder\plugins\mcufinder/ => C:\Users\LEGION\.stmcufinder\plugins\mcufinder
2023-10-01 06:06:46,051 [INFO] DbMcusJson:63 - Set database path to: C:\Users\LEGION\.stmcufinder\plugins\mcufinder//mcu/
2023-10-01 06:06:46,052 [WARN] DbFile:36 - Overriding database path with different value: C:\Users\LEGION\.stmcufinder\plugins\mcufinder/ => C:\Users\LEGION\.stmcufinder\plugins\mcufinder
2023-10-01 06:06:46,052 [INFO] DbBoardsDocs:112 - Set database path to: C:\Users\LEGION\.stmcufinder\plugins\mcufinder//mcu/
2023-10-01 06:06:46,052 [WARN] DbFile:36 - Overriding database path with different value: C:\Users\LEGION\.stmcufinder\plugins\mcufinder/ => C:\Users\LEGION\.stmcufinder\plugins\mcufinder
2023-10-01 06:06:46,054 [INFO] DbBoardsJson:56 - Set database path to: C:\Users\LEGION\.stmcufinder\plugins\mcufinder//mcu/
2023-10-01 06:06:46,054 [WARN] DbFile:36 - Overriding database path with different value: C:\Users\LEGION\.stmcufinder\plugins\mcufinder/ => C:\Users\LEGION\.stmcufinder\plugins\mcufinder
2023-10-01 06:06:46,054 [WARN] DbFile:36 - Overriding database path with different value: C:\Users\LEGION\.stmcufinder\plugins\mcufinder/ => C:\Users\LEGION\.stmcufinder\plugins\mcufinder
2023-10-01 06:06:46,054 [INFO] CrossReferenceDbSqlite:196 - Set database path to: C:\Users\LEGION\.stmcufinder\plugins\mcufinder//mcu/cs/
2023-10-01 06:06:46,054 [WARN] DbFile:36 - Overriding database path with different value: C:\Users\LEGION\.stmcufinder\plugins\mcufinder/ => C:\Users\LEGION\.stmcufinder\plugins\mcufinder
2023-10-01 06:06:46,055 [INFO] DbExamplesSqlite:800 - Set database path to: C:\Users\LEGION\.stmcufinder\plugins\mcufinder//mcu/
2023-10-01 06:06:46,192 [INFO] MainPanel:189 - HeapMemory: 268435456
2023-10-01 06:06:46,367 [INFO] DbMcusXml:70 - Set database path to: C:\ST\STM32CubeIDE_1.4.0\STM32CubeIDE\plugins\com.st.stm32cube.common.mx_6.0.0.202007160824\\db\/mcu/
2023-10-01 06:06:46,367 [INFO] DbBoardsPdsc:56 - Set plugin database path to: C:\ST\STM32CubeIDE_1.4.0\STM32CubeIDE\plugins\com.st.stm32cube.common.mx_6.0.0.202007160824\\db\/plugins/boardmanager/
2023-10-01 06:06:46,367 [INFO] DbMcus:258 - Set plugin images path to: C:\ST\STM32CubeIDE_1.4.0\STM32CubeIDE\plugins\com.st.stm32cube.common.mx_6.0.0.202007160824\\db\/plugins/mcufinder/images/
2023-10-01 06:06:46,368 [INFO] DbBoards:264 - Set plugin images path to: C:\ST\STM32CubeIDE_1.4.0\STM32CubeIDE\plugins\com.st.stm32cube.common.mx_6.0.0.202007160824\\db\/plugins/mcufinder/images/
2023-10-01 06:06:46,368 [INFO] DbExamples:326 - Set plugin images path to: C:\ST\STM32CubeIDE_1.4.0\STM32CubeIDE\plugins\com.st.stm32cube.common.mx_6.0.0.202007160824\\db\/plugins/mcufinder/images/
2023-10-01 06:06:46,369 [WARN] DbFile:36 - Overriding database path with different value: C:\Users\LEGION\.stmcufinder\plugins\mcufinder/ => C:\Users\LEGION\.stmcufinder\plugins\mcufinder
2023-10-01 06:06:46,369 [INFO] DbMcusDocs:112 - Set database path to: C:\Users\LEGION\.stmcufinder\plugins\mcufinder//mcu/
2023-10-01 06:06:46,369 [WARN] DbFile:36 - Overriding database path with different value: C:\Users\LEGION\.stmcufinder\plugins\mcufinder/ => C:\Users\LEGION\.stmcufinder\plugins\mcufinder
2023-10-01 06:06:46,369 [INFO] DbMcusJson:63 - Set database path to: C:\Users\LEGION\.stmcufinder\plugins\mcufinder//mcu/
2023-10-01 06:06:46,370 [WARN] DbFile:36 - Overriding database path with different value: C:\Users\LEGION\.stmcufinder\plugins\mcufinder/ => C:\Users\LEGION\.stmcufinder\plugins\mcufinder
2023-10-01 06:06:46,370 [INFO] DbBoardsDocs:112 - Set database path to: C:\Users\LEGION\.stmcufinder\plugins\mcufinder//mcu/
2023-10-01 06:06:46,370 [WARN] DbFile:36 - Overriding database path with different value: C:\Users\LEGION\.stmcufinder\plugins\mcufinder/ => C:\Users\LEGION\.stmcufinder\plugins\mcufinder
2023-10-01 06:06:46,371 [INFO] DbBoardsJson:56 - Set database path to: C:\Users\LEGION\.stmcufinder\plugins\mcufinder//mcu/
2023-10-01 06:06:46,371 [WARN] DbFile:36 - Overriding database path with different value: C:\Users\LEGION\.stmcufinder\plugins\mcufinder/ => C:\Users\LEGION\.stmcufinder\plugins\mcufinder
2023-10-01 06:06:46,371 [WARN] DbFile:36 - Overriding database path with different value: C:\Users\LEGION\.stmcufinder\plugins\mcufinder/ => C:\Users\LEGION\.stmcufinder\plugins\mcufinder
2023-10-01 06:06:46,371 [INFO] CrossReferenceDbSqlite:196 - Set database path to: C:\Users\LEGION\.stmcufinder\plugins\mcufinder//mcu/cs/
2023-10-01 06:06:46,372 [WARN] DbFile:36 - Overriding database path with different value: C:\Users\LEGION\.stmcufinder\plugins\mcufinder/ => C:\Users\LEGION\.stmcufinder\plugins\mcufinder
2023-10-01 06:06:46,373 [INFO] DbExamplesSqlite:800 - Set database path to: C:\Users\LEGION\.stmcufinder\plugins\mcufinder//mcu/
2023-10-01 06:06:46,409 [INFO] ApplicationProperties:181 - Using Application install path: C:\ST\STM32CubeIDE_1.4.0\STM32CubeIDE\plugins\com.st.stm32cube.common.mx_6.0.0.202007160824
2023-10-01 06:06:46,412 [INFO] PluginManage:178 - Search for loadable plugins [exclusion list=, ]
2023-10-01 06:06:46,415 [INFO] PluginManage:292 - Check plugin analytics
2023-10-01 06:06:46,698 [INFO] AnalyticsPlugin:203 - Accepted Software Licenses: 
2023-10-01 06:06:46,698 [INFO] AnalyticsPlugin:205 - Accepted CMSIS Pack Licenses: 
2023-10-01 06:06:46,699 [INFO] AnalyticsPlugin:207 - Accepted Firmware Licenses: 
2023-10-01 06:06:46,699 [INFO] PluginManage:342 - Loaded plugin analytics (category:tool,tabindex:-1)
2023-10-01 06:06:46,700 [INFO] PluginManage:292 - Check plugin clock
2023-10-01 06:06:46,739 [INFO] PluginManage:342 - Loaded plugin clock (category:base,tabindex:2)
2023-10-01 06:06:46,740 [INFO] PluginManage:292 - Check plugin ddr
2023-10-01 06:06:46,746 [INFO] PluginManage:342 - Loaded plugin ddr (category:tool,tabindex:6)
2023-10-01 06:06:46,746 [INFO] PluginManage:292 - Check plugin filemanager
2023-10-01 06:06:47,061 [INFO] PluginManage:342 - Loaded plugin filemanager (category:base,tabindex:10)
2023-10-01 06:06:47,062 [INFO] PluginManage:292 - Check plugin ipmanager
2023-10-01 06:06:47,081 [INFO] PluginManage:342 - Loaded plugin ipmanager (category:base,tabindex:5)
2023-10-01 06:06:47,082 [INFO] PluginManage:292 - Check plugin pinoutandconfiguration
2023-10-01 06:06:47,121 [INFO] PluginManage:342 - Loaded plugin pinoutandconfiguration (category:base,tabindex:1)
2023-10-01 06:06:47,122 [INFO] PluginManage:292 - Check plugin pinoutconfig
2023-10-01 06:06:47,211 [INFO] PluginManage:342 - Loaded plugin pinoutconfig (category:base,tabindex:0)
2023-10-01 06:06:47,358 [INFO] PluginManage:292 - Check plugin power
2023-10-01 06:06:47,405 [INFO] PluginManage:342 - Loaded plugin power (category:power,tabindex:4)
2023-10-01 06:06:47,406 [INFO] PluginManage:292 - Check plugin projectmanager
2023-10-01 06:06:47,449 [INFO] PluginManage:342 - Loaded plugin projectmanager (category:projectmanager,tabindex:3)
2023-10-01 06:06:47,450 [INFO] PluginManage:292 - Check plugin thirdparty
2023-10-01 06:06:47,831 [INFO] ThirdPartyDb:333 - Open Third Party DataBase File (C:/Users/LEGION/.stm32cubemx/plugins/thirdparty/db/thirdparties_db.xml) : 143 ms. number of Sw pack : 48
2023-10-01 06:06:47,840 [INFO] PluginManage:342 - Loaded plugin thirdparty (category:base,tabindex:-1)
2023-10-01 06:06:47,841 [INFO] PluginManage:292 - Check plugin tools
2023-10-01 06:06:48,039 [INFO] PluginManage:342 - Loaded plugin tools (category:base,tabindex:7)
2023-10-01 06:06:48,039 [INFO] PluginManage:292 - Check plugin tutovideos
2023-10-01 06:06:48,716 [INFO] PluginManage:342 - Loaded plugin tutovideos (category:base,tabindex:-1)
2023-10-01 06:06:48,717 [INFO] PluginManage:292 - Check plugin updater
2023-10-01 06:06:48,745 [INFO] PluginManage:342 - Loaded plugin updater (category:base,tabindex:12)
2023-10-01 06:06:48,747 [INFO] PluginManage:265 - PluginManage : Loaded plugins [13]
2023-10-01 06:06:49,186 [INFO] PinOutPanel:1418 - setPackage(No Configuration,No Configuration)
2023-10-01 06:06:49,376 [INFO] IPUIPlugin:64 - create IPUIPlugin
2023-10-01 06:06:49,376 [INFO] PluginManager:200 - loadIPPluginJar : add adc
2023-10-01 06:06:49,469 [INFO] IPUIPlugin:64 - create IPUIPlugin
2023-10-01 06:06:49,470 [INFO] PluginManager:200 - loadIPPluginJar : add aes
2023-10-01 06:06:49,613 [INFO] IPUIPlugin:64 - create IPUIPlugin
2023-10-01 06:06:49,614 [INFO] PluginManager:200 - loadIPPluginJar : add can
2023-10-01 06:06:49,712 [INFO] IPUIPlugin:64 - create IPUIPlugin
2023-10-01 06:06:49,713 [INFO] PluginManager:200 - loadIPPluginJar : add comp
2023-10-01 06:06:49,909 [INFO] IPUIPlugin:64 - create IPUIPlugin
2023-10-01 06:06:49,910 [INFO] PluginManager:200 - loadIPPluginJar : add cryp
2023-10-01 06:06:50,030 [INFO] IPUIPlugin:64 - create IPUIPlugin
2023-10-01 06:06:50,030 [INFO] PluginManager:200 - loadIPPluginJar : add dfsdm
2023-10-01 06:06:50,065 [INFO] IPUIPlugin:64 - create IPUIPlugin
2023-10-01 06:06:50,067 [INFO] PluginManager:200 - loadIPPluginJar : add dma
2023-10-01 06:06:50,147 [INFO] IPUIPlugin:64 - create IPUIPlugin
2023-10-01 06:06:50,148 [INFO] PluginManager:200 - loadIPPluginJar : add fatfs
2023-10-01 06:06:50,320 [INFO] IPUIPlugin:64 - create IPUIPlugin
2023-10-01 06:06:50,321 [INFO] PluginManager:200 - loadIPPluginJar : add fmc
2023-10-01 06:06:50,363 [INFO] IPUIPlugin:64 - create IPUIPlugin
2023-10-01 06:06:50,365 [INFO] PluginManager:200 - loadIPPluginJar : add freertos
2023-10-01 06:06:50,438 [INFO] IPUIPlugin:64 - create IPUIPlugin
2023-10-01 06:06:50,438 [INFO] PluginManager:200 - loadIPPluginJar : add genericplugin
2023-10-01 06:06:50,687 [INFO] IPUIPlugin:64 - create IPUIPlugin
2023-10-01 06:06:50,687 [INFO] PluginManager:200 - loadIPPluginJar : add gfxmmu
2023-10-01 06:06:50,972 [INFO] IPUIPlugin:64 - create IPUIPlugin
2023-10-01 06:06:50,973 [INFO] PluginManager:200 - loadIPPluginJar : add gic
2023-10-01 06:06:51,013 [INFO] IPUIPlugin:64 - create IPUIPlugin
2023-10-01 06:06:51,014 [INFO] PluginManager:200 - loadIPPluginJar : add gpio
2023-10-01 06:06:51,226 [INFO] IPUIPlugin:64 - create IPUIPlugin
2023-10-01 06:06:51,227 [INFO] PluginManager:200 - loadIPPluginJar : add gtzc
2023-10-01 06:06:51,347 [INFO] IPUIPlugin:64 - create IPUIPlugin
2023-10-01 06:06:51,347 [INFO] PluginManager:200 - loadIPPluginJar : add hash
2023-10-01 06:06:51,482 [INFO] IPUIPlugin:64 - create IPUIPlugin
2023-10-01 06:06:51,483 [INFO] PluginManager:200 - loadIPPluginJar : add i2c
2023-10-01 06:06:51,640 [INFO] IPUIPlugin:64 - create IPUIPlugin
2023-10-01 06:06:51,640 [INFO] PluginManager:200 - loadIPPluginJar : add i2s
2023-10-01 06:06:51,667 [INFO] IPUIPlugin:64 - create IPUIPlugin
2023-10-01 06:06:51,669 [INFO] PluginManager:200 - loadIPPluginJar : add ipddr
2023-10-01 06:06:51,762 [INFO] IPUIPlugin:64 - create IPUIPlugin
2023-10-01 06:06:51,762 [INFO] PluginManager:200 - loadIPPluginJar : add ltdc
2023-10-01 06:06:51,787 [INFO] IPUIPlugin:64 - create IPUIPlugin
2023-10-01 06:06:51,787 [INFO] PluginManager:200 - loadIPPluginJar : add mdma
2023-10-01 06:06:51,814 [INFO] IPUIPlugin:64 - create IPUIPlugin
2023-10-01 06:06:51,815 [INFO] PluginManager:200 - loadIPPluginJar : add nvic
2023-10-01 06:06:51,928 [INFO] IPUIPlugin:64 - create IPUIPlugin
2023-10-01 06:06:51,929 [INFO] PluginManager:200 - loadIPPluginJar : add opamp
2023-10-01 06:06:52,164 [INFO] IPUIPlugin:64 - create IPUIPlugin
2023-10-01 06:06:52,165 [INFO] PluginManager:200 - loadIPPluginJar : add openamp
2023-10-01 06:06:52,334 [INFO] IPUIPlugin:64 - create IPUIPlugin
2023-10-01 06:06:52,335 [INFO] PluginManager:200 - loadIPPluginJar : add pdm2pcm
2023-10-01 06:06:52,372 [INFO] IPUIPlugin:64 - create IPUIPlugin
2023-10-01 06:06:52,381 [INFO] PluginManager:200 - loadIPPluginJar : add plateformsettings
2023-10-01 06:06:52,448 [INFO] IPUIPlugin:64 - create IPUIPlugin
2023-10-01 06:06:52,448 [INFO] PluginManager:200 - loadIPPluginJar : add quadspi
2023-10-01 06:06:52,466 [INFO] IPUIPlugin:64 - create IPUIPlugin
2023-10-01 06:06:52,466 [INFO] PluginManager:200 - loadIPPluginJar : add resmgrutility
2023-10-01 06:06:52,584 [INFO] IPUIPlugin:64 - create IPUIPlugin
2023-10-01 06:06:52,585 [INFO] PluginManager:200 - loadIPPluginJar : add sai
2023-10-01 06:06:52,667 [INFO] IPUIPlugin:64 - create IPUIPlugin
2023-10-01 06:06:52,668 [INFO] PluginManager:200 - loadIPPluginJar : add spi
2023-10-01 06:06:52,755 [INFO] IPUIPlugin:64 - create IPUIPlugin
2023-10-01 06:06:52,756 [INFO] PluginManager:200 - loadIPPluginJar : add stm32_wpan
2023-10-01 06:06:52,798 [INFO] IPUIPlugin:64 - create IPUIPlugin
2023-10-01 06:06:52,798 [INFO] PluginManager:200 - loadIPPluginJar : add tim
2023-10-01 06:06:52,896 [INFO] IPUIPlugin:64 - create IPUIPlugin
2023-10-01 06:06:52,896 [INFO] PluginManager:200 - loadIPPluginJar : add touchsensing
2023-10-01 06:06:52,950 [INFO] IPUIPlugin:64 - create IPUIPlugin
2023-10-01 06:06:52,950 [INFO] PluginManager:200 - loadIPPluginJar : add tracer_emb
2023-10-01 06:06:52,992 [INFO] IPUIPlugin:64 - create IPUIPlugin
2023-10-01 06:06:52,993 [INFO] PluginManager:200 - loadIPPluginJar : add ts
2023-10-01 06:06:53,055 [INFO] IPUIPlugin:64 - create IPUIPlugin
2023-10-01 06:06:53,056 [INFO] PluginManager:200 - loadIPPluginJar : add tsc
2023-10-01 06:06:53,120 [INFO] IPUIPlugin:64 - create IPUIPlugin
2023-10-01 06:06:53,121 [INFO] PluginManager:200 - loadIPPluginJar : add ucpd
2023-10-01 06:06:53,202 [INFO] IPUIPlugin:64 - create IPUIPlugin
2023-10-01 06:06:53,203 [INFO] PluginManager:200 - loadIPPluginJar : add usart
2023-10-01 06:06:54,940 [INFO] CubeProgrammer:457 - [DDR PANEL] - PathOfProgrammer: null
2023-10-01 06:06:56,614 [FATAL] Updater:282 - Updater called before beeing initialized
2023-10-01 06:06:56,918 [FATAL] Updater:282 - Updater called before beeing initialized
2023-10-01 06:06:56,918 [WARN] ThirdParty:775 - waiting for thirdparty lock release [close project]
2023-10-01 06:06:56,918 [INFO] ThirdParty:777 - entering critical section [close project]
2023-10-01 06:06:56,920 [INFO] ThirdParty:790 - exiting critical section [close project]
2023-10-01 06:06:56,926 [INFO] PinOutPanel:1418 - setPackage(No Configuration,No Configuration)
2023-10-01 06:06:56,927 [FATAL] Updater:282 - Updater called before beeing initialized
2023-10-01 06:06:56,950 [ERROR] Updater:967 - MainUpdater not yet initialized. External WinMGr cannot be set.
2023-10-01 06:06:56,953 [INFO] CubeProgrammer:457 - [DDR PANEL] - PathOfProgrammer: C:\ST\STM32CubeIDE_1.4.0\STM32CubeIDE\plugins\com.st.stm32cube.ide.mcu.externaltools.cubeprogrammer.win32_1.4.0.202007081208\tools\bin
2023-10-01 06:06:56,963 [INFO] ProgrammerExecThread:148 - [ProgrammerAPI] CubeProgrammer command construction: C:\ST\STM32CubeIDE_1.4.0\STM32CubeIDE\plugins\com.st.stm32cube.ide.mcu.externaltools.cubeprogrammer.win32_1.4.0.202007081208\tools\bin\STM32_Programmer_CLI.exe -l
2023-10-01 06:06:57,727 [INFO] MainDdrPanel:49 - [DDR PANEL] SETTER - Set cubeProgrammerPath to: C:\ST\STM32CubeIDE_1.4.0\STM32CubeIDE\plugins\com.st.stm32cube.ide.mcu.externaltools.cubeprogrammer.win32_1.4.0.202007081208\tools\bin
2023-10-01 06:06:57,957 [INFO] Updater:904 - Updater Version found : 6.0.0
2023-10-01 06:06:58,004 [INFO] ApplicationProperties:181 - Using Application install path: C:\ST\STM32CubeIDE_1.4.0\STM32CubeIDE\plugins\com.st.stm32cube.common.mx_6.0.0.202007160824
2023-10-01 06:06:59,206 [INFO] MainUpdater:2268 - connection check result : 10
2023-10-01 06:06:59,209 [INFO] MainUpdater:239 - Updater Check For Update Now.
2023-10-01 06:06:59,210 [INFO] MicroXplorer:414 - Change Database Version : DB.6.0.0
2023-10-01 06:06:59,395 [INFO] CheckServerUpdateThread:102 - End of CheckServer Thread
2023-10-01 06:06:59,494 [INFO] MainUpdater:2268 - connection check result : 10
2023-10-01 06:06:59,878 [WARN] IntegrityCheckThread:61 - waiting for thirdparty lock release [integrity check]
2023-10-01 06:06:59,878 [INFO] IntegrityCheckThread:63 - entering critical section [integrity check]
2023-10-01 06:06:59,878 [WARN] MainUpdater:1087 - Updater busy. Cannot search thirdparties
2023-10-01 06:07:00,334 [INFO] ServerAccessManage:348 - Download File mcusDocs.json._tmp_
2023-10-01 06:07:01,422 [INFO] LoadUrlFilesThread:135 - End of LoadUrlFiles Thread
2023-10-01 06:07:01,763 [INFO] ServerAccessManage:348 - Download File mcusFeaturesAndDescription.json._tmp_
2023-10-01 06:07:02,886 [WARN] MainUpdater:1087 - Updater busy. Cannot search thirdparties
2023-10-01 06:07:05,899 [WARN] MainUpdater:1087 - Updater busy. Cannot search thirdparties
2023-10-01 06:07:08,917 [WARN] MainUpdater:1087 - Updater busy. Cannot search thirdparties
2023-10-01 06:07:11,934 [WARN] MainUpdater:1087 - Updater busy. Cannot search thirdparties
2023-10-01 06:07:14,945 [WARN] MainUpdater:1087 - Updater busy. Cannot search thirdparties
2023-10-01 06:07:17,951 [WARN] MainUpdater:1087 - Updater busy. Cannot search thirdparties
2023-10-01 06:07:19,146 [INFO] LoadUrlFilesThread:135 - End of LoadUrlFiles Thread
2023-10-01 06:07:19,673 [INFO] ServerAccessManage:348 - Download File boardsDocs.json._tmp_
2023-10-01 06:07:19,928 [INFO] LoadUrlFilesThread:135 - End of LoadUrlFiles Thread
2023-10-01 06:07:20,238 [INFO] ServerAccessManage:348 - Download File boards.json._tmp_
2023-10-01 06:07:20,958 [WARN] MainUpdater:1087 - Updater busy. Cannot search thirdparties
2023-10-01 06:07:21,780 [INFO] LoadUrlFilesThread:135 - End of LoadUrlFiles Thread
2023-10-01 06:07:22,520 [INFO] ServerAccessManage:348 - Download File cube-finder-db.zip
2023-10-01 06:07:23,972 [WARN] MainUpdater:1087 - Updater busy. Cannot search thirdparties
2023-10-01 06:07:26,983 [WARN] MainUpdater:1087 - Updater busy. Cannot search thirdparties
2023-10-01 06:07:29,999 [WARN] MainUpdater:1087 - Updater busy. Cannot search thirdparties
2023-10-01 06:07:33,009 [WARN] MainUpdater:1087 - Updater busy. Cannot search thirdparties
2023-10-01 06:07:36,013 [WARN] MainUpdater:1087 - Updater busy. Cannot search thirdparties
2023-10-01 06:07:39,024 [WARN] MainUpdater:1087 - Updater busy. Cannot search thirdparties
2023-10-01 06:07:42,026 [WARN] MainUpdater:1087 - Updater busy. Cannot search thirdparties
2023-10-01 06:07:45,036 [ERROR] IntegrityCheckThread:67 - Unexpected exception IntegrityCheckThread Thread:
2023-10-01 06:07:45,037 [ERROR] IntegrityCheckThread:70 - java.lang.Exception: Updater error
	at com.st.microxplorer.plugins.thirdparty.engine.IntegrityCheckThread.getUpdaterThirdPartyList(IntegrityCheckThread.java:296)
	at com.st.microxplorer.plugins.thirdparty.engine.IntegrityCheckThread.runProcess(IntegrityCheckThread.java:84)
	at com.st.microxplorer.plugins.thirdparty.engine.IntegrityCheckThread.run(IntegrityCheckThread.java:65)

2023-10-01 06:07:45,037 [INFO] ThirdPartyDb:299 - Save Third Party DataBase File (C:/Users/LEGION/.stm32cubemx/plugins/thirdparty/db/thirdparties_db.xml) [forced]
2023-10-01 06:07:45,058 [INFO] FileExtend:225 - Unzip File : cube-finder-db.zip
2023-10-01 06:07:45,061 [INFO] FileExtend:240 - Standard Zip Deflate
2023-10-01 06:07:45,163 [INFO] IntegrityCheckThread:76 - exiting critical section [integrity check]
2023-10-01 06:07:45,163 [INFO] IntegrityCheckThread:79 - End integrity checks thread
2023-10-01 06:07:46,647 [INFO] LoadUrlFilesThread:135 - End of LoadUrlFiles Thread
2023-10-01 06:07:47,216 [INFO] ServerAccessManage:348 - Download File crdb.zip
2023-10-01 06:07:47,702 [INFO] FileExtend:225 - Unzip File : crdb.zip
2023-10-01 06:07:47,704 [INFO] FileExtend:240 - Standard Zip Deflate
2023-10-01 06:07:47,740 [INFO] LoadUrlFilesThread:135 - End of LoadUrlFiles Thread
2023-10-01 06:07:48,310 [INFO] ServerAccessManage:348 - Download File tutoVideoDB.zip
2023-10-01 06:07:48,432 [INFO] FileExtend:225 - Unzip File : tutoVideoDB.zip
2023-10-01 06:07:48,433 [INFO] FileExtend:240 - Standard Zip Deflate
2023-10-01 06:07:48,452 [INFO] LoadUrlFilesThread:135 - End of LoadUrlFiles Thread
2023-10-01 06:07:48,484 [INFO] DbMcusDocs:145 - JSON generation date=Tue Nov 16 18:17:54 EET 2021 (1637079474)
2023-10-01 06:07:48,488 [INFO] DbMcusXml:100 - Load MCU database from C:\ST\STM32CubeIDE_1.4.0\STM32CubeIDE\plugins\com.st.stm32cube.common.mx_6.0.0.202007160824\\db\/mcu/families.xml
2023-10-01 06:07:49,558 [INFO] DbMcusJson:92 - JSON generation date=Tue Nov 16 18:17:54 EET 2021 (1637079474)
2023-10-01 06:07:50,550 [INFO] DbMcus:175 - Found 1761 MCUs (1722 are supported by CubeMX, 1911 are visible in CubeMX)
2023-10-01 06:07:50,551 [INFO] ApiDb:201 - Load user favorites file C:\Users\LEGION/.stm32cubemx/favorites.mcus.txt: 0 item(s)
2023-10-01 06:07:50,551 [INFO] ApiDb:205 - User favorites MCUs=[]
2023-10-01 06:07:50,552 [INFO] DbMcus:187 - Set 0 / 0 favorites MCUs
2023-10-01 06:07:50,885 [INFO] DbMcusDocs:81 - Found 682 MCUs documents
2023-10-01 06:07:50,889 [INFO] ApiDb:226 - Save user favorites file C:\Users\LEGION/.stm32cubemx/favorites.mcus.txt: 0 item(s)
2023-10-01 06:07:50,889 [INFO] ApiDb:230 - User favorites MCUs=[]
2023-10-01 06:07:50,889 [INFO] DbMcusXml:100 - Load MCU database from C:\ST\STM32CubeIDE_1.4.0\STM32CubeIDE\plugins\com.st.stm32cube.common.mx_6.0.0.202007160824\\db\/mcu/families.xml
2023-10-01 06:07:51,565 [INFO] DbMcusJson:92 - JSON generation date=Tue Nov 16 18:17:54 EET 2021 (1637079474)
2023-10-01 06:07:52,245 [INFO] DbMcus:175 - Found 1761 MCUs (1722 are supported by CubeMX, 1911 are visible in CubeMX)
2023-10-01 06:07:52,246 [INFO] ApiDb:201 - Load user favorites file C:\Users\LEGION/.stm32cubemx/favorites.mcus.txt: 0 item(s)
2023-10-01 06:07:52,246 [INFO] ApiDb:205 - User favorites MCUs=[]
2023-10-01 06:07:52,246 [INFO] DbMcus:187 - Set 0 / 0 favorites MCUs
2023-10-01 06:07:52,256 [INFO] DbBoardsDocs:145 - JSON generation date=Tue Nov 16 18:17:54 EET 2021 (1637079474)
2023-10-01 06:07:52,318 [INFO] DbBoardsPdsc:94 - Found 23 items
2023-10-01 06:07:52,330 [INFO] DbBoardsPdsc:94 - Found 9 items
2023-10-01 06:07:52,345 [INFO] DbBoardsPdsc:94 - Found 29 items
2023-10-01 06:07:52,356 [INFO] DbBoardsPdsc:94 - Found 1 items
2023-10-01 06:07:52,376 [INFO] DbBoardsPdsc:94 - Found 44 items
2023-10-01 06:07:52,393 [INFO] DbBoardsPdsc:94 - Found 40 items
2023-10-01 06:07:52,404 [INFO] DbBoardsPdsc:94 - Found 2 items
2023-10-01 06:07:52,421 [INFO] DbBoardsPdsc:94 - Found 4 items
2023-10-01 06:07:52,429 [WARN] DbBoardsPdsc:258 - Board STM32H7B3I-DK: unknown feature type=Audio, name=, username=Audio stereo codec with Headphone Amp (CS42L51-CNZ), n=1
2023-10-01 06:07:52,430 [WARN] DbBoardsPdsc:258 - Board STM32H735G-DK: unknown feature type=Audio, name=, username=Audio stereo codec with Headphone Amp (WM8994ECS/R), n=1
2023-10-01 06:07:52,431 [WARN] DbBoardsPdsc:258 - Board STM32H7B3I-EVAL: unknown feature type=Audio, name=, username=Multi-Channel Audio Codec (CS42L51-CNZ), n=1
2023-10-01 06:07:52,431 [WARN] DbBoardsPdsc:258 - Board STM32H7B3I-EVAL: unknown feature type=Meter, name=, username=Power-metering and Temperature-monitoring with sigma-delta modulators, n=1
2023-10-01 06:07:52,431 [WARN] DbBoardsPdsc:258 - Board STM32H7B3I-EVAL: unknown feature type=Motor, name=, username=Motor Control, n=1
2023-10-01 06:07:52,448 [INFO] DbBoardsJson:85 - JSON generation date=Tue Nov 16 18:17:54 EET 2021 (1637079474)
2023-10-01 06:07:52,459 [INFO] DbBoards:117 - Found 166 boards (149 are supported by CubeMX)
2023-10-01 06:07:52,462 [INFO] DbBoardsDocs:145 - JSON generation date=Tue Nov 16 18:17:54 EET 2021 (1637079474)
2023-10-01 06:07:52,468 [INFO] DbBoardsDocs:81 - Found 209 boards documents
2023-10-01 06:07:52,471 [WARN] DbBoards:127 - board B-L475E-IOT01A2 has no document id list !
2023-10-01 06:07:52,473 [WARN] DbBoards:127 - board NUCLEO-H743ZI has no document id list !
2023-10-01 06:07:52,475 [WARN] DbBoards:127 - board P-NUCLEO-WB55-Nucleo has no document id list !
2023-10-01 06:07:52,475 [WARN] DbBoards:127 - board P-NUCLEO-WB55-USBDongle has no document id list !
2023-10-01 06:07:52,475 [WARN] DbBoards:127 - board STEVAL-BFA001V1B has no document id list !
2023-10-01 06:07:52,475 [WARN] DbBoards:127 - board STEVAL-BFA001V2B has no document id list !
2023-10-01 06:07:52,476 [WARN] DbBoards:127 - board STEVAL-IDP005V1 has no document id list !
2023-10-01 06:07:52,476 [WARN] DbBoards:127 - board STEVAL-IDP005V2 has no document id list !
2023-10-01 06:07:52,476 [WARN] DbBoards:127 - board STEVAL-MKSBOX1V1 has no document id list !
2023-10-01 06:07:52,476 [WARN] DbBoards:127 - board STEVAL-STWINKT1 has no document id list !
2023-10-01 06:07:52,476 [WARN] DbBoards:127 - board STEVAL-STWINKT1B has no document id list !
2023-10-01 06:07:52,476 [WARN] DbBoards:127 - board STM32439I-EVAL2 has no document id list !
2023-10-01 06:07:52,477 [WARN] DbBoards:127 - board STM32F401C-DISCO has no document id list !
2023-10-01 06:07:52,478 [WARN] DbBoards:127 - board STM32F769I-DISC1 has no document id list !
2023-10-01 06:07:52,479 [WARN] DbBoards:127 - board STM32G474E-EVAL1 has no document id list !
2023-10-01 06:07:52,479 [WARN] DbBoards:127 - board STM32H743I-EVAL2 has no document id list !
2023-10-01 06:07:52,479 [WARN] DbBoards:127 - board STM32H747I-DISC1 has no document id list !
2023-10-01 06:07:52,480 [WARN] DbBoards:127 - board STM32H753I-EVAL2 has no document id list !
2023-10-01 06:07:52,480 [WARN] DbBoards:127 - board STM32L-DISCOVERY has no document id list !
2023-10-01 06:07:52,597 [ERROR] DbBoards:189 - Image file not found for board B-L462E-CELL1: C:\ST\STM32CubeIDE_1.4.0\STM32CubeIDE\plugins\com.st.stm32cube.common.mx_6.0.0.202007160824\\db\/plugins/mcufinder/images/boards/B-L462E-CELL1_small.jpg
2023-10-01 06:07:52,671 [ERROR] DbBoards:189 - Image file not found for board B-U585I-IOT02A: C:\ST\STM32CubeIDE_1.4.0\STM32CubeIDE\plugins\com.st.stm32cube.common.mx_6.0.0.202007160824\\db\/plugins/mcufinder/images/boards/B-U585I-IOT02A_small.jpg
2023-10-01 06:07:52,840 [ERROR] DbBoards:189 - Image file not found for board NUCLEO-F413ZH: C:\ST\STM32CubeIDE_1.4.0\STM32CubeIDE\plugins\com.st.stm32cube.common.mx_6.0.0.202007160824\\db\/plugins/mcufinder/images/boards/nucleo-f413zh_small.jpg
2023-10-01 06:07:53,105 [ERROR] DbBoards:189 - Image file not found for board NUCLEO-L552ZE-Q: C:\ST\STM32CubeIDE_1.4.0\STM32CubeIDE\plugins\com.st.stm32cube.common.mx_6.0.0.202007160824\\db\/plugins/mcufinder/images/boards/nucleo_l552ze_q_small.jpg
2023-10-01 06:07:53,105 [ERROR] DbBoards:189 - Image file not found for board NUCLEO-U575ZI-Q: C:\ST\STM32CubeIDE_1.4.0\STM32CubeIDE\plugins\com.st.stm32cube.common.mx_6.0.0.202007160824\\db\/plugins/mcufinder/images/boards/nucleo-u575zi-q_small.jpg
2023-10-01 06:07:53,105 [ERROR] DbBoards:189 - Image file not found for board NUCLEO-WB15CC: C:\ST\STM32CubeIDE_1.4.0\STM32CubeIDE\plugins\com.st.stm32cube.common.mx_6.0.0.202007160824\\db\/plugins/mcufinder/images/boards/nucleo-wb15cc_small.jpg
2023-10-01 06:07:53,106 [ERROR] DbBoards:189 - Image file not found for board NUCLEO-WB55RG: C:\ST\STM32CubeIDE_1.4.0\STM32CubeIDE\plugins\com.st.stm32cube.common.mx_6.0.0.202007160824\\db\/plugins/mcufinder/images/boards/nucleo-wb55rg_small.jpg
2023-10-01 06:07:53,106 [ERROR] DbBoards:189 - Image file not found for board NUCLEO-WL55JC: C:\ST\STM32CubeIDE_1.4.0\STM32CubeIDE\plugins\com.st.stm32cube.common.mx_6.0.0.202007160824\\db\/plugins/mcufinder/images/boards/nucleo-wl55jc-small.jpg
2023-10-01 06:07:53,359 [ERROR] DbBoards:189 - Image file not found for board STEVAL-STWINKT1B: C:\ST\STM32CubeIDE_1.4.0\STM32CubeIDE\plugins\com.st.stm32cube.common.mx_6.0.0.202007160824\\db\/plugins/mcufinder/images/boards/steval-stwinkt1b_small.jpg
2023-10-01 06:07:54,060 [ERROR] DbBoards:189 - Image file not found for board STM32G0C1E-EV: C:\ST\STM32CubeIDE_1.4.0\STM32CubeIDE\plugins\com.st.stm32cube.common.mx_6.0.0.202007160824\\db\/plugins/mcufinder/images/boards/stm32g0c1e-eval_small.jpg
2023-10-01 06:07:54,322 [ERROR] DbBoards:189 - Image file not found for board STM32H7B3I-EVAL: C:\ST\STM32CubeIDE_1.4.0\STM32CubeIDE\plugins\com.st.stm32cube.common.mx_6.0.0.202007160824\\db\/plugins/mcufinder/images/boards/stm32h7b3ieval_small.jpg
2023-10-01 06:07:54,696 [ERROR] DbBoards:189 - Image file not found for board STM32U575I-EV: C:\ST\STM32CubeIDE_1.4.0\STM32CubeIDE\plugins\com.st.stm32cube.common.mx_6.0.0.202007160824\\db\/plugins/mcufinder/images/boards/stm32u575i-ev_small.jpg
2023-10-01 06:07:54,770 [ERROR] DbBoards:189 - Image file not found for board STM32WB5MM-DK: C:\ST\STM32CubeIDE_1.4.0\STM32CubeIDE\plugins\com.st.stm32cube.common.mx_6.0.0.202007160824\\db\/plugins/mcufinder/images/boards/STM32WB5MM-DK_small.jpg
2023-10-01 06:07:54,771 [INFO] ApiDb:201 - Load user favorites file C:\Users\LEGION/.stm32cubemx/favorites.boards.txt: 0 item(s)
2023-10-01 06:07:54,771 [INFO] ApiDb:205 - User favorites Boards=[]
2023-10-01 06:07:54,771 [INFO] DbBoards:206 - Set 0 / 0 favorites Boards
2023-10-01 06:07:54,775 [INFO] DbBoardsDocs:81 - Found 418 boards documents
2023-10-01 06:07:54,776 [INFO] ApiDb:226 - Save user favorites file C:\Users\LEGION/.stm32cubemx/favorites.boards.txt: 0 item(s)
2023-10-01 06:07:54,776 [INFO] ApiDb:230 - User favorites Boards=[]
2023-10-01 06:07:54,781 [INFO] DbBoardsPdsc:94 - Found 23 items
2023-10-01 06:07:54,783 [INFO] DbBoardsPdsc:94 - Found 9 items
2023-10-01 06:07:54,787 [INFO] DbBoardsPdsc:94 - Found 29 items
2023-10-01 06:07:54,790 [INFO] DbBoardsPdsc:94 - Found 1 items
2023-10-01 06:07:54,796 [INFO] DbBoardsPdsc:94 - Found 44 items
2023-10-01 06:07:54,803 [INFO] DbBoardsPdsc:94 - Found 40 items
2023-10-01 06:07:54,805 [INFO] DbBoardsPdsc:94 - Found 2 items
2023-10-01 06:07:54,807 [INFO] DbBoardsPdsc:94 - Found 4 items
2023-10-01 06:07:54,811 [WARN] DbBoardsPdsc:258 - Board STM32H7B3I-DK: unknown feature type=Audio, name=, username=Audio stereo codec with Headphone Amp (CS42L51-CNZ), n=1
2023-10-01 06:07:54,812 [WARN] DbBoardsPdsc:258 - Board STM32H735G-DK: unknown feature type=Audio, name=, username=Audio stereo codec with Headphone Amp (WM8994ECS/R), n=1
2023-10-01 06:07:54,814 [WARN] DbBoardsPdsc:258 - Board STM32H7B3I-EVAL: unknown feature type=Audio, name=, username=Multi-Channel Audio Codec (CS42L51-CNZ), n=1
2023-10-01 06:07:54,814 [WARN] DbBoardsPdsc:258 - Board STM32H7B3I-EVAL: unknown feature type=Meter, name=, username=Power-metering and Temperature-monitoring with sigma-delta modulators, n=1
2023-10-01 06:07:54,814 [WARN] DbBoardsPdsc:258 - Board STM32H7B3I-EVAL: unknown feature type=Motor, name=, username=Motor Control, n=1
2023-10-01 06:07:54,839 [INFO] DbBoardsJson:85 - JSON generation date=Tue Nov 16 18:17:54 EET 2021 (1637079474)
2023-10-01 06:07:54,846 [INFO] DbBoards:117 - Found 166 boards (149 are supported by CubeMX)
2023-10-01 06:07:54,847 [WARN] DbBoards:127 - board B-L475E-IOT01A2 has no document id list !
2023-10-01 06:07:54,847 [WARN] DbBoards:127 - board NUCLEO-H743ZI has no document id list !
2023-10-01 06:07:54,848 [WARN] DbBoards:127 - board P-NUCLEO-WB55-Nucleo has no document id list !
2023-10-01 06:07:54,848 [WARN] DbBoards:127 - board P-NUCLEO-WB55-USBDongle has no document id list !
2023-10-01 06:07:54,848 [WARN] DbBoards:127 - board STEVAL-BFA001V1B has no document id list !
2023-10-01 06:07:54,848 [WARN] DbBoards:127 - board STEVAL-BFA001V2B has no document id list !
2023-10-01 06:07:54,848 [WARN] DbBoards:127 - board STEVAL-IDP005V1 has no document id list !
2023-10-01 06:07:54,848 [WARN] DbBoards:127 - board STEVAL-IDP005V2 has no document id list !
2023-10-01 06:07:54,848 [WARN] DbBoards:127 - board STEVAL-MKSBOX1V1 has no document id list !
2023-10-01 06:07:54,849 [WARN] DbBoards:127 - board STEVAL-STWINKT1 has no document id list !
2023-10-01 06:07:54,849 [WARN] DbBoards:127 - board STEVAL-STWINKT1B has no document id list !
2023-10-01 06:07:54,849 [WARN] DbBoards:127 - board STM32439I-EVAL2 has no document id list !
2023-10-01 06:07:54,849 [WARN] DbBoards:127 - board STM32F401C-DISCO has no document id list !
2023-10-01 06:07:54,849 [WARN] DbBoards:127 - board STM32F769I-DISC1 has no document id list !
2023-10-01 06:07:54,850 [WARN] DbBoards:127 - board STM32G474E-EVAL1 has no document id list !
2023-10-01 06:07:54,850 [WARN] DbBoards:127 - board STM32H743I-EVAL2 has no document id list !
2023-10-01 06:07:54,850 [WARN] DbBoards:127 - board STM32H747I-DISC1 has no document id list !
2023-10-01 06:07:54,850 [WARN] DbBoards:127 - board STM32H753I-EVAL2 has no document id list !
2023-10-01 06:07:54,850 [WARN] DbBoards:127 - board STM32L-DISCOVERY has no document id list !
2023-10-01 06:07:54,895 [ERROR] DbBoards:189 - Image file not found for board B-L462E-CELL1: C:\ST\STM32CubeIDE_1.4.0\STM32CubeIDE\plugins\com.st.stm32cube.common.mx_6.0.0.202007160824\\db\/plugins/mcufinder/images/boards/B-L462E-CELL1_small.jpg
2023-10-01 06:07:54,931 [ERROR] DbBoards:189 - Image file not found for board B-U585I-IOT02A: C:\ST\STM32CubeIDE_1.4.0\STM32CubeIDE\plugins\com.st.stm32cube.common.mx_6.0.0.202007160824\\db\/plugins/mcufinder/images/boards/B-U585I-IOT02A_small.jpg
2023-10-01 06:07:55,014 [ERROR] DbBoards:189 - Image file not found for board NUCLEO-F413ZH: C:\ST\STM32CubeIDE_1.4.0\STM32CubeIDE\plugins\com.st.stm32cube.common.mx_6.0.0.202007160824\\db\/plugins/mcufinder/images/boards/nucleo-f413zh_small.jpg
2023-10-01 06:07:55,175 [ERROR] DbBoards:189 - Image file not found for board NUCLEO-L552ZE-Q: C:\ST\STM32CubeIDE_1.4.0\STM32CubeIDE\plugins\com.st.stm32cube.common.mx_6.0.0.202007160824\\db\/plugins/mcufinder/images/boards/nucleo_l552ze_q_small.jpg
2023-10-01 06:07:55,175 [ERROR] DbBoards:189 - Image file not found for board NUCLEO-U575ZI-Q: C:\ST\STM32CubeIDE_1.4.0\STM32CubeIDE\plugins\com.st.stm32cube.common.mx_6.0.0.202007160824\\db\/plugins/mcufinder/images/boards/nucleo-u575zi-q_small.jpg
2023-10-01 06:07:55,175 [ERROR] DbBoards:189 - Image file not found for board NUCLEO-WB15CC: C:\ST\STM32CubeIDE_1.4.0\STM32CubeIDE\plugins\com.st.stm32cube.common.mx_6.0.0.202007160824\\db\/plugins/mcufinder/images/boards/nucleo-wb15cc_small.jpg
2023-10-01 06:07:55,175 [ERROR] DbBoards:189 - Image file not found for board NUCLEO-WB55RG: C:\ST\STM32CubeIDE_1.4.0\STM32CubeIDE\plugins\com.st.stm32cube.common.mx_6.0.0.202007160824\\db\/plugins/mcufinder/images/boards/nucleo-wb55rg_small.jpg
2023-10-01 06:07:55,175 [ERROR] DbBoards:189 - Image file not found for board NUCLEO-WL55JC: C:\ST\STM32CubeIDE_1.4.0\STM32CubeIDE\plugins\com.st.stm32cube.common.mx_6.0.0.202007160824\\db\/plugins/mcufinder/images/boards/nucleo-wl55jc-small.jpg
2023-10-01 06:07:55,288 [ERROR] DbBoards:189 - Image file not found for board STEVAL-STWINKT1B: C:\ST\STM32CubeIDE_1.4.0\STM32CubeIDE\plugins\com.st.stm32cube.common.mx_6.0.0.202007160824\\db\/plugins/mcufinder/images/boards/steval-stwinkt1b_small.jpg
2023-10-01 06:07:55,570 [ERROR] DbBoards:189 - Image file not found for board STM32G0C1E-EV: C:\ST\STM32CubeIDE_1.4.0\STM32CubeIDE\plugins\com.st.stm32cube.common.mx_6.0.0.202007160824\\db\/plugins/mcufinder/images/boards/stm32g0c1e-eval_small.jpg
2023-10-01 06:07:55,692 [ERROR] DbBoards:189 - Image file not found for board STM32H7B3I-EVAL: C:\ST\STM32CubeIDE_1.4.0\STM32CubeIDE\plugins\com.st.stm32cube.common.mx_6.0.0.202007160824\\db\/plugins/mcufinder/images/boards/stm32h7b3ieval_small.jpg
2023-10-01 06:07:55,833 [ERROR] DbBoards:189 - Image file not found for board STM32U575I-EV: C:\ST\STM32CubeIDE_1.4.0\STM32CubeIDE\plugins\com.st.stm32cube.common.mx_6.0.0.202007160824\\db\/plugins/mcufinder/images/boards/stm32u575i-ev_small.jpg
2023-10-01 06:07:55,857 [ERROR] DbBoards:189 - Image file not found for board STM32WB5MM-DK: C:\ST\STM32CubeIDE_1.4.0\STM32CubeIDE\plugins\com.st.stm32cube.common.mx_6.0.0.202007160824\\db\/plugins/mcufinder/images/boards/STM32WB5MM-DK_small.jpg
2023-10-01 06:07:55,857 [INFO] ApiDb:201 - Load user favorites file C:\Users\LEGION/.stm32cubemx/favorites.boards.txt: 0 item(s)
2023-10-01 06:07:55,857 [INFO] ApiDb:205 - User favorites Boards=[]
2023-10-01 06:07:55,857 [INFO] DbBoards:206 - Set 0 / 0 favorites Boards
2023-10-01 06:07:55,994 [INFO] DbExamplesSqlite:156 - SQLite db open (C:\Users\LEGION\.stmcufinder\plugins\mcufinder\mcu\cube-finder-db.db)
2023-10-01 06:07:56,961 [INFO] DbExamplesSqlite:447 - Ignored 0 examples not supported by CubeIDE
2023-10-01 06:07:56,962 [INFO] DbExamplesSqlite:448 - Found 7231 examples active
2023-10-01 06:07:56,962 [INFO] DbExamplesSqlite:449 - Found 677 examples obsolete
2023-10-01 06:07:56,962 [INFO] DbExamplesSqlite:450 - Found 0 examples under development
2023-10-01 06:07:56,962 [INFO] DbExamplesSqlite:451 - Found 74 examples not building
2023-10-01 06:07:57,051 [INFO] DbExamplesSqlite:130 - SQLite Data Model version=2.1
2023-10-01 06:07:57,051 [INFO] DbExamplesSqlite:131 - SQLite Configuration version=3.0.37
2023-10-01 06:07:57,051 [INFO] DbExamplesSqlite:132 - SQLite generation date=2023-08-09 (1691586011)
2023-10-01 06:07:57,051 [INFO] DbExamplesSqlite:133 - SQLite FW Pack versions=[FP-ATR-ASTRA1_V2.0.0, FP-SNS-FLIGHT1_V5.0.1, FP-SNS-FLIGHT1_V5.0.2, FP-SNS-MOTENV1_V4.3.1, FP-SNS-MOTENV1_V4.3.2, STM32Cube_FW_C0_V1.1.0, STM32Cube_FW_F4_V1.27.1, STM32Cube_FW_F7_V1.17.0, STM32Cube_FW_G0_V1.6.1, STM32Cube_FW_G4_V1.5.1, STM32Cube_FW_H5_V0.5.1, STM32Cube_FW_H5_V1.1.0, STM32Cube_FW_H7_V1.11.0, STM32Cube_FW_L0_V1.12.2, STM32Cube_FW_L5_V1.5.0, STM32Cube_FW_U5_V1.3.0, STM32Cube_FW_U5_V1.3.0RC4, STM32Cube_FW_WBA_V1.0.0RC1, STM32Cube_FW_WBA_V1.1.0, STM32Cube_FW_WBA_V1.1.0RC1, STM32Cube_FW_WB_V1.15.0RC1, STM32Cube_FW_WB_V1.16.0, STM32Cube_FW_WB_V1.16.0RC2, STM32Cube_FW_WB_V1.17.0, STM32Cube_FW_WL_V1.3.0, X-CUBE-ALGOBUILD_V1.3.0, X-CUBE-ALS_V1.0.1, X-CUBE-AZRTOS-F4_V1.1.0, X-CUBE-AZRTOS-F7_V1.1.0, X-CUBE-AZRTOS-G0_V1.1.0, X-CUBE-AZRTOS-G4_V2.0.0, X-CUBE-AZRTOS-H7_V3.1.0, X-CUBE-AZRTOS-L4_V1.0.0, X-CUBE-AZRTOS-L4_V2.0.0, X-CUBE-AZRTOS-L5_V1.1.0, X-CUBE-AZRTOS-WB_V1.1.0, X-CUBE-AZRTOS-WL_V2.0.0, X-CUBE-BLE1_V7.0.0, X-CUBE-BLE2_V3.3.0, X-CUBE-BLEMGR_V2.0.0, X-CUBE-EEPRMA1_V4.1.0, X-CUBE-FREERTOS_V1.1.0, X-CUBE-GNSS1_V6.0.0, X-CUBE-MEMS1_V9.1.0, X-CUBE-MEMS1_V9.4.0, X-CUBE-MEMS1_V9.6.0, X-CUBE-NFC4_V3.0.0, X-CUBE-NFC7_V1.0.0, X-CUBE-SFXS2LP1_V4.0.0, X-CUBE-SUBG2_V5.0.0, X-CUBE-TOF1_V3.3.1]
2023-10-01 06:07:57,051 [INFO] DbExamples:123 - Found 7305 examples
2023-10-01 06:07:57,622 [ERROR] DbExamples:199 - Found 7305 examples with invalid data (board or MCU)
2023-10-01 06:07:57,622 [INFO] DbExamples:215 - Found 77 boards with related examples
2023-10-01 06:07:57,623 [INFO] DbExamples:228 - Found 0 MCUs with related examples
2023-10-01 06:07:57,648 [INFO] ApiDb:192 - User favorites file not found: C:\Users\LEGION/.stm32cubemx/favorites.examples.txt
2023-10-01 06:07:57,649 [INFO] DbExamples:249 - Set 0 / 0 favorites Examples
2023-10-01 06:07:58,056 [INFO] McuFinderGlobals:40 - Set McuFinder mode to 2 (CubeIDE integrated)
2023-10-01 06:07:58,271 [INFO] CrossSelectorPresenter:1330 - Cross Selector saved comparison directory: C:\Users\LEGION\.stmcufinder\plugins\mcufinder\mcu\cs_comparisons_mx
2023-10-01 06:07:58,278 [INFO] MultiScanPanel:193 - Auto-refresh data requested => check proxy status ongoing
2023-10-01 06:07:58,280 [INFO] FinderPluginLoader:87 - Searching for filters in installed packs
2023-10-01 06:07:58,897 [INFO] LoadUrlFilesThread:162 - End of LoadServerUrlFiles without Thread
2023-10-01 06:07:58,905 [INFO] DetailPanel:331 - Set advertising image to C:/Users/LEGION/STM32Cube/Repository/\stm32cubemx-promo_image.jpg
2023-10-01 06:07:59,420 [INFO] McuFilterPanel:245 - Update 0 favorites MCUs
2023-10-01 06:08:32,615 [INFO] LogOutputStream:76 - [STDOUT_REDIRECT] withoutVersionV1.8.4
2023-10-01 06:08:32,616 [INFO] LogOutputStream:76 - [STDOUT_REDIRECT] withoutVersionV1.8.3
2023-10-01 06:08:32,617 [INFO] LogOutputStream:76 - [STDOUT_REDIRECT] withoutVersionV1.8.2
2023-10-01 06:08:32,618 [INFO] LogOutputStream:76 - [STDOUT_REDIRECT] withoutVersionV1.8.1
2023-10-01 06:08:32,618 [INFO] LogOutputStream:76 - [STDOUT_REDIRECT] withoutVersionV1.8.0
2023-10-01 06:08:42,332 [INFO] ApiDb:226 - Save user favorites file C:\Users\LEGION/.stm32cubeide/favorites.mcus.txt: 0 item(s)
2023-10-01 06:08:42,334 [INFO] ApiDb:230 - User favorites MCUs=[]
2023-10-01 06:08:50,565 [INFO] RetryExec:97 - I/O exception (org.apache.http.NoHttpResponseException) caught when processing request to {s}->https://download.eclipse.org:443: The target server failed to respond
2023-10-01 06:08:50,657 [INFO] RetryExec:113 - Retrying request to {s}->https://download.eclipse.org:443
2023-10-01 06:08:51,489 [INFO] RetryExec:97 - I/O exception (org.apache.http.NoHttpResponseException) caught when processing request to {s}->https://archive.eclipse.org:443: The target server failed to respond
2023-10-01 06:08:51,490 [INFO] RetryExec:113 - Retrying request to {s}->https://archive.eclipse.org:443
2023-10-01 06:08:52,441 [INFO] RetryExec:97 - I/O exception (org.apache.http.NoHttpResponseException) caught when processing request to {s}->https://download.eclipse.org:443: The target server failed to respond
2023-10-01 06:08:52,443 [INFO] RetryExec:113 - Retrying request to {s}->https://download.eclipse.org:443
2023-10-01 16:02:46,103 [INFO] Activator:178 - 


2023-10-01 16:02:46,110 [INFO] Activator:179 - !SESSION log4j initialized
2023-10-02 02:51:32,768 [INFO] Activator:178 - 


2023-10-02 02:51:32,776 [INFO] Activator:179 - !SESSION log4j initialized
2023-10-02 02:53:07,853 [INFO] RetryExec:97 - I/O exception (org.apache.http.NoHttpResponseException) caught when processing request to {s}->https://download.eclipse.org:443: The target server failed to respond
2023-10-02 02:53:07,856 [INFO] RetryExec:113 - Retrying request to {s}->https://download.eclipse.org:443
2023-10-03 02:16:49,821 [INFO] Activator:178 - 


2023-10-03 02:16:49,826 [INFO] Activator:179 - !SESSION log4j initialized
2023-10-03 02:18:57,725 [INFO] RetryExec:97 - I/O exception (org.apache.http.NoHttpResponseException) caught when processing request to {s}->https://download.eclipse.org:443: The target server failed to respond
2023-10-03 02:18:57,731 [INFO] RetryExec:113 - Retrying request to {s}->https://download.eclipse.org:443
2023-10-03 02:18:58,615 [INFO] RetryExec:97 - I/O exception (org.apache.http.NoHttpResponseException) caught when processing request to {s}->https://archive.eclipse.org:443: The target server failed to respond
2023-10-03 02:18:58,615 [INFO] RetryExec:113 - Retrying request to {s}->https://archive.eclipse.org:443
2023-10-03 02:18:59,504 [INFO] RetryExec:97 - I/O exception (org.apache.http.NoHttpResponseException) caught when processing request to {s}->https://download.eclipse.org:443: The target server failed to respond
2023-10-03 02:18:59,505 [INFO] RetryExec:113 - Retrying request to {s}->https://download.eclipse.org:443
2023-10-03 04:53:18,279 [INFO] Activator:178 - 


2023-10-03 04:53:18,281 [INFO] Activator:179 - !SESSION log4j initialized
2023-10-03 04:59:05,935 [INFO] Activator:178 - 


2023-10-03 04:59:05,938 [INFO] Activator:179 - !SESSION log4j initialized
