2023-09-07 18:44:19,367 [INFO] Activator:178 - 


2023-09-07 18:44:19,369 [INFO] Activator:179 - !SESSION log4j initialized
2023-09-07 18:44:26,569 [INFO] ApplicationProperties:181 - Using Application install path: C:\ST\STM32CubeIDE_1.4.0\STM32CubeIDE\plugins\com.st.stm32cube.common.mx_6.0.0.202007160824
2023-09-07 18:44:26,577 [INFO] DbMcusXml:70 - Set database path to: C:\ST\STM32CubeIDE_1.4.0\STM32CubeIDE\plugins\com.st.stm32cube.common.mx_6.0.0.202007160824\\db\/mcu/
2023-09-07 18:44:26,579 [INFO] DbBoardsPdsc:56 - Set plugin database path to: C:\ST\STM32CubeIDE_1.4.0\STM32CubeIDE\plugins\com.st.stm32cube.common.mx_6.0.0.202007160824\\db\/plugins/boardmanager/
2023-09-07 18:44:26,580 [INFO] DbMcus:258 - Set plugin images path to: C:\ST\STM32CubeIDE_1.4.0\STM32CubeIDE\plugins\com.st.stm32cube.common.mx_6.0.0.202007160824\\db\/plugins/mcufinder/images/
2023-09-07 18:44:26,581 [INFO] DbBoards:264 - Set plugin images path to: C:\ST\STM32CubeIDE_1.4.0\STM32CubeIDE\plugins\com.st.stm32cube.common.mx_6.0.0.202007160824\\db\/plugins/mcufinder/images/
2023-09-07 18:44:26,583 [INFO] DbExamples:326 - Set plugin images path to: C:\ST\STM32CubeIDE_1.4.0\STM32CubeIDE\plugins\com.st.stm32cube.common.mx_6.0.0.202007160824\\db\/plugins/mcufinder/images/
2023-09-07 18:44:26,587 [INFO] DbMcusDocs:112 - Set database path to: C:\Users\LEGION\.stmcufinder\plugins\mcufinder//mcu/
2023-09-07 18:44:26,588 [INFO] DbMcusJson:63 - Set database path to: C:\Users\LEGION\.stmcufinder\plugins\mcufinder//mcu/
2023-09-07 18:44:26,589 [INFO] DbBoardsDocs:112 - Set database path to: C:\Users\LEGION\.stmcufinder\plugins\mcufinder//mcu/
2023-09-07 18:44:26,589 [INFO] DbBoardsJson:56 - Set database path to: C:\Users\LEGION\.stmcufinder\plugins\mcufinder//mcu/
2023-09-07 18:44:26,592 [INFO] CrossReferenceDbSqlite:196 - Set database path to: C:\Users\LEGION\.stmcufinder\plugins\mcufinder//mcu/cs/
2023-09-07 18:44:26,594 [INFO] DbExamplesSqlite:800 - Set database path to: C:\Users\LEGION\.stmcufinder\plugins\mcufinder//mcu/
2023-09-07 18:44:26,668 [INFO] RulesReader:52 - Compatibility file has been processed (209 Rules)
2023-09-07 18:44:26,731 [INFO] MicroXplorer:564 - Detected Java Version = 1.8.0_252
2023-09-07 18:44:26,731 [INFO] DbMcusXml:70 - Set database path to: C:\ST\STM32CubeIDE_1.4.0\STM32CubeIDE\plugins\com.st.stm32cube.common.mx_6.0.0.202007160824\\db\/mcu/
2023-09-07 18:44:26,731 [INFO] DbBoardsPdsc:56 - Set plugin database path to: C:\ST\STM32CubeIDE_1.4.0\STM32CubeIDE\plugins\com.st.stm32cube.common.mx_6.0.0.202007160824\\db\/plugins/boardmanager/
2023-09-07 18:44:26,732 [INFO] DbMcus:258 - Set plugin images path to: C:\ST\STM32CubeIDE_1.4.0\STM32CubeIDE\plugins\com.st.stm32cube.common.mx_6.0.0.202007160824\\db\/plugins/mcufinder/images/
2023-09-07 18:44:26,732 [INFO] DbBoards:264 - Set plugin images path to: C:\ST\STM32CubeIDE_1.4.0\STM32CubeIDE\plugins\com.st.stm32cube.common.mx_6.0.0.202007160824\\db\/plugins/mcufinder/images/
2023-09-07 18:44:26,732 [INFO] DbExamples:326 - Set plugin images path to: C:\ST\STM32CubeIDE_1.4.0\STM32CubeIDE\plugins\com.st.stm32cube.common.mx_6.0.0.202007160824\\db\/plugins/mcufinder/images/
2023-09-07 18:44:26,732 [WARN] DbFile:36 - Overriding database path with different value: C:\Users\LEGION\.stmcufinder\plugins\mcufinder/ => C:\Users\LEGION\.stmcufinder\plugins\mcufinder
2023-09-07 18:44:26,732 [INFO] DbMcusDocs:112 - Set database path to: C:\Users\LEGION\.stmcufinder\plugins\mcufinder//mcu/
2023-09-07 18:44:26,732 [WARN] DbFile:36 - Overriding database path with different value: C:\Users\LEGION\.stmcufinder\plugins\mcufinder/ => C:\Users\LEGION\.stmcufinder\plugins\mcufinder
2023-09-07 18:44:26,732 [INFO] DbMcusJson:63 - Set database path to: C:\Users\LEGION\.stmcufinder\plugins\mcufinder//mcu/
2023-09-07 18:44:26,733 [WARN] DbFile:36 - Overriding database path with different value: C:\Users\LEGION\.stmcufinder\plugins\mcufinder/ => C:\Users\LEGION\.stmcufinder\plugins\mcufinder
2023-09-07 18:44:26,733 [INFO] DbBoardsDocs:112 - Set database path to: C:\Users\LEGION\.stmcufinder\plugins\mcufinder//mcu/
2023-09-07 18:44:26,733 [WARN] DbFile:36 - Overriding database path with different value: C:\Users\LEGION\.stmcufinder\plugins\mcufinder/ => C:\Users\LEGION\.stmcufinder\plugins\mcufinder
2023-09-07 18:44:26,733 [INFO] DbBoardsJson:56 - Set database path to: C:\Users\LEGION\.stmcufinder\plugins\mcufinder//mcu/
2023-09-07 18:44:26,733 [WARN] DbFile:36 - Overriding database path with different value: C:\Users\LEGION\.stmcufinder\plugins\mcufinder/ => C:\Users\LEGION\.stmcufinder\plugins\mcufinder
2023-09-07 18:44:26,733 [WARN] DbFile:36 - Overriding database path with different value: C:\Users\LEGION\.stmcufinder\plugins\mcufinder/ => C:\Users\LEGION\.stmcufinder\plugins\mcufinder
2023-09-07 18:44:26,733 [INFO] CrossReferenceDbSqlite:196 - Set database path to: C:\Users\LEGION\.stmcufinder\plugins\mcufinder//mcu/cs/
2023-09-07 18:44:26,733 [WARN] DbFile:36 - Overriding database path with different value: C:\Users\LEGION\.stmcufinder\plugins\mcufinder/ => C:\Users\LEGION\.stmcufinder\plugins\mcufinder
2023-09-07 18:44:26,733 [INFO] DbExamplesSqlite:800 - Set database path to: C:\Users\LEGION\.stmcufinder\plugins\mcufinder//mcu/
2023-09-07 18:44:26,777 [INFO] MainPanel:189 - HeapMemory: 268435456
2023-09-07 18:44:26,819 [INFO] DbMcusXml:70 - Set database path to: C:\ST\STM32CubeIDE_1.4.0\STM32CubeIDE\plugins\com.st.stm32cube.common.mx_6.0.0.202007160824\\db\/mcu/
2023-09-07 18:44:26,819 [INFO] DbBoardsPdsc:56 - Set plugin database path to: C:\ST\STM32CubeIDE_1.4.0\STM32CubeIDE\plugins\com.st.stm32cube.common.mx_6.0.0.202007160824\\db\/plugins/boardmanager/
2023-09-07 18:44:26,819 [INFO] DbMcus:258 - Set plugin images path to: C:\ST\STM32CubeIDE_1.4.0\STM32CubeIDE\plugins\com.st.stm32cube.common.mx_6.0.0.202007160824\\db\/plugins/mcufinder/images/
2023-09-07 18:44:26,819 [INFO] DbBoards:264 - Set plugin images path to: C:\ST\STM32CubeIDE_1.4.0\STM32CubeIDE\plugins\com.st.stm32cube.common.mx_6.0.0.202007160824\\db\/plugins/mcufinder/images/
2023-09-07 18:44:26,820 [INFO] DbExamples:326 - Set plugin images path to: C:\ST\STM32CubeIDE_1.4.0\STM32CubeIDE\plugins\com.st.stm32cube.common.mx_6.0.0.202007160824\\db\/plugins/mcufinder/images/
2023-09-07 18:44:26,820 [WARN] DbFile:36 - Overriding database path with different value: C:\Users\LEGION\.stmcufinder\plugins\mcufinder/ => C:\Users\LEGION\.stmcufinder\plugins\mcufinder
2023-09-07 18:44:26,820 [INFO] DbMcusDocs:112 - Set database path to: C:\Users\LEGION\.stmcufinder\plugins\mcufinder//mcu/
2023-09-07 18:44:26,820 [WARN] DbFile:36 - Overriding database path with different value: C:\Users\LEGION\.stmcufinder\plugins\mcufinder/ => C:\Users\LEGION\.stmcufinder\plugins\mcufinder
2023-09-07 18:44:26,820 [INFO] DbMcusJson:63 - Set database path to: C:\Users\LEGION\.stmcufinder\plugins\mcufinder//mcu/
2023-09-07 18:44:26,820 [WARN] DbFile:36 - Overriding database path with different value: C:\Users\LEGION\.stmcufinder\plugins\mcufinder/ => C:\Users\LEGION\.stmcufinder\plugins\mcufinder
2023-09-07 18:44:26,820 [INFO] DbBoardsDocs:112 - Set database path to: C:\Users\LEGION\.stmcufinder\plugins\mcufinder//mcu/
2023-09-07 18:44:26,821 [WARN] DbFile:36 - Overriding database path with different value: C:\Users\LEGION\.stmcufinder\plugins\mcufinder/ => C:\Users\LEGION\.stmcufinder\plugins\mcufinder
2023-09-07 18:44:26,821 [INFO] DbBoardsJson:56 - Set database path to: C:\Users\LEGION\.stmcufinder\plugins\mcufinder//mcu/
2023-09-07 18:44:26,821 [WARN] DbFile:36 - Overriding database path with different value: C:\Users\LEGION\.stmcufinder\plugins\mcufinder/ => C:\Users\LEGION\.stmcufinder\plugins\mcufinder
2023-09-07 18:44:26,821 [WARN] DbFile:36 - Overriding database path with different value: C:\Users\LEGION\.stmcufinder\plugins\mcufinder/ => C:\Users\LEGION\.stmcufinder\plugins\mcufinder
2023-09-07 18:44:26,821 [INFO] CrossReferenceDbSqlite:196 - Set database path to: C:\Users\LEGION\.stmcufinder\plugins\mcufinder//mcu/cs/
2023-09-07 18:44:26,821 [WARN] DbFile:36 - Overriding database path with different value: C:\Users\LEGION\.stmcufinder\plugins\mcufinder/ => C:\Users\LEGION\.stmcufinder\plugins\mcufinder
2023-09-07 18:44:26,821 [INFO] DbExamplesSqlite:800 - Set database path to: C:\Users\LEGION\.stmcufinder\plugins\mcufinder//mcu/
2023-09-07 18:44:26,834 [INFO] ApplicationProperties:181 - Using Application install path: C:\ST\STM32CubeIDE_1.4.0\STM32CubeIDE\plugins\com.st.stm32cube.common.mx_6.0.0.202007160824
2023-09-07 18:44:26,835 [INFO] PluginManage:178 - Search for loadable plugins [exclusion list=, ]
2023-09-07 18:44:26,836 [INFO] PluginManage:292 - Check plugin analytics
2023-09-07 18:44:26,946 [INFO] AnalyticsPlugin:203 - Accepted Software Licenses: 
2023-09-07 18:44:26,947 [INFO] AnalyticsPlugin:205 - Accepted CMSIS Pack Licenses: 
2023-09-07 18:44:26,947 [INFO] AnalyticsPlugin:207 - Accepted Firmware Licenses: 
2023-09-07 18:44:26,947 [INFO] PluginManage:342 - Loaded plugin analytics (category:tool,tabindex:-1)
2023-09-07 18:44:26,947 [INFO] PluginManage:292 - Check plugin clock
2023-09-07 18:44:26,957 [INFO] PluginManage:342 - Loaded plugin clock (category:base,tabindex:2)
2023-09-07 18:44:26,957 [INFO] PluginManage:292 - Check plugin ddr
2023-09-07 18:44:26,959 [INFO] PluginManage:342 - Loaded plugin ddr (category:tool,tabindex:6)
2023-09-07 18:44:26,959 [INFO] PluginManage:292 - Check plugin filemanager
2023-09-07 18:44:27,046 [INFO] PluginManage:342 - Loaded plugin filemanager (category:base,tabindex:10)
2023-09-07 18:44:27,046 [INFO] PluginManage:292 - Check plugin ipmanager
2023-09-07 18:44:27,051 [INFO] PluginManage:342 - Loaded plugin ipmanager (category:base,tabindex:5)
2023-09-07 18:44:27,051 [INFO] PluginManage:292 - Check plugin pinoutandconfiguration
2023-09-07 18:44:27,058 [INFO] PluginManage:342 - Loaded plugin pinoutandconfiguration (category:base,tabindex:1)
2023-09-07 18:44:27,058 [INFO] PluginManage:292 - Check plugin pinoutconfig
2023-09-07 18:44:27,076 [INFO] PluginManage:342 - Loaded plugin pinoutconfig (category:base,tabindex:0)
2023-09-07 18:44:27,076 [INFO] PluginManage:292 - Check plugin power
2023-09-07 18:44:27,083 [INFO] PluginManage:342 - Loaded plugin power (category:power,tabindex:4)
2023-09-07 18:44:27,083 [INFO] PluginManage:292 - Check plugin projectmanager
2023-09-07 18:44:27,096 [INFO] PluginManage:342 - Loaded plugin projectmanager (category:projectmanager,tabindex:3)
2023-09-07 18:44:27,096 [INFO] PluginManage:292 - Check plugin thirdparty
2023-09-07 18:44:27,165 [INFO] ThirdPartyDb:333 - Open Third Party DataBase File (C:/Users/LEGION/.stm32cubemx/plugins/thirdparty/db/thirdparties_db.xml) : 35 ms. number of Sw pack : 48
2023-09-07 18:44:27,168 [INFO] PluginManage:342 - Loaded plugin thirdparty (category:base,tabindex:-1)
2023-09-07 18:44:27,169 [INFO] PluginManage:292 - Check plugin tools
2023-09-07 18:44:27,170 [INFO] PluginManage:342 - Loaded plugin tools (category:base,tabindex:7)
2023-09-07 18:44:27,171 [INFO] PluginManage:292 - Check plugin tutovideos
2023-09-07 18:44:27,327 [INFO] PluginManage:342 - Loaded plugin tutovideos (category:base,tabindex:-1)
2023-09-07 18:44:27,327 [INFO] PluginManage:292 - Check plugin updater
2023-09-07 18:44:27,336 [INFO] PluginManage:342 - Loaded plugin updater (category:base,tabindex:12)
2023-09-07 18:44:27,337 [INFO] PluginManage:265 - PluginManage : Loaded plugins [13]
2023-09-07 18:44:27,458 [INFO] PinOutPanel:1418 - setPackage(No Configuration,No Configuration)
2023-09-07 18:44:27,520 [INFO] IPUIPlugin:64 - create IPUIPlugin
2023-09-07 18:44:27,520 [INFO] PluginManager:200 - loadIPPluginJar : add adc
2023-09-07 18:44:27,522 [INFO] IPUIPlugin:64 - create IPUIPlugin
2023-09-07 18:44:27,522 [INFO] PluginManager:200 - loadIPPluginJar : add aes
2023-09-07 18:44:27,524 [INFO] IPUIPlugin:64 - create IPUIPlugin
2023-09-07 18:44:27,524 [INFO] PluginManager:200 - loadIPPluginJar : add can
2023-09-07 18:44:27,525 [INFO] IPUIPlugin:64 - create IPUIPlugin
2023-09-07 18:44:27,525 [INFO] PluginManager:200 - loadIPPluginJar : add comp
2023-09-07 18:44:27,527 [INFO] IPUIPlugin:64 - create IPUIPlugin
2023-09-07 18:44:27,527 [INFO] PluginManager:200 - loadIPPluginJar : add cryp
2023-09-07 18:44:27,529 [INFO] IPUIPlugin:64 - create IPUIPlugin
2023-09-07 18:44:27,529 [INFO] PluginManager:200 - loadIPPluginJar : add dfsdm
2023-09-07 18:44:27,533 [INFO] IPUIPlugin:64 - create IPUIPlugin
2023-09-07 18:44:27,534 [INFO] PluginManager:200 - loadIPPluginJar : add dma
2023-09-07 18:44:27,535 [INFO] IPUIPlugin:64 - create IPUIPlugin
2023-09-07 18:44:27,535 [INFO] PluginManager:200 - loadIPPluginJar : add fatfs
2023-09-07 18:44:27,538 [INFO] IPUIPlugin:64 - create IPUIPlugin
2023-09-07 18:44:27,538 [INFO] PluginManager:200 - loadIPPluginJar : add fmc
2023-09-07 18:44:27,542 [INFO] IPUIPlugin:64 - create IPUIPlugin
2023-09-07 18:44:27,543 [INFO] PluginManager:200 - loadIPPluginJar : add freertos
2023-09-07 18:44:27,544 [INFO] IPUIPlugin:64 - create IPUIPlugin
2023-09-07 18:44:27,544 [INFO] PluginManager:200 - loadIPPluginJar : add genericplugin
2023-09-07 18:44:27,545 [INFO] IPUIPlugin:64 - create IPUIPlugin
2023-09-07 18:44:27,545 [INFO] PluginManager:200 - loadIPPluginJar : add gfxmmu
2023-09-07 18:44:27,549 [INFO] IPUIPlugin:64 - create IPUIPlugin
2023-09-07 18:44:27,549 [INFO] PluginManager:200 - loadIPPluginJar : add gic
2023-09-07 18:44:27,552 [INFO] IPUIPlugin:64 - create IPUIPlugin
2023-09-07 18:44:27,552 [INFO] PluginManager:200 - loadIPPluginJar : add gpio
2023-09-07 18:44:27,559 [INFO] IPUIPlugin:64 - create IPUIPlugin
2023-09-07 18:44:27,560 [INFO] PluginManager:200 - loadIPPluginJar : add gtzc
2023-09-07 18:44:27,562 [INFO] IPUIPlugin:64 - create IPUIPlugin
2023-09-07 18:44:27,562 [INFO] PluginManager:200 - loadIPPluginJar : add hash
2023-09-07 18:44:27,564 [INFO] IPUIPlugin:64 - create IPUIPlugin
2023-09-07 18:44:27,564 [INFO] PluginManager:200 - loadIPPluginJar : add i2c
2023-09-07 18:44:27,565 [INFO] IPUIPlugin:64 - create IPUIPlugin
2023-09-07 18:44:27,566 [INFO] PluginManager:200 - loadIPPluginJar : add i2s
2023-09-07 18:44:27,568 [INFO] IPUIPlugin:64 - create IPUIPlugin
2023-09-07 18:44:27,568 [INFO] PluginManager:200 - loadIPPluginJar : add ipddr
2023-09-07 18:44:27,569 [INFO] IPUIPlugin:64 - create IPUIPlugin
2023-09-07 18:44:27,569 [INFO] PluginManager:200 - loadIPPluginJar : add ltdc
2023-09-07 18:44:27,572 [INFO] IPUIPlugin:64 - create IPUIPlugin
2023-09-07 18:44:27,572 [INFO] PluginManager:200 - loadIPPluginJar : add mdma
2023-09-07 18:44:27,574 [INFO] IPUIPlugin:64 - create IPUIPlugin
2023-09-07 18:44:27,574 [INFO] PluginManager:200 - loadIPPluginJar : add nvic
2023-09-07 18:44:27,576 [INFO] IPUIPlugin:64 - create IPUIPlugin
2023-09-07 18:44:27,577 [INFO] PluginManager:200 - loadIPPluginJar : add opamp
2023-09-07 18:44:27,578 [INFO] IPUIPlugin:64 - create IPUIPlugin
2023-09-07 18:44:27,579 [INFO] PluginManager:200 - loadIPPluginJar : add openamp
2023-09-07 18:44:27,581 [INFO] IPUIPlugin:64 - create IPUIPlugin
2023-09-07 18:44:27,581 [INFO] PluginManager:200 - loadIPPluginJar : add pdm2pcm
2023-09-07 18:44:27,585 [INFO] IPUIPlugin:64 - create IPUIPlugin
2023-09-07 18:44:27,588 [INFO] PluginManager:200 - loadIPPluginJar : add plateformsettings
2023-09-07 18:44:27,589 [INFO] IPUIPlugin:64 - create IPUIPlugin
2023-09-07 18:44:27,589 [INFO] PluginManager:200 - loadIPPluginJar : add quadspi
2023-09-07 18:44:27,592 [INFO] IPUIPlugin:64 - create IPUIPlugin
2023-09-07 18:44:27,592 [INFO] PluginManager:200 - loadIPPluginJar : add resmgrutility
2023-09-07 18:44:27,594 [INFO] IPUIPlugin:64 - create IPUIPlugin
2023-09-07 18:44:27,595 [INFO] PluginManager:200 - loadIPPluginJar : add sai
2023-09-07 18:44:27,597 [INFO] IPUIPlugin:64 - create IPUIPlugin
2023-09-07 18:44:27,597 [INFO] PluginManager:200 - loadIPPluginJar : add spi
2023-09-07 18:44:27,599 [INFO] IPUIPlugin:64 - create IPUIPlugin
2023-09-07 18:44:27,600 [INFO] PluginManager:200 - loadIPPluginJar : add stm32_wpan
2023-09-07 18:44:27,601 [INFO] IPUIPlugin:64 - create IPUIPlugin
2023-09-07 18:44:27,601 [INFO] PluginManager:200 - loadIPPluginJar : add tim
2023-09-07 18:44:27,604 [INFO] IPUIPlugin:64 - create IPUIPlugin
2023-09-07 18:44:27,604 [INFO] PluginManager:200 - loadIPPluginJar : add touchsensing
2023-09-07 18:44:27,605 [INFO] IPUIPlugin:64 - create IPUIPlugin
2023-09-07 18:44:27,605 [INFO] PluginManager:200 - loadIPPluginJar : add tracer_emb
2023-09-07 18:44:27,607 [INFO] IPUIPlugin:64 - create IPUIPlugin
2023-09-07 18:44:27,607 [INFO] PluginManager:200 - loadIPPluginJar : add ts
2023-09-07 18:44:27,608 [INFO] IPUIPlugin:64 - create IPUIPlugin
2023-09-07 18:44:27,608 [INFO] PluginManager:200 - loadIPPluginJar : add tsc
2023-09-07 18:44:27,610 [INFO] IPUIPlugin:64 - create IPUIPlugin
2023-09-07 18:44:27,610 [INFO] PluginManager:200 - loadIPPluginJar : add ucpd
2023-09-07 18:44:27,612 [INFO] IPUIPlugin:64 - create IPUIPlugin
2023-09-07 18:44:27,612 [INFO] PluginManager:200 - loadIPPluginJar : add usart
2023-09-07 18:44:28,308 [INFO] CubeProgrammer:457 - [DDR PANEL] - PathOfProgrammer: null
2023-09-07 18:44:28,908 [FATAL] Updater:282 - Updater called before beeing initialized
2023-09-07 18:44:29,018 [FATAL] Updater:282 - Updater called before beeing initialized
2023-09-07 18:44:29,018 [WARN] ThirdParty:775 - waiting for thirdparty lock release [close project]
2023-09-07 18:44:29,018 [INFO] ThirdParty:777 - entering critical section [close project]
2023-09-07 18:44:29,019 [INFO] ThirdParty:790 - exiting critical section [close project]
2023-09-07 18:44:29,021 [INFO] PinOutPanel:1418 - setPackage(No Configuration,No Configuration)
2023-09-07 18:44:29,021 [FATAL] Updater:282 - Updater called before beeing initialized
2023-09-07 18:44:29,025 [ERROR] Updater:967 - MainUpdater not yet initialized. External WinMGr cannot be set.
2023-09-07 18:44:29,026 [INFO] CubeProgrammer:457 - [DDR PANEL] - PathOfProgrammer: C:\ST\STM32CubeIDE_1.4.0\STM32CubeIDE\plugins\com.st.stm32cube.ide.mcu.externaltools.cubeprogrammer.win32_1.4.0.202007081208\tools\bin
2023-09-07 18:44:29,028 [INFO] ProgrammerExecThread:148 - [ProgrammerAPI] CubeProgrammer command construction: C:\ST\STM32CubeIDE_1.4.0\STM32CubeIDE\plugins\com.st.stm32cube.ide.mcu.externaltools.cubeprogrammer.win32_1.4.0.202007081208\tools\bin\STM32_Programmer_CLI.exe -l
2023-09-07 18:44:29,137 [INFO] MainDdrPanel:49 - [DDR PANEL] SETTER - Set cubeProgrammerPath to: C:\ST\STM32CubeIDE_1.4.0\STM32CubeIDE\plugins\com.st.stm32cube.ide.mcu.externaltools.cubeprogrammer.win32_1.4.0.202007081208\tools\bin
2023-09-07 18:44:29,149 [INFO] Updater:904 - Updater Version found : 6.0.0
2023-09-07 18:44:29,162 [INFO] ApplicationProperties:181 - Using Application install path: C:\ST\STM32CubeIDE_1.4.0\STM32CubeIDE\plugins\com.st.stm32cube.common.mx_6.0.0.202007160824
2023-09-07 18:44:29,245 [ERROR] ServerAccessManage:1004 - Warning during Server Connexion :  Unknown host sw-center.st.com
2023-09-07 18:44:29,246 [ERROR] ServerAccessManage:1004 - Warning during Server Connexion :  Unknown host www.ebuc23.com
2023-09-07 18:44:29,247 [INFO] MainUpdater:2268 - connection check result : 22
2023-09-07 18:44:29,247 [INFO] MainUpdater:239 - Updater Check For Update Now.
2023-09-07 18:44:29,248 [INFO] MicroXplorer:414 - Change Database Version : DB.6.0.0
2023-09-07 18:44:29,293 [INFO] CheckServerUpdateThread:102 - End of CheckServer Thread
2023-09-07 18:44:29,358 [INFO] MainUpdater:2268 - connection check result : 22
2023-09-07 18:44:30,178 [WARN] IntegrityCheckThread:61 - waiting for thirdparty lock release [integrity check]
2023-09-07 18:44:30,178 [INFO] IntegrityCheckThread:63 - entering critical section [integrity check]
2023-09-07 18:44:30,417 [INFO] ThirdPartyDb:299 - Save Third Party DataBase File (C:/Users/LEGION/.stm32cubemx/plugins/thirdparty/db/thirdparties_db.xml) [forced]
2023-09-07 18:44:30,465 [INFO] ThirdPartyDb:299 - Save Third Party DataBase File (C:/Users/LEGION/.stm32cubemx/plugins/thirdparty/db/thirdparties_db.xml) [forced]
2023-09-07 18:44:30,536 [INFO] IntegrityCheckThread:76 - exiting critical section [integrity check]
2023-09-07 18:44:30,536 [INFO] IntegrityCheckThread:79 - End integrity checks thread
2023-09-07 18:50:08,107 [ERROR] ServerAccessManage:1004 - Warning during Server Connexion :  Unknown host sw-center.st.com
2023-09-07 18:50:08,109 [ERROR] ServerAccessManage:1004 - Warning during Server Connexion :  Unknown host www.ebuc23.com
2023-09-07 18:50:08,110 [INFO] MainUpdater:2268 - connection check result : 22
2023-09-07 18:50:09,249 [INFO] McuFinderGlobals:40 - Set McuFinder mode to 2 (CubeIDE integrated)
2023-09-07 18:50:09,353 [INFO] CrossSelectorPresenter:1330 - Cross Selector saved comparison directory: C:\Users\LEGION\.stmcufinder\plugins\mcufinder\mcu\cs_comparisons_mx
2023-09-07 18:50:09,359 [INFO] MultiScanPanel:193 - Auto-refresh data requested => check proxy status ongoing
2023-09-07 18:50:09,361 [INFO] FinderPluginLoader:87 - Searching for filters in installed packs
2023-09-07 18:50:09,362 [INFO] DbMcusXml:100 - Load MCU database from C:\ST\STM32CubeIDE_1.4.0\STM32CubeIDE\plugins\com.st.stm32cube.common.mx_6.0.0.202007160824\\db\/mcu/families.xml
2023-09-07 18:50:09,854 [INFO] DbMcusJson:92 - JSON generation date=Tue Nov 16 18:17:54 EET 2021 (1637079474)
2023-09-07 18:50:10,527 [INFO] DbMcus:175 - Found 1761 MCUs (1722 are supported by CubeMX, 1911 are visible in CubeMX)
2023-09-07 18:50:10,528 [INFO] ApiDb:201 - Load user favorites file C:\Users\LEGION/.stm32cubeide/favorites.mcus.txt: 0 item(s)
2023-09-07 18:50:10,528 [INFO] ApiDb:205 - User favorites MCUs=[]
2023-09-07 18:50:10,528 [INFO] DbMcus:187 - Set 0 / 0 favorites MCUs
2023-09-07 18:50:11,176 [INFO] McuFilterPanel:245 - Update 0 favorites MCUs
2023-09-07 18:50:11,240 [INFO] DbBoardsPdsc:94 - Found 23 items
2023-09-07 18:50:11,241 [INFO] DbBoardsPdsc:94 - Found 9 items
2023-09-07 18:50:11,243 [INFO] DbBoardsPdsc:94 - Found 29 items
2023-09-07 18:50:11,244 [INFO] DbBoardsPdsc:94 - Found 1 items
2023-09-07 18:50:11,248 [INFO] DbBoardsPdsc:94 - Found 44 items
2023-09-07 18:50:11,252 [INFO] DbBoardsPdsc:94 - Found 40 items
2023-09-07 18:50:11,253 [INFO] DbBoardsPdsc:94 - Found 2 items
2023-09-07 18:50:11,255 [INFO] DbBoardsPdsc:94 - Found 4 items
2023-09-07 18:50:11,260 [WARN] DbBoardsPdsc:258 - Board STM32H7B3I-DK: unknown feature type=Audio, name=, username=Audio stereo codec with Headphone Amp (CS42L51-CNZ), n=1
2023-09-07 18:50:11,260 [WARN] DbBoardsPdsc:258 - Board STM32H735G-DK: unknown feature type=Audio, name=, username=Audio stereo codec with Headphone Amp (WM8994ECS/R), n=1
2023-09-07 18:50:11,261 [WARN] DbBoardsPdsc:258 - Board STM32H7B3I-EVAL: unknown feature type=Audio, name=, username=Multi-Channel Audio Codec (CS42L51-CNZ), n=1
2023-09-07 18:50:11,261 [WARN] DbBoardsPdsc:258 - Board STM32H7B3I-EVAL: unknown feature type=Meter, name=, username=Power-metering and Temperature-monitoring with sigma-delta modulators, n=1
2023-09-07 18:50:11,261 [WARN] DbBoardsPdsc:258 - Board STM32H7B3I-EVAL: unknown feature type=Motor, name=, username=Motor Control, n=1
2023-09-07 18:50:11,287 [INFO] DbBoardsJson:85 - JSON generation date=Tue Nov 16 18:17:54 EET 2021 (1637079474)
2023-09-07 18:50:11,293 [INFO] DbBoards:117 - Found 166 boards (149 are supported by CubeMX)
2023-09-07 18:50:11,295 [INFO] DbBoardsDocs:145 - JSON generation date=Tue Nov 16 18:17:54 EET 2021 (1637079474)
2023-09-07 18:50:11,302 [INFO] DbBoardsDocs:81 - Found 209 boards documents
2023-09-07 18:50:11,302 [WARN] DbBoards:127 - board B-L475E-IOT01A2 has no document id list !
2023-09-07 18:50:11,303 [WARN] DbBoards:127 - board NUCLEO-H743ZI has no document id list !
2023-09-07 18:50:11,305 [WARN] DbBoards:127 - board P-NUCLEO-WB55-Nucleo has no document id list !
2023-09-07 18:50:11,305 [WARN] DbBoards:127 - board P-NUCLEO-WB55-USBDongle has no document id list !
2023-09-07 18:50:11,305 [WARN] DbBoards:127 - board STEVAL-BFA001V1B has no document id list !
2023-09-07 18:50:11,305 [WARN] DbBoards:127 - board STEVAL-BFA001V2B has no document id list !
2023-09-07 18:50:11,305 [WARN] DbBoards:127 - board STEVAL-IDP005V1 has no document id list !
2023-09-07 18:50:11,305 [WARN] DbBoards:127 - board STEVAL-IDP005V2 has no document id list !
2023-09-07 18:50:11,305 [WARN] DbBoards:127 - board STEVAL-MKSBOX1V1 has no document id list !
2023-09-07 18:50:11,305 [WARN] DbBoards:127 - board STEVAL-STWINKT1 has no document id list !
2023-09-07 18:50:11,306 [WARN] DbBoards:127 - board STEVAL-STWINKT1B has no document id list !
2023-09-07 18:50:11,306 [WARN] DbBoards:127 - board STM32439I-EVAL2 has no document id list !
2023-09-07 18:50:11,306 [WARN] DbBoards:127 - board STM32F401C-DISCO has no document id list !
2023-09-07 18:50:11,307 [WARN] DbBoards:127 - board STM32F769I-DISC1 has no document id list !
2023-09-07 18:50:11,307 [WARN] DbBoards:127 - board STM32G474E-EVAL1 has no document id list !
2023-09-07 18:50:11,307 [WARN] DbBoards:127 - board STM32H743I-EVAL2 has no document id list !
2023-09-07 18:50:11,308 [WARN] DbBoards:127 - board STM32H747I-DISC1 has no document id list !
2023-09-07 18:50:11,308 [WARN] DbBoards:127 - board STM32H753I-EVAL2 has no document id list !
2023-09-07 18:50:11,308 [WARN] DbBoards:127 - board STM32L-DISCOVERY has no document id list !
2023-09-07 18:50:11,406 [ERROR] DbBoards:189 - Image file not found for board B-L462E-CELL1: C:\ST\STM32CubeIDE_1.4.0\STM32CubeIDE\plugins\com.st.stm32cube.common.mx_6.0.0.202007160824\\db\/plugins/mcufinder/images/boards/B-L462E-CELL1_small.jpg
2023-09-07 18:50:11,445 [ERROR] DbBoards:189 - Image file not found for board B-U585I-IOT02A: C:\ST\STM32CubeIDE_1.4.0\STM32CubeIDE\plugins\com.st.stm32cube.common.mx_6.0.0.202007160824\\db\/plugins/mcufinder/images/boards/B-U585I-IOT02A_small.jpg
2023-09-07 18:50:11,506 [ERROR] DbBoards:189 - Image file not found for board NUCLEO-F413ZH: C:\ST\STM32CubeIDE_1.4.0\STM32CubeIDE\plugins\com.st.stm32cube.common.mx_6.0.0.202007160824\\db\/plugins/mcufinder/images/boards/nucleo-f413zh_small.jpg
2023-09-07 18:50:11,614 [ERROR] DbBoards:189 - Image file not found for board NUCLEO-L552ZE-Q: C:\ST\STM32CubeIDE_1.4.0\STM32CubeIDE\plugins\com.st.stm32cube.common.mx_6.0.0.202007160824\\db\/plugins/mcufinder/images/boards/nucleo_l552ze_q_small.jpg
2023-09-07 18:50:11,614 [ERROR] DbBoards:189 - Image file not found for board NUCLEO-U575ZI-Q: C:\ST\STM32CubeIDE_1.4.0\STM32CubeIDE\plugins\com.st.stm32cube.common.mx_6.0.0.202007160824\\db\/plugins/mcufinder/images/boards/nucleo-u575zi-q_small.jpg
2023-09-07 18:50:11,614 [ERROR] DbBoards:189 - Image file not found for board NUCLEO-WB15CC: C:\ST\STM32CubeIDE_1.4.0\STM32CubeIDE\plugins\com.st.stm32cube.common.mx_6.0.0.202007160824\\db\/plugins/mcufinder/images/boards/nucleo-wb15cc_small.jpg
2023-09-07 18:50:11,614 [ERROR] DbBoards:189 - Image file not found for board NUCLEO-WB55RG: C:\ST\STM32CubeIDE_1.4.0\STM32CubeIDE\plugins\com.st.stm32cube.common.mx_6.0.0.202007160824\\db\/plugins/mcufinder/images/boards/nucleo-wb55rg_small.jpg
2023-09-07 18:50:11,614 [ERROR] DbBoards:189 - Image file not found for board NUCLEO-WL55JC: C:\ST\STM32CubeIDE_1.4.0\STM32CubeIDE\plugins\com.st.stm32cube.common.mx_6.0.0.202007160824\\db\/plugins/mcufinder/images/boards/nucleo-wl55jc-small.jpg
2023-09-07 18:50:11,748 [ERROR] DbBoards:189 - Image file not found for board STEVAL-STWINKT1B: C:\ST\STM32CubeIDE_1.4.0\STM32CubeIDE\plugins\com.st.stm32cube.common.mx_6.0.0.202007160824\\db\/plugins/mcufinder/images/boards/steval-stwinkt1b_small.jpg
2023-09-07 18:50:11,998 [ERROR] DbBoards:189 - Image file not found for board STM32G0C1E-EV: C:\ST\STM32CubeIDE_1.4.0\STM32CubeIDE\plugins\com.st.stm32cube.common.mx_6.0.0.202007160824\\db\/plugins/mcufinder/images/boards/stm32g0c1e-eval_small.jpg
2023-09-07 18:50:12,063 [ERROR] DbBoards:189 - Image file not found for board STM32H7B3I-EVAL: C:\ST\STM32CubeIDE_1.4.0\STM32CubeIDE\plugins\com.st.stm32cube.common.mx_6.0.0.202007160824\\db\/plugins/mcufinder/images/boards/stm32h7b3ieval_small.jpg
2023-09-07 18:50:12,210 [ERROR] DbBoards:189 - Image file not found for board STM32U575I-EV: C:\ST\STM32CubeIDE_1.4.0\STM32CubeIDE\plugins\com.st.stm32cube.common.mx_6.0.0.202007160824\\db\/plugins/mcufinder/images/boards/stm32u575i-ev_small.jpg
2023-09-07 18:50:12,237 [ERROR] DbBoards:189 - Image file not found for board STM32WB5MM-DK: C:\ST\STM32CubeIDE_1.4.0\STM32CubeIDE\plugins\com.st.stm32cube.common.mx_6.0.0.202007160824\\db\/plugins/mcufinder/images/boards/STM32WB5MM-DK_small.jpg
2023-09-07 18:50:12,237 [INFO] ApiDb:201 - Load user favorites file C:\Users\LEGION/.stm32cubeide/favorites.boards.txt: 0 item(s)
2023-09-07 18:50:12,238 [INFO] ApiDb:205 - User favorites Boards=[]
2023-09-07 18:50:12,238 [INFO] DbBoards:206 - Set 0 / 0 favorites Boards
2023-09-07 18:50:16,489 [INFO] ApiDb:226 - Save user favorites file C:\Users\LEGION/.stm32cubeide/favorites.mcus.txt: 0 item(s)
2023-09-07 18:50:16,489 [INFO] ApiDb:230 - User favorites MCUs=[]
2023-09-07 18:50:17,389 [INFO] MainUpdater:2268 - connection check result : 22
2023-09-07 18:50:18,371 [INFO] McuFinderGlobals:40 - Set McuFinder mode to 2 (CubeIDE integrated)
2023-09-07 18:50:18,382 [INFO] CrossSelectorPresenter:1330 - Cross Selector saved comparison directory: C:\Users\LEGION\.stmcufinder\plugins\mcufinder\mcu\cs_comparisons_mx
2023-09-07 18:50:18,384 [INFO] MultiScanPanel:193 - Auto-refresh data requested => check proxy status ongoing
2023-09-07 18:50:18,385 [INFO] FinderPluginLoader:87 - Searching for filters in installed packs
2023-09-07 18:50:18,693 [INFO] McuFilterPanel:245 - Update 0 favorites MCUs
2023-09-07 18:50:27,788 [INFO] DbMcusDocs:145 - JSON generation date=Tue Nov 16 18:17:54 EET 2021 (1637079474)
2023-09-07 18:50:28,002 [INFO] DbMcusDocs:81 - Found 682 MCUs documents
2023-09-07 18:50:46,291 [INFO] LogOutputStream:76 - [STDOUT_REDIRECT] withoutVersionV1.8.4
2023-09-07 18:50:46,293 [INFO] LogOutputStream:76 - [STDOUT_REDIRECT] withoutVersionV1.8.3
2023-09-07 18:50:46,293 [INFO] LogOutputStream:76 - [STDOUT_REDIRECT] withoutVersionV1.8.2
2023-09-07 18:50:46,294 [INFO] LogOutputStream:76 - [STDOUT_REDIRECT] withoutVersionV1.8.1
2023-09-07 18:50:46,295 [INFO] LogOutputStream:76 - [STDOUT_REDIRECT] withoutVersionV1.8.0
2023-09-07 18:50:49,914 [INFO] ApiDb:226 - Save user favorites file C:\Users\LEGION/.stm32cubeide/favorites.mcus.txt: 0 item(s)
2023-09-07 18:50:49,915 [INFO] ApiDb:230 - User favorites MCUs=[]
