2023-09-07 17:52:02,067 [INFO] Activator:178 - 


2023-09-07 17:52:02,070 [INFO] Activator:179 - !SESSION log4j initialized
2023-09-07 17:52:50,555 [INFO] RetryExec:97 - I/O exception (org.apache.http.NoHttpResponseException) caught when processing request to {s}->https://download.eclipse.org:443: The target server failed to respond
2023-09-07 17:52:50,558 [INFO] RetryExec:113 - Retrying request to {s}->https://download.eclipse.org:443
2023-09-07 17:52:51,292 [INFO] RetryExec:97 - I/O exception (org.apache.http.NoHttpResponseException) caught when processing request to {s}->https://archive.eclipse.org:443: The target server failed to respond
2023-09-07 17:52:51,372 [INFO] RetryExec:113 - Retrying request to {s}->https://archive.eclipse.org:443
2023-09-07 17:52:52,260 [INFO] RetryExec:97 - I/O exception (org.apache.http.NoHttpResponseException) caught when processing request to {s}->https://download.eclipse.org:443: The target server failed to respond
2023-09-07 17:52:52,260 [INFO] RetryExec:113 - Retrying request to {s}->https://download.eclipse.org:443
2023-09-07 17:53:04,505 [INFO] ApplicationProperties:181 - Using Application install path: C:\ST\STM32CubeIDE_1.4.0\STM32CubeIDE\plugins\com.st.stm32cube.common.mx_6.0.0.202007160824
2023-09-07 17:53:04,516 [INFO] DbMcusXml:70 - Set database path to: C:\ST\STM32CubeIDE_1.4.0\STM32CubeIDE\plugins\com.st.stm32cube.common.mx_6.0.0.202007160824\\db\/mcu/
2023-09-07 17:53:04,519 [INFO] DbBoardsPdsc:56 - Set plugin database path to: C:\ST\STM32CubeIDE_1.4.0\STM32CubeIDE\plugins\com.st.stm32cube.common.mx_6.0.0.202007160824\\db\/plugins/boardmanager/
2023-09-07 17:53:04,519 [INFO] DbMcus:258 - Set plugin images path to: C:\ST\STM32CubeIDE_1.4.0\STM32CubeIDE\plugins\com.st.stm32cube.common.mx_6.0.0.202007160824\\db\/plugins/mcufinder/images/
2023-09-07 17:53:04,519 [INFO] DbBoards:264 - Set plugin images path to: C:\ST\STM32CubeIDE_1.4.0\STM32CubeIDE\plugins\com.st.stm32cube.common.mx_6.0.0.202007160824\\db\/plugins/mcufinder/images/
2023-09-07 17:53:04,522 [INFO] DbExamples:326 - Set plugin images path to: C:\ST\STM32CubeIDE_1.4.0\STM32CubeIDE\plugins\com.st.stm32cube.common.mx_6.0.0.202007160824\\db\/plugins/mcufinder/images/
2023-09-07 17:53:04,527 [INFO] DbMcusDocs:112 - Set database path to: C:\Users\LEGION\.stmcufinder\plugins\mcufinder//mcu/
2023-09-07 17:53:04,529 [INFO] DbMcusJson:63 - Set database path to: C:\Users\LEGION\.stmcufinder\plugins\mcufinder//mcu/
2023-09-07 17:53:04,530 [INFO] DbBoardsDocs:112 - Set database path to: C:\Users\LEGION\.stmcufinder\plugins\mcufinder//mcu/
2023-09-07 17:53:04,531 [INFO] DbBoardsJson:56 - Set database path to: C:\Users\LEGION\.stmcufinder\plugins\mcufinder//mcu/
2023-09-07 17:53:04,538 [INFO] CrossReferenceDbSqlite:196 - Set database path to: C:\Users\LEGION\.stmcufinder\plugins\mcufinder//mcu/cs/
2023-09-07 17:53:04,541 [INFO] DbExamplesSqlite:800 - Set database path to: C:\Users\LEGION\.stmcufinder\plugins\mcufinder//mcu/
2023-09-07 17:53:04,632 [INFO] RulesReader:52 - Compatibility file has been processed (209 Rules)
2023-09-07 17:53:04,702 [INFO] MicroXplorer:564 - Detected Java Version = 1.8.0_252
2023-09-07 17:53:04,702 [INFO] DbMcusXml:70 - Set database path to: C:\ST\STM32CubeIDE_1.4.0\STM32CubeIDE\plugins\com.st.stm32cube.common.mx_6.0.0.202007160824\\db\/mcu/
2023-09-07 17:53:04,702 [INFO] DbBoardsPdsc:56 - Set plugin database path to: C:\ST\STM32CubeIDE_1.4.0\STM32CubeIDE\plugins\com.st.stm32cube.common.mx_6.0.0.202007160824\\db\/plugins/boardmanager/
2023-09-07 17:53:04,703 [INFO] DbMcus:258 - Set plugin images path to: C:\ST\STM32CubeIDE_1.4.0\STM32CubeIDE\plugins\com.st.stm32cube.common.mx_6.0.0.202007160824\\db\/plugins/mcufinder/images/
2023-09-07 17:53:04,703 [INFO] DbBoards:264 - Set plugin images path to: C:\ST\STM32CubeIDE_1.4.0\STM32CubeIDE\plugins\com.st.stm32cube.common.mx_6.0.0.202007160824\\db\/plugins/mcufinder/images/
2023-09-07 17:53:04,704 [INFO] DbExamples:326 - Set plugin images path to: C:\ST\STM32CubeIDE_1.4.0\STM32CubeIDE\plugins\com.st.stm32cube.common.mx_6.0.0.202007160824\\db\/plugins/mcufinder/images/
2023-09-07 17:53:04,704 [WARN] DbFile:36 - Overriding database path with different value: C:\Users\LEGION\.stmcufinder\plugins\mcufinder/ => C:\Users\LEGION\.stmcufinder\plugins\mcufinder
2023-09-07 17:53:04,704 [INFO] DbMcusDocs:112 - Set database path to: C:\Users\LEGION\.stmcufinder\plugins\mcufinder//mcu/
2023-09-07 17:53:04,704 [WARN] DbFile:36 - Overriding database path with different value: C:\Users\LEGION\.stmcufinder\plugins\mcufinder/ => C:\Users\LEGION\.stmcufinder\plugins\mcufinder
2023-09-07 17:53:04,704 [INFO] DbMcusJson:63 - Set database path to: C:\Users\LEGION\.stmcufinder\plugins\mcufinder//mcu/
2023-09-07 17:53:04,704 [WARN] DbFile:36 - Overriding database path with different value: C:\Users\LEGION\.stmcufinder\plugins\mcufinder/ => C:\Users\LEGION\.stmcufinder\plugins\mcufinder
2023-09-07 17:53:04,704 [INFO] DbBoardsDocs:112 - Set database path to: C:\Users\LEGION\.stmcufinder\plugins\mcufinder//mcu/
2023-09-07 17:53:04,704 [WARN] DbFile:36 - Overriding database path with different value: C:\Users\LEGION\.stmcufinder\plugins\mcufinder/ => C:\Users\LEGION\.stmcufinder\plugins\mcufinder
2023-09-07 17:53:04,704 [INFO] DbBoardsJson:56 - Set database path to: C:\Users\LEGION\.stmcufinder\plugins\mcufinder//mcu/
2023-09-07 17:53:04,705 [WARN] DbFile:36 - Overriding database path with different value: C:\Users\LEGION\.stmcufinder\plugins\mcufinder/ => C:\Users\LEGION\.stmcufinder\plugins\mcufinder
2023-09-07 17:53:04,705 [WARN] DbFile:36 - Overriding database path with different value: C:\Users\LEGION\.stmcufinder\plugins\mcufinder/ => C:\Users\LEGION\.stmcufinder\plugins\mcufinder
2023-09-07 17:53:04,705 [INFO] CrossReferenceDbSqlite:196 - Set database path to: C:\Users\LEGION\.stmcufinder\plugins\mcufinder//mcu/cs/
2023-09-07 17:53:04,705 [WARN] DbFile:36 - Overriding database path with different value: C:\Users\LEGION\.stmcufinder\plugins\mcufinder/ => C:\Users\LEGION\.stmcufinder\plugins\mcufinder
2023-09-07 17:53:04,705 [INFO] DbExamplesSqlite:800 - Set database path to: C:\Users\LEGION\.stmcufinder\plugins\mcufinder//mcu/
2023-09-07 17:53:04,760 [INFO] MainPanel:189 - HeapMemory: 700448768
2023-09-07 17:53:04,827 [INFO] DbMcusXml:70 - Set database path to: C:\ST\STM32CubeIDE_1.4.0\STM32CubeIDE\plugins\com.st.stm32cube.common.mx_6.0.0.202007160824\\db\/mcu/
2023-09-07 17:53:04,828 [INFO] DbBoardsPdsc:56 - Set plugin database path to: C:\ST\STM32CubeIDE_1.4.0\STM32CubeIDE\plugins\com.st.stm32cube.common.mx_6.0.0.202007160824\\db\/plugins/boardmanager/
2023-09-07 17:53:04,828 [INFO] DbMcus:258 - Set plugin images path to: C:\ST\STM32CubeIDE_1.4.0\STM32CubeIDE\plugins\com.st.stm32cube.common.mx_6.0.0.202007160824\\db\/plugins/mcufinder/images/
2023-09-07 17:53:04,828 [INFO] DbBoards:264 - Set plugin images path to: C:\ST\STM32CubeIDE_1.4.0\STM32CubeIDE\plugins\com.st.stm32cube.common.mx_6.0.0.202007160824\\db\/plugins/mcufinder/images/
2023-09-07 17:53:04,828 [INFO] DbExamples:326 - Set plugin images path to: C:\ST\STM32CubeIDE_1.4.0\STM32CubeIDE\plugins\com.st.stm32cube.common.mx_6.0.0.202007160824\\db\/plugins/mcufinder/images/
2023-09-07 17:53:04,829 [WARN] DbFile:36 - Overriding database path with different value: C:\Users\LEGION\.stmcufinder\plugins\mcufinder/ => C:\Users\LEGION\.stmcufinder\plugins\mcufinder
2023-09-07 17:53:04,829 [INFO] DbMcusDocs:112 - Set database path to: C:\Users\LEGION\.stmcufinder\plugins\mcufinder//mcu/
2023-09-07 17:53:04,829 [WARN] DbFile:36 - Overriding database path with different value: C:\Users\LEGION\.stmcufinder\plugins\mcufinder/ => C:\Users\LEGION\.stmcufinder\plugins\mcufinder
2023-09-07 17:53:04,829 [INFO] DbMcusJson:63 - Set database path to: C:\Users\LEGION\.stmcufinder\plugins\mcufinder//mcu/
2023-09-07 17:53:04,829 [WARN] DbFile:36 - Overriding database path with different value: C:\Users\LEGION\.stmcufinder\plugins\mcufinder/ => C:\Users\LEGION\.stmcufinder\plugins\mcufinder
2023-09-07 17:53:04,830 [INFO] DbBoardsDocs:112 - Set database path to: C:\Users\LEGION\.stmcufinder\plugins\mcufinder//mcu/
2023-09-07 17:53:04,830 [WARN] DbFile:36 - Overriding database path with different value: C:\Users\LEGION\.stmcufinder\plugins\mcufinder/ => C:\Users\LEGION\.stmcufinder\plugins\mcufinder
2023-09-07 17:53:04,830 [INFO] DbBoardsJson:56 - Set database path to: C:\Users\LEGION\.stmcufinder\plugins\mcufinder//mcu/
2023-09-07 17:53:04,830 [WARN] DbFile:36 - Overriding database path with different value: C:\Users\LEGION\.stmcufinder\plugins\mcufinder/ => C:\Users\LEGION\.stmcufinder\plugins\mcufinder
2023-09-07 17:53:04,830 [WARN] DbFile:36 - Overriding database path with different value: C:\Users\LEGION\.stmcufinder\plugins\mcufinder/ => C:\Users\LEGION\.stmcufinder\plugins\mcufinder
2023-09-07 17:53:04,830 [INFO] CrossReferenceDbSqlite:196 - Set database path to: C:\Users\LEGION\.stmcufinder\plugins\mcufinder//mcu/cs/
2023-09-07 17:53:04,831 [WARN] DbFile:36 - Overriding database path with different value: C:\Users\LEGION\.stmcufinder\plugins\mcufinder/ => C:\Users\LEGION\.stmcufinder\plugins\mcufinder
2023-09-07 17:53:04,831 [INFO] DbExamplesSqlite:800 - Set database path to: C:\Users\LEGION\.stmcufinder\plugins\mcufinder//mcu/
2023-09-07 17:53:04,845 [INFO] ApplicationProperties:181 - Using Application install path: C:\ST\STM32CubeIDE_1.4.0\STM32CubeIDE\plugins\com.st.stm32cube.common.mx_6.0.0.202007160824
2023-09-07 17:53:04,847 [INFO] PluginManage:178 - Search for loadable plugins [exclusion list=, ]
2023-09-07 17:53:04,847 [INFO] PluginManage:292 - Check plugin analytics
2023-09-07 17:53:09,513 [INFO] AnalyticsPlugin:203 - Accepted Software Licenses: 
2023-09-07 17:53:09,514 [INFO] AnalyticsPlugin:205 - Accepted CMSIS Pack Licenses: 
2023-09-07 17:53:09,514 [INFO] AnalyticsPlugin:207 - Accepted Firmware Licenses: 
2023-09-07 17:53:09,514 [INFO] PluginManage:342 - Loaded plugin analytics (category:tool,tabindex:-1)
2023-09-07 17:53:09,515 [INFO] PluginManage:292 - Check plugin clock
2023-09-07 17:53:09,543 [INFO] PluginManage:342 - Loaded plugin clock (category:base,tabindex:2)
2023-09-07 17:53:09,543 [INFO] PluginManage:292 - Check plugin ddr
2023-09-07 17:53:09,548 [INFO] PluginManage:342 - Loaded plugin ddr (category:tool,tabindex:6)
2023-09-07 17:53:09,548 [INFO] PluginManage:292 - Check plugin filemanager
2023-09-07 17:53:09,681 [INFO] PluginManage:342 - Loaded plugin filemanager (category:base,tabindex:10)
2023-09-07 17:53:09,681 [INFO] PluginManage:292 - Check plugin ipmanager
2023-09-07 17:53:09,689 [INFO] PluginManage:342 - Loaded plugin ipmanager (category:base,tabindex:5)
2023-09-07 17:53:09,689 [INFO] PluginManage:292 - Check plugin pinoutandconfiguration
2023-09-07 17:53:09,705 [INFO] PluginManage:342 - Loaded plugin pinoutandconfiguration (category:base,tabindex:1)
2023-09-07 17:53:09,705 [INFO] PluginManage:292 - Check plugin pinoutconfig
2023-09-07 17:53:09,735 [INFO] PluginManage:342 - Loaded plugin pinoutconfig (category:base,tabindex:0)
2023-09-07 17:53:09,736 [INFO] PluginManage:292 - Check plugin power
2023-09-07 17:53:09,752 [INFO] PluginManage:342 - Loaded plugin power (category:power,tabindex:4)
2023-09-07 17:53:09,753 [INFO] PluginManage:292 - Check plugin projectmanager
2023-09-07 17:53:09,767 [INFO] PluginManage:342 - Loaded plugin projectmanager (category:projectmanager,tabindex:3)
2023-09-07 17:53:09,767 [INFO] PluginManage:292 - Check plugin thirdparty
2023-09-07 17:53:09,874 [INFO] ThirdPartyDb:333 - Open Third Party DataBase File (C:/Users/LEGION/.stm32cubemx/plugins/thirdparty/db/thirdparties_db.xml) : 38 ms. number of Sw pack : 43
2023-09-07 17:53:09,878 [INFO] PluginManage:342 - Loaded plugin thirdparty (category:base,tabindex:-1)
2023-09-07 17:53:09,878 [INFO] PluginManage:292 - Check plugin tools
2023-09-07 17:53:09,934 [INFO] PluginManage:342 - Loaded plugin tools (category:base,tabindex:7)
2023-09-07 17:53:09,934 [INFO] PluginManage:292 - Check plugin tutovideos
2023-09-07 17:53:10,140 [INFO] PluginManage:342 - Loaded plugin tutovideos (category:base,tabindex:-1)
2023-09-07 17:53:10,141 [INFO] PluginManage:292 - Check plugin updater
2023-09-07 17:53:10,152 [INFO] PluginManage:342 - Loaded plugin updater (category:base,tabindex:12)
2023-09-07 17:53:10,152 [INFO] PluginManage:265 - PluginManage : Loaded plugins [13]
2023-09-07 17:53:10,285 [INFO] PinOutPanel:1418 - setPackage(No Configuration,No Configuration)
2023-09-07 17:53:10,365 [INFO] IPUIPlugin:64 - create IPUIPlugin
2023-09-07 17:53:10,365 [INFO] PluginManager:200 - loadIPPluginJar : add adc
2023-09-07 17:53:10,401 [INFO] IPUIPlugin:64 - create IPUIPlugin
2023-09-07 17:53:10,401 [INFO] PluginManager:200 - loadIPPluginJar : add aes
2023-09-07 17:53:10,445 [INFO] IPUIPlugin:64 - create IPUIPlugin
2023-09-07 17:53:10,445 [INFO] PluginManager:200 - loadIPPluginJar : add can
2023-09-07 17:53:10,474 [INFO] IPUIPlugin:64 - create IPUIPlugin
2023-09-07 17:53:10,475 [INFO] PluginManager:200 - loadIPPluginJar : add comp
2023-09-07 17:53:10,505 [INFO] IPUIPlugin:64 - create IPUIPlugin
2023-09-07 17:53:10,505 [INFO] PluginManager:200 - loadIPPluginJar : add cryp
2023-09-07 17:53:10,536 [INFO] IPUIPlugin:64 - create IPUIPlugin
2023-09-07 17:53:10,536 [INFO] PluginManager:200 - loadIPPluginJar : add dfsdm
2023-09-07 17:53:10,548 [INFO] IPUIPlugin:64 - create IPUIPlugin
2023-09-07 17:53:10,549 [INFO] PluginManager:200 - loadIPPluginJar : add dma
2023-09-07 17:53:10,573 [INFO] IPUIPlugin:64 - create IPUIPlugin
2023-09-07 17:53:10,573 [INFO] PluginManager:200 - loadIPPluginJar : add fatfs
2023-09-07 17:53:10,619 [INFO] IPUIPlugin:64 - create IPUIPlugin
2023-09-07 17:53:10,620 [INFO] PluginManager:200 - loadIPPluginJar : add fmc
2023-09-07 17:53:10,632 [INFO] IPUIPlugin:64 - create IPUIPlugin
2023-09-07 17:53:10,632 [INFO] PluginManager:200 - loadIPPluginJar : add freertos
2023-09-07 17:53:10,655 [INFO] IPUIPlugin:64 - create IPUIPlugin
2023-09-07 17:53:10,655 [INFO] PluginManager:200 - loadIPPluginJar : add genericplugin
2023-09-07 17:53:10,733 [INFO] IPUIPlugin:64 - create IPUIPlugin
2023-09-07 17:53:10,733 [INFO] PluginManager:200 - loadIPPluginJar : add gfxmmu
2023-09-07 17:53:10,838 [INFO] IPUIPlugin:64 - create IPUIPlugin
2023-09-07 17:53:10,838 [INFO] PluginManager:200 - loadIPPluginJar : add gic
2023-09-07 17:53:10,850 [INFO] IPUIPlugin:64 - create IPUIPlugin
2023-09-07 17:53:10,851 [INFO] PluginManager:200 - loadIPPluginJar : add gpio
2023-09-07 17:53:10,908 [INFO] IPUIPlugin:64 - create IPUIPlugin
2023-09-07 17:53:10,908 [INFO] PluginManager:200 - loadIPPluginJar : add gtzc
2023-09-07 17:53:10,937 [INFO] IPUIPlugin:64 - create IPUIPlugin
2023-09-07 17:53:10,938 [INFO] PluginManager:200 - loadIPPluginJar : add hash
2023-09-07 17:53:10,986 [INFO] IPUIPlugin:64 - create IPUIPlugin
2023-09-07 17:53:10,987 [INFO] PluginManager:200 - loadIPPluginJar : add i2c
2023-09-07 17:53:11,025 [INFO] IPUIPlugin:64 - create IPUIPlugin
2023-09-07 17:53:11,026 [INFO] PluginManager:200 - loadIPPluginJar : add i2s
2023-09-07 17:53:11,036 [INFO] IPUIPlugin:64 - create IPUIPlugin
2023-09-07 17:53:11,036 [INFO] PluginManager:200 - loadIPPluginJar : add ipddr
2023-09-07 17:53:11,071 [INFO] IPUIPlugin:64 - create IPUIPlugin
2023-09-07 17:53:11,071 [INFO] PluginManager:200 - loadIPPluginJar : add ltdc
2023-09-07 17:53:11,081 [INFO] IPUIPlugin:64 - create IPUIPlugin
2023-09-07 17:53:11,082 [INFO] PluginManager:200 - loadIPPluginJar : add mdma
2023-09-07 17:53:11,091 [INFO] IPUIPlugin:64 - create IPUIPlugin
2023-09-07 17:53:11,092 [INFO] PluginManager:200 - loadIPPluginJar : add nvic
2023-09-07 17:53:11,125 [INFO] IPUIPlugin:64 - create IPUIPlugin
2023-09-07 17:53:11,126 [INFO] PluginManager:200 - loadIPPluginJar : add opamp
2023-09-07 17:53:11,183 [INFO] IPUIPlugin:64 - create IPUIPlugin
2023-09-07 17:53:11,183 [INFO] PluginManager:200 - loadIPPluginJar : add openamp
2023-09-07 17:53:11,225 [INFO] IPUIPlugin:64 - create IPUIPlugin
2023-09-07 17:53:11,226 [INFO] PluginManager:200 - loadIPPluginJar : add pdm2pcm
2023-09-07 17:53:11,237 [INFO] IPUIPlugin:64 - create IPUIPlugin
2023-09-07 17:53:11,240 [INFO] PluginManager:200 - loadIPPluginJar : add plateformsettings
2023-09-07 17:53:11,276 [INFO] IPUIPlugin:64 - create IPUIPlugin
2023-09-07 17:53:11,278 [INFO] PluginManager:200 - loadIPPluginJar : add quadspi
2023-09-07 17:53:11,296 [INFO] IPUIPlugin:64 - create IPUIPlugin
2023-09-07 17:53:11,296 [INFO] PluginManager:200 - loadIPPluginJar : add resmgrutility
2023-09-07 17:53:11,366 [INFO] IPUIPlugin:64 - create IPUIPlugin
2023-09-07 17:53:11,366 [INFO] PluginManager:200 - loadIPPluginJar : add sai
2023-09-07 17:53:11,416 [INFO] IPUIPlugin:64 - create IPUIPlugin
2023-09-07 17:53:11,417 [INFO] PluginManager:200 - loadIPPluginJar : add spi
2023-09-07 17:53:11,469 [INFO] IPUIPlugin:64 - create IPUIPlugin
2023-09-07 17:53:11,469 [INFO] PluginManager:200 - loadIPPluginJar : add stm32_wpan
2023-09-07 17:53:11,496 [INFO] IPUIPlugin:64 - create IPUIPlugin
2023-09-07 17:53:11,496 [INFO] PluginManager:200 - loadIPPluginJar : add tim
2023-09-07 17:53:11,554 [INFO] IPUIPlugin:64 - create IPUIPlugin
2023-09-07 17:53:11,555 [INFO] PluginManager:200 - loadIPPluginJar : add touchsensing
2023-09-07 17:53:11,581 [INFO] IPUIPlugin:64 - create IPUIPlugin
2023-09-07 17:53:11,582 [INFO] PluginManager:200 - loadIPPluginJar : add tracer_emb
2023-09-07 17:53:11,610 [INFO] IPUIPlugin:64 - create IPUIPlugin
2023-09-07 17:53:11,610 [INFO] PluginManager:200 - loadIPPluginJar : add ts
2023-09-07 17:53:11,639 [INFO] IPUIPlugin:64 - create IPUIPlugin
2023-09-07 17:53:11,639 [INFO] PluginManager:200 - loadIPPluginJar : add tsc
2023-09-07 17:53:11,664 [INFO] IPUIPlugin:64 - create IPUIPlugin
2023-09-07 17:53:11,664 [INFO] PluginManager:200 - loadIPPluginJar : add ucpd
2023-09-07 17:53:11,706 [INFO] IPUIPlugin:64 - create IPUIPlugin
2023-09-07 17:53:11,707 [INFO] PluginManager:200 - loadIPPluginJar : add usart
2023-09-07 17:53:12,684 [INFO] CubeProgrammer:457 - [DDR PANEL] - PathOfProgrammer: null
2023-09-07 17:53:13,384 [FATAL] Updater:282 - Updater called before beeing initialized
2023-09-07 17:53:13,572 [FATAL] Updater:282 - Updater called before beeing initialized
2023-09-07 17:53:13,572 [WARN] ThirdParty:775 - waiting for thirdparty lock release [close project]
2023-09-07 17:53:13,573 [INFO] ThirdParty:777 - entering critical section [close project]
2023-09-07 17:53:13,573 [INFO] ThirdParty:790 - exiting critical section [close project]
2023-09-07 17:53:13,575 [INFO] PinOutPanel:1418 - setPackage(No Configuration,No Configuration)
2023-09-07 17:53:13,576 [FATAL] Updater:282 - Updater called before beeing initialized
2023-09-07 17:53:13,586 [ERROR] Updater:967 - MainUpdater not yet initialized. External WinMGr cannot be set.
2023-09-07 17:53:13,587 [INFO] CubeProgrammer:457 - [DDR PANEL] - PathOfProgrammer: C:\ST\STM32CubeIDE_1.4.0\STM32CubeIDE\plugins\com.st.stm32cube.ide.mcu.externaltools.cubeprogrammer.win32_1.4.0.202007081208\tools\bin
2023-09-07 17:53:13,589 [INFO] ProgrammerExecThread:148 - [ProgrammerAPI] CubeProgrammer command construction: C:\ST\STM32CubeIDE_1.4.0\STM32CubeIDE\plugins\com.st.stm32cube.ide.mcu.externaltools.cubeprogrammer.win32_1.4.0.202007081208\tools\bin\STM32_Programmer_CLI.exe -l
2023-09-07 17:53:13,923 [INFO] MainDdrPanel:49 - [DDR PANEL] SETTER - Set cubeProgrammerPath to: C:\ST\STM32CubeIDE_1.4.0\STM32CubeIDE\plugins\com.st.stm32cube.ide.mcu.externaltools.cubeprogrammer.win32_1.4.0.202007081208\tools\bin
2023-09-07 17:53:14,026 [INFO] Updater:904 - Updater Version found : 6.0.0
2023-09-07 17:53:14,041 [INFO] ApplicationProperties:181 - Using Application install path: C:\ST\STM32CubeIDE_1.4.0\STM32CubeIDE\plugins\com.st.stm32cube.common.mx_6.0.0.202007160824
2023-09-07 17:53:14,304 [INFO] MainUpdater:2268 - connection check result : 10
2023-09-07 17:53:14,304 [INFO] MainUpdater:2935 - Updater definition file requires update
2023-09-07 17:53:14,305 [INFO] MainUpdater:239 - Updater Check For Update Now.
2023-09-07 17:53:14,305 [INFO] MicroXplorer:414 - Change Database Version : DB.6.0.0
2023-09-07 17:53:14,380 [INFO] ServerAccessManage:348 - Download File updaters.zip
2023-09-07 17:53:14,528 [INFO] FileExtend:225 - Unzip File : updaters.zip
2023-09-07 17:53:14,529 [INFO] FileExtend:240 - Standard Zip Deflate
2023-09-07 17:53:15,309 [INFO] ServerAccessManage:348 - Download File PacksControlFlags.xml
2023-09-07 17:53:15,472 [INFO] ServerAccessManage:348 - Download File cubemx.pidx
2023-09-07 17:53:15,794 [INFO] ServerAccessManage:348 - Download File STMicroelectronics.X-CUBE-AI.pdsc
2023-09-07 17:53:15,894 [WARN] IntegrityCheckThread:61 - waiting for thirdparty lock release [integrity check]
2023-09-07 17:53:15,894 [INFO] IntegrityCheckThread:63 - entering critical section [integrity check]
2023-09-07 17:53:15,895 [WARN] MainUpdater:1087 - Updater busy. Cannot search thirdparties
2023-09-07 17:53:17,395 [INFO] ServerAccessManage:348 - Download File STMicroelectronics.X-CUBE-BLE1.pdsc
2023-09-07 17:53:18,426 [ERROR] ServerAccessManage:947 - Problem, file not found on Server
2023-09-07 17:53:18,579 [INFO] ServerAccessManage:348 - Download File STMicroelectronics.X-CUBE-FREERTOS.pdsc
2023-09-07 17:53:18,905 [WARN] MainUpdater:1087 - Updater busy. Cannot search thirdparties
2023-09-07 17:53:18,951 [INFO] ServerAccessManage:348 - Download File STMicroelectronics.X-CUBE-NFC6.pdsc
2023-09-07 17:53:19,366 [INFO] ServerAccessManage:348 - Download File STMicroelectronics.X-CUBE-AZRTOS-L5.pdsc
2023-09-07 17:53:19,807 [INFO] ServerAccessManage:348 - Download File STMicroelectronics.X-CUBE-AZRTOS-WB.pdsc
2023-09-07 17:53:20,792 [ERROR] ServerAccessManage:954 - Problem, Http access forbiden
2023-09-07 17:53:20,794 [ERROR] ServerAccessManage:517 - Problem, Http access forbiden : RoweBots.I-CUBE-UNISONRTOS.pdsc.
2023-09-07 17:53:20,926 [INFO] CheckServerUpdateThread:102 - End of CheckServer Thread
2023-09-07 17:53:20,940 [INFO] ThirdPartyDb:299 - Save Third Party DataBase File (C:/Users/LEGION/.stm32cubemx/plugins/thirdparty/db/thirdparties_db.xml) [forced]
2023-09-07 17:53:20,976 [INFO] ThirdPartyDb:299 - Save Third Party DataBase File (C:/Users/LEGION/.stm32cubemx/plugins/thirdparty/db/thirdparties_db.xml) [forced]
2023-09-07 17:53:21,015 [WARN] PopulateThirdPartyThread:96 - Error when creating pack: C:/Users/LEGION/.stm32cubemx/thirdparties/pdsc/STMicroelectronics.X-CUBE-FREERTOS.pdsc
2023-09-07 17:53:21,026 [INFO] MainUpdater:2268 - connection check result : 10
2023-09-07 17:53:21,033 [INFO] ThirdPartyDb:299 - Save Third Party DataBase File (C:/Users/LEGION/.stm32cubemx/plugins/thirdparty/db/thirdparties_db.xml) [forced]
2023-09-07 17:53:21,102 [ERROR] ConditionMgr:796 - Attr not supported : Dsecure
2023-09-07 17:53:21,102 [ERROR] ConditionMgr:796 - Attr not supported : Dsecure
2023-09-07 17:53:21,102 [ERROR] ConditionMgr:796 - Attr not supported : Dsecure
2023-09-07 17:53:21,102 [ERROR] ConditionMgr:796 - Attr not supported : Dsecure
2023-09-07 17:53:21,102 [ERROR] ConditionMgr:796 - Attr not supported : Dsecure
2023-09-07 17:53:21,102 [ERROR] ConditionMgr:796 - Attr not supported : Dsecure
2023-09-07 17:53:21,102 [ERROR] ConditionMgr:796 - Attr not supported : Dsecure
2023-09-07 17:53:21,102 [ERROR] ConditionMgr:796 - Attr not supported : Dsecure
2023-09-07 17:53:21,102 [ERROR] ConditionMgr:796 - Attr not supported : Dsecure
2023-09-07 17:53:21,103 [ERROR] ConditionMgr:796 - Attr not supported : Dsecure
2023-09-07 17:53:21,103 [ERROR] ConditionMgr:796 - Attr not supported : Dsecure
2023-09-07 17:53:21,103 [ERROR] ConditionMgr:796 - Attr not supported : Dsecure
2023-09-07 17:53:21,103 [ERROR] ConditionMgr:796 - Attr not supported : Dsecure
2023-09-07 17:53:21,103 [ERROR] ConditionMgr:796 - Attr not supported : Dsecure
2023-09-07 17:53:21,103 [ERROR] ConditionMgr:796 - Attr not supported : Dsecure
2023-09-07 17:53:21,103 [ERROR] ConditionMgr:796 - Attr not supported : Dsecure
2023-09-07 17:53:21,103 [ERROR] ConditionMgr:796 - Attr not supported : Dsecure
2023-09-07 17:53:21,103 [ERROR] ConditionMgr:796 - Attr not supported : Dsecure
2023-09-07 17:53:21,103 [ERROR] ConditionMgr:796 - Attr not supported : Dsecure
2023-09-07 17:53:21,103 [ERROR] ConditionMgr:796 - Attr not supported : Dsecure
2023-09-07 17:53:21,103 [ERROR] ConditionMgr:796 - Attr not supported : Dsecure
2023-09-07 17:53:21,104 [ERROR] ConditionMgr:796 - Attr not supported : Dsecure
2023-09-07 17:53:21,104 [ERROR] ConditionMgr:796 - Attr not supported : Dsecure
2023-09-07 17:53:21,104 [ERROR] ConditionMgr:796 - Attr not supported : Dsecure
2023-09-07 17:53:21,104 [ERROR] ConditionMgr:796 - Attr not supported : Dsecure
2023-09-07 17:53:21,105 [ERROR] ConditionMgr:796 - Attr not supported : Dsecure
2023-09-07 17:53:21,105 [ERROR] ConditionMgr:796 - Attr not supported : Dsecure
2023-09-07 17:53:21,105 [ERROR] ConditionMgr:796 - Attr not supported : Dsecure
2023-09-07 17:53:21,105 [ERROR] ConditionMgr:796 - Attr not supported : Dsecure
2023-09-07 17:53:21,105 [ERROR] ConditionMgr:796 - Attr not supported : Dsecure
2023-09-07 17:53:21,105 [ERROR] ConditionMgr:796 - Attr not supported : Dsecure
2023-09-07 17:53:21,105 [ERROR] ConditionMgr:796 - Attr not supported : Dsecure
2023-09-07 17:53:21,106 [ERROR] ConditionMgr:796 - Attr not supported : Dsecure
2023-09-07 17:53:21,107 [ERROR] ConditionMgr:796 - Attr not supported : Dsecure
2023-09-07 17:53:21,107 [ERROR] ConditionMgr:796 - Attr not supported : Dsecure
2023-09-07 17:53:21,107 [ERROR] ConditionMgr:796 - Attr not supported : Dsecure
2023-09-07 17:53:21,107 [ERROR] ConditionMgr:796 - Attr not supported : Dsecure
2023-09-07 17:53:21,107 [ERROR] ConditionMgr:796 - Attr not supported : Dsecure
2023-09-07 17:53:21,108 [ERROR] ConditionMgr:796 - Attr not supported : Dsecure
2023-09-07 17:53:21,108 [ERROR] ConditionMgr:796 - Attr not supported : Dsecure
2023-09-07 17:53:21,108 [ERROR] ConditionMgr:796 - Attr not supported : Dsecure
2023-09-07 17:53:21,108 [ERROR] ConditionMgr:796 - Attr not supported : Dsecure
2023-09-07 17:53:21,108 [ERROR] ConditionMgr:796 - Attr not supported : Dsecure
2023-09-07 17:53:21,108 [ERROR] ConditionMgr:796 - Attr not supported : Dsecure
2023-09-07 17:53:21,108 [ERROR] ConditionMgr:796 - Attr not supported : Dsecure
2023-09-07 17:53:21,108 [ERROR] ConditionMgr:796 - Attr not supported : Dsecure
2023-09-07 17:53:21,108 [ERROR] ConditionMgr:796 - Attr not supported : Dsecure
2023-09-07 17:53:21,108 [ERROR] ConditionMgr:796 - Attr not supported : Dsecure
2023-09-07 17:53:21,109 [ERROR] ConditionMgr:796 - Attr not supported : Dsecure
2023-09-07 17:53:21,109 [ERROR] ConditionMgr:796 - Attr not supported : Dsecure
2023-09-07 17:53:21,109 [ERROR] ConditionMgr:796 - Attr not supported : Dsecure
2023-09-07 17:53:21,109 [ERROR] ConditionMgr:796 - Attr not supported : Dsecure
2023-09-07 17:53:21,109 [ERROR] ConditionMgr:796 - Attr not supported : Dsecure
2023-09-07 17:53:21,109 [ERROR] ConditionMgr:796 - Attr not supported : Dsecure
2023-09-07 17:53:21,109 [ERROR] ConditionMgr:796 - Attr not supported : Dsecure
2023-09-07 17:53:21,109 [ERROR] ConditionMgr:796 - Attr not supported : Dsecure
2023-09-07 17:53:21,109 [ERROR] ConditionMgr:796 - Attr not supported : Dsecure
2023-09-07 17:53:21,109 [ERROR] ConditionMgr:796 - Attr not supported : Dsecure
2023-09-07 17:53:21,109 [ERROR] ConditionMgr:796 - Attr not supported : Dsecure
2023-09-07 17:53:21,109 [ERROR] ConditionMgr:796 - Attr not supported : Dsecure
2023-09-07 17:53:21,109 [ERROR] ConditionMgr:796 - Attr not supported : Dsecure
2023-09-07 17:53:21,109 [ERROR] ConditionMgr:796 - Attr not supported : Dsecure
2023-09-07 17:53:21,109 [ERROR] ConditionMgr:796 - Attr not supported : Dsecure
2023-09-07 17:53:21,110 [ERROR] ConditionMgr:796 - Attr not supported : Dsecure
2023-09-07 17:53:21,110 [ERROR] ConditionMgr:796 - Attr not supported : Dsecure
2023-09-07 17:53:21,110 [ERROR] ConditionMgr:796 - Attr not supported : Dsecure
2023-09-07 17:53:21,110 [ERROR] ConditionMgr:796 - Attr not supported : Dsecure
2023-09-07 17:53:21,110 [ERROR] ConditionMgr:796 - Attr not supported : Dsecure
2023-09-07 17:53:21,110 [ERROR] ConditionMgr:796 - Attr not supported : Dsecure
2023-09-07 17:53:21,110 [ERROR] ConditionMgr:796 - Attr not supported : Dsecure
2023-09-07 17:53:21,110 [ERROR] ConditionMgr:796 - Attr not supported : Dsecure
2023-09-07 17:53:21,110 [ERROR] ConditionMgr:796 - Attr not supported : Dsecure
2023-09-07 17:53:21,110 [ERROR] ConditionMgr:796 - Attr not supported : Dsecure
2023-09-07 17:53:21,110 [ERROR] ConditionMgr:796 - Attr not supported : Dsecure
2023-09-07 17:53:21,110 [ERROR] ConditionMgr:796 - Attr not supported : Dsecure
2023-09-07 17:53:21,111 [ERROR] ConditionMgr:796 - Attr not supported : Dsecure
2023-09-07 17:53:21,111 [ERROR] ConditionMgr:796 - Attr not supported : Dsecure
2023-09-07 17:53:21,111 [ERROR] ConditionMgr:796 - Attr not supported : Dsecure
2023-09-07 17:53:21,111 [ERROR] ConditionMgr:796 - Attr not supported : Dsecure
2023-09-07 17:53:21,111 [ERROR] ConditionMgr:796 - Attr not supported : Dsecure
2023-09-07 17:53:21,111 [ERROR] ConditionMgr:796 - Attr not supported : Dsecure
2023-09-07 17:53:21,111 [ERROR] ConditionMgr:796 - Attr not supported : Dsecure
2023-09-07 17:53:21,111 [ERROR] ConditionMgr:796 - Attr not supported : Dsecure
2023-09-07 17:53:21,111 [ERROR] ConditionMgr:796 - Attr not supported : Dsecure
2023-09-07 17:53:21,111 [ERROR] ConditionMgr:796 - Attr not supported : Dsecure
2023-09-07 17:53:21,111 [ERROR] ConditionMgr:796 - Attr not supported : Dsecure
2023-09-07 17:53:21,111 [ERROR] ConditionMgr:796 - Attr not supported : Dsecure
2023-09-07 17:53:21,111 [ERROR] ConditionMgr:796 - Attr not supported : Dsecure
2023-09-07 17:53:21,112 [ERROR] ConditionMgr:796 - Attr not supported : Dsecure
2023-09-07 17:53:21,112 [ERROR] ConditionMgr:796 - Attr not supported : Dsecure
2023-09-07 17:53:21,112 [ERROR] ConditionMgr:796 - Attr not supported : Dsecure
2023-09-07 17:53:21,112 [ERROR] ConditionMgr:796 - Attr not supported : Dsecure
2023-09-07 17:53:21,112 [ERROR] ConditionMgr:796 - Attr not supported : Dsecure
2023-09-07 17:53:21,112 [ERROR] ConditionMgr:796 - Attr not supported : Dsecure
2023-09-07 17:53:21,112 [ERROR] ConditionMgr:796 - Attr not supported : Dsecure
2023-09-07 17:53:21,112 [ERROR] ConditionMgr:796 - Attr not supported : Dsecure
2023-09-07 17:53:21,112 [ERROR] ConditionMgr:796 - Attr not supported : Dsecure
2023-09-07 17:53:21,112 [ERROR] ConditionMgr:796 - Attr not supported : Dsecure
2023-09-07 17:53:21,112 [ERROR] ConditionMgr:796 - Attr not supported : Dsecure
2023-09-07 17:53:21,113 [ERROR] ConditionMgr:796 - Attr not supported : Dsecure
2023-09-07 17:53:21,113 [ERROR] ConditionMgr:796 - Attr not supported : Dsecure
2023-09-07 17:53:21,113 [ERROR] ConditionMgr:796 - Attr not supported : Dsecure
2023-09-07 17:53:21,113 [ERROR] ConditionMgr:796 - Attr not supported : Dsecure
2023-09-07 17:53:21,113 [ERROR] ConditionMgr:796 - Attr not supported : Dsecure
2023-09-07 17:53:21,114 [ERROR] ConditionMgr:796 - Attr not supported : Dsecure
2023-09-07 17:53:21,114 [ERROR] ConditionMgr:796 - Attr not supported : Dsecure
2023-09-07 17:53:21,114 [ERROR] ConditionMgr:796 - Attr not supported : Dsecure
2023-09-07 17:53:21,114 [ERROR] ConditionMgr:796 - Attr not supported : Dsecure
2023-09-07 17:53:21,114 [ERROR] ConditionMgr:796 - Attr not supported : Dsecure
2023-09-07 17:53:21,114 [ERROR] ConditionMgr:796 - Attr not supported : Dsecure
2023-09-07 17:53:21,114 [ERROR] ConditionMgr:796 - Attr not supported : Dsecure
2023-09-07 17:53:21,115 [ERROR] ConditionMgr:796 - Attr not supported : Dsecure
2023-09-07 17:53:21,115 [ERROR] ConditionMgr:796 - Attr not supported : Dsecure
2023-09-07 17:53:21,115 [ERROR] ConditionMgr:796 - Attr not supported : Dsecure
2023-09-07 17:53:21,115 [ERROR] ConditionMgr:796 - Attr not supported : Dsecure
2023-09-07 17:53:21,115 [ERROR] ConditionMgr:796 - Attr not supported : Dsecure
2023-09-07 17:53:21,115 [ERROR] ConditionMgr:796 - Attr not supported : Dsecure
2023-09-07 17:53:21,115 [ERROR] ConditionMgr:796 - Attr not supported : Dsecure
2023-09-07 17:53:21,115 [ERROR] ConditionMgr:796 - Attr not supported : Dsecure
2023-09-07 17:53:21,115 [ERROR] ConditionMgr:796 - Attr not supported : Dsecure
2023-09-07 17:53:21,115 [ERROR] ConditionMgr:796 - Attr not supported : Dsecure
2023-09-07 17:53:21,116 [ERROR] ConditionMgr:796 - Attr not supported : Dsecure
2023-09-07 17:53:21,117 [ERROR] ConditionMgr:796 - Attr not supported : Dsecure
2023-09-07 17:53:21,117 [ERROR] ConditionMgr:796 - Attr not supported : Dsecure
2023-09-07 17:53:21,117 [ERROR] ConditionMgr:796 - Attr not supported : Dsecure
2023-09-07 17:53:21,117 [ERROR] ConditionMgr:796 - Attr not supported : Dsecure
2023-09-07 17:53:21,117 [ERROR] ConditionMgr:796 - Attr not supported : Dsecure
2023-09-07 17:53:21,117 [ERROR] ConditionMgr:796 - Attr not supported : Dsecure
2023-09-07 17:53:21,117 [ERROR] ConditionMgr:796 - Attr not supported : Dsecure
2023-09-07 17:53:21,117 [ERROR] ConditionMgr:796 - Attr not supported : Dsecure
2023-09-07 17:53:21,117 [ERROR] ConditionMgr:796 - Attr not supported : Dsecure
2023-09-07 17:53:21,117 [ERROR] ConditionMgr:796 - Attr not supported : Dsecure
2023-09-07 17:53:21,117 [ERROR] ConditionMgr:796 - Attr not supported : Dsecure
2023-09-07 17:53:21,118 [ERROR] ConditionMgr:796 - Attr not supported : Dsecure
2023-09-07 17:53:21,118 [ERROR] ConditionMgr:796 - Attr not supported : Dsecure
2023-09-07 17:53:21,118 [ERROR] ConditionMgr:796 - Attr not supported : Dsecure
2023-09-07 17:53:21,118 [ERROR] ConditionMgr:796 - Attr not supported : Dsecure
2023-09-07 17:53:21,118 [ERROR] ConditionMgr:796 - Attr not supported : Dsecure
2023-09-07 17:53:21,118 [ERROR] ConditionMgr:796 - Attr not supported : Dsecure
2023-09-07 17:53:21,118 [ERROR] ConditionMgr:796 - Attr not supported : Dsecure
2023-09-07 17:53:21,118 [ERROR] ConditionMgr:796 - Attr not supported : Dsecure
2023-09-07 17:53:21,118 [ERROR] ConditionMgr:796 - Attr not supported : Dsecure
2023-09-07 17:53:21,118 [ERROR] ConditionMgr:796 - Attr not supported : Dsecure
2023-09-07 17:53:21,118 [ERROR] ConditionMgr:796 - Attr not supported : Dsecure
2023-09-07 17:53:21,118 [ERROR] ConditionMgr:796 - Attr not supported : Dsecure
2023-09-07 17:53:21,119 [ERROR] ConditionMgr:796 - Attr not supported : Dsecure
2023-09-07 17:53:21,119 [ERROR] ConditionMgr:796 - Attr not supported : Dsecure
2023-09-07 17:53:21,119 [ERROR] ConditionMgr:796 - Attr not supported : Dsecure
2023-09-07 17:53:21,119 [ERROR] ConditionMgr:796 - Attr not supported : Dsecure
2023-09-07 17:53:21,119 [ERROR] ConditionMgr:796 - Attr not supported : Dsecure
2023-09-07 17:53:21,119 [ERROR] ConditionMgr:796 - Attr not supported : Dsecure
2023-09-07 17:53:21,119 [ERROR] ConditionMgr:796 - Attr not supported : Dsecure
2023-09-07 17:53:21,119 [ERROR] ConditionMgr:796 - Attr not supported : Dsecure
2023-09-07 17:53:21,120 [ERROR] ConditionMgr:796 - Attr not supported : Dsecure
2023-09-07 17:53:21,120 [ERROR] ConditionMgr:796 - Attr not supported : Dsecure
2023-09-07 17:53:21,120 [ERROR] ConditionMgr:796 - Attr not supported : Dsecure
2023-09-07 17:53:21,120 [ERROR] ConditionMgr:796 - Attr not supported : Dsecure
2023-09-07 17:53:21,120 [ERROR] ConditionMgr:796 - Attr not supported : Dsecure
2023-09-07 17:53:21,120 [ERROR] ConditionMgr:796 - Attr not supported : Dsecure
2023-09-07 17:53:21,120 [ERROR] ConditionMgr:796 - Attr not supported : Dsecure
2023-09-07 17:53:21,120 [ERROR] ConditionMgr:796 - Attr not supported : Dsecure
2023-09-07 17:53:21,120 [ERROR] ConditionMgr:796 - Attr not supported : Dsecure
2023-09-07 17:53:21,121 [ERROR] ConditionMgr:796 - Attr not supported : Dsecure
2023-09-07 17:53:21,121 [ERROR] ConditionMgr:796 - Attr not supported : Dsecure
2023-09-07 17:53:21,121 [ERROR] ConditionMgr:796 - Attr not supported : Dsecure
2023-09-07 17:53:21,121 [ERROR] ConditionMgr:796 - Attr not supported : Dsecure
2023-09-07 17:53:21,121 [ERROR] ConditionMgr:796 - Attr not supported : Dsecure
2023-09-07 17:53:21,121 [ERROR] ConditionMgr:796 - Attr not supported : Dsecure
2023-09-07 17:53:21,121 [ERROR] ConditionMgr:796 - Attr not supported : Dsecure
2023-09-07 17:53:21,121 [ERROR] ConditionMgr:796 - Attr not supported : Dsecure
2023-09-07 17:53:21,122 [ERROR] ConditionMgr:796 - Attr not supported : Dsecure
2023-09-07 17:53:21,122 [ERROR] ConditionMgr:796 - Attr not supported : Dsecure
2023-09-07 17:53:21,122 [ERROR] ConditionMgr:796 - Attr not supported : Dsecure
2023-09-07 17:53:21,122 [ERROR] ConditionMgr:796 - Attr not supported : Dsecure
2023-09-07 17:53:21,122 [ERROR] ConditionMgr:796 - Attr not supported : Dsecure
2023-09-07 17:53:21,123 [ERROR] ConditionMgr:796 - Attr not supported : Dsecure
2023-09-07 17:53:21,123 [ERROR] ConditionMgr:796 - Attr not supported : Dsecure
2023-09-07 17:53:21,123 [ERROR] ConditionMgr:796 - Attr not supported : Dsecure
2023-09-07 17:53:21,123 [ERROR] ConditionMgr:796 - Attr not supported : Dsecure
2023-09-07 17:53:21,123 [ERROR] ConditionMgr:796 - Attr not supported : Dsecure
2023-09-07 17:53:21,123 [ERROR] ConditionMgr:796 - Attr not supported : Dsecure
2023-09-07 17:53:21,123 [ERROR] ConditionMgr:796 - Attr not supported : Dsecure
2023-09-07 17:53:21,123 [ERROR] ConditionMgr:796 - Attr not supported : Dsecure
2023-09-07 17:53:21,123 [ERROR] ConditionMgr:796 - Attr not supported : Dsecure
2023-09-07 17:53:21,123 [ERROR] ConditionMgr:796 - Attr not supported : Dsecure
2023-09-07 17:53:21,123 [ERROR] ConditionMgr:796 - Attr not supported : Dsecure
2023-09-07 17:53:21,123 [ERROR] ConditionMgr:796 - Attr not supported : Dsecure
2023-09-07 17:53:21,123 [ERROR] ConditionMgr:796 - Attr not supported : Dsecure
2023-09-07 17:53:21,124 [ERROR] ConditionMgr:796 - Attr not supported : Dsecure
2023-09-07 17:53:21,124 [ERROR] ConditionMgr:796 - Attr not supported : Dsecure
2023-09-07 17:53:21,124 [ERROR] ConditionMgr:796 - Attr not supported : Dsecure
2023-09-07 17:53:21,124 [ERROR] ConditionMgr:796 - Attr not supported : Dsecure
2023-09-07 17:53:21,124 [ERROR] ConditionMgr:796 - Attr not supported : Dsecure
2023-09-07 17:53:21,124 [ERROR] ConditionMgr:796 - Attr not supported : Dsecure
2023-09-07 17:53:21,124 [ERROR] ConditionMgr:796 - Attr not supported : Dsecure
2023-09-07 17:53:21,124 [ERROR] ConditionMgr:796 - Attr not supported : Dsecure
2023-09-07 17:53:21,125 [ERROR] ConditionMgr:796 - Attr not supported : Dsecure
2023-09-07 17:53:21,125 [ERROR] ConditionMgr:796 - Attr not supported : Dsecure
2023-09-07 17:53:21,125 [ERROR] ConditionMgr:796 - Attr not supported : Dsecure
2023-09-07 17:53:21,125 [ERROR] ConditionMgr:796 - Attr not supported : Dsecure
2023-09-07 17:53:21,125 [ERROR] ConditionMgr:796 - Attr not supported : Dsecure
2023-09-07 17:53:21,125 [ERROR] ConditionMgr:796 - Attr not supported : Dsecure
2023-09-07 17:53:21,126 [ERROR] ConditionMgr:796 - Attr not supported : Dsecure
2023-09-07 17:53:21,126 [ERROR] ConditionMgr:796 - Attr not supported : Dsecure
2023-09-07 17:53:21,126 [ERROR] ConditionMgr:796 - Attr not supported : Dsecure
2023-09-07 17:53:21,126 [ERROR] ConditionMgr:796 - Attr not supported : Dsecure
2023-09-07 17:53:21,126 [ERROR] ConditionMgr:796 - Attr not supported : Dsecure
2023-09-07 17:53:21,126 [ERROR] ConditionMgr:796 - Attr not supported : Dsecure
2023-09-07 17:53:21,127 [ERROR] ConditionMgr:796 - Attr not supported : Dsecure
2023-09-07 17:53:21,127 [ERROR] ConditionMgr:796 - Attr not supported : Dsecure
2023-09-07 17:53:21,127 [ERROR] ConditionMgr:796 - Attr not supported : Dsecure
2023-09-07 17:53:21,127 [ERROR] ConditionMgr:796 - Attr not supported : Dsecure
2023-09-07 17:53:21,127 [ERROR] ConditionMgr:796 - Attr not supported : Dsecure
2023-09-07 17:53:21,127 [ERROR] ConditionMgr:796 - Attr not supported : Dsecure
2023-09-07 17:53:21,127 [ERROR] ConditionMgr:796 - Attr not supported : Dsecure
2023-09-07 17:53:21,128 [ERROR] ConditionMgr:796 - Attr not supported : Dsecure
2023-09-07 17:53:21,128 [ERROR] ConditionMgr:796 - Attr not supported : Dsecure
2023-09-07 17:53:21,128 [ERROR] ConditionMgr:796 - Attr not supported : Dsecure
2023-09-07 17:53:21,128 [ERROR] ConditionMgr:796 - Attr not supported : Dsecure
2023-09-07 17:53:21,128 [ERROR] ConditionMgr:796 - Attr not supported : Dsecure
2023-09-07 17:53:21,128 [ERROR] ConditionMgr:796 - Attr not supported : Dsecure
2023-09-07 17:53:21,128 [ERROR] ConditionMgr:796 - Attr not supported : Dsecure
2023-09-07 17:53:21,128 [ERROR] ConditionMgr:796 - Attr not supported : Dsecure
2023-09-07 17:53:21,128 [ERROR] ConditionMgr:796 - Attr not supported : Dsecure
2023-09-07 17:53:21,128 [ERROR] ConditionMgr:796 - Attr not supported : Dsecure
2023-09-07 17:53:21,129 [ERROR] ConditionMgr:796 - Attr not supported : Dsecure
2023-09-07 17:53:21,129 [ERROR] ConditionMgr:796 - Attr not supported : Dsecure
2023-09-07 17:53:21,129 [ERROR] ConditionMgr:796 - Attr not supported : Dsecure
2023-09-07 17:53:21,129 [ERROR] ConditionMgr:796 - Attr not supported : Dsecure
2023-09-07 17:53:21,129 [ERROR] ConditionMgr:796 - Attr not supported : Dsecure
2023-09-07 17:53:21,129 [ERROR] ConditionMgr:796 - Attr not supported : Dsecure
2023-09-07 17:53:21,129 [ERROR] ConditionMgr:796 - Attr not supported : Dsecure
2023-09-07 17:53:21,130 [ERROR] ConditionMgr:796 - Attr not supported : Dsecure
2023-09-07 17:53:21,130 [ERROR] ConditionMgr:796 - Attr not supported : Dsecure
2023-09-07 17:53:21,130 [ERROR] ConditionMgr:796 - Attr not supported : Dsecure
2023-09-07 17:53:21,130 [ERROR] ConditionMgr:796 - Attr not supported : Dsecure
2023-09-07 17:53:21,130 [ERROR] ConditionMgr:796 - Attr not supported : Dsecure
2023-09-07 17:53:21,130 [ERROR] ConditionMgr:796 - Attr not supported : Dsecure
2023-09-07 17:53:21,130 [ERROR] ConditionMgr:796 - Attr not supported : Dsecure
2023-09-07 17:53:21,131 [ERROR] ConditionMgr:796 - Attr not supported : Dsecure
2023-09-07 17:53:21,131 [ERROR] ConditionMgr:796 - Attr not supported : Dsecure
2023-09-07 17:53:21,131 [ERROR] ConditionMgr:796 - Attr not supported : Dsecure
2023-09-07 17:53:21,131 [ERROR] ConditionMgr:796 - Attr not supported : Dsecure
2023-09-07 17:53:21,131 [ERROR] ConditionMgr:796 - Attr not supported : Dsecure
2023-09-07 17:53:21,131 [ERROR] ConditionMgr:796 - Attr not supported : Dsecure
2023-09-07 17:53:21,131 [ERROR] ConditionMgr:796 - Attr not supported : Dsecure
2023-09-07 17:53:21,131 [ERROR] ConditionMgr:796 - Attr not supported : Dsecure
2023-09-07 17:53:21,132 [ERROR] ConditionMgr:796 - Attr not supported : Dsecure
2023-09-07 17:53:21,132 [ERROR] ConditionMgr:796 - Attr not supported : Dsecure
2023-09-07 17:53:21,132 [ERROR] ConditionMgr:796 - Attr not supported : Dsecure
2023-09-07 17:53:21,132 [ERROR] ConditionMgr:796 - Attr not supported : Dsecure
2023-09-07 17:53:21,132 [ERROR] ConditionMgr:796 - Attr not supported : Dsecure
2023-09-07 17:53:21,132 [ERROR] ConditionMgr:796 - Attr not supported : Dsecure
2023-09-07 17:53:21,132 [ERROR] ConditionMgr:796 - Attr not supported : Dsecure
2023-09-07 17:53:21,132 [ERROR] ConditionMgr:796 - Attr not supported : Dsecure
2023-09-07 17:53:21,133 [ERROR] ConditionMgr:796 - Attr not supported : Dsecure
2023-09-07 17:53:21,133 [ERROR] ConditionMgr:796 - Attr not supported : Dsecure
2023-09-07 17:53:21,133 [ERROR] ConditionMgr:796 - Attr not supported : Dsecure
2023-09-07 17:53:21,133 [ERROR] ConditionMgr:796 - Attr not supported : Dsecure
2023-09-07 17:53:21,133 [ERROR] ConditionMgr:796 - Attr not supported : Dsecure
2023-09-07 17:53:21,133 [ERROR] ConditionMgr:796 - Attr not supported : Dsecure
2023-09-07 17:53:21,133 [ERROR] ConditionMgr:796 - Attr not supported : Dsecure
2023-09-07 17:53:21,133 [ERROR] ConditionMgr:796 - Attr not supported : Dsecure
2023-09-07 17:53:21,134 [ERROR] ConditionMgr:796 - Attr not supported : Dsecure
2023-09-07 17:53:21,134 [ERROR] ConditionMgr:796 - Attr not supported : Dsecure
2023-09-07 17:53:21,134 [ERROR] ConditionMgr:796 - Attr not supported : Dsecure
2023-09-07 17:53:21,134 [ERROR] ConditionMgr:796 - Attr not supported : Dsecure
2023-09-07 17:53:21,134 [ERROR] ConditionMgr:796 - Attr not supported : Dsecure
2023-09-07 17:53:21,134 [ERROR] ConditionMgr:796 - Attr not supported : Dsecure
2023-09-07 17:53:21,134 [ERROR] ConditionMgr:796 - Attr not supported : Dsecure
2023-09-07 17:53:21,134 [ERROR] ConditionMgr:796 - Attr not supported : Dsecure
2023-09-07 17:53:21,135 [ERROR] ConditionMgr:796 - Attr not supported : Dsecure
2023-09-07 17:53:21,135 [ERROR] ConditionMgr:796 - Attr not supported : Dsecure
2023-09-07 17:53:21,135 [ERROR] ConditionMgr:796 - Attr not supported : Dsecure
2023-09-07 17:53:21,135 [ERROR] ConditionMgr:796 - Attr not supported : Dsecure
2023-09-07 17:53:21,135 [ERROR] ConditionMgr:796 - Attr not supported : Dsecure
2023-09-07 17:53:21,136 [ERROR] ConditionMgr:796 - Attr not supported : Dsecure
2023-09-07 17:53:21,136 [ERROR] ConditionMgr:796 - Attr not supported : Dsecure
2023-09-07 17:53:21,136 [ERROR] ConditionMgr:796 - Attr not supported : Dsecure
2023-09-07 17:53:21,136 [ERROR] ConditionMgr:796 - Attr not supported : Dsecure
2023-09-07 17:53:21,137 [ERROR] ConditionMgr:796 - Attr not supported : Dsecure
2023-09-07 17:53:21,137 [ERROR] ConditionMgr:796 - Attr not supported : Dsecure
2023-09-07 17:53:21,137 [ERROR] ConditionMgr:796 - Attr not supported : Dsecure
2023-09-07 17:53:21,137 [ERROR] ConditionMgr:796 - Attr not supported : Dsecure
2023-09-07 17:53:21,137 [ERROR] ConditionMgr:796 - Attr not supported : Dsecure
2023-09-07 17:53:21,137 [ERROR] ConditionMgr:796 - Attr not supported : Dsecure
2023-09-07 17:53:21,137 [ERROR] ConditionMgr:796 - Attr not supported : Dsecure
2023-09-07 17:53:21,138 [ERROR] ConditionMgr:796 - Attr not supported : Dsecure
2023-09-07 17:53:21,138 [ERROR] ConditionMgr:796 - Attr not supported : Dsecure
2023-09-07 17:53:21,138 [ERROR] ConditionMgr:796 - Attr not supported : Dsecure
2023-09-07 17:53:21,138 [ERROR] ConditionMgr:796 - Attr not supported : Dsecure
2023-09-07 17:53:21,138 [ERROR] ConditionMgr:796 - Attr not supported : Dsecure
2023-09-07 17:53:21,138 [ERROR] ConditionMgr:796 - Attr not supported : Dsecure
2023-09-07 17:53:21,138 [ERROR] ConditionMgr:796 - Attr not supported : Dsecure
2023-09-07 17:53:21,138 [ERROR] ConditionMgr:796 - Attr not supported : Dsecure
2023-09-07 17:53:21,138 [ERROR] ConditionMgr:796 - Attr not supported : Dsecure
2023-09-07 17:53:21,139 [ERROR] ConditionMgr:796 - Attr not supported : Dsecure
2023-09-07 17:53:21,139 [ERROR] ConditionMgr:796 - Attr not supported : Dsecure
2023-09-07 17:53:21,139 [ERROR] ConditionMgr:796 - Attr not supported : Dsecure
2023-09-07 17:53:21,139 [ERROR] ConditionMgr:796 - Attr not supported : Dsecure
2023-09-07 17:53:21,139 [ERROR] ConditionMgr:796 - Attr not supported : Dsecure
2023-09-07 17:53:21,139 [ERROR] ConditionMgr:796 - Attr not supported : Dsecure
2023-09-07 17:53:21,139 [ERROR] ConditionMgr:796 - Attr not supported : Dsecure
2023-09-07 17:53:21,140 [ERROR] ConditionMgr:796 - Attr not supported : Dsecure
2023-09-07 17:53:21,140 [ERROR] ConditionMgr:796 - Attr not supported : Dsecure
2023-09-07 17:53:21,140 [ERROR] ConditionMgr:796 - Attr not supported : Dsecure
2023-09-07 17:53:21,140 [ERROR] ConditionMgr:796 - Attr not supported : Dsecure
2023-09-07 17:53:21,140 [ERROR] ConditionMgr:796 - Attr not supported : Dsecure
2023-09-07 17:53:21,141 [ERROR] ConditionMgr:796 - Attr not supported : Dsecure
2023-09-07 17:53:21,141 [ERROR] ConditionMgr:796 - Attr not supported : Dsecure
2023-09-07 17:53:21,141 [ERROR] ConditionMgr:796 - Attr not supported : Dsecure
2023-09-07 17:53:21,141 [ERROR] ConditionMgr:796 - Attr not supported : Dsecure
2023-09-07 17:53:21,142 [ERROR] ConditionMgr:796 - Attr not supported : Dsecure
2023-09-07 17:53:21,142 [ERROR] ConditionMgr:796 - Attr not supported : Dsecure
2023-09-07 17:53:21,143 [ERROR] ConditionMgr:796 - Attr not supported : Dsecure
2023-09-07 17:53:21,143 [ERROR] ConditionMgr:796 - Attr not supported : Dsecure
2023-09-07 17:53:21,148 [INFO] ThirdPartyDb:299 - Save Third Party DataBase File (C:/Users/LEGION/.stm32cubemx/plugins/thirdparty/db/thirdparties_db.xml) [forced]
2023-09-07 17:53:21,202 [ERROR] ConditionMgr:436 - getConditionDescription Invalid condition id : UX DEVICE CLASS RTOS Condition cause : null
2023-09-07 17:53:21,203 [ERROR] ConditionMgr:436 - getConditionDescription Invalid condition id : UX DEVICE CLASS RTOS Condition cause : null
2023-09-07 17:53:21,213 [ERROR] ConditionMgr:1027 - genDependencies : Invalid condition id : UX DEVICE CLASS RTOS Condition cause : null
2023-09-07 17:53:21,213 [ERROR] ConditionMgr:1027 - genDependencies : Invalid condition id : UX DEVICE CLASS RTOS Condition cause : null
2023-09-07 17:53:21,215 [ERROR] ConditionMgr:1027 - genDependencies : Invalid condition id : UX DEVICE CLASS RTOS Condition cause : null
2023-09-07 17:53:21,215 [ERROR] ConditionMgr:1027 - genDependencies : Invalid condition id : UX DEVICE CLASS RTOS Condition cause : null
2023-09-07 17:53:21,215 [ERROR] ConditionMgr:1027 - genDependencies : Invalid condition id : UX DEVICE CLASS RTOS Condition cause : null
2023-09-07 17:53:21,218 [INFO] ThirdPartyDb:299 - Save Third Party DataBase File (C:/Users/LEGION/.stm32cubemx/plugins/thirdparty/db/thirdparties_db.xml) [forced]
2023-09-07 17:53:21,241 [INFO] PopulateThirdPartyThread:50 - Ending populate Thread
2023-09-07 17:53:21,241 [INFO] ThirdPartyDb:299 - Save Third Party DataBase File (C:/Users/LEGION/.stm32cubemx/plugins/thirdparty/db/thirdparties_db.xml) [forced]
2023-09-07 17:53:21,293 [INFO] Engine:289 - softwarePackList size : 48
2023-09-07 17:53:21,305 [INFO] Engine:301 - compute dependency for SwPack FP-ATR-ASTRA1 have been done, and update is requested
2023-09-07 17:53:21,321 [INFO] ServerAccessManage:348 - Download File mcusDocs.json._tmp_
2023-09-07 17:53:21,327 [INFO] Engine:301 - compute dependency for SwPack FP-ATR-SIGFOX1 have been done, and update is requested
2023-09-07 17:53:21,339 [INFO] Engine:301 - compute dependency for SwPack X-CUBE-AI have been done, and update is requested
2023-09-07 17:53:21,351 [INFO] Engine:301 - compute dependency for SwPack X-CUBE-ALS have been done, and update is requested
2023-09-07 17:53:21,361 [INFO] Engine:301 - compute dependency for SwPack X-CUBE-BLE1 have been done, and update is requested
2023-09-07 17:53:21,372 [INFO] Engine:301 - compute dependency for SwPack X-CUBE-BLE2 have been done, and update is requested
2023-09-07 17:53:21,383 [INFO] Engine:301 - compute dependency for SwPack X-CUBE-BLEMGR have been done, and update is requested
2023-09-07 17:53:21,404 [INFO] Engine:301 - compute dependency for SwPack X-CUBE-EEPRMA1 have been done, and update is requested
2023-09-07 17:53:21,416 [INFO] Engine:301 - compute dependency for SwPack X-CUBE-GNSS1 have been done, and update is requested
2023-09-07 17:53:21,427 [INFO] Engine:301 - compute dependency for SwPack X-CUBE-ISPU have been done, and update is requested
2023-09-07 17:53:21,440 [INFO] LoadUrlFilesThread:135 - End of LoadUrlFiles Thread
2023-09-07 17:53:21,577 [INFO] ServerAccessManage:348 - Download File mcusFeaturesAndDescription.json._tmp_
2023-09-07 17:53:21,919 [WARN] MainUpdater:1087 - Updater busy. Cannot search thirdparties
2023-09-07 17:53:22,038 [INFO] Engine:301 - compute dependency for SwPack X-CUBE-MEMS1 have been done, and update is requested
2023-09-07 17:53:22,050 [INFO] Engine:301 - compute dependency for SwPack X-CUBE-NFC4 have been done, and update is requested
2023-09-07 17:53:22,061 [INFO] Engine:301 - compute dependency for SwPack X-CUBE-NFC7 have been done, and update is requested
2023-09-07 17:53:22,071 [INFO] Engine:301 - compute dependency for SwPack X-CUBE-SFXS2LP1 have been done, and update is requested
2023-09-07 17:53:22,102 [INFO] Engine:301 - compute dependency for SwPack X-CUBE-SUBG2 have been done, and update is requested
2023-09-07 17:53:22,108 [INFO] Engine:305 - compute dependency for SwPack X-CUBE-TOUCHGFX have been done, no update is requested
2023-09-07 17:53:22,110 [INFO] Engine:301 - compute dependency for SwPack X-CUBE-ALGOBUILD have been done, and update is requested
2023-09-07 17:53:22,123 [INFO] Engine:301 - compute dependency for SwPack X-CUBE-AZRTOS-H7 have been done, and update is requested
2023-09-07 17:53:22,138 [INFO] Engine:301 - compute dependency for SwPack X-CUBE-AZRTOS-F4 have been done, and update is requested
2023-09-07 17:53:22,151 [INFO] Engine:301 - compute dependency for SwPack X-CUBE-AZRTOS-F7 have been done, and update is requested
2023-09-07 17:53:22,165 [INFO] Engine:301 - compute dependency for SwPack X-CUBE-AZRTOS-L4 have been done, and update is requested
2023-09-07 17:53:22,173 [ERROR] DependencyParser:1297 - StateRcvOpen_Cte Bad Token : )
2023-09-07 17:53:22,174 [ERROR] DependencyParser:1297 - StateRcvOpen_Cte Bad Token : )
2023-09-07 17:53:22,174 [ERROR] DependencyParser:1297 - StateRcvOpen_Cte Bad Token : )
2023-09-07 17:53:22,174 [ERROR] DependencyParser:1297 - StateRcvOpen_Cte Bad Token : )
2023-09-07 17:53:22,174 [ERROR] DependencyParser:1297 - StateRcvOpen_Cte Bad Token : )
2023-09-07 17:53:22,174 [ERROR] DependencyParser:1297 - StateRcvOpen_Cte Bad Token : )
2023-09-07 17:53:22,174 [ERROR] DependencyParser:1297 - StateRcvOpen_Cte Bad Token : )
2023-09-07 17:53:22,174 [ERROR] DependencyParser:1297 - StateRcvOpen_Cte Bad Token : )
2023-09-07 17:53:22,174 [ERROR] DependencyParser:1297 - StateRcvOpen_Cte Bad Token : )
2023-09-07 17:53:22,174 [ERROR] DependencyParser:1297 - StateRcvOpen_Cte Bad Token : )
2023-09-07 17:53:22,175 [ERROR] DependencyParser:1297 - StateRcvOpen_Cte Bad Token : )
2023-09-07 17:53:22,175 [ERROR] DependencyParser:1297 - StateRcvOpen_Cte Bad Token : )
2023-09-07 17:53:22,175 [ERROR] DependencyParser:1297 - StateRcvOpen_Cte Bad Token : )
2023-09-07 17:53:22,175 [ERROR] DependencyParser:1297 - StateRcvOpen_Cte Bad Token : )
2023-09-07 17:53:22,175 [ERROR] DependencyParser:1297 - StateRcvOpen_Cte Bad Token : )
2023-09-07 17:53:22,175 [ERROR] DependencyParser:1297 - StateRcvOpen_Cte Bad Token : )
2023-09-07 17:53:22,175 [ERROR] DependencyParser:1297 - StateRcvOpen_Cte Bad Token : )
2023-09-07 17:53:22,175 [ERROR] DependencyParser:1297 - StateRcvOpen_Cte Bad Token : )
2023-09-07 17:53:22,175 [ERROR] DependencyParser:1297 - StateRcvOpen_Cte Bad Token : )
2023-09-07 17:53:22,175 [ERROR] DependencyParser:1297 - StateRcvOpen_Cte Bad Token : )
2023-09-07 17:53:22,176 [ERROR] DependencyParser:1297 - StateRcvOpen_Cte Bad Token : )
2023-09-07 17:53:22,176 [ERROR] DependencyParser:1297 - StateRcvOpen_Cte Bad Token : )
2023-09-07 17:53:22,176 [ERROR] DependencyParser:1297 - StateRcvOpen_Cte Bad Token : )
2023-09-07 17:53:22,176 [ERROR] DependencyParser:1297 - StateRcvOpen_Cte Bad Token : )
2023-09-07 17:53:22,176 [ERROR] DependencyParser:1297 - StateRcvOpen_Cte Bad Token : )
2023-09-07 17:53:22,176 [ERROR] DependencyParser:1297 - StateRcvOpen_Cte Bad Token : )
2023-09-07 17:53:22,176 [ERROR] DependencyParser:1297 - StateRcvOpen_Cte Bad Token : )
2023-09-07 17:53:22,176 [ERROR] DependencyParser:1297 - StateRcvOpen_Cte Bad Token : )
2023-09-07 17:53:22,176 [ERROR] DependencyParser:1297 - StateRcvOpen_Cte Bad Token : )
2023-09-07 17:53:22,176 [ERROR] DependencyParser:1297 - StateRcvOpen_Cte Bad Token : )
2023-09-07 17:53:22,176 [ERROR] DependencyParser:1297 - StateRcvOpen_Cte Bad Token : )
2023-09-07 17:53:22,176 [ERROR] DependencyParser:1297 - StateRcvOpen_Cte Bad Token : )
2023-09-07 17:53:22,177 [ERROR] DependencyParser:1297 - StateRcvOpen_Cte Bad Token : )
2023-09-07 17:53:22,177 [ERROR] DependencyParser:1297 - StateRcvOpen_Cte Bad Token : )
2023-09-07 17:53:22,177 [ERROR] DependencyParser:1297 - StateRcvOpen_Cte Bad Token : )
2023-09-07 17:53:22,177 [ERROR] DependencyParser:1297 - StateRcvOpen_Cte Bad Token : )
2023-09-07 17:53:22,177 [ERROR] DependencyParser:1297 - StateRcvOpen_Cte Bad Token : )
2023-09-07 17:53:22,177 [ERROR] DependencyParser:1297 - StateRcvOpen_Cte Bad Token : )
2023-09-07 17:53:22,177 [ERROR] DependencyParser:1297 - StateRcvOpen_Cte Bad Token : )
2023-09-07 17:53:22,177 [ERROR] DependencyParser:1297 - StateRcvOpen_Cte Bad Token : )
2023-09-07 17:53:22,177 [ERROR] DependencyParser:1297 - StateRcvOpen_Cte Bad Token : )
2023-09-07 17:53:22,178 [ERROR] DependencyParser:1297 - StateRcvOpen_Cte Bad Token : )
2023-09-07 17:53:22,178 [ERROR] DependencyParser:1297 - StateRcvOpen_Cte Bad Token : )
2023-09-07 17:53:22,178 [ERROR] DependencyParser:1297 - StateRcvOpen_Cte Bad Token : )
2023-09-07 17:53:22,178 [ERROR] DependencyParser:1297 - StateRcvOpen_Cte Bad Token : )
2023-09-07 17:53:22,178 [ERROR] DependencyParser:1297 - StateRcvOpen_Cte Bad Token : )
2023-09-07 17:53:22,178 [INFO] Engine:305 - compute dependency for SwPack X-CUBE-AZRTOS-L5 have been done, no update is requested
2023-09-07 17:53:22,186 [INFO] Engine:301 - compute dependency for SwPack X-CUBE-AZRTOS-G0 have been done, and update is requested
2023-09-07 17:53:22,197 [INFO] Engine:301 - compute dependency for SwPack X-CUBE-AZRTOS-G4 have been done, and update is requested
2023-09-07 17:53:22,208 [INFO] Engine:301 - compute dependency for SwPack X-CUBE-AZRTOS-WB have been done, and update is requested
2023-09-07 17:53:22,217 [INFO] Engine:301 - compute dependency for SwPack X-CUBE-AZRTOS-WL have been done, and update is requested
2023-09-07 17:53:22,222 [INFO] Engine:301 - compute dependency for SwPack I-CUBE-wolfSSL have been done, and update is requested
2023-09-07 17:53:22,450 [INFO] Engine:301 - compute dependency for SwPack I-CUBE-embOS have been done, and update is requested
2023-09-07 17:53:22,458 [INFO] Engine:301 - compute dependency for SwPack I-Cube-SoM-uGOAL have been done, and update is requested
2023-09-07 17:53:22,465 [INFO] Engine:301 - compute dependency for SwPack I-CUBE-Cesium have been done, and update is requested
2023-09-07 17:53:22,475 [INFO] Engine:305 - compute dependency for SwPack FreeRTOS have been done, no update is requested
2023-09-07 17:53:22,475 [INFO] Engine:305 - compute dependency for SwPack lwIP have been done, no update is requested
2023-09-07 17:53:22,476 [INFO] Engine:305 - compute dependency for SwPack lwIP have been done, no update is requested
2023-09-07 17:53:22,476 [INFO] Engine:305 - compute dependency for SwPack MBEDTLS have been done, no update is requested
2023-09-07 17:53:22,476 [INFO] Engine:305 - compute dependency for SwPack MBEDTLS have been done, no update is requested
2023-09-07 17:53:22,476 [INFO] Engine:305 - compute dependency for SwPack PDM2PCM have been done, no update is requested
2023-09-07 17:53:22,476 [INFO] Engine:305 - compute dependency for SwPack PDM2PCM have been done, no update is requested
2023-09-07 17:53:22,476 [INFO] Engine:305 - compute dependency for SwPack PDM2PCM have been done, no update is requested
2023-09-07 17:53:22,478 [INFO] Engine:305 - compute dependency for SwPack USB_DEVICE have been done, no update is requested
2023-09-07 17:53:22,478 [INFO] Engine:305 - compute dependency for SwPack USB_DEVICE have been done, no update is requested
2023-09-07 17:53:22,478 [INFO] Engine:305 - compute dependency for SwPack USB_DEVICE have been done, no update is requested
2023-09-07 17:53:22,480 [INFO] Engine:305 - compute dependency for SwPack USB_HOST have been done, no update is requested
2023-09-07 17:53:22,480 [INFO] Engine:305 - compute dependency for SwPack USB_HOST have been done, no update is requested
2023-09-07 17:53:22,481 [INFO] Engine:301 - compute dependency for SwPack X-CUBE-AI have been done, and update is requested
2023-09-07 17:53:22,492 [INFO] Engine:301 - compute dependency for SwPack X-CUBE-BLE1 have been done, and update is requested
2023-09-07 17:53:22,507 [INFO] Engine:301 - compute dependency for SwPack X-CUBE-NFC6 have been done, and update is requested
2023-09-07 17:53:22,517 [ERROR] DependencyParser:1297 - StateRcvOpen_Cte Bad Token : )
2023-09-07 17:53:22,517 [ERROR] DependencyParser:1297 - StateRcvOpen_Cte Bad Token : )
2023-09-07 17:53:22,517 [ERROR] DependencyParser:1297 - StateRcvOpen_Cte Bad Token : )
2023-09-07 17:53:22,518 [ERROR] DependencyParser:1297 - StateRcvOpen_Cte Bad Token : )
2023-09-07 17:53:22,518 [ERROR] DependencyParser:1297 - StateRcvOpen_Cte Bad Token : )
2023-09-07 17:53:22,518 [ERROR] DependencyParser:1297 - StateRcvOpen_Cte Bad Token : )
2023-09-07 17:53:22,518 [ERROR] DependencyParser:1297 - StateRcvOpen_Cte Bad Token : )
2023-09-07 17:53:22,518 [ERROR] DependencyParser:1297 - StateRcvOpen_Cte Bad Token : )
2023-09-07 17:53:22,518 [ERROR] DependencyParser:1297 - StateRcvOpen_Cte Bad Token : )
2023-09-07 17:53:22,518 [ERROR] DependencyParser:1297 - StateRcvOpen_Cte Bad Token : )
2023-09-07 17:53:22,518 [ERROR] DependencyParser:1297 - StateRcvOpen_Cte Bad Token : )
2023-09-07 17:53:22,518 [ERROR] DependencyParser:1297 - StateRcvOpen_Cte Bad Token : )
2023-09-07 17:53:22,518 [ERROR] DependencyParser:1297 - StateRcvOpen_Cte Bad Token : )
2023-09-07 17:53:22,518 [ERROR] DependencyParser:1297 - StateRcvOpen_Cte Bad Token : )
2023-09-07 17:53:22,518 [ERROR] DependencyParser:1297 - StateRcvOpen_Cte Bad Token : )
2023-09-07 17:53:22,518 [ERROR] DependencyParser:1297 - StateRcvOpen_Cte Bad Token : )
2023-09-07 17:53:22,518 [ERROR] DependencyParser:1297 - StateRcvOpen_Cte Bad Token : )
2023-09-07 17:53:22,518 [ERROR] DependencyParser:1297 - StateRcvOpen_Cte Bad Token : )
2023-09-07 17:53:22,518 [ERROR] DependencyParser:1297 - StateRcvOpen_Cte Bad Token : )
2023-09-07 17:53:22,518 [ERROR] DependencyParser:1297 - StateRcvOpen_Cte Bad Token : )
2023-09-07 17:53:22,518 [ERROR] DependencyParser:1297 - StateRcvOpen_Cte Bad Token : )
2023-09-07 17:53:22,519 [ERROR] DependencyParser:1297 - StateRcvOpen_Cte Bad Token : )
2023-09-07 17:53:22,519 [ERROR] DependencyParser:1297 - StateRcvOpen_Cte Bad Token : )
2023-09-07 17:53:22,519 [ERROR] DependencyParser:1297 - StateRcvOpen_Cte Bad Token : )
2023-09-07 17:53:22,519 [ERROR] DependencyParser:1297 - StateRcvOpen_Cte Bad Token : )
2023-09-07 17:53:22,519 [ERROR] DependencyParser:1297 - StateRcvOpen_Cte Bad Token : )
2023-09-07 17:53:22,519 [ERROR] DependencyParser:1297 - StateRcvOpen_Cte Bad Token : )
2023-09-07 17:53:22,519 [ERROR] DependencyParser:1297 - StateRcvOpen_Cte Bad Token : )
2023-09-07 17:53:22,519 [ERROR] DependencyParser:1297 - StateRcvOpen_Cte Bad Token : )
2023-09-07 17:53:22,519 [ERROR] DependencyParser:1297 - StateRcvOpen_Cte Bad Token : )
2023-09-07 17:53:22,519 [ERROR] DependencyParser:1297 - StateRcvOpen_Cte Bad Token : )
2023-09-07 17:53:22,519 [ERROR] DependencyParser:1297 - StateRcvOpen_Cte Bad Token : )
2023-09-07 17:53:22,519 [ERROR] DependencyParser:1297 - StateRcvOpen_Cte Bad Token : )
2023-09-07 17:53:22,519 [ERROR] DependencyParser:1297 - StateRcvOpen_Cte Bad Token : )
2023-09-07 17:53:22,519 [ERROR] DependencyParser:1297 - StateRcvOpen_Cte Bad Token : )
2023-09-07 17:53:22,519 [ERROR] DependencyParser:1297 - StateRcvOpen_Cte Bad Token : )
2023-09-07 17:53:22,519 [ERROR] DependencyParser:1297 - StateRcvOpen_Cte Bad Token : )
2023-09-07 17:53:22,519 [ERROR] DependencyParser:1297 - StateRcvOpen_Cte Bad Token : )
2023-09-07 17:53:22,519 [ERROR] DependencyParser:1297 - StateRcvOpen_Cte Bad Token : )
2023-09-07 17:53:22,519 [ERROR] DependencyParser:1297 - StateRcvOpen_Cte Bad Token : )
2023-09-07 17:53:22,519 [ERROR] DependencyParser:1297 - StateRcvOpen_Cte Bad Token : )
2023-09-07 17:53:22,519 [ERROR] DependencyParser:1297 - StateRcvOpen_Cte Bad Token : )
2023-09-07 17:53:22,519 [ERROR] DependencyParser:1297 - StateRcvOpen_Cte Bad Token : )
2023-09-07 17:53:22,520 [ERROR] DependencyParser:1297 - StateRcvOpen_Cte Bad Token : )
2023-09-07 17:53:22,520 [ERROR] DependencyParser:1297 - StateRcvOpen_Cte Bad Token : )
2023-09-07 17:53:22,520 [ERROR] DependencyParser:1297 - StateRcvOpen_Cte Bad Token : )
2023-09-07 17:53:22,520 [INFO] Engine:305 - compute dependency for SwPack X-CUBE-AZRTOS-L5 have been done, no update is requested
2023-09-07 17:53:22,523 [INFO] Engine:301 - compute dependency for SwPack X-CUBE-AZRTOS-WB have been done, and update is requested
2023-09-07 17:53:22,534 [INFO] ThirdPartyDb:299 - Save Third Party DataBase File (C:/Users/LEGION/.stm32cubemx/plugins/thirdparty/db/thirdparties_db.xml) [forced]
2023-09-07 17:53:22,562 [INFO] LoadServerUpdatesThread:309 - End of LoadServerUpdate Thread
2023-09-07 17:53:24,156 [INFO] LoadUrlFilesThread:135 - End of LoadUrlFiles Thread
2023-09-07 17:53:24,265 [INFO] ServerAccessManage:348 - Download File boardsDocs.json._tmp_
2023-09-07 17:53:24,294 [INFO] LoadUrlFilesThread:135 - End of LoadUrlFiles Thread
2023-09-07 17:53:24,439 [INFO] ServerAccessManage:348 - Download File boards.json._tmp_
2023-09-07 17:53:24,587 [INFO] LoadUrlFilesThread:135 - End of LoadUrlFiles Thread
2023-09-07 17:53:24,680 [INFO] ServerAccessManage:348 - Download File cube-finder-db.zip
2023-09-07 17:53:24,929 [WARN] MainUpdater:1087 - Updater busy. Cannot search thirdparties
2023-09-07 17:53:27,932 [WARN] MainUpdater:1087 - Updater busy. Cannot search thirdparties
2023-09-07 17:53:30,934 [WARN] MainUpdater:1087 - Updater busy. Cannot search thirdparties
2023-09-07 17:53:33,100 [INFO] FileExtend:225 - Unzip File : cube-finder-db.zip
2023-09-07 17:53:33,104 [INFO] FileExtend:240 - Standard Zip Deflate
2023-09-07 17:53:33,940 [WARN] MainUpdater:1087 - Updater busy. Cannot search thirdparties
2023-09-07 17:53:34,229 [INFO] LoadUrlFilesThread:135 - End of LoadUrlFiles Thread
2023-09-07 17:53:34,699 [INFO] ServerAccessManage:348 - Download File crdb.zip
2023-09-07 17:53:35,263 [INFO] FileExtend:225 - Unzip File : crdb.zip
2023-09-07 17:53:35,265 [INFO] FileExtend:240 - Standard Zip Deflate
2023-09-07 17:53:35,316 [INFO] LoadUrlFilesThread:135 - End of LoadUrlFiles Thread
2023-09-07 17:53:35,606 [INFO] ServerAccessManage:348 - Download File tutoVideoDB.zip
2023-09-07 17:53:35,687 [INFO] FileExtend:225 - Unzip File : tutoVideoDB.zip
2023-09-07 17:53:35,689 [INFO] FileExtend:240 - Standard Zip Deflate
2023-09-07 17:53:35,713 [INFO] LoadUrlFilesThread:135 - End of LoadUrlFiles Thread
2023-09-07 17:53:35,740 [INFO] DbMcusDocs:145 - JSON generation date=Tue Nov 16 18:17:54 EET 2021 (1637079474)
2023-09-07 17:53:35,741 [INFO] DbMcusXml:100 - Load MCU database from C:\ST\STM32CubeIDE_1.4.0\STM32CubeIDE\plugins\com.st.stm32cube.common.mx_6.0.0.202007160824\\db\/mcu/families.xml
2023-09-07 17:53:37,884 [INFO] DbMcusJson:92 - JSON generation date=Tue Nov 16 18:17:54 EET 2021 (1637079474)
2023-09-07 17:53:37,973 [INFO] ThirdPartyDb:299 - Save Third Party DataBase File (C:/Users/LEGION/.stm32cubemx/plugins/thirdparty/db/thirdparties_db.xml) [forced]
2023-09-07 17:53:38,010 [INFO] ThirdPartyDb:299 - Save Third Party DataBase File (C:/Users/LEGION/.stm32cubemx/plugins/thirdparty/db/thirdparties_db.xml) [forced]
2023-09-07 17:53:38,095 [INFO] IntegrityCheckThread:76 - exiting critical section [integrity check]
2023-09-07 17:53:38,095 [INFO] IntegrityCheckThread:79 - End integrity checks thread
2023-09-07 17:53:38,902 [INFO] DbMcus:175 - Found 1761 MCUs (1722 are supported by CubeMX, 1911 are visible in CubeMX)
2023-09-07 17:53:38,903 [INFO] ApiDb:201 - Load user favorites file C:\Users\LEGION/.stm32cubemx/favorites.mcus.txt: 0 item(s)
2023-09-07 17:53:38,903 [INFO] ApiDb:205 - User favorites MCUs=[]
2023-09-07 17:53:38,903 [INFO] DbMcus:187 - Set 0 / 0 favorites MCUs
2023-09-07 17:53:39,266 [INFO] DbMcusDocs:81 - Found 682 MCUs documents
2023-09-07 17:53:39,269 [INFO] ApiDb:226 - Save user favorites file C:\Users\LEGION/.stm32cubemx/favorites.mcus.txt: 0 item(s)
2023-09-07 17:53:39,269 [INFO] ApiDb:230 - User favorites MCUs=[]
2023-09-07 17:53:39,269 [INFO] DbMcusXml:100 - Load MCU database from C:\ST\STM32CubeIDE_1.4.0\STM32CubeIDE\plugins\com.st.stm32cube.common.mx_6.0.0.202007160824\\db\/mcu/families.xml
2023-09-07 17:53:39,671 [INFO] DbMcusJson:92 - JSON generation date=Tue Nov 16 18:17:54 EET 2021 (1637079474)
2023-09-07 17:53:40,279 [INFO] DbMcus:175 - Found 1761 MCUs (1722 are supported by CubeMX, 1911 are visible in CubeMX)
2023-09-07 17:53:40,279 [INFO] ApiDb:201 - Load user favorites file C:\Users\LEGION/.stm32cubemx/favorites.mcus.txt: 0 item(s)
2023-09-07 17:53:40,280 [INFO] ApiDb:205 - User favorites MCUs=[]
2023-09-07 17:53:40,280 [INFO] DbMcus:187 - Set 0 / 0 favorites MCUs
2023-09-07 17:53:40,285 [INFO] DbBoardsDocs:145 - JSON generation date=Tue Nov 16 18:17:54 EET 2021 (1637079474)
2023-09-07 17:53:40,307 [INFO] DbBoardsPdsc:94 - Found 23 items
2023-09-07 17:53:40,317 [INFO] DbBoardsPdsc:94 - Found 9 items
2023-09-07 17:53:40,327 [INFO] DbBoardsPdsc:94 - Found 29 items
2023-09-07 17:53:40,334 [INFO] DbBoardsPdsc:94 - Found 1 items
2023-09-07 17:53:40,345 [INFO] DbBoardsPdsc:94 - Found 44 items
2023-09-07 17:53:40,359 [INFO] DbBoardsPdsc:94 - Found 40 items
2023-09-07 17:53:40,367 [INFO] DbBoardsPdsc:94 - Found 2 items
2023-09-07 17:53:40,375 [INFO] DbBoardsPdsc:94 - Found 4 items
2023-09-07 17:53:40,380 [WARN] DbBoardsPdsc:258 - Board STM32H7B3I-DK: unknown feature type=Audio, name=, username=Audio stereo codec with Headphone Amp (CS42L51-CNZ), n=1
2023-09-07 17:53:40,380 [WARN] DbBoardsPdsc:258 - Board STM32H735G-DK: unknown feature type=Audio, name=, username=Audio stereo codec with Headphone Amp (WM8994ECS/R), n=1
2023-09-07 17:53:40,381 [WARN] DbBoardsPdsc:258 - Board STM32H7B3I-EVAL: unknown feature type=Audio, name=, username=Multi-Channel Audio Codec (CS42L51-CNZ), n=1
2023-09-07 17:53:40,381 [WARN] DbBoardsPdsc:258 - Board STM32H7B3I-EVAL: unknown feature type=Meter, name=, username=Power-metering and Temperature-monitoring with sigma-delta modulators, n=1
2023-09-07 17:53:40,381 [WARN] DbBoardsPdsc:258 - Board STM32H7B3I-EVAL: unknown feature type=Motor, name=, username=Motor Control, n=1
2023-09-07 17:53:40,414 [INFO] DbBoardsJson:85 - JSON generation date=Tue Nov 16 18:17:54 EET 2021 (1637079474)
2023-09-07 17:53:40,420 [INFO] DbBoards:117 - Found 166 boards (149 are supported by CubeMX)
2023-09-07 17:53:40,421 [INFO] DbBoardsDocs:145 - JSON generation date=Tue Nov 16 18:17:54 EET 2021 (1637079474)
2023-09-07 17:53:40,424 [INFO] DbBoardsDocs:81 - Found 209 boards documents
2023-09-07 17:53:40,427 [WARN] DbBoards:127 - board B-L475E-IOT01A2 has no document id list !
2023-09-07 17:53:40,430 [WARN] DbBoards:127 - board NUCLEO-H743ZI has no document id list !
2023-09-07 17:53:40,431 [WARN] DbBoards:127 - board P-NUCLEO-WB55-Nucleo has no document id list !
2023-09-07 17:53:40,431 [WARN] DbBoards:127 - board P-NUCLEO-WB55-USBDongle has no document id list !
2023-09-07 17:53:40,431 [WARN] DbBoards:127 - board STEVAL-BFA001V1B has no document id list !
2023-09-07 17:53:40,431 [WARN] DbBoards:127 - board STEVAL-BFA001V2B has no document id list !
2023-09-07 17:53:40,431 [WARN] DbBoards:127 - board STEVAL-IDP005V1 has no document id list !
2023-09-07 17:53:40,431 [WARN] DbBoards:127 - board STEVAL-IDP005V2 has no document id list !
2023-09-07 17:53:40,432 [WARN] DbBoards:127 - board STEVAL-MKSBOX1V1 has no document id list !
2023-09-07 17:53:40,432 [WARN] DbBoards:127 - board STEVAL-STWINKT1 has no document id list !
2023-09-07 17:53:40,432 [WARN] DbBoards:127 - board STEVAL-STWINKT1B has no document id list !
2023-09-07 17:53:40,432 [WARN] DbBoards:127 - board STM32439I-EVAL2 has no document id list !
2023-09-07 17:53:40,432 [WARN] DbBoards:127 - board STM32F401C-DISCO has no document id list !
2023-09-07 17:53:40,433 [WARN] DbBoards:127 - board STM32F769I-DISC1 has no document id list !
2023-09-07 17:53:40,434 [WARN] DbBoards:127 - board STM32G474E-EVAL1 has no document id list !
2023-09-07 17:53:40,434 [WARN] DbBoards:127 - board STM32H743I-EVAL2 has no document id list !
2023-09-07 17:53:40,434 [WARN] DbBoards:127 - board STM32H747I-DISC1 has no document id list !
2023-09-07 17:53:40,435 [WARN] DbBoards:127 - board STM32H753I-EVAL2 has no document id list !
2023-09-07 17:53:40,435 [WARN] DbBoards:127 - board STM32L-DISCOVERY has no document id list !
2023-09-07 17:53:40,573 [ERROR] DbBoards:189 - Image file not found for board B-L462E-CELL1: C:\ST\STM32CubeIDE_1.4.0\STM32CubeIDE\plugins\com.st.stm32cube.common.mx_6.0.0.202007160824\\db\/plugins/mcufinder/images/boards/B-L462E-CELL1_small.jpg
2023-09-07 17:53:40,629 [ERROR] DbBoards:189 - Image file not found for board B-U585I-IOT02A: C:\ST\STM32CubeIDE_1.4.0\STM32CubeIDE\plugins\com.st.stm32cube.common.mx_6.0.0.202007160824\\db\/plugins/mcufinder/images/boards/B-U585I-IOT02A_small.jpg
2023-09-07 17:53:40,720 [ERROR] DbBoards:189 - Image file not found for board NUCLEO-F413ZH: C:\ST\STM32CubeIDE_1.4.0\STM32CubeIDE\plugins\com.st.stm32cube.common.mx_6.0.0.202007160824\\db\/plugins/mcufinder/images/boards/nucleo-f413zh_small.jpg
2023-09-07 17:53:40,892 [ERROR] DbBoards:189 - Image file not found for board NUCLEO-L552ZE-Q: C:\ST\STM32CubeIDE_1.4.0\STM32CubeIDE\plugins\com.st.stm32cube.common.mx_6.0.0.202007160824\\db\/plugins/mcufinder/images/boards/nucleo_l552ze_q_small.jpg
2023-09-07 17:53:40,892 [ERROR] DbBoards:189 - Image file not found for board NUCLEO-U575ZI-Q: C:\ST\STM32CubeIDE_1.4.0\STM32CubeIDE\plugins\com.st.stm32cube.common.mx_6.0.0.202007160824\\db\/plugins/mcufinder/images/boards/nucleo-u575zi-q_small.jpg
2023-09-07 17:53:40,893 [ERROR] DbBoards:189 - Image file not found for board NUCLEO-WB15CC: C:\ST\STM32CubeIDE_1.4.0\STM32CubeIDE\plugins\com.st.stm32cube.common.mx_6.0.0.202007160824\\db\/plugins/mcufinder/images/boards/nucleo-wb15cc_small.jpg
2023-09-07 17:53:40,893 [ERROR] DbBoards:189 - Image file not found for board NUCLEO-WB55RG: C:\ST\STM32CubeIDE_1.4.0\STM32CubeIDE\plugins\com.st.stm32cube.common.mx_6.0.0.202007160824\\db\/plugins/mcufinder/images/boards/nucleo-wb55rg_small.jpg
2023-09-07 17:53:40,893 [ERROR] DbBoards:189 - Image file not found for board NUCLEO-WL55JC: C:\ST\STM32CubeIDE_1.4.0\STM32CubeIDE\plugins\com.st.stm32cube.common.mx_6.0.0.202007160824\\db\/plugins/mcufinder/images/boards/nucleo-wl55jc-small.jpg
2023-09-07 17:53:41,139 [ERROR] DbBoards:189 - Image file not found for board STEVAL-STWINKT1B: C:\ST\STM32CubeIDE_1.4.0\STM32CubeIDE\plugins\com.st.stm32cube.common.mx_6.0.0.202007160824\\db\/plugins/mcufinder/images/boards/steval-stwinkt1b_small.jpg
2023-09-07 17:53:41,640 [ERROR] DbBoards:189 - Image file not found for board STM32G0C1E-EV: C:\ST\STM32CubeIDE_1.4.0\STM32CubeIDE\plugins\com.st.stm32cube.common.mx_6.0.0.202007160824\\db\/plugins/mcufinder/images/boards/stm32g0c1e-eval_small.jpg
2023-09-07 17:53:41,757 [ERROR] DbBoards:189 - Image file not found for board STM32H7B3I-EVAL: C:\ST\STM32CubeIDE_1.4.0\STM32CubeIDE\plugins\com.st.stm32cube.common.mx_6.0.0.202007160824\\db\/plugins/mcufinder/images/boards/stm32h7b3ieval_small.jpg
2023-09-07 17:53:42,014 [ERROR] DbBoards:189 - Image file not found for board STM32U575I-EV: C:\ST\STM32CubeIDE_1.4.0\STM32CubeIDE\plugins\com.st.stm32cube.common.mx_6.0.0.202007160824\\db\/plugins/mcufinder/images/boards/stm32u575i-ev_small.jpg
2023-09-07 17:53:42,048 [ERROR] DbBoards:189 - Image file not found for board STM32WB5MM-DK: C:\ST\STM32CubeIDE_1.4.0\STM32CubeIDE\plugins\com.st.stm32cube.common.mx_6.0.0.202007160824\\db\/plugins/mcufinder/images/boards/STM32WB5MM-DK_small.jpg
2023-09-07 17:53:42,048 [INFO] ApiDb:201 - Load user favorites file C:\Users\LEGION/.stm32cubemx/favorites.boards.txt: 0 item(s)
2023-09-07 17:53:42,048 [INFO] ApiDb:205 - User favorites Boards=[]
2023-09-07 17:53:42,048 [INFO] DbBoards:206 - Set 0 / 0 favorites Boards
2023-09-07 17:53:42,051 [INFO] DbBoardsDocs:81 - Found 418 boards documents
2023-09-07 17:53:42,052 [INFO] ApiDb:226 - Save user favorites file C:\Users\LEGION/.stm32cubemx/favorites.boards.txt: 0 item(s)
2023-09-07 17:53:42,052 [INFO] ApiDb:230 - User favorites Boards=[]
2023-09-07 17:53:42,054 [INFO] DbBoardsPdsc:94 - Found 23 items
2023-09-07 17:53:42,056 [INFO] DbBoardsPdsc:94 - Found 9 items
2023-09-07 17:53:42,057 [INFO] DbBoardsPdsc:94 - Found 29 items
2023-09-07 17:53:42,058 [INFO] DbBoardsPdsc:94 - Found 1 items
2023-09-07 17:53:42,061 [INFO] DbBoardsPdsc:94 - Found 44 items
2023-09-07 17:53:42,064 [INFO] DbBoardsPdsc:94 - Found 40 items
2023-09-07 17:53:42,065 [INFO] DbBoardsPdsc:94 - Found 2 items
2023-09-07 17:53:42,066 [INFO] DbBoardsPdsc:94 - Found 4 items
2023-09-07 17:53:42,068 [WARN] DbBoardsPdsc:258 - Board STM32H7B3I-DK: unknown feature type=Audio, name=, username=Audio stereo codec with Headphone Amp (CS42L51-CNZ), n=1
2023-09-07 17:53:42,069 [WARN] DbBoardsPdsc:258 - Board STM32H735G-DK: unknown feature type=Audio, name=, username=Audio stereo codec with Headphone Amp (WM8994ECS/R), n=1
2023-09-07 17:53:42,070 [WARN] DbBoardsPdsc:258 - Board STM32H7B3I-EVAL: unknown feature type=Audio, name=, username=Multi-Channel Audio Codec (CS42L51-CNZ), n=1
2023-09-07 17:53:42,070 [WARN] DbBoardsPdsc:258 - Board STM32H7B3I-EVAL: unknown feature type=Meter, name=, username=Power-metering and Temperature-monitoring with sigma-delta modulators, n=1
2023-09-07 17:53:42,070 [WARN] DbBoardsPdsc:258 - Board STM32H7B3I-EVAL: unknown feature type=Motor, name=, username=Motor Control, n=1
2023-09-07 17:53:42,079 [INFO] DbBoardsJson:85 - JSON generation date=Tue Nov 16 18:17:54 EET 2021 (1637079474)
2023-09-07 17:53:42,082 [INFO] DbBoards:117 - Found 166 boards (149 are supported by CubeMX)
2023-09-07 17:53:42,082 [WARN] DbBoards:127 - board B-L475E-IOT01A2 has no document id list !
2023-09-07 17:53:42,083 [WARN] DbBoards:127 - board NUCLEO-H743ZI has no document id list !
2023-09-07 17:53:42,083 [WARN] DbBoards:127 - board P-NUCLEO-WB55-Nucleo has no document id list !
2023-09-07 17:53:42,083 [WARN] DbBoards:127 - board P-NUCLEO-WB55-USBDongle has no document id list !
2023-09-07 17:53:42,083 [WARN] DbBoards:127 - board STEVAL-BFA001V1B has no document id list !
2023-09-07 17:53:42,083 [WARN] DbBoards:127 - board STEVAL-BFA001V2B has no document id list !
2023-09-07 17:53:42,083 [WARN] DbBoards:127 - board STEVAL-IDP005V1 has no document id list !
2023-09-07 17:53:42,083 [WARN] DbBoards:127 - board STEVAL-IDP005V2 has no document id list !
2023-09-07 17:53:42,083 [WARN] DbBoards:127 - board STEVAL-MKSBOX1V1 has no document id list !
2023-09-07 17:53:42,083 [WARN] DbBoards:127 - board STEVAL-STWINKT1 has no document id list !
2023-09-07 17:53:42,083 [WARN] DbBoards:127 - board STEVAL-STWINKT1B has no document id list !
2023-09-07 17:53:42,083 [WARN] DbBoards:127 - board STM32439I-EVAL2 has no document id list !
2023-09-07 17:53:42,084 [WARN] DbBoards:127 - board STM32F401C-DISCO has no document id list !
2023-09-07 17:53:42,084 [WARN] DbBoards:127 - board STM32F769I-DISC1 has no document id list !
2023-09-07 17:53:42,084 [WARN] DbBoards:127 - board STM32G474E-EVAL1 has no document id list !
2023-09-07 17:53:42,084 [WARN] DbBoards:127 - board STM32H743I-EVAL2 has no document id list !
2023-09-07 17:53:42,084 [WARN] DbBoards:127 - board STM32H747I-DISC1 has no document id list !
2023-09-07 17:53:42,084 [WARN] DbBoards:127 - board STM32H753I-EVAL2 has no document id list !
2023-09-07 17:53:42,084 [WARN] DbBoards:127 - board STM32L-DISCOVERY has no document id list !
2023-09-07 17:53:42,105 [ERROR] DbBoards:189 - Image file not found for board B-L462E-CELL1: C:\ST\STM32CubeIDE_1.4.0\STM32CubeIDE\plugins\com.st.stm32cube.common.mx_6.0.0.202007160824\\db\/plugins/mcufinder/images/boards/B-L462E-CELL1_small.jpg
2023-09-07 17:53:42,128 [ERROR] DbBoards:189 - Image file not found for board B-U585I-IOT02A: C:\ST\STM32CubeIDE_1.4.0\STM32CubeIDE\plugins\com.st.stm32cube.common.mx_6.0.0.202007160824\\db\/plugins/mcufinder/images/boards/B-U585I-IOT02A_small.jpg
2023-09-07 17:53:42,184 [ERROR] DbBoards:189 - Image file not found for board NUCLEO-F413ZH: C:\ST\STM32CubeIDE_1.4.0\STM32CubeIDE\plugins\com.st.stm32cube.common.mx_6.0.0.202007160824\\db\/plugins/mcufinder/images/boards/nucleo-f413zh_small.jpg
2023-09-07 17:53:42,301 [ERROR] DbBoards:189 - Image file not found for board NUCLEO-L552ZE-Q: C:\ST\STM32CubeIDE_1.4.0\STM32CubeIDE\plugins\com.st.stm32cube.common.mx_6.0.0.202007160824\\db\/plugins/mcufinder/images/boards/nucleo_l552ze_q_small.jpg
2023-09-07 17:53:42,302 [ERROR] DbBoards:189 - Image file not found for board NUCLEO-U575ZI-Q: C:\ST\STM32CubeIDE_1.4.0\STM32CubeIDE\plugins\com.st.stm32cube.common.mx_6.0.0.202007160824\\db\/plugins/mcufinder/images/boards/nucleo-u575zi-q_small.jpg
2023-09-07 17:53:42,302 [ERROR] DbBoards:189 - Image file not found for board NUCLEO-WB15CC: C:\ST\STM32CubeIDE_1.4.0\STM32CubeIDE\plugins\com.st.stm32cube.common.mx_6.0.0.202007160824\\db\/plugins/mcufinder/images/boards/nucleo-wb15cc_small.jpg
2023-09-07 17:53:42,302 [ERROR] DbBoards:189 - Image file not found for board NUCLEO-WB55RG: C:\ST\STM32CubeIDE_1.4.0\STM32CubeIDE\plugins\com.st.stm32cube.common.mx_6.0.0.202007160824\\db\/plugins/mcufinder/images/boards/nucleo-wb55rg_small.jpg
2023-09-07 17:53:42,302 [ERROR] DbBoards:189 - Image file not found for board NUCLEO-WL55JC: C:\ST\STM32CubeIDE_1.4.0\STM32CubeIDE\plugins\com.st.stm32cube.common.mx_6.0.0.202007160824\\db\/plugins/mcufinder/images/boards/nucleo-wl55jc-small.jpg
2023-09-07 17:53:42,382 [ERROR] DbBoards:189 - Image file not found for board STEVAL-STWINKT1B: C:\ST\STM32CubeIDE_1.4.0\STM32CubeIDE\plugins\com.st.stm32cube.common.mx_6.0.0.202007160824\\db\/plugins/mcufinder/images/boards/steval-stwinkt1b_small.jpg
2023-09-07 17:53:42,537 [ERROR] DbBoards:189 - Image file not found for board STM32G0C1E-EV: C:\ST\STM32CubeIDE_1.4.0\STM32CubeIDE\plugins\com.st.stm32cube.common.mx_6.0.0.202007160824\\db\/plugins/mcufinder/images/boards/stm32g0c1e-eval_small.jpg
2023-09-07 17:53:42,589 [ERROR] DbBoards:189 - Image file not found for board STM32H7B3I-EVAL: C:\ST\STM32CubeIDE_1.4.0\STM32CubeIDE\plugins\com.st.stm32cube.common.mx_6.0.0.202007160824\\db\/plugins/mcufinder/images/boards/stm32h7b3ieval_small.jpg
2023-09-07 17:53:42,682 [ERROR] DbBoards:189 - Image file not found for board STM32U575I-EV: C:\ST\STM32CubeIDE_1.4.0\STM32CubeIDE\plugins\com.st.stm32cube.common.mx_6.0.0.202007160824\\db\/plugins/mcufinder/images/boards/stm32u575i-ev_small.jpg
2023-09-07 17:53:42,697 [ERROR] DbBoards:189 - Image file not found for board STM32WB5MM-DK: C:\ST\STM32CubeIDE_1.4.0\STM32CubeIDE\plugins\com.st.stm32cube.common.mx_6.0.0.202007160824\\db\/plugins/mcufinder/images/boards/STM32WB5MM-DK_small.jpg
2023-09-07 17:53:42,697 [INFO] ApiDb:201 - Load user favorites file C:\Users\LEGION/.stm32cubemx/favorites.boards.txt: 0 item(s)
2023-09-07 17:53:42,697 [INFO] ApiDb:205 - User favorites Boards=[]
2023-09-07 17:53:42,697 [INFO] DbBoards:206 - Set 0 / 0 favorites Boards
2023-09-07 17:53:42,818 [INFO] DbExamplesSqlite:156 - SQLite db open (C:\Users\LEGION\.stmcufinder\plugins\mcufinder\mcu\cube-finder-db.db)
2023-09-07 17:53:43,459 [INFO] DbExamplesSqlite:447 - Ignored 0 examples not supported by CubeIDE
2023-09-07 17:53:43,459 [INFO] DbExamplesSqlite:448 - Found 7231 examples active
2023-09-07 17:53:43,459 [INFO] DbExamplesSqlite:449 - Found 677 examples obsolete
2023-09-07 17:53:43,459 [INFO] DbExamplesSqlite:450 - Found 0 examples under development
2023-09-07 17:53:43,460 [INFO] DbExamplesSqlite:451 - Found 74 examples not building
2023-09-07 17:53:43,530 [INFO] DbExamplesSqlite:130 - SQLite Data Model version=2.1
2023-09-07 17:53:43,530 [INFO] DbExamplesSqlite:131 - SQLite Configuration version=3.0.37
2023-09-07 17:53:43,530 [INFO] DbExamplesSqlite:132 - SQLite generation date=2023-08-09 (1691586011)
2023-09-07 17:53:43,530 [INFO] DbExamplesSqlite:133 - SQLite FW Pack versions=[FP-ATR-ASTRA1_V2.0.0, FP-SNS-FLIGHT1_V5.0.1, FP-SNS-FLIGHT1_V5.0.2, FP-SNS-MOTENV1_V4.3.1, FP-SNS-MOTENV1_V4.3.2, STM32Cube_FW_C0_V1.1.0, STM32Cube_FW_F4_V1.27.1, STM32Cube_FW_F7_V1.17.0, STM32Cube_FW_G0_V1.6.1, STM32Cube_FW_G4_V1.5.1, STM32Cube_FW_H5_V0.5.1, STM32Cube_FW_H5_V1.1.0, STM32Cube_FW_H7_V1.11.0, STM32Cube_FW_L0_V1.12.2, STM32Cube_FW_L5_V1.5.0, STM32Cube_FW_U5_V1.3.0, STM32Cube_FW_U5_V1.3.0RC4, STM32Cube_FW_WBA_V1.0.0RC1, STM32Cube_FW_WBA_V1.1.0, STM32Cube_FW_WBA_V1.1.0RC1, STM32Cube_FW_WB_V1.15.0RC1, STM32Cube_FW_WB_V1.16.0, STM32Cube_FW_WB_V1.16.0RC2, STM32Cube_FW_WB_V1.17.0, STM32Cube_FW_WL_V1.3.0, X-CUBE-ALGOBUILD_V1.3.0, X-CUBE-ALS_V1.0.1, X-CUBE-AZRTOS-F4_V1.1.0, X-CUBE-AZRTOS-F7_V1.1.0, X-CUBE-AZRTOS-G0_V1.1.0, X-CUBE-AZRTOS-G4_V2.0.0, X-CUBE-AZRTOS-H7_V3.1.0, X-CUBE-AZRTOS-L4_V1.0.0, X-CUBE-AZRTOS-L4_V2.0.0, X-CUBE-AZRTOS-L5_V1.1.0, X-CUBE-AZRTOS-WB_V1.1.0, X-CUBE-AZRTOS-WL_V2.0.0, X-CUBE-BLE1_V7.0.0, X-CUBE-BLE2_V3.3.0, X-CUBE-BLEMGR_V2.0.0, X-CUBE-EEPRMA1_V4.1.0, X-CUBE-FREERTOS_V1.1.0, X-CUBE-GNSS1_V6.0.0, X-CUBE-MEMS1_V9.1.0, X-CUBE-MEMS1_V9.4.0, X-CUBE-MEMS1_V9.6.0, X-CUBE-NFC4_V3.0.0, X-CUBE-NFC7_V1.0.0, X-CUBE-SFXS2LP1_V4.0.0, X-CUBE-SUBG2_V5.0.0, X-CUBE-TOF1_V3.3.1]
2023-09-07 17:53:43,530 [INFO] DbExamples:123 - Found 7305 examples
2023-09-07 17:53:43,910 [ERROR] DbExamples:199 - Found 7305 examples with invalid data (board or MCU)
2023-09-07 17:53:43,910 [INFO] DbExamples:215 - Found 77 boards with related examples
2023-09-07 17:53:43,911 [INFO] DbExamples:228 - Found 0 MCUs with related examples
2023-09-07 17:53:43,930 [INFO] ApiDb:192 - User favorites file not found: C:\Users\LEGION/.stm32cubemx/favorites.examples.txt
2023-09-07 17:53:43,930 [INFO] DbExamples:249 - Set 0 / 0 favorites Examples
2023-09-07 17:53:44,265 [INFO] McuFinderGlobals:40 - Set McuFinder mode to 2 (CubeIDE integrated)
2023-09-07 17:53:44,379 [INFO] CrossSelectorPresenter:1330 - Cross Selector saved comparison directory: C:\Users\LEGION\.stmcufinder\plugins\mcufinder\mcu\cs_comparisons_mx
2023-09-07 17:53:44,384 [INFO] MultiScanPanel:193 - Auto-refresh data requested => check proxy status ongoing
2023-09-07 17:53:44,386 [INFO] FinderPluginLoader:87 - Searching for filters in installed packs
2023-09-07 17:53:44,763 [INFO] LoadUrlFilesThread:162 - End of LoadServerUrlFiles without Thread
2023-09-07 17:53:44,795 [INFO] DetailPanel:331 - Set advertising image to C:/Users/LEGION/STM32Cube/Repository/\stm32cubemx-promo_image.jpg
2023-09-07 17:53:45,135 [INFO] McuFilterPanel:245 - Update 0 favorites MCUs
2023-09-07 17:55:25,859 [INFO] LogOutputStream:76 - [STDOUT_REDIRECT] withoutVersionV1.8.4
2023-09-07 17:55:25,859 [INFO] LogOutputStream:76 - [STDOUT_REDIRECT] withoutVersionV1.8.3
2023-09-07 17:55:25,859 [INFO] LogOutputStream:76 - [STDOUT_REDIRECT] withoutVersionV1.8.2
2023-09-07 17:55:25,860 [INFO] LogOutputStream:76 - [STDOUT_REDIRECT] withoutVersionV1.8.1
2023-09-07 17:55:25,860 [INFO] LogOutputStream:76 - [STDOUT_REDIRECT] withoutVersionV1.8.0
2023-09-07 17:55:30,892 [INFO] ApiDb:226 - Save user favorites file C:\Users\LEGION/.stm32cubeide/favorites.mcus.txt: 0 item(s)
2023-09-07 17:55:30,892 [INFO] ApiDb:230 - User favorites MCUs=[]
