2023-10-12 17:22:11,622 [INFO] Activator:178 - 


2023-10-12 17:22:11,624 [INFO] Activator:179 - !SESSION log4j initialized
2023-10-12 17:23:33,930 [INFO] ApplicationProperties:181 - Using Application install path: C:\ST\STM32CubeIDE_1.4.0\STM32CubeIDE\plugins\com.st.stm32cube.common.mx_6.0.0.202007160824
2023-10-12 17:23:33,944 [INFO] DbMcusXml:70 - Set database path to: C:\ST\STM32CubeIDE_1.4.0\STM32CubeIDE\plugins\com.st.stm32cube.common.mx_6.0.0.202007160824\\db\/mcu/
2023-10-12 17:23:33,949 [INFO] DbBoardsPdsc:56 - Set plugin database path to: C:\ST\STM32CubeIDE_1.4.0\STM32CubeIDE\plugins\com.st.stm32cube.common.mx_6.0.0.202007160824\\db\/plugins/boardmanager/
2023-10-12 17:23:34,279 [INFO] DbMcus:258 - Set plugin images path to: C:\ST\STM32CubeIDE_1.4.0\STM32CubeIDE\plugins\com.st.stm32cube.common.mx_6.0.0.202007160824\\db\/plugins/mcufinder/images/
2023-10-12 17:23:34,280 [INFO] DbBoards:264 - Set plugin images path to: C:\ST\STM32CubeIDE_1.4.0\STM32CubeIDE\plugins\com.st.stm32cube.common.mx_6.0.0.202007160824\\db\/plugins/mcufinder/images/
2023-10-12 17:23:34,291 [INFO] DbExamples:326 - Set plugin images path to: C:\ST\STM32CubeIDE_1.4.0\STM32CubeIDE\plugins\com.st.stm32cube.common.mx_6.0.0.202007160824\\db\/plugins/mcufinder/images/
2023-10-12 17:23:34,307 [INFO] DbMcusDocs:112 - Set database path to: C:\Users\LEGION\.stmcufinder\plugins\mcufinder//mcu/
2023-10-12 17:23:34,309 [INFO] DbMcusJson:63 - Set database path to: C:\Users\LEGION\.stmcufinder\plugins\mcufinder//mcu/
2023-10-12 17:23:34,309 [INFO] DbBoardsDocs:112 - Set database path to: C:\Users\LEGION\.stmcufinder\plugins\mcufinder//mcu/
2023-10-12 17:23:34,311 [INFO] DbBoardsJson:56 - Set database path to: C:\Users\LEGION\.stmcufinder\plugins\mcufinder//mcu/
2023-10-12 17:23:34,337 [INFO] CrossReferenceDbSqlite:196 - Set database path to: C:\Users\LEGION\.stmcufinder\plugins\mcufinder//mcu/cs/
2023-10-12 17:23:34,341 [INFO] DbExamplesSqlite:800 - Set database path to: C:\Users\LEGION\.stmcufinder\plugins\mcufinder//mcu/
2023-10-12 17:23:34,443 [INFO] RulesReader:52 - Compatibility file has been processed (209 Rules)
2023-10-12 17:23:34,528 [INFO] MicroXplorer:564 - Detected Java Version = 1.8.0_252
2023-10-12 17:23:34,528 [INFO] DbMcusXml:70 - Set database path to: C:\ST\STM32CubeIDE_1.4.0\STM32CubeIDE\plugins\com.st.stm32cube.common.mx_6.0.0.202007160824\\db\/mcu/
2023-10-12 17:23:34,528 [INFO] DbBoardsPdsc:56 - Set plugin database path to: C:\ST\STM32CubeIDE_1.4.0\STM32CubeIDE\plugins\com.st.stm32cube.common.mx_6.0.0.202007160824\\db\/plugins/boardmanager/
2023-10-12 17:23:34,529 [INFO] DbMcus:258 - Set plugin images path to: C:\ST\STM32CubeIDE_1.4.0\STM32CubeIDE\plugins\com.st.stm32cube.common.mx_6.0.0.202007160824\\db\/plugins/mcufinder/images/
2023-10-12 17:23:34,529 [INFO] DbBoards:264 - Set plugin images path to: C:\ST\STM32CubeIDE_1.4.0\STM32CubeIDE\plugins\com.st.stm32cube.common.mx_6.0.0.202007160824\\db\/plugins/mcufinder/images/
2023-10-12 17:23:34,529 [INFO] DbExamples:326 - Set plugin images path to: C:\ST\STM32CubeIDE_1.4.0\STM32CubeIDE\plugins\com.st.stm32cube.common.mx_6.0.0.202007160824\\db\/plugins/mcufinder/images/
2023-10-12 17:23:34,529 [WARN] DbFile:36 - Overriding database path with different value: C:\Users\LEGION\.stmcufinder\plugins\mcufinder/ => C:\Users\LEGION\.stmcufinder\plugins\mcufinder
2023-10-12 17:23:34,529 [INFO] DbMcusDocs:112 - Set database path to: C:\Users\LEGION\.stmcufinder\plugins\mcufinder//mcu/
2023-10-12 17:23:34,530 [WARN] DbFile:36 - Overriding database path with different value: C:\Users\LEGION\.stmcufinder\plugins\mcufinder/ => C:\Users\LEGION\.stmcufinder\plugins\mcufinder
2023-10-12 17:23:34,530 [INFO] DbMcusJson:63 - Set database path to: C:\Users\LEGION\.stmcufinder\plugins\mcufinder//mcu/
2023-10-12 17:23:34,530 [WARN] DbFile:36 - Overriding database path with different value: C:\Users\LEGION\.stmcufinder\plugins\mcufinder/ => C:\Users\LEGION\.stmcufinder\plugins\mcufinder
2023-10-12 17:23:34,530 [INFO] DbBoardsDocs:112 - Set database path to: C:\Users\LEGION\.stmcufinder\plugins\mcufinder//mcu/
2023-10-12 17:23:34,530 [WARN] DbFile:36 - Overriding database path with different value: C:\Users\LEGION\.stmcufinder\plugins\mcufinder/ => C:\Users\LEGION\.stmcufinder\plugins\mcufinder
2023-10-12 17:23:34,530 [INFO] DbBoardsJson:56 - Set database path to: C:\Users\LEGION\.stmcufinder\plugins\mcufinder//mcu/
2023-10-12 17:23:34,530 [WARN] DbFile:36 - Overriding database path with different value: C:\Users\LEGION\.stmcufinder\plugins\mcufinder/ => C:\Users\LEGION\.stmcufinder\plugins\mcufinder
2023-10-12 17:23:34,530 [WARN] DbFile:36 - Overriding database path with different value: C:\Users\LEGION\.stmcufinder\plugins\mcufinder/ => C:\Users\LEGION\.stmcufinder\plugins\mcufinder
2023-10-12 17:23:34,531 [INFO] CrossReferenceDbSqlite:196 - Set database path to: C:\Users\LEGION\.stmcufinder\plugins\mcufinder//mcu/cs/
2023-10-12 17:23:34,531 [WARN] DbFile:36 - Overriding database path with different value: C:\Users\LEGION\.stmcufinder\plugins\mcufinder/ => C:\Users\LEGION\.stmcufinder\plugins\mcufinder
2023-10-12 17:23:34,531 [INFO] DbExamplesSqlite:800 - Set database path to: C:\Users\LEGION\.stmcufinder\plugins\mcufinder//mcu/
2023-10-12 17:23:34,589 [INFO] MainPanel:189 - HeapMemory: 707788800
2023-10-12 17:23:34,658 [INFO] DbMcusXml:70 - Set database path to: C:\ST\STM32CubeIDE_1.4.0\STM32CubeIDE\plugins\com.st.stm32cube.common.mx_6.0.0.202007160824\\db\/mcu/
2023-10-12 17:23:34,658 [INFO] DbBoardsPdsc:56 - Set plugin database path to: C:\ST\STM32CubeIDE_1.4.0\STM32CubeIDE\plugins\com.st.stm32cube.common.mx_6.0.0.202007160824\\db\/plugins/boardmanager/
2023-10-12 17:23:34,658 [INFO] DbMcus:258 - Set plugin images path to: C:\ST\STM32CubeIDE_1.4.0\STM32CubeIDE\plugins\com.st.stm32cube.common.mx_6.0.0.202007160824\\db\/plugins/mcufinder/images/
2023-10-12 17:23:34,658 [INFO] DbBoards:264 - Set plugin images path to: C:\ST\STM32CubeIDE_1.4.0\STM32CubeIDE\plugins\com.st.stm32cube.common.mx_6.0.0.202007160824\\db\/plugins/mcufinder/images/
2023-10-12 17:23:34,658 [INFO] DbExamples:326 - Set plugin images path to: C:\ST\STM32CubeIDE_1.4.0\STM32CubeIDE\plugins\com.st.stm32cube.common.mx_6.0.0.202007160824\\db\/plugins/mcufinder/images/
2023-10-12 17:23:34,659 [WARN] DbFile:36 - Overriding database path with different value: C:\Users\LEGION\.stmcufinder\plugins\mcufinder/ => C:\Users\LEGION\.stmcufinder\plugins\mcufinder
2023-10-12 17:23:34,659 [INFO] DbMcusDocs:112 - Set database path to: C:\Users\LEGION\.stmcufinder\plugins\mcufinder//mcu/
2023-10-12 17:23:34,659 [WARN] DbFile:36 - Overriding database path with different value: C:\Users\LEGION\.stmcufinder\plugins\mcufinder/ => C:\Users\LEGION\.stmcufinder\plugins\mcufinder
2023-10-12 17:23:34,659 [INFO] DbMcusJson:63 - Set database path to: C:\Users\LEGION\.stmcufinder\plugins\mcufinder//mcu/
2023-10-12 17:23:34,659 [WARN] DbFile:36 - Overriding database path with different value: C:\Users\LEGION\.stmcufinder\plugins\mcufinder/ => C:\Users\LEGION\.stmcufinder\plugins\mcufinder
2023-10-12 17:23:34,659 [INFO] DbBoardsDocs:112 - Set database path to: C:\Users\LEGION\.stmcufinder\plugins\mcufinder//mcu/
2023-10-12 17:23:34,659 [WARN] DbFile:36 - Overriding database path with different value: C:\Users\LEGION\.stmcufinder\plugins\mcufinder/ => C:\Users\LEGION\.stmcufinder\plugins\mcufinder
2023-10-12 17:23:34,659 [INFO] DbBoardsJson:56 - Set database path to: C:\Users\LEGION\.stmcufinder\plugins\mcufinder//mcu/
2023-10-12 17:23:34,660 [WARN] DbFile:36 - Overriding database path with different value: C:\Users\LEGION\.stmcufinder\plugins\mcufinder/ => C:\Users\LEGION\.stmcufinder\plugins\mcufinder
2023-10-12 17:23:34,660 [WARN] DbFile:36 - Overriding database path with different value: C:\Users\LEGION\.stmcufinder\plugins\mcufinder/ => C:\Users\LEGION\.stmcufinder\plugins\mcufinder
2023-10-12 17:23:34,660 [INFO] CrossReferenceDbSqlite:196 - Set database path to: C:\Users\LEGION\.stmcufinder\plugins\mcufinder//mcu/cs/
2023-10-12 17:23:34,660 [WARN] DbFile:36 - Overriding database path with different value: C:\Users\LEGION\.stmcufinder\plugins\mcufinder/ => C:\Users\LEGION\.stmcufinder\plugins\mcufinder
2023-10-12 17:23:34,660 [INFO] DbExamplesSqlite:800 - Set database path to: C:\Users\LEGION\.stmcufinder\plugins\mcufinder//mcu/
2023-10-12 17:23:34,675 [INFO] ApplicationProperties:181 - Using Application install path: C:\ST\STM32CubeIDE_1.4.0\STM32CubeIDE\plugins\com.st.stm32cube.common.mx_6.0.0.202007160824
2023-10-12 17:23:34,676 [INFO] PluginManage:178 - Search for loadable plugins [exclusion list=, ]
2023-10-12 17:23:34,677 [INFO] PluginManage:292 - Check plugin analytics
2023-10-12 17:23:39,365 [INFO] AnalyticsPlugin:203 - Accepted Software Licenses: 
2023-10-12 17:23:39,365 [INFO] AnalyticsPlugin:205 - Accepted CMSIS Pack Licenses: 
2023-10-12 17:23:39,366 [INFO] AnalyticsPlugin:207 - Accepted Firmware Licenses: 
2023-10-12 17:23:39,366 [INFO] PluginManage:342 - Loaded plugin analytics (category:tool,tabindex:-1)
2023-10-12 17:23:39,366 [INFO] PluginManage:292 - Check plugin clock
2023-10-12 17:23:39,387 [INFO] PluginManage:342 - Loaded plugin clock (category:base,tabindex:2)
2023-10-12 17:23:39,387 [INFO] PluginManage:292 - Check plugin ddr
2023-10-12 17:23:39,389 [INFO] PluginManage:342 - Loaded plugin ddr (category:tool,tabindex:6)
2023-10-12 17:23:39,389 [INFO] PluginManage:292 - Check plugin filemanager
2023-10-12 17:23:39,507 [INFO] PluginManage:342 - Loaded plugin filemanager (category:base,tabindex:10)
2023-10-12 17:23:39,508 [INFO] PluginManage:292 - Check plugin ipmanager
2023-10-12 17:23:39,515 [INFO] PluginManage:342 - Loaded plugin ipmanager (category:base,tabindex:5)
2023-10-12 17:23:39,515 [INFO] PluginManage:292 - Check plugin pinoutandconfiguration
2023-10-12 17:23:39,531 [INFO] PluginManage:342 - Loaded plugin pinoutandconfiguration (category:base,tabindex:1)
2023-10-12 17:23:39,531 [INFO] PluginManage:292 - Check plugin pinoutconfig
2023-10-12 17:23:39,559 [INFO] PluginManage:342 - Loaded plugin pinoutconfig (category:base,tabindex:0)
2023-10-12 17:23:39,559 [INFO] PluginManage:292 - Check plugin power
2023-10-12 17:23:39,579 [INFO] PluginManage:342 - Loaded plugin power (category:power,tabindex:4)
2023-10-12 17:23:39,580 [INFO] PluginManage:292 - Check plugin projectmanager
2023-10-12 17:23:39,592 [INFO] PluginManage:342 - Loaded plugin projectmanager (category:projectmanager,tabindex:3)
2023-10-12 17:23:39,592 [INFO] PluginManage:292 - Check plugin thirdparty
2023-10-12 17:23:39,709 [INFO] ThirdPartyDb:333 - Open Third Party DataBase File (C:/Users/LEGION/.stm32cubemx/plugins/thirdparty/db/thirdparties_db.xml) : 43 ms. number of Sw pack : 48
2023-10-12 17:23:39,713 [INFO] PluginManage:342 - Loaded plugin thirdparty (category:base,tabindex:-1)
2023-10-12 17:23:39,714 [INFO] PluginManage:292 - Check plugin tools
2023-10-12 17:23:39,767 [INFO] PluginManage:342 - Loaded plugin tools (category:base,tabindex:7)
2023-10-12 17:23:39,768 [INFO] PluginManage:292 - Check plugin tutovideos
2023-10-12 17:23:40,193 [INFO] PluginManage:342 - Loaded plugin tutovideos (category:base,tabindex:-1)
2023-10-12 17:23:40,193 [INFO] PluginManage:292 - Check plugin updater
2023-10-12 17:23:40,209 [INFO] PluginManage:342 - Loaded plugin updater (category:base,tabindex:12)
2023-10-12 17:23:40,210 [INFO] PluginManage:265 - PluginManage : Loaded plugins [13]
2023-10-12 17:23:40,776 [INFO] PinOutPanel:1418 - setPackage(No Configuration,No Configuration)
2023-10-12 17:23:40,915 [INFO] IPUIPlugin:64 - create IPUIPlugin
2023-10-12 17:23:40,915 [INFO] PluginManager:200 - loadIPPluginJar : add adc
2023-10-12 17:23:40,950 [INFO] IPUIPlugin:64 - create IPUIPlugin
2023-10-12 17:23:40,950 [INFO] PluginManager:200 - loadIPPluginJar : add aes
2023-10-12 17:23:40,988 [INFO] IPUIPlugin:64 - create IPUIPlugin
2023-10-12 17:23:40,988 [INFO] PluginManager:200 - loadIPPluginJar : add can
2023-10-12 17:23:41,013 [INFO] IPUIPlugin:64 - create IPUIPlugin
2023-10-12 17:23:41,013 [INFO] PluginManager:200 - loadIPPluginJar : add comp
2023-10-12 17:23:41,042 [INFO] IPUIPlugin:64 - create IPUIPlugin
2023-10-12 17:23:41,042 [INFO] PluginManager:200 - loadIPPluginJar : add cryp
2023-10-12 17:23:41,071 [INFO] IPUIPlugin:64 - create IPUIPlugin
2023-10-12 17:23:41,071 [INFO] PluginManager:200 - loadIPPluginJar : add dfsdm
2023-10-12 17:23:41,082 [INFO] IPUIPlugin:64 - create IPUIPlugin
2023-10-12 17:23:41,083 [INFO] PluginManager:200 - loadIPPluginJar : add dma
2023-10-12 17:23:41,104 [INFO] IPUIPlugin:64 - create IPUIPlugin
2023-10-12 17:23:41,104 [INFO] PluginManager:200 - loadIPPluginJar : add fatfs
2023-10-12 17:23:41,149 [INFO] IPUIPlugin:64 - create IPUIPlugin
2023-10-12 17:23:41,150 [INFO] PluginManager:200 - loadIPPluginJar : add fmc
2023-10-12 17:23:41,162 [INFO] IPUIPlugin:64 - create IPUIPlugin
2023-10-12 17:23:41,163 [INFO] PluginManager:200 - loadIPPluginJar : add freertos
2023-10-12 17:23:41,186 [INFO] IPUIPlugin:64 - create IPUIPlugin
2023-10-12 17:23:41,186 [INFO] PluginManager:200 - loadIPPluginJar : add genericplugin
2023-10-12 17:23:41,260 [INFO] IPUIPlugin:64 - create IPUIPlugin
2023-10-12 17:23:41,260 [INFO] PluginManager:200 - loadIPPluginJar : add gfxmmu
2023-10-12 17:23:41,359 [INFO] IPUIPlugin:64 - create IPUIPlugin
2023-10-12 17:23:41,360 [INFO] PluginManager:200 - loadIPPluginJar : add gic
2023-10-12 17:23:41,393 [INFO] IPUIPlugin:64 - create IPUIPlugin
2023-10-12 17:23:41,394 [INFO] PluginManager:200 - loadIPPluginJar : add gpio
2023-10-12 17:23:41,456 [INFO] IPUIPlugin:64 - create IPUIPlugin
2023-10-12 17:23:41,456 [INFO] PluginManager:200 - loadIPPluginJar : add gtzc
2023-10-12 17:23:41,488 [INFO] IPUIPlugin:64 - create IPUIPlugin
2023-10-12 17:23:41,489 [INFO] PluginManager:200 - loadIPPluginJar : add hash
2023-10-12 17:23:41,541 [INFO] IPUIPlugin:64 - create IPUIPlugin
2023-10-12 17:23:41,541 [INFO] PluginManager:200 - loadIPPluginJar : add i2c
2023-10-12 17:23:41,583 [INFO] IPUIPlugin:64 - create IPUIPlugin
2023-10-12 17:23:41,583 [INFO] PluginManager:200 - loadIPPluginJar : add i2s
2023-10-12 17:23:41,593 [INFO] IPUIPlugin:64 - create IPUIPlugin
2023-10-12 17:23:41,594 [INFO] PluginManager:200 - loadIPPluginJar : add ipddr
2023-10-12 17:23:41,649 [INFO] IPUIPlugin:64 - create IPUIPlugin
2023-10-12 17:23:41,649 [INFO] PluginManager:200 - loadIPPluginJar : add ltdc
2023-10-12 17:23:41,660 [INFO] IPUIPlugin:64 - create IPUIPlugin
2023-10-12 17:23:41,660 [INFO] PluginManager:200 - loadIPPluginJar : add mdma
2023-10-12 17:23:41,670 [INFO] IPUIPlugin:64 - create IPUIPlugin
2023-10-12 17:23:41,670 [INFO] PluginManager:200 - loadIPPluginJar : add nvic
2023-10-12 17:23:41,703 [INFO] IPUIPlugin:64 - create IPUIPlugin
2023-10-12 17:23:41,703 [INFO] PluginManager:200 - loadIPPluginJar : add opamp
2023-10-12 17:23:41,757 [INFO] IPUIPlugin:64 - create IPUIPlugin
2023-10-12 17:23:41,757 [INFO] PluginManager:200 - loadIPPluginJar : add openamp
2023-10-12 17:23:41,797 [INFO] IPUIPlugin:64 - create IPUIPlugin
2023-10-12 17:23:41,797 [INFO] PluginManager:200 - loadIPPluginJar : add pdm2pcm
2023-10-12 17:23:41,809 [INFO] IPUIPlugin:64 - create IPUIPlugin
2023-10-12 17:23:41,811 [INFO] PluginManager:200 - loadIPPluginJar : add plateformsettings
2023-10-12 17:23:41,836 [INFO] IPUIPlugin:64 - create IPUIPlugin
2023-10-12 17:23:41,836 [INFO] PluginManager:200 - loadIPPluginJar : add quadspi
2023-10-12 17:23:41,846 [INFO] IPUIPlugin:64 - create IPUIPlugin
2023-10-12 17:23:41,846 [INFO] PluginManager:200 - loadIPPluginJar : add resmgrutility
2023-10-12 17:23:41,892 [INFO] IPUIPlugin:64 - create IPUIPlugin
2023-10-12 17:23:41,892 [INFO] PluginManager:200 - loadIPPluginJar : add sai
2023-10-12 17:23:41,926 [INFO] IPUIPlugin:64 - create IPUIPlugin
2023-10-12 17:23:41,927 [INFO] PluginManager:200 - loadIPPluginJar : add spi
2023-10-12 17:23:41,968 [INFO] IPUIPlugin:64 - create IPUIPlugin
2023-10-12 17:23:41,968 [INFO] PluginManager:200 - loadIPPluginJar : add stm32_wpan
2023-10-12 17:23:41,992 [INFO] IPUIPlugin:64 - create IPUIPlugin
2023-10-12 17:23:41,993 [INFO] PluginManager:200 - loadIPPluginJar : add tim
2023-10-12 17:23:42,045 [INFO] IPUIPlugin:64 - create IPUIPlugin
2023-10-12 17:23:42,045 [INFO] PluginManager:200 - loadIPPluginJar : add touchsensing
2023-10-12 17:23:42,070 [INFO] IPUIPlugin:64 - create IPUIPlugin
2023-10-12 17:23:42,070 [INFO] PluginManager:200 - loadIPPluginJar : add tracer_emb
2023-10-12 17:23:42,095 [INFO] IPUIPlugin:64 - create IPUIPlugin
2023-10-12 17:23:42,096 [INFO] PluginManager:200 - loadIPPluginJar : add ts
2023-10-12 17:23:42,119 [INFO] IPUIPlugin:64 - create IPUIPlugin
2023-10-12 17:23:42,120 [INFO] PluginManager:200 - loadIPPluginJar : add tsc
2023-10-12 17:23:42,143 [INFO] IPUIPlugin:64 - create IPUIPlugin
2023-10-12 17:23:42,143 [INFO] PluginManager:200 - loadIPPluginJar : add ucpd
2023-10-12 17:23:42,181 [INFO] IPUIPlugin:64 - create IPUIPlugin
2023-10-12 17:23:42,181 [INFO] PluginManager:200 - loadIPPluginJar : add usart
2023-10-12 17:23:43,020 [INFO] CubeProgrammer:457 - [DDR PANEL] - PathOfProgrammer: null
2023-10-12 17:23:43,554 [FATAL] Updater:282 - Updater called before beeing initialized
2023-10-12 17:23:43,744 [FATAL] Updater:282 - Updater called before beeing initialized
2023-10-12 17:23:43,744 [WARN] ThirdParty:775 - waiting for thirdparty lock release [close project]
2023-10-12 17:23:43,744 [INFO] ThirdParty:777 - entering critical section [close project]
2023-10-12 17:23:43,745 [INFO] ThirdParty:790 - exiting critical section [close project]
2023-10-12 17:23:43,748 [INFO] PinOutPanel:1418 - setPackage(No Configuration,No Configuration)
2023-10-12 17:23:43,748 [FATAL] Updater:282 - Updater called before beeing initialized
2023-10-12 17:23:43,759 [ERROR] Updater:967 - MainUpdater not yet initialized. External WinMGr cannot be set.
2023-10-12 17:23:43,760 [INFO] CubeProgrammer:457 - [DDR PANEL] - PathOfProgrammer: C:\ST\STM32CubeIDE_1.4.0\STM32CubeIDE\plugins\com.st.stm32cube.ide.mcu.externaltools.cubeprogrammer.win32_1.4.0.202007081208\tools\bin
2023-10-12 17:23:43,763 [INFO] ProgrammerExecThread:148 - [ProgrammerAPI] CubeProgrammer command construction: C:\ST\STM32CubeIDE_1.4.0\STM32CubeIDE\plugins\com.st.stm32cube.ide.mcu.externaltools.cubeprogrammer.win32_1.4.0.202007081208\tools\bin\STM32_Programmer_CLI.exe -l
2023-10-12 17:23:44,093 [INFO] MainDdrPanel:49 - [DDR PANEL] SETTER - Set cubeProgrammerPath to: C:\ST\STM32CubeIDE_1.4.0\STM32CubeIDE\plugins\com.st.stm32cube.ide.mcu.externaltools.cubeprogrammer.win32_1.4.0.202007081208\tools\bin
2023-10-12 17:23:44,188 [INFO] Updater:904 - Updater Version found : 6.0.0
2023-10-12 17:23:44,204 [INFO] ApplicationProperties:181 - Using Application install path: C:\ST\STM32CubeIDE_1.4.0\STM32CubeIDE\plugins\com.st.stm32cube.common.mx_6.0.0.202007160824
2023-10-12 17:23:44,781 [INFO] MainUpdater:2268 - connection check result : 10
2023-10-12 17:23:44,781 [INFO] MainUpdater:2935 - Updater definition file requires update
2023-10-12 17:23:44,782 [INFO] MainUpdater:239 - Updater Check For Update Now.
2023-10-12 17:23:44,782 [INFO] MicroXplorer:414 - Change Database Version : DB.6.0.0
2023-10-12 17:23:45,086 [INFO] ServerAccessManage:348 - Download File updaters.zip
2023-10-12 17:23:45,247 [INFO] FileExtend:225 - Unzip File : updaters.zip
2023-10-12 17:23:45,247 [INFO] FileExtend:240 - Standard Zip Deflate
2023-10-12 17:23:45,721 [WARN] IntegrityCheckThread:61 - waiting for thirdparty lock release [integrity check]
2023-10-12 17:23:45,721 [INFO] IntegrityCheckThread:63 - entering critical section [integrity check]
2023-10-12 17:23:45,722 [WARN] MainUpdater:1087 - Updater busy. Cannot search thirdparties
2023-10-12 17:23:46,030 [INFO] ServerAccessManage:348 - Download File PacksControlFlags.xml
2023-10-12 17:23:46,340 [INFO] ServerAccessManage:348 - Download File cubemx.pidx
2023-10-12 17:23:47,264 [INFO] ServerAccessManage:348 - Download File STMicroelectronics.X-CUBE-TOUCHGFX.pdsc
2023-10-12 17:23:48,727 [WARN] MainUpdater:1087 - Updater busy. Cannot search thirdparties
2023-10-12 17:23:51,740 [WARN] MainUpdater:1087 - Updater busy. Cannot search thirdparties
2023-10-12 17:23:54,373 [ERROR] ServerAccessManage:954 - Problem, Http access forbiden
2023-10-12 17:23:54,383 [ERROR] ServerAccessManage:517 - Problem, Http access forbiden : RoweBots.I-CUBE-UNISONRTOS.pdsc.
2023-10-12 17:23:54,752 [WARN] MainUpdater:1087 - Updater busy. Cannot search thirdparties
2023-10-12 17:23:55,542 [INFO] ServerAccessManage:348 - Download File ITTIA_DB.I-CUBE-ITTIADB.pdsc
2023-10-12 17:23:55,901 [INFO] MainUpdater:2268 - connection check result : 10
2023-10-12 17:23:57,754 [WARN] MainUpdater:1087 - Updater busy. Cannot search thirdparties
2023-10-12 17:23:59,839 [INFO] ServerAccessManage:348 - Download File Infineon.AIROC-Wi-Fi-Bluetooth-STM32.pdsc
2023-10-12 17:24:00,771 [WARN] MainUpdater:1087 - Updater busy. Cannot search thirdparties
2023-10-12 17:24:01,259 [INFO] CheckServerUpdateThread:102 - End of CheckServer Thread
2023-10-12 17:24:01,270 [INFO] ThirdPartyDb:299 - Save Third Party DataBase File (C:/Users/LEGION/.stm32cubemx/plugins/thirdparty/db/thirdparties_db.xml) [forced]
2023-10-12 17:24:01,326 [WARN] PopulateThirdPartyThread:96 - Error when creating pack: C:/Users/LEGION/.stm32cubemx/thirdparties/pdsc/ITTIA_DB.I-CUBE-ITTIADB.pdsc
2023-10-12 17:24:01,331 [WARN] PopulateThirdPartyThread:96 - Error when creating pack: C:/Users/LEGION/.stm32cubemx/thirdparties/pdsc/Infineon.AIROC-Wi-Fi-Bluetooth-STM32.pdsc
2023-10-12 17:24:01,332 [INFO] PopulateThirdPartyThread:50 - Ending populate Thread
2023-10-12 17:24:01,332 [INFO] ThirdPartyDb:299 - Save Third Party DataBase File (C:/Users/LEGION/.stm32cubemx/plugins/thirdparty/db/thirdparties_db.xml) [forced]
2023-10-12 17:24:01,368 [INFO] Engine:289 - softwarePackList size : 49
2023-10-12 17:24:01,376 [INFO] Engine:301 - compute dependency for SwPack FP-ATR-ASTRA1 have been done, and update is requested
2023-10-12 17:24:01,390 [INFO] Engine:301 - compute dependency for SwPack FP-ATR-SIGFOX1 have been done, and update is requested
2023-10-12 17:24:01,402 [INFO] Engine:301 - compute dependency for SwPack X-CUBE-AI have been done, and update is requested
2023-10-12 17:24:01,413 [INFO] Engine:301 - compute dependency for SwPack X-CUBE-ALS have been done, and update is requested
2023-10-12 17:24:01,422 [INFO] Engine:301 - compute dependency for SwPack X-CUBE-BLE1 have been done, and update is requested
2023-10-12 17:24:01,431 [INFO] Engine:301 - compute dependency for SwPack X-CUBE-BLE2 have been done, and update is requested
2023-10-12 17:24:01,448 [INFO] Engine:301 - compute dependency for SwPack X-CUBE-BLEMGR have been done, and update is requested
2023-10-12 17:24:01,466 [INFO] Engine:301 - compute dependency for SwPack X-CUBE-EEPRMA1 have been done, and update is requested
2023-10-12 17:24:01,477 [INFO] Engine:301 - compute dependency for SwPack X-CUBE-GNSS1 have been done, and update is requested
2023-10-12 17:24:01,486 [INFO] Engine:301 - compute dependency for SwPack X-CUBE-ISPU have been done, and update is requested
2023-10-12 17:24:01,600 [INFO] ServerAccessManage:348 - Download File mcusDocs.json._tmp_
2023-10-12 17:24:01,702 [INFO] LoadUrlFilesThread:135 - End of LoadUrlFiles Thread
2023-10-12 17:24:01,799 [INFO] ServerAccessManage:348 - Download File mcusFeaturesAndDescription.json._tmp_
2023-10-12 17:24:01,994 [INFO] Engine:301 - compute dependency for SwPack X-CUBE-MEMS1 have been done, and update is requested
2023-10-12 17:24:02,005 [INFO] Engine:301 - compute dependency for SwPack X-CUBE-NFC4 have been done, and update is requested
2023-10-12 17:24:02,012 [INFO] Engine:301 - compute dependency for SwPack X-CUBE-NFC7 have been done, and update is requested
2023-10-12 17:24:02,020 [INFO] Engine:301 - compute dependency for SwPack X-CUBE-SFXS2LP1 have been done, and update is requested
2023-10-12 17:24:02,044 [INFO] Engine:301 - compute dependency for SwPack X-CUBE-SUBG2 have been done, and update is requested
2023-10-12 17:24:02,050 [INFO] Engine:305 - compute dependency for SwPack X-CUBE-TOUCHGFX have been done, no update is requested
2023-10-12 17:24:02,053 [INFO] Engine:301 - compute dependency for SwPack X-CUBE-ALGOBUILD have been done, and update is requested
2023-10-12 17:24:02,064 [INFO] Engine:301 - compute dependency for SwPack X-CUBE-AZRTOS-H7 have been done, and update is requested
2023-10-12 17:24:02,075 [INFO] Engine:301 - compute dependency for SwPack X-CUBE-AZRTOS-F4 have been done, and update is requested
2023-10-12 17:24:02,085 [INFO] Engine:301 - compute dependency for SwPack X-CUBE-AZRTOS-F7 have been done, and update is requested
2023-10-12 17:24:02,096 [INFO] Engine:301 - compute dependency for SwPack X-CUBE-AZRTOS-L4 have been done, and update is requested
2023-10-12 17:24:02,101 [ERROR] DependencyParser:1297 - StateRcvOpen_Cte Bad Token : )
2023-10-12 17:24:02,101 [ERROR] DependencyParser:1297 - StateRcvOpen_Cte Bad Token : )
2023-10-12 17:24:02,101 [ERROR] DependencyParser:1297 - StateRcvOpen_Cte Bad Token : )
2023-10-12 17:24:02,101 [ERROR] DependencyParser:1297 - StateRcvOpen_Cte Bad Token : )
2023-10-12 17:24:02,101 [ERROR] DependencyParser:1297 - StateRcvOpen_Cte Bad Token : )
2023-10-12 17:24:02,101 [ERROR] DependencyParser:1297 - StateRcvOpen_Cte Bad Token : )
2023-10-12 17:24:02,101 [ERROR] DependencyParser:1297 - StateRcvOpen_Cte Bad Token : )
2023-10-12 17:24:02,102 [ERROR] DependencyParser:1297 - StateRcvOpen_Cte Bad Token : )
2023-10-12 17:24:02,102 [ERROR] DependencyParser:1297 - StateRcvOpen_Cte Bad Token : )
2023-10-12 17:24:02,102 [ERROR] DependencyParser:1297 - StateRcvOpen_Cte Bad Token : )
2023-10-12 17:24:02,102 [ERROR] DependencyParser:1297 - StateRcvOpen_Cte Bad Token : )
2023-10-12 17:24:02,102 [ERROR] DependencyParser:1297 - StateRcvOpen_Cte Bad Token : )
2023-10-12 17:24:02,102 [ERROR] DependencyParser:1297 - StateRcvOpen_Cte Bad Token : )
2023-10-12 17:24:02,102 [ERROR] DependencyParser:1297 - StateRcvOpen_Cte Bad Token : )
2023-10-12 17:24:02,102 [ERROR] DependencyParser:1297 - StateRcvOpen_Cte Bad Token : )
2023-10-12 17:24:02,102 [ERROR] DependencyParser:1297 - StateRcvOpen_Cte Bad Token : )
2023-10-12 17:24:02,102 [ERROR] DependencyParser:1297 - StateRcvOpen_Cte Bad Token : )
2023-10-12 17:24:02,102 [ERROR] DependencyParser:1297 - StateRcvOpen_Cte Bad Token : )
2023-10-12 17:24:02,102 [ERROR] DependencyParser:1297 - StateRcvOpen_Cte Bad Token : )
2023-10-12 17:24:02,102 [ERROR] DependencyParser:1297 - StateRcvOpen_Cte Bad Token : )
2023-10-12 17:24:02,102 [ERROR] DependencyParser:1297 - StateRcvOpen_Cte Bad Token : )
2023-10-12 17:24:02,102 [ERROR] DependencyParser:1297 - StateRcvOpen_Cte Bad Token : )
2023-10-12 17:24:02,102 [ERROR] DependencyParser:1297 - StateRcvOpen_Cte Bad Token : )
2023-10-12 17:24:02,102 [ERROR] DependencyParser:1297 - StateRcvOpen_Cte Bad Token : )
2023-10-12 17:24:02,103 [ERROR] DependencyParser:1297 - StateRcvOpen_Cte Bad Token : )
2023-10-12 17:24:02,103 [ERROR] DependencyParser:1297 - StateRcvOpen_Cte Bad Token : )
2023-10-12 17:24:02,103 [ERROR] DependencyParser:1297 - StateRcvOpen_Cte Bad Token : )
2023-10-12 17:24:02,103 [ERROR] DependencyParser:1297 - StateRcvOpen_Cte Bad Token : )
2023-10-12 17:24:02,103 [ERROR] DependencyParser:1297 - StateRcvOpen_Cte Bad Token : )
2023-10-12 17:24:02,103 [ERROR] DependencyParser:1297 - StateRcvOpen_Cte Bad Token : )
2023-10-12 17:24:02,103 [ERROR] DependencyParser:1297 - StateRcvOpen_Cte Bad Token : )
2023-10-12 17:24:02,103 [ERROR] DependencyParser:1297 - StateRcvOpen_Cte Bad Token : )
2023-10-12 17:24:02,103 [ERROR] DependencyParser:1297 - StateRcvOpen_Cte Bad Token : )
2023-10-12 17:24:02,103 [ERROR] DependencyParser:1297 - StateRcvOpen_Cte Bad Token : )
2023-10-12 17:24:02,103 [ERROR] DependencyParser:1297 - StateRcvOpen_Cte Bad Token : )
2023-10-12 17:24:02,103 [ERROR] DependencyParser:1297 - StateRcvOpen_Cte Bad Token : )
2023-10-12 17:24:02,103 [ERROR] DependencyParser:1297 - StateRcvOpen_Cte Bad Token : )
2023-10-12 17:24:02,104 [ERROR] DependencyParser:1297 - StateRcvOpen_Cte Bad Token : )
2023-10-12 17:24:02,104 [ERROR] DependencyParser:1297 - StateRcvOpen_Cte Bad Token : )
2023-10-12 17:24:02,104 [ERROR] DependencyParser:1297 - StateRcvOpen_Cte Bad Token : )
2023-10-12 17:24:02,104 [ERROR] DependencyParser:1297 - StateRcvOpen_Cte Bad Token : )
2023-10-12 17:24:02,104 [ERROR] DependencyParser:1297 - StateRcvOpen_Cte Bad Token : )
2023-10-12 17:24:02,104 [ERROR] DependencyParser:1297 - StateRcvOpen_Cte Bad Token : )
2023-10-12 17:24:02,104 [ERROR] DependencyParser:1297 - StateRcvOpen_Cte Bad Token : )
2023-10-12 17:24:02,104 [ERROR] DependencyParser:1297 - StateRcvOpen_Cte Bad Token : )
2023-10-12 17:24:02,104 [ERROR] DependencyParser:1297 - StateRcvOpen_Cte Bad Token : )
2023-10-12 17:24:02,104 [INFO] Engine:305 - compute dependency for SwPack X-CUBE-AZRTOS-L5 have been done, no update is requested
2023-10-12 17:24:02,109 [INFO] Engine:301 - compute dependency for SwPack X-CUBE-AZRTOS-G0 have been done, and update is requested
2023-10-12 17:24:02,117 [INFO] Engine:301 - compute dependency for SwPack X-CUBE-AZRTOS-G4 have been done, and update is requested
2023-10-12 17:24:02,125 [INFO] Engine:301 - compute dependency for SwPack X-CUBE-AZRTOS-WB have been done, and update is requested
2023-10-12 17:24:02,133 [INFO] Engine:301 - compute dependency for SwPack X-CUBE-AZRTOS-WL have been done, and update is requested
2023-10-12 17:24:02,138 [INFO] Engine:301 - compute dependency for SwPack I-CUBE-wolfSSL have been done, and update is requested
2023-10-12 17:24:02,322 [INFO] Engine:301 - compute dependency for SwPack I-CUBE-embOS have been done, and update is requested
2023-10-12 17:24:02,327 [INFO] Engine:301 - compute dependency for SwPack I-Cube-SoM-uGOAL have been done, and update is requested
2023-10-12 17:24:02,333 [INFO] Engine:301 - compute dependency for SwPack I-CUBE-Cesium have been done, and update is requested
2023-10-12 17:24:02,342 [INFO] Engine:305 - compute dependency for SwPack FreeRTOS have been done, no update is requested
2023-10-12 17:24:02,343 [INFO] Engine:305 - compute dependency for SwPack lwIP have been done, no update is requested
2023-10-12 17:24:02,343 [INFO] Engine:305 - compute dependency for SwPack lwIP have been done, no update is requested
2023-10-12 17:24:02,343 [INFO] Engine:305 - compute dependency for SwPack MBEDTLS have been done, no update is requested
2023-10-12 17:24:02,343 [INFO] Engine:305 - compute dependency for SwPack MBEDTLS have been done, no update is requested
2023-10-12 17:24:02,343 [INFO] Engine:305 - compute dependency for SwPack PDM2PCM have been done, no update is requested
2023-10-12 17:24:02,343 [INFO] Engine:305 - compute dependency for SwPack PDM2PCM have been done, no update is requested
2023-10-12 17:24:02,343 [INFO] Engine:305 - compute dependency for SwPack PDM2PCM have been done, no update is requested
2023-10-12 17:24:02,345 [INFO] Engine:305 - compute dependency for SwPack USB_DEVICE have been done, no update is requested
2023-10-12 17:24:02,345 [INFO] Engine:305 - compute dependency for SwPack USB_DEVICE have been done, no update is requested
2023-10-12 17:24:02,345 [INFO] Engine:305 - compute dependency for SwPack USB_DEVICE have been done, no update is requested
2023-10-12 17:24:02,347 [INFO] Engine:305 - compute dependency for SwPack USB_HOST have been done, no update is requested
2023-10-12 17:24:02,347 [INFO] Engine:305 - compute dependency for SwPack USB_HOST have been done, no update is requested
2023-10-12 17:24:02,348 [INFO] Engine:301 - compute dependency for SwPack X-CUBE-AI have been done, and update is requested
2023-10-12 17:24:02,358 [INFO] Engine:301 - compute dependency for SwPack X-CUBE-BLE1 have been done, and update is requested
2023-10-12 17:24:02,375 [INFO] Engine:301 - compute dependency for SwPack X-CUBE-NFC6 have been done, and update is requested
2023-10-12 17:24:02,383 [ERROR] DependencyParser:1297 - StateRcvOpen_Cte Bad Token : )
2023-10-12 17:24:02,383 [ERROR] DependencyParser:1297 - StateRcvOpen_Cte Bad Token : )
2023-10-12 17:24:02,384 [ERROR] DependencyParser:1297 - StateRcvOpen_Cte Bad Token : )
2023-10-12 17:24:02,384 [ERROR] DependencyParser:1297 - StateRcvOpen_Cte Bad Token : )
2023-10-12 17:24:02,384 [ERROR] DependencyParser:1297 - StateRcvOpen_Cte Bad Token : )
2023-10-12 17:24:02,384 [ERROR] DependencyParser:1297 - StateRcvOpen_Cte Bad Token : )
2023-10-12 17:24:02,384 [ERROR] DependencyParser:1297 - StateRcvOpen_Cte Bad Token : )
2023-10-12 17:24:02,384 [ERROR] DependencyParser:1297 - StateRcvOpen_Cte Bad Token : )
2023-10-12 17:24:02,384 [ERROR] DependencyParser:1297 - StateRcvOpen_Cte Bad Token : )
2023-10-12 17:24:02,384 [ERROR] DependencyParser:1297 - StateRcvOpen_Cte Bad Token : )
2023-10-12 17:24:02,385 [ERROR] DependencyParser:1297 - StateRcvOpen_Cte Bad Token : )
2023-10-12 17:24:02,385 [ERROR] DependencyParser:1297 - StateRcvOpen_Cte Bad Token : )
2023-10-12 17:24:02,385 [ERROR] DependencyParser:1297 - StateRcvOpen_Cte Bad Token : )
2023-10-12 17:24:02,385 [ERROR] DependencyParser:1297 - StateRcvOpen_Cte Bad Token : )
2023-10-12 17:24:02,385 [ERROR] DependencyParser:1297 - StateRcvOpen_Cte Bad Token : )
2023-10-12 17:24:02,385 [ERROR] DependencyParser:1297 - StateRcvOpen_Cte Bad Token : )
2023-10-12 17:24:02,385 [ERROR] DependencyParser:1297 - StateRcvOpen_Cte Bad Token : )
2023-10-12 17:24:02,385 [ERROR] DependencyParser:1297 - StateRcvOpen_Cte Bad Token : )
2023-10-12 17:24:02,385 [ERROR] DependencyParser:1297 - StateRcvOpen_Cte Bad Token : )
2023-10-12 17:24:02,385 [ERROR] DependencyParser:1297 - StateRcvOpen_Cte Bad Token : )
2023-10-12 17:24:02,385 [ERROR] DependencyParser:1297 - StateRcvOpen_Cte Bad Token : )
2023-10-12 17:24:02,385 [ERROR] DependencyParser:1297 - StateRcvOpen_Cte Bad Token : )
2023-10-12 17:24:02,385 [ERROR] DependencyParser:1297 - StateRcvOpen_Cte Bad Token : )
2023-10-12 17:24:02,385 [ERROR] DependencyParser:1297 - StateRcvOpen_Cte Bad Token : )
2023-10-12 17:24:02,385 [ERROR] DependencyParser:1297 - StateRcvOpen_Cte Bad Token : )
2023-10-12 17:24:02,385 [ERROR] DependencyParser:1297 - StateRcvOpen_Cte Bad Token : )
2023-10-12 17:24:02,385 [ERROR] DependencyParser:1297 - StateRcvOpen_Cte Bad Token : )
2023-10-12 17:24:02,385 [ERROR] DependencyParser:1297 - StateRcvOpen_Cte Bad Token : )
2023-10-12 17:24:02,386 [ERROR] DependencyParser:1297 - StateRcvOpen_Cte Bad Token : )
2023-10-12 17:24:02,386 [ERROR] DependencyParser:1297 - StateRcvOpen_Cte Bad Token : )
2023-10-12 17:24:02,386 [ERROR] DependencyParser:1297 - StateRcvOpen_Cte Bad Token : )
2023-10-12 17:24:02,386 [ERROR] DependencyParser:1297 - StateRcvOpen_Cte Bad Token : )
2023-10-12 17:24:02,386 [ERROR] DependencyParser:1297 - StateRcvOpen_Cte Bad Token : )
2023-10-12 17:24:02,386 [ERROR] DependencyParser:1297 - StateRcvOpen_Cte Bad Token : )
2023-10-12 17:24:02,386 [ERROR] DependencyParser:1297 - StateRcvOpen_Cte Bad Token : )
2023-10-12 17:24:02,386 [ERROR] DependencyParser:1297 - StateRcvOpen_Cte Bad Token : )
2023-10-12 17:24:02,386 [ERROR] DependencyParser:1297 - StateRcvOpen_Cte Bad Token : )
2023-10-12 17:24:02,386 [ERROR] DependencyParser:1297 - StateRcvOpen_Cte Bad Token : )
2023-10-12 17:24:02,386 [ERROR] DependencyParser:1297 - StateRcvOpen_Cte Bad Token : )
2023-10-12 17:24:02,386 [ERROR] DependencyParser:1297 - StateRcvOpen_Cte Bad Token : )
2023-10-12 17:24:02,386 [ERROR] DependencyParser:1297 - StateRcvOpen_Cte Bad Token : )
2023-10-12 17:24:02,386 [ERROR] DependencyParser:1297 - StateRcvOpen_Cte Bad Token : )
2023-10-12 17:24:02,386 [ERROR] DependencyParser:1297 - StateRcvOpen_Cte Bad Token : )
2023-10-12 17:24:02,386 [ERROR] DependencyParser:1297 - StateRcvOpen_Cte Bad Token : )
2023-10-12 17:24:02,386 [ERROR] DependencyParser:1297 - StateRcvOpen_Cte Bad Token : )
2023-10-12 17:24:02,386 [ERROR] DependencyParser:1297 - StateRcvOpen_Cte Bad Token : )
2023-10-12 17:24:02,386 [INFO] Engine:305 - compute dependency for SwPack X-CUBE-AZRTOS-L5 have been done, no update is requested
2023-10-12 17:24:02,390 [INFO] Engine:301 - compute dependency for SwPack X-CUBE-AZRTOS-WB have been done, and update is requested
2023-10-12 17:24:02,399 [INFO] Engine:305 - compute dependency for SwPack X-CUBE-TOUCHGFX have been done, no update is requested
2023-10-12 17:24:02,399 [INFO] ThirdPartyDb:299 - Save Third Party DataBase File (C:/Users/LEGION/.stm32cubemx/plugins/thirdparty/db/thirdparties_db.xml) [forced]
2023-10-12 17:24:02,422 [INFO] LoadServerUpdatesThread:309 - End of LoadServerUpdate Thread
2023-10-12 17:24:03,777 [WARN] MainUpdater:1087 - Updater busy. Cannot search thirdparties
2023-10-12 17:24:04,588 [INFO] LoadUrlFilesThread:135 - End of LoadUrlFiles Thread
2023-10-12 17:24:04,693 [INFO] ServerAccessManage:348 - Download File boardsDocs.json._tmp_
2023-10-12 17:24:04,716 [INFO] LoadUrlFilesThread:135 - End of LoadUrlFiles Thread
2023-10-12 17:24:04,801 [INFO] ServerAccessManage:348 - Download File boards.json._tmp_
2023-10-12 17:24:04,942 [INFO] LoadUrlFilesThread:135 - End of LoadUrlFiles Thread
2023-10-12 17:24:05,281 [INFO] ServerAccessManage:348 - Download File cube-finder-db.zip
2023-10-12 17:24:06,790 [WARN] MainUpdater:1087 - Updater busy. Cannot search thirdparties
2023-10-12 17:24:09,800 [WARN] MainUpdater:1087 - Updater busy. Cannot search thirdparties
2023-10-12 17:24:12,805 [WARN] MainUpdater:1087 - Updater busy. Cannot search thirdparties
2023-10-12 17:24:15,031 [INFO] FileExtend:225 - Unzip File : cube-finder-db.zip
2023-10-12 17:24:15,033 [INFO] FileExtend:240 - Standard Zip Deflate
2023-10-12 17:24:15,609 [INFO] LoadUrlFilesThread:135 - End of LoadUrlFiles Thread
2023-10-12 17:24:15,815 [WARN] MainUpdater:1087 - Updater busy. Cannot search thirdparties
2023-10-12 17:24:16,046 [INFO] ServerAccessManage:348 - Download File crdb.zip
2023-10-12 17:24:16,532 [INFO] FileExtend:225 - Unzip File : crdb.zip
2023-10-12 17:24:16,533 [INFO] FileExtend:240 - Standard Zip Deflate
2023-10-12 17:24:16,557 [INFO] LoadUrlFilesThread:135 - End of LoadUrlFiles Thread
2023-10-12 17:24:16,909 [INFO] ServerAccessManage:348 - Download File tutoVideoDB.zip
2023-10-12 17:24:17,004 [INFO] FileExtend:225 - Unzip File : tutoVideoDB.zip
2023-10-12 17:24:17,006 [INFO] FileExtend:240 - Standard Zip Deflate
2023-10-12 17:24:17,012 [INFO] LoadUrlFilesThread:135 - End of LoadUrlFiles Thread
2023-10-12 17:24:17,025 [INFO] DbMcusDocs:145 - JSON generation date=Tue Nov 16 18:17:54 EET 2021 (1637079474)
2023-10-12 17:24:17,026 [INFO] DbMcusXml:100 - Load MCU database from C:\ST\STM32CubeIDE_1.4.0\STM32CubeIDE\plugins\com.st.stm32cube.common.mx_6.0.0.202007160824\\db\/mcu/families.xml
2023-10-12 17:24:17,489 [INFO] DbMcusJson:92 - JSON generation date=Tue Nov 16 18:17:54 EET 2021 (1637079474)
2023-10-12 17:24:18,543 [INFO] DbMcus:175 - Found 1761 MCUs (1722 are supported by CubeMX, 1911 are visible in CubeMX)
2023-10-12 17:24:18,544 [INFO] ApiDb:201 - Load user favorites file C:\Users\LEGION/.stm32cubemx/favorites.mcus.txt: 0 item(s)
2023-10-12 17:24:18,544 [INFO] ApiDb:205 - User favorites MCUs=[]
2023-10-12 17:24:18,544 [INFO] DbMcus:187 - Set 0 / 0 favorites MCUs
2023-10-12 17:24:18,739 [INFO] DbMcusDocs:81 - Found 682 MCUs documents
2023-10-12 17:24:18,741 [INFO] ApiDb:226 - Save user favorites file C:\Users\LEGION/.stm32cubemx/favorites.mcus.txt: 0 item(s)
2023-10-12 17:24:18,741 [INFO] ApiDb:230 - User favorites MCUs=[]
2023-10-12 17:24:18,741 [INFO] DbMcusXml:100 - Load MCU database from C:\ST\STM32CubeIDE_1.4.0\STM32CubeIDE\plugins\com.st.stm32cube.common.mx_6.0.0.202007160824\\db\/mcu/families.xml
2023-10-12 17:24:20,122 [INFO] DbMcusJson:92 - JSON generation date=Tue Nov 16 18:17:54 EET 2021 (1637079474)
2023-10-12 17:24:20,122 [INFO] ThirdPartyDb:299 - Save Third Party DataBase File (C:/Users/LEGION/.stm32cubemx/plugins/thirdparty/db/thirdparties_db.xml) [forced]
2023-10-12 17:24:20,138 [INFO] ThirdPartyDb:299 - Save Third Party DataBase File (C:/Users/LEGION/.stm32cubemx/plugins/thirdparty/db/thirdparties_db.xml) [forced]
2023-10-12 17:24:20,171 [INFO] IntegrityCheckThread:76 - exiting critical section [integrity check]
2023-10-12 17:24:20,171 [INFO] IntegrityCheckThread:79 - End integrity checks thread
2023-10-12 17:24:20,419 [INFO] DbMcus:175 - Found 1761 MCUs (1722 are supported by CubeMX, 1911 are visible in CubeMX)
2023-10-12 17:24:20,419 [INFO] ApiDb:201 - Load user favorites file C:\Users\LEGION/.stm32cubemx/favorites.mcus.txt: 0 item(s)
2023-10-12 17:24:20,419 [INFO] ApiDb:205 - User favorites MCUs=[]
2023-10-12 17:24:20,419 [INFO] DbMcus:187 - Set 0 / 0 favorites MCUs
2023-10-12 17:24:20,424 [INFO] DbBoardsDocs:145 - JSON generation date=Tue Nov 16 18:17:54 EET 2021 (1637079474)
2023-10-12 17:24:20,446 [INFO] DbBoardsPdsc:94 - Found 23 items
2023-10-12 17:24:20,453 [INFO] DbBoardsPdsc:94 - Found 9 items
2023-10-12 17:24:20,461 [INFO] DbBoardsPdsc:94 - Found 29 items
2023-10-12 17:24:20,468 [INFO] DbBoardsPdsc:94 - Found 1 items
2023-10-12 17:24:20,478 [INFO] DbBoardsPdsc:94 - Found 44 items
2023-10-12 17:24:20,489 [INFO] DbBoardsPdsc:94 - Found 40 items
2023-10-12 17:24:20,497 [INFO] DbBoardsPdsc:94 - Found 2 items
2023-10-12 17:24:20,505 [INFO] DbBoardsPdsc:94 - Found 4 items
2023-10-12 17:24:20,509 [WARN] DbBoardsPdsc:258 - Board STM32H7B3I-DK: unknown feature type=Audio, name=, username=Audio stereo codec with Headphone Amp (CS42L51-CNZ), n=1
2023-10-12 17:24:20,509 [WARN] DbBoardsPdsc:258 - Board STM32H735G-DK: unknown feature type=Audio, name=, username=Audio stereo codec with Headphone Amp (WM8994ECS/R), n=1
2023-10-12 17:24:20,510 [WARN] DbBoardsPdsc:258 - Board STM32H7B3I-EVAL: unknown feature type=Audio, name=, username=Multi-Channel Audio Codec (CS42L51-CNZ), n=1
2023-10-12 17:24:20,510 [WARN] DbBoardsPdsc:258 - Board STM32H7B3I-EVAL: unknown feature type=Meter, name=, username=Power-metering and Temperature-monitoring with sigma-delta modulators, n=1
2023-10-12 17:24:20,510 [WARN] DbBoardsPdsc:258 - Board STM32H7B3I-EVAL: unknown feature type=Motor, name=, username=Motor Control, n=1
2023-10-12 17:24:20,535 [INFO] DbBoardsJson:85 - JSON generation date=Tue Nov 16 18:17:54 EET 2021 (1637079474)
2023-10-12 17:24:20,539 [INFO] DbBoards:117 - Found 166 boards (149 are supported by CubeMX)
2023-10-12 17:24:20,541 [INFO] DbBoardsDocs:145 - JSON generation date=Tue Nov 16 18:17:54 EET 2021 (1637079474)
2023-10-12 17:24:20,544 [INFO] DbBoardsDocs:81 - Found 209 boards documents
2023-10-12 17:24:20,546 [WARN] DbBoards:127 - board B-L475E-IOT01A2 has no document id list !
2023-10-12 17:24:20,547 [WARN] DbBoards:127 - board NUCLEO-H743ZI has no document id list !
2023-10-12 17:24:20,548 [WARN] DbBoards:127 - board P-NUCLEO-WB55-Nucleo has no document id list !
2023-10-12 17:24:20,548 [WARN] DbBoards:127 - board P-NUCLEO-WB55-USBDongle has no document id list !
2023-10-12 17:24:20,548 [WARN] DbBoards:127 - board STEVAL-BFA001V1B has no document id list !
2023-10-12 17:24:20,548 [WARN] DbBoards:127 - board STEVAL-BFA001V2B has no document id list !
2023-10-12 17:24:20,548 [WARN] DbBoards:127 - board STEVAL-IDP005V1 has no document id list !
2023-10-12 17:24:20,548 [WARN] DbBoards:127 - board STEVAL-IDP005V2 has no document id list !
2023-10-12 17:24:20,548 [WARN] DbBoards:127 - board STEVAL-MKSBOX1V1 has no document id list !
2023-10-12 17:24:20,548 [WARN] DbBoards:127 - board STEVAL-STWINKT1 has no document id list !
2023-10-12 17:24:20,548 [WARN] DbBoards:127 - board STEVAL-STWINKT1B has no document id list !
2023-10-12 17:24:20,549 [WARN] DbBoards:127 - board STM32439I-EVAL2 has no document id list !
2023-10-12 17:24:20,549 [WARN] DbBoards:127 - board STM32F401C-DISCO has no document id list !
2023-10-12 17:24:20,549 [WARN] DbBoards:127 - board STM32F769I-DISC1 has no document id list !
2023-10-12 17:24:20,549 [WARN] DbBoards:127 - board STM32G474E-EVAL1 has no document id list !
2023-10-12 17:24:20,549 [WARN] DbBoards:127 - board STM32H743I-EVAL2 has no document id list !
2023-10-12 17:24:20,550 [WARN] DbBoards:127 - board STM32H747I-DISC1 has no document id list !
2023-10-12 17:24:20,550 [WARN] DbBoards:127 - board STM32H753I-EVAL2 has no document id list !
2023-10-12 17:24:20,550 [WARN] DbBoards:127 - board STM32L-DISCOVERY has no document id list !
2023-10-12 17:24:20,619 [ERROR] DbBoards:189 - Image file not found for board B-L462E-CELL1: C:\ST\STM32CubeIDE_1.4.0\STM32CubeIDE\plugins\com.st.stm32cube.common.mx_6.0.0.202007160824\\db\/plugins/mcufinder/images/boards/B-L462E-CELL1_small.jpg
2023-10-12 17:24:20,660 [ERROR] DbBoards:189 - Image file not found for board B-U585I-IOT02A: C:\ST\STM32CubeIDE_1.4.0\STM32CubeIDE\plugins\com.st.stm32cube.common.mx_6.0.0.202007160824\\db\/plugins/mcufinder/images/boards/B-U585I-IOT02A_small.jpg
2023-10-12 17:24:20,726 [ERROR] DbBoards:189 - Image file not found for board NUCLEO-F413ZH: C:\ST\STM32CubeIDE_1.4.0\STM32CubeIDE\plugins\com.st.stm32cube.common.mx_6.0.0.202007160824\\db\/plugins/mcufinder/images/boards/nucleo-f413zh_small.jpg
2023-10-12 17:24:20,886 [ERROR] DbBoards:189 - Image file not found for board NUCLEO-L552ZE-Q: C:\ST\STM32CubeIDE_1.4.0\STM32CubeIDE\plugins\com.st.stm32cube.common.mx_6.0.0.202007160824\\db\/plugins/mcufinder/images/boards/nucleo_l552ze_q_small.jpg
2023-10-12 17:24:20,886 [ERROR] DbBoards:189 - Image file not found for board NUCLEO-U575ZI-Q: C:\ST\STM32CubeIDE_1.4.0\STM32CubeIDE\plugins\com.st.stm32cube.common.mx_6.0.0.202007160824\\db\/plugins/mcufinder/images/boards/nucleo-u575zi-q_small.jpg
2023-10-12 17:24:20,886 [ERROR] DbBoards:189 - Image file not found for board NUCLEO-WB15CC: C:\ST\STM32CubeIDE_1.4.0\STM32CubeIDE\plugins\com.st.stm32cube.common.mx_6.0.0.202007160824\\db\/plugins/mcufinder/images/boards/nucleo-wb15cc_small.jpg
2023-10-12 17:24:20,886 [ERROR] DbBoards:189 - Image file not found for board NUCLEO-WB55RG: C:\ST\STM32CubeIDE_1.4.0\STM32CubeIDE\plugins\com.st.stm32cube.common.mx_6.0.0.202007160824\\db\/plugins/mcufinder/images/boards/nucleo-wb55rg_small.jpg
2023-10-12 17:24:20,886 [ERROR] DbBoards:189 - Image file not found for board NUCLEO-WL55JC: C:\ST\STM32CubeIDE_1.4.0\STM32CubeIDE\plugins\com.st.stm32cube.common.mx_6.0.0.202007160824\\db\/plugins/mcufinder/images/boards/nucleo-wl55jc-small.jpg
2023-10-12 17:24:21,018 [ERROR] DbBoards:189 - Image file not found for board STEVAL-STWINKT1B: C:\ST\STM32CubeIDE_1.4.0\STM32CubeIDE\plugins\com.st.stm32cube.common.mx_6.0.0.202007160824\\db\/plugins/mcufinder/images/boards/steval-stwinkt1b_small.jpg
2023-10-12 17:24:21,284 [ERROR] DbBoards:189 - Image file not found for board STM32G0C1E-EV: C:\ST\STM32CubeIDE_1.4.0\STM32CubeIDE\plugins\com.st.stm32cube.common.mx_6.0.0.202007160824\\db\/plugins/mcufinder/images/boards/stm32g0c1e-eval_small.jpg
2023-10-12 17:24:21,356 [ERROR] DbBoards:189 - Image file not found for board STM32H7B3I-EVAL: C:\ST\STM32CubeIDE_1.4.0\STM32CubeIDE\plugins\com.st.stm32cube.common.mx_6.0.0.202007160824\\db\/plugins/mcufinder/images/boards/stm32h7b3ieval_small.jpg
2023-10-12 17:24:21,503 [ERROR] DbBoards:189 - Image file not found for board STM32U575I-EV: C:\ST\STM32CubeIDE_1.4.0\STM32CubeIDE\plugins\com.st.stm32cube.common.mx_6.0.0.202007160824\\db\/plugins/mcufinder/images/boards/stm32u575i-ev_small.jpg
2023-10-12 17:24:21,530 [ERROR] DbBoards:189 - Image file not found for board STM32WB5MM-DK: C:\ST\STM32CubeIDE_1.4.0\STM32CubeIDE\plugins\com.st.stm32cube.common.mx_6.0.0.202007160824\\db\/plugins/mcufinder/images/boards/STM32WB5MM-DK_small.jpg
2023-10-12 17:24:21,530 [INFO] ApiDb:201 - Load user favorites file C:\Users\LEGION/.stm32cubemx/favorites.boards.txt: 0 item(s)
2023-10-12 17:24:21,530 [INFO] ApiDb:205 - User favorites Boards=[]
2023-10-12 17:24:21,530 [INFO] DbBoards:206 - Set 0 / 0 favorites Boards
2023-10-12 17:24:21,532 [INFO] DbBoardsDocs:81 - Found 418 boards documents
2023-10-12 17:24:21,532 [INFO] ApiDb:226 - Save user favorites file C:\Users\LEGION/.stm32cubemx/favorites.boards.txt: 0 item(s)
2023-10-12 17:24:21,533 [INFO] ApiDb:230 - User favorites Boards=[]
2023-10-12 17:24:21,534 [INFO] DbBoardsPdsc:94 - Found 23 items
2023-10-12 17:24:21,535 [INFO] DbBoardsPdsc:94 - Found 9 items
2023-10-12 17:24:21,537 [INFO] DbBoardsPdsc:94 - Found 29 items
2023-10-12 17:24:21,537 [INFO] DbBoardsPdsc:94 - Found 1 items
2023-10-12 17:24:21,539 [INFO] DbBoardsPdsc:94 - Found 44 items
2023-10-12 17:24:21,542 [INFO] DbBoardsPdsc:94 - Found 40 items
2023-10-12 17:24:21,542 [INFO] DbBoardsPdsc:94 - Found 2 items
2023-10-12 17:24:21,543 [INFO] DbBoardsPdsc:94 - Found 4 items
2023-10-12 17:24:21,544 [WARN] DbBoardsPdsc:258 - Board STM32H7B3I-DK: unknown feature type=Audio, name=, username=Audio stereo codec with Headphone Amp (CS42L51-CNZ), n=1
2023-10-12 17:24:21,545 [WARN] DbBoardsPdsc:258 - Board STM32H735G-DK: unknown feature type=Audio, name=, username=Audio stereo codec with Headphone Amp (WM8994ECS/R), n=1
2023-10-12 17:24:21,546 [WARN] DbBoardsPdsc:258 - Board STM32H7B3I-EVAL: unknown feature type=Audio, name=, username=Multi-Channel Audio Codec (CS42L51-CNZ), n=1
2023-10-12 17:24:21,546 [WARN] DbBoardsPdsc:258 - Board STM32H7B3I-EVAL: unknown feature type=Meter, name=, username=Power-metering and Temperature-monitoring with sigma-delta modulators, n=1
2023-10-12 17:24:21,546 [WARN] DbBoardsPdsc:258 - Board STM32H7B3I-EVAL: unknown feature type=Motor, name=, username=Motor Control, n=1
2023-10-12 17:24:21,554 [INFO] DbBoardsJson:85 - JSON generation date=Tue Nov 16 18:17:54 EET 2021 (1637079474)
2023-10-12 17:24:21,557 [INFO] DbBoards:117 - Found 166 boards (149 are supported by CubeMX)
2023-10-12 17:24:21,557 [WARN] DbBoards:127 - board B-L475E-IOT01A2 has no document id list !
2023-10-12 17:24:21,558 [WARN] DbBoards:127 - board NUCLEO-H743ZI has no document id list !
2023-10-12 17:24:21,558 [WARN] DbBoards:127 - board P-NUCLEO-WB55-Nucleo has no document id list !
2023-10-12 17:24:21,558 [WARN] DbBoards:127 - board P-NUCLEO-WB55-USBDongle has no document id list !
2023-10-12 17:24:21,558 [WARN] DbBoards:127 - board STEVAL-BFA001V1B has no document id list !
2023-10-12 17:24:21,558 [WARN] DbBoards:127 - board STEVAL-BFA001V2B has no document id list !
2023-10-12 17:24:21,558 [WARN] DbBoards:127 - board STEVAL-IDP005V1 has no document id list !
2023-10-12 17:24:21,558 [WARN] DbBoards:127 - board STEVAL-IDP005V2 has no document id list !
2023-10-12 17:24:21,558 [WARN] DbBoards:127 - board STEVAL-MKSBOX1V1 has no document id list !
2023-10-12 17:24:21,558 [WARN] DbBoards:127 - board STEVAL-STWINKT1 has no document id list !
2023-10-12 17:24:21,558 [WARN] DbBoards:127 - board STEVAL-STWINKT1B has no document id list !
2023-10-12 17:24:21,558 [WARN] DbBoards:127 - board STM32439I-EVAL2 has no document id list !
2023-10-12 17:24:21,558 [WARN] DbBoards:127 - board STM32F401C-DISCO has no document id list !
2023-10-12 17:24:21,559 [WARN] DbBoards:127 - board STM32F769I-DISC1 has no document id list !
2023-10-12 17:24:21,559 [WARN] DbBoards:127 - board STM32G474E-EVAL1 has no document id list !
2023-10-12 17:24:21,559 [WARN] DbBoards:127 - board STM32H743I-EVAL2 has no document id list !
2023-10-12 17:24:21,559 [WARN] DbBoards:127 - board STM32H747I-DISC1 has no document id list !
2023-10-12 17:24:21,559 [WARN] DbBoards:127 - board STM32H753I-EVAL2 has no document id list !
2023-10-12 17:24:21,559 [WARN] DbBoards:127 - board STM32L-DISCOVERY has no document id list !
2023-10-12 17:24:21,581 [ERROR] DbBoards:189 - Image file not found for board B-L462E-CELL1: C:\ST\STM32CubeIDE_1.4.0\STM32CubeIDE\plugins\com.st.stm32cube.common.mx_6.0.0.202007160824\\db\/plugins/mcufinder/images/boards/B-L462E-CELL1_small.jpg
2023-10-12 17:24:21,601 [ERROR] DbBoards:189 - Image file not found for board B-U585I-IOT02A: C:\ST\STM32CubeIDE_1.4.0\STM32CubeIDE\plugins\com.st.stm32cube.common.mx_6.0.0.202007160824\\db\/plugins/mcufinder/images/boards/B-U585I-IOT02A_small.jpg
2023-10-12 17:24:21,646 [ERROR] DbBoards:189 - Image file not found for board NUCLEO-F413ZH: C:\ST\STM32CubeIDE_1.4.0\STM32CubeIDE\plugins\com.st.stm32cube.common.mx_6.0.0.202007160824\\db\/plugins/mcufinder/images/boards/nucleo-f413zh_small.jpg
2023-10-12 17:24:21,747 [ERROR] DbBoards:189 - Image file not found for board NUCLEO-L552ZE-Q: C:\ST\STM32CubeIDE_1.4.0\STM32CubeIDE\plugins\com.st.stm32cube.common.mx_6.0.0.202007160824\\db\/plugins/mcufinder/images/boards/nucleo_l552ze_q_small.jpg
2023-10-12 17:24:21,747 [ERROR] DbBoards:189 - Image file not found for board NUCLEO-U575ZI-Q: C:\ST\STM32CubeIDE_1.4.0\STM32CubeIDE\plugins\com.st.stm32cube.common.mx_6.0.0.202007160824\\db\/plugins/mcufinder/images/boards/nucleo-u575zi-q_small.jpg
2023-10-12 17:24:21,747 [ERROR] DbBoards:189 - Image file not found for board NUCLEO-WB15CC: C:\ST\STM32CubeIDE_1.4.0\STM32CubeIDE\plugins\com.st.stm32cube.common.mx_6.0.0.202007160824\\db\/plugins/mcufinder/images/boards/nucleo-wb15cc_small.jpg
2023-10-12 17:24:21,747 [ERROR] DbBoards:189 - Image file not found for board NUCLEO-WB55RG: C:\ST\STM32CubeIDE_1.4.0\STM32CubeIDE\plugins\com.st.stm32cube.common.mx_6.0.0.202007160824\\db\/plugins/mcufinder/images/boards/nucleo-wb55rg_small.jpg
2023-10-12 17:24:21,747 [ERROR] DbBoards:189 - Image file not found for board NUCLEO-WL55JC: C:\ST\STM32CubeIDE_1.4.0\STM32CubeIDE\plugins\com.st.stm32cube.common.mx_6.0.0.202007160824\\db\/plugins/mcufinder/images/boards/nucleo-wl55jc-small.jpg
2023-10-12 17:24:21,818 [ERROR] DbBoards:189 - Image file not found for board STEVAL-STWINKT1B: C:\ST\STM32CubeIDE_1.4.0\STM32CubeIDE\plugins\com.st.stm32cube.common.mx_6.0.0.202007160824\\db\/plugins/mcufinder/images/boards/steval-stwinkt1b_small.jpg
2023-10-12 17:24:21,955 [ERROR] DbBoards:189 - Image file not found for board STM32G0C1E-EV: C:\ST\STM32CubeIDE_1.4.0\STM32CubeIDE\plugins\com.st.stm32cube.common.mx_6.0.0.202007160824\\db\/plugins/mcufinder/images/boards/stm32g0c1e-eval_small.jpg
2023-10-12 17:24:22,001 [ERROR] DbBoards:189 - Image file not found for board STM32H7B3I-EVAL: C:\ST\STM32CubeIDE_1.4.0\STM32CubeIDE\plugins\com.st.stm32cube.common.mx_6.0.0.202007160824\\db\/plugins/mcufinder/images/boards/stm32h7b3ieval_small.jpg
2023-10-12 17:24:22,088 [ERROR] DbBoards:189 - Image file not found for board STM32U575I-EV: C:\ST\STM32CubeIDE_1.4.0\STM32CubeIDE\plugins\com.st.stm32cube.common.mx_6.0.0.202007160824\\db\/plugins/mcufinder/images/boards/stm32u575i-ev_small.jpg
2023-10-12 17:24:22,103 [ERROR] DbBoards:189 - Image file not found for board STM32WB5MM-DK: C:\ST\STM32CubeIDE_1.4.0\STM32CubeIDE\plugins\com.st.stm32cube.common.mx_6.0.0.202007160824\\db\/plugins/mcufinder/images/boards/STM32WB5MM-DK_small.jpg
2023-10-12 17:24:22,103 [INFO] ApiDb:201 - Load user favorites file C:\Users\LEGION/.stm32cubemx/favorites.boards.txt: 0 item(s)
2023-10-12 17:24:22,103 [INFO] ApiDb:205 - User favorites Boards=[]
2023-10-12 17:24:22,103 [INFO] DbBoards:206 - Set 0 / 0 favorites Boards
2023-10-12 17:24:22,201 [INFO] DbExamplesSqlite:156 - SQLite db open (C:\Users\LEGION\.stmcufinder\plugins\mcufinder\mcu\cube-finder-db.db)
2023-10-12 17:24:22,721 [INFO] DbExamplesSqlite:447 - Ignored 0 examples not supported by CubeIDE
2023-10-12 17:24:22,721 [INFO] DbExamplesSqlite:448 - Found 7231 examples active
2023-10-12 17:24:22,721 [INFO] DbExamplesSqlite:449 - Found 677 examples obsolete
2023-10-12 17:24:22,721 [INFO] DbExamplesSqlite:450 - Found 0 examples under development
2023-10-12 17:24:22,721 [INFO] DbExamplesSqlite:451 - Found 74 examples not building
2023-10-12 17:24:22,777 [INFO] DbExamplesSqlite:130 - SQLite Data Model version=2.1
2023-10-12 17:24:22,777 [INFO] DbExamplesSqlite:131 - SQLite Configuration version=3.0.37
2023-10-12 17:24:22,777 [INFO] DbExamplesSqlite:132 - SQLite generation date=2023-08-09 (1691586011)
2023-10-12 17:24:22,777 [INFO] DbExamplesSqlite:133 - SQLite FW Pack versions=[FP-ATR-ASTRA1_V2.0.0, FP-SNS-FLIGHT1_V5.0.1, FP-SNS-FLIGHT1_V5.0.2, FP-SNS-MOTENV1_V4.3.1, FP-SNS-MOTENV1_V4.3.2, STM32Cube_FW_C0_V1.1.0, STM32Cube_FW_F4_V1.27.1, STM32Cube_FW_F7_V1.17.0, STM32Cube_FW_G0_V1.6.1, STM32Cube_FW_G4_V1.5.1, STM32Cube_FW_H5_V0.5.1, STM32Cube_FW_H5_V1.1.0, STM32Cube_FW_H7_V1.11.0, STM32Cube_FW_L0_V1.12.2, STM32Cube_FW_L5_V1.5.0, STM32Cube_FW_U5_V1.3.0, STM32Cube_FW_U5_V1.3.0RC4, STM32Cube_FW_WBA_V1.0.0RC1, STM32Cube_FW_WBA_V1.1.0, STM32Cube_FW_WBA_V1.1.0RC1, STM32Cube_FW_WB_V1.15.0RC1, STM32Cube_FW_WB_V1.16.0, STM32Cube_FW_WB_V1.16.0RC2, STM32Cube_FW_WB_V1.17.0, STM32Cube_FW_WL_V1.3.0, X-CUBE-ALGOBUILD_V1.3.0, X-CUBE-ALS_V1.0.1, X-CUBE-AZRTOS-F4_V1.1.0, X-CUBE-AZRTOS-F7_V1.1.0, X-CUBE-AZRTOS-G0_V1.1.0, X-CUBE-AZRTOS-G4_V2.0.0, X-CUBE-AZRTOS-H7_V3.1.0, X-CUBE-AZRTOS-L4_V1.0.0, X-CUBE-AZRTOS-L4_V2.0.0, X-CUBE-AZRTOS-L5_V1.1.0, X-CUBE-AZRTOS-WB_V1.1.0, X-CUBE-AZRTOS-WL_V2.0.0, X-CUBE-BLE1_V7.0.0, X-CUBE-BLE2_V3.3.0, X-CUBE-BLEMGR_V2.0.0, X-CUBE-EEPRMA1_V4.1.0, X-CUBE-FREERTOS_V1.1.0, X-CUBE-GNSS1_V6.0.0, X-CUBE-MEMS1_V9.1.0, X-CUBE-MEMS1_V9.4.0, X-CUBE-MEMS1_V9.6.0, X-CUBE-NFC4_V3.0.0, X-CUBE-NFC7_V1.0.0, X-CUBE-SFXS2LP1_V4.0.0, X-CUBE-SUBG2_V5.0.0, X-CUBE-TOF1_V3.3.1]
2023-10-12 17:24:22,778 [INFO] DbExamples:123 - Found 7305 examples
2023-10-12 17:24:23,099 [ERROR] DbExamples:199 - Found 7305 examples with invalid data (board or MCU)
2023-10-12 17:24:23,099 [INFO] DbExamples:215 - Found 77 boards with related examples
2023-10-12 17:24:23,100 [INFO] DbExamples:228 - Found 0 MCUs with related examples
2023-10-12 17:24:23,114 [INFO] ApiDb:192 - User favorites file not found: C:\Users\LEGION/.stm32cubemx/favorites.examples.txt
2023-10-12 17:24:23,114 [INFO] DbExamples:249 - Set 0 / 0 favorites Examples
2023-10-12 17:24:23,318 [INFO] McuFinderGlobals:40 - Set McuFinder mode to 2 (CubeIDE integrated)
2023-10-12 17:24:23,435 [INFO] CrossSelectorPresenter:1330 - Cross Selector saved comparison directory: C:\Users\LEGION\.stmcufinder\plugins\mcufinder\mcu\cs_comparisons_mx
2023-10-12 17:24:23,439 [INFO] MultiScanPanel:193 - Auto-refresh data requested => check proxy status ongoing
2023-10-12 17:24:23,441 [INFO] FinderPluginLoader:87 - Searching for filters in installed packs
2023-10-12 17:24:23,813 [INFO] LoadUrlFilesThread:162 - End of LoadServerUrlFiles without Thread
2023-10-12 17:24:23,844 [INFO] DetailPanel:331 - Set advertising image to C:/Users/LEGION/STM32Cube/Repository/\stm32cubemx-promo_image.jpg
2023-10-12 17:24:24,123 [INFO] McuFilterPanel:245 - Update 0 favorites MCUs
2023-10-12 17:49:46,209 [INFO] ServerAccessManage:348 - Download File DS5936.pdf
2023-10-12 17:49:46,959 [INFO] LoadUrlFilesThread:135 - End of LoadUrlFiles Thread
2023-10-12 17:49:47,021 [INFO] McuAction:142 - Datasheet
2023-10-12 17:53:54,359 [INFO] ServerAccessManage:348 - Download File DS5319.pdf
2023-10-12 17:53:55,065 [INFO] LoadUrlFilesThread:135 - End of LoadUrlFiles Thread
2023-10-12 17:53:55,105 [INFO] McuAction:142 - Datasheet
2023-10-12 17:54:26,597 [INFO] LogOutputStream:76 - [STDOUT_REDIRECT] withoutVersionV1.8.4
2023-10-12 17:54:26,597 [INFO] LogOutputStream:76 - [STDOUT_REDIRECT] withoutVersionV1.8.3
2023-10-12 17:54:26,598 [INFO] LogOutputStream:76 - [STDOUT_REDIRECT] withoutVersionV1.8.2
2023-10-12 17:54:26,598 [INFO] LogOutputStream:76 - [STDOUT_REDIRECT] withoutVersionV1.8.1
2023-10-12 17:54:26,598 [INFO] LogOutputStream:76 - [STDOUT_REDIRECT] withoutVersionV1.8.0
2023-10-12 17:54:30,854 [INFO] ApiDb:226 - Save user favorites file C:\Users\LEGION/.stm32cubeide/favorites.mcus.txt: 0 item(s)
2023-10-12 17:54:30,855 [INFO] ApiDb:230 - User favorites MCUs=[]
2023-10-13 09:13:47,803 [INFO] Activator:178 - 


2023-10-13 09:13:47,820 [INFO] Activator:179 - !SESSION log4j initialized
2023-10-14 15:50:04,831 [INFO] Activator:178 - 


2023-10-14 15:50:04,852 [INFO] Activator:179 - !SESSION log4j initialized
2023-10-15 09:23:39,691 [INFO] Activator:178 - 


2023-10-15 09:23:39,735 [INFO] Activator:179 - !SESSION log4j initialized
