2023-09-24 16:38:23,437 [INFO] Activator:178 - 


2023-09-24 16:38:23,439 [INFO] Activator:179 - !SESSION log4j initialized
2023-09-24 16:38:33,546 [INFO] ApplicationProperties:181 - Using Application install path: C:\ST\STM32CubeIDE_1.4.0\STM32CubeIDE\plugins\com.st.stm32cube.common.mx_6.0.0.202007160824
2023-09-24 16:38:33,557 [INFO] DbMcusXml:70 - Set database path to: C:\ST\STM32CubeIDE_1.4.0\STM32CubeIDE\plugins\com.st.stm32cube.common.mx_6.0.0.202007160824\\db\/mcu/
2023-09-24 16:38:33,560 [INFO] DbBoardsPdsc:56 - Set plugin database path to: C:\ST\STM32CubeIDE_1.4.0\STM32CubeIDE\plugins\com.st.stm32cube.common.mx_6.0.0.202007160824\\db\/plugins/boardmanager/
2023-09-24 16:38:33,561 [INFO] DbMcus:258 - Set plugin images path to: C:\ST\STM32CubeIDE_1.4.0\STM32CubeIDE\plugins\com.st.stm32cube.common.mx_6.0.0.202007160824\\db\/plugins/mcufinder/images/
2023-09-24 16:38:33,561 [INFO] DbBoards:264 - Set plugin images path to: C:\ST\STM32CubeIDE_1.4.0\STM32CubeIDE\plugins\com.st.stm32cube.common.mx_6.0.0.202007160824\\db\/plugins/mcufinder/images/
2023-09-24 16:38:33,564 [INFO] DbExamples:326 - Set plugin images path to: C:\ST\STM32CubeIDE_1.4.0\STM32CubeIDE\plugins\com.st.stm32cube.common.mx_6.0.0.202007160824\\db\/plugins/mcufinder/images/
2023-09-24 16:38:33,571 [INFO] DbMcusDocs:112 - Set database path to: C:\Users\LEGION\.stmcufinder\plugins\mcufinder//mcu/
2023-09-24 16:38:33,573 [INFO] DbMcusJson:63 - Set database path to: C:\Users\LEGION\.stmcufinder\plugins\mcufinder//mcu/
2023-09-24 16:38:33,573 [INFO] DbBoardsDocs:112 - Set database path to: C:\Users\LEGION\.stmcufinder\plugins\mcufinder//mcu/
2023-09-24 16:38:33,574 [INFO] DbBoardsJson:56 - Set database path to: C:\Users\LEGION\.stmcufinder\plugins\mcufinder//mcu/
2023-09-24 16:38:39,047 [INFO] CrossReferenceDbSqlite:196 - Set database path to: C:\Users\LEGION\.stmcufinder\plugins\mcufinder//mcu/cs/
2023-09-24 16:38:39,052 [INFO] DbExamplesSqlite:800 - Set database path to: C:\Users\LEGION\.stmcufinder\plugins\mcufinder//mcu/
2023-09-24 16:38:39,160 [INFO] RulesReader:52 - Compatibility file has been processed (209 Rules)
2023-09-24 16:38:39,255 [INFO] MicroXplorer:564 - Detected Java Version = 1.8.0_252
2023-09-24 16:38:39,255 [INFO] DbMcusXml:70 - Set database path to: C:\ST\STM32CubeIDE_1.4.0\STM32CubeIDE\plugins\com.st.stm32cube.common.mx_6.0.0.202007160824\\db\/mcu/
2023-09-24 16:38:39,255 [INFO] DbBoardsPdsc:56 - Set plugin database path to: C:\ST\STM32CubeIDE_1.4.0\STM32CubeIDE\plugins\com.st.stm32cube.common.mx_6.0.0.202007160824\\db\/plugins/boardmanager/
2023-09-24 16:38:39,256 [INFO] DbMcus:258 - Set plugin images path to: C:\ST\STM32CubeIDE_1.4.0\STM32CubeIDE\plugins\com.st.stm32cube.common.mx_6.0.0.202007160824\\db\/plugins/mcufinder/images/
2023-09-24 16:38:39,256 [INFO] DbBoards:264 - Set plugin images path to: C:\ST\STM32CubeIDE_1.4.0\STM32CubeIDE\plugins\com.st.stm32cube.common.mx_6.0.0.202007160824\\db\/plugins/mcufinder/images/
2023-09-24 16:38:39,256 [INFO] DbExamples:326 - Set plugin images path to: C:\ST\STM32CubeIDE_1.4.0\STM32CubeIDE\plugins\com.st.stm32cube.common.mx_6.0.0.202007160824\\db\/plugins/mcufinder/images/
2023-09-24 16:38:39,256 [WARN] DbFile:36 - Overriding database path with different value: C:\Users\LEGION\.stmcufinder\plugins\mcufinder/ => C:\Users\LEGION\.stmcufinder\plugins\mcufinder
2023-09-24 16:38:39,257 [INFO] DbMcusDocs:112 - Set database path to: C:\Users\LEGION\.stmcufinder\plugins\mcufinder//mcu/
2023-09-24 16:38:39,257 [WARN] DbFile:36 - Overriding database path with different value: C:\Users\LEGION\.stmcufinder\plugins\mcufinder/ => C:\Users\LEGION\.stmcufinder\plugins\mcufinder
2023-09-24 16:38:39,257 [INFO] DbMcusJson:63 - Set database path to: C:\Users\LEGION\.stmcufinder\plugins\mcufinder//mcu/
2023-09-24 16:38:39,257 [WARN] DbFile:36 - Overriding database path with different value: C:\Users\LEGION\.stmcufinder\plugins\mcufinder/ => C:\Users\LEGION\.stmcufinder\plugins\mcufinder
2023-09-24 16:38:39,257 [INFO] DbBoardsDocs:112 - Set database path to: C:\Users\LEGION\.stmcufinder\plugins\mcufinder//mcu/
2023-09-24 16:38:39,257 [WARN] DbFile:36 - Overriding database path with different value: C:\Users\LEGION\.stmcufinder\plugins\mcufinder/ => C:\Users\LEGION\.stmcufinder\plugins\mcufinder
2023-09-24 16:38:39,257 [INFO] DbBoardsJson:56 - Set database path to: C:\Users\LEGION\.stmcufinder\plugins\mcufinder//mcu/
2023-09-24 16:38:39,257 [WARN] DbFile:36 - Overriding database path with different value: C:\Users\LEGION\.stmcufinder\plugins\mcufinder/ => C:\Users\LEGION\.stmcufinder\plugins\mcufinder
2023-09-24 16:38:39,257 [WARN] DbFile:36 - Overriding database path with different value: C:\Users\LEGION\.stmcufinder\plugins\mcufinder/ => C:\Users\LEGION\.stmcufinder\plugins\mcufinder
2023-09-24 16:38:39,258 [INFO] CrossReferenceDbSqlite:196 - Set database path to: C:\Users\LEGION\.stmcufinder\plugins\mcufinder//mcu/cs/
2023-09-24 16:38:39,258 [WARN] DbFile:36 - Overriding database path with different value: C:\Users\LEGION\.stmcufinder\plugins\mcufinder/ => C:\Users\LEGION\.stmcufinder\plugins\mcufinder
2023-09-24 16:38:39,258 [INFO] DbExamplesSqlite:800 - Set database path to: C:\Users\LEGION\.stmcufinder\plugins\mcufinder//mcu/
2023-09-24 16:38:39,312 [INFO] MainPanel:189 - HeapMemory: 268435456
2023-09-24 16:38:39,382 [INFO] DbMcusXml:70 - Set database path to: C:\ST\STM32CubeIDE_1.4.0\STM32CubeIDE\plugins\com.st.stm32cube.common.mx_6.0.0.202007160824\\db\/mcu/
2023-09-24 16:38:39,382 [INFO] DbBoardsPdsc:56 - Set plugin database path to: C:\ST\STM32CubeIDE_1.4.0\STM32CubeIDE\plugins\com.st.stm32cube.common.mx_6.0.0.202007160824\\db\/plugins/boardmanager/
2023-09-24 16:38:39,382 [INFO] DbMcus:258 - Set plugin images path to: C:\ST\STM32CubeIDE_1.4.0\STM32CubeIDE\plugins\com.st.stm32cube.common.mx_6.0.0.202007160824\\db\/plugins/mcufinder/images/
2023-09-24 16:38:39,383 [INFO] DbBoards:264 - Set plugin images path to: C:\ST\STM32CubeIDE_1.4.0\STM32CubeIDE\plugins\com.st.stm32cube.common.mx_6.0.0.202007160824\\db\/plugins/mcufinder/images/
2023-09-24 16:38:39,383 [INFO] DbExamples:326 - Set plugin images path to: C:\ST\STM32CubeIDE_1.4.0\STM32CubeIDE\plugins\com.st.stm32cube.common.mx_6.0.0.202007160824\\db\/plugins/mcufinder/images/
2023-09-24 16:38:39,383 [WARN] DbFile:36 - Overriding database path with different value: C:\Users\LEGION\.stmcufinder\plugins\mcufinder/ => C:\Users\LEGION\.stmcufinder\plugins\mcufinder
2023-09-24 16:38:39,383 [INFO] DbMcusDocs:112 - Set database path to: C:\Users\LEGION\.stmcufinder\plugins\mcufinder//mcu/
2023-09-24 16:38:39,383 [WARN] DbFile:36 - Overriding database path with different value: C:\Users\LEGION\.stmcufinder\plugins\mcufinder/ => C:\Users\LEGION\.stmcufinder\plugins\mcufinder
2023-09-24 16:38:39,384 [INFO] DbMcusJson:63 - Set database path to: C:\Users\LEGION\.stmcufinder\plugins\mcufinder//mcu/
2023-09-24 16:38:39,384 [WARN] DbFile:36 - Overriding database path with different value: C:\Users\LEGION\.stmcufinder\plugins\mcufinder/ => C:\Users\LEGION\.stmcufinder\plugins\mcufinder
2023-09-24 16:38:39,384 [INFO] DbBoardsDocs:112 - Set database path to: C:\Users\LEGION\.stmcufinder\plugins\mcufinder//mcu/
2023-09-24 16:38:39,384 [WARN] DbFile:36 - Overriding database path with different value: C:\Users\LEGION\.stmcufinder\plugins\mcufinder/ => C:\Users\LEGION\.stmcufinder\plugins\mcufinder
2023-09-24 16:38:39,384 [INFO] DbBoardsJson:56 - Set database path to: C:\Users\LEGION\.stmcufinder\plugins\mcufinder//mcu/
2023-09-24 16:38:39,384 [WARN] DbFile:36 - Overriding database path with different value: C:\Users\LEGION\.stmcufinder\plugins\mcufinder/ => C:\Users\LEGION\.stmcufinder\plugins\mcufinder
2023-09-24 16:38:39,384 [WARN] DbFile:36 - Overriding database path with different value: C:\Users\LEGION\.stmcufinder\plugins\mcufinder/ => C:\Users\LEGION\.stmcufinder\plugins\mcufinder
2023-09-24 16:38:39,384 [INFO] CrossReferenceDbSqlite:196 - Set database path to: C:\Users\LEGION\.stmcufinder\plugins\mcufinder//mcu/cs/
2023-09-24 16:38:39,384 [WARN] DbFile:36 - Overriding database path with different value: C:\Users\LEGION\.stmcufinder\plugins\mcufinder/ => C:\Users\LEGION\.stmcufinder\plugins\mcufinder
2023-09-24 16:38:39,385 [INFO] DbExamplesSqlite:800 - Set database path to: C:\Users\LEGION\.stmcufinder\plugins\mcufinder//mcu/
2023-09-24 16:38:39,400 [INFO] ApplicationProperties:181 - Using Application install path: C:\ST\STM32CubeIDE_1.4.0\STM32CubeIDE\plugins\com.st.stm32cube.common.mx_6.0.0.202007160824
2023-09-24 16:38:39,401 [INFO] PluginManage:178 - Search for loadable plugins [exclusion list=, ]
2023-09-24 16:38:39,403 [INFO] PluginManage:292 - Check plugin analytics
2023-09-24 16:38:54,730 [INFO] AnalyticsPlugin:203 - Accepted Software Licenses: 
2023-09-24 16:38:54,730 [INFO] AnalyticsPlugin:205 - Accepted CMSIS Pack Licenses: 
2023-09-24 16:38:54,731 [INFO] AnalyticsPlugin:207 - Accepted Firmware Licenses: 
2023-09-24 16:38:54,732 [INFO] PluginManage:342 - Loaded plugin analytics (category:tool,tabindex:-1)
2023-09-24 16:38:54,732 [INFO] PluginManage:292 - Check plugin clock
2023-09-24 16:38:54,760 [INFO] PluginManage:342 - Loaded plugin clock (category:base,tabindex:2)
2023-09-24 16:38:54,760 [INFO] PluginManage:292 - Check plugin ddr
2023-09-24 16:38:54,763 [INFO] PluginManage:342 - Loaded plugin ddr (category:tool,tabindex:6)
2023-09-24 16:38:54,763 [INFO] PluginManage:292 - Check plugin filemanager
2023-09-24 16:38:54,900 [INFO] PluginManage:342 - Loaded plugin filemanager (category:base,tabindex:10)
2023-09-24 16:38:54,900 [INFO] PluginManage:292 - Check plugin ipmanager
2023-09-24 16:38:54,907 [INFO] PluginManage:342 - Loaded plugin ipmanager (category:base,tabindex:5)
2023-09-24 16:38:54,907 [INFO] PluginManage:292 - Check plugin pinoutandconfiguration
2023-09-24 16:38:54,927 [INFO] PluginManage:342 - Loaded plugin pinoutandconfiguration (category:base,tabindex:1)
2023-09-24 16:38:54,927 [INFO] PluginManage:292 - Check plugin pinoutconfig
2023-09-24 16:38:54,962 [INFO] PluginManage:342 - Loaded plugin pinoutconfig (category:base,tabindex:0)
2023-09-24 16:38:54,962 [INFO] PluginManage:292 - Check plugin power
2023-09-24 16:38:54,981 [INFO] PluginManage:342 - Loaded plugin power (category:power,tabindex:4)
2023-09-24 16:38:54,981 [INFO] PluginManage:292 - Check plugin projectmanager
2023-09-24 16:38:54,996 [INFO] PluginManage:342 - Loaded plugin projectmanager (category:projectmanager,tabindex:3)
2023-09-24 16:38:54,996 [INFO] PluginManage:292 - Check plugin thirdparty
2023-09-24 16:38:55,142 [INFO] ThirdPartyDb:333 - Open Third Party DataBase File (C:/Users/LEGION/.stm32cubemx/plugins/thirdparty/db/thirdparties_db.xml) : 58 ms. number of Sw pack : 48
2023-09-24 16:38:55,146 [INFO] PluginManage:342 - Loaded plugin thirdparty (category:base,tabindex:-1)
2023-09-24 16:38:55,146 [INFO] PluginManage:292 - Check plugin tools
2023-09-24 16:38:55,205 [INFO] PluginManage:342 - Loaded plugin tools (category:base,tabindex:7)
2023-09-24 16:38:55,205 [INFO] PluginManage:292 - Check plugin tutovideos
2023-09-24 16:38:55,402 [INFO] PluginManage:342 - Loaded plugin tutovideos (category:base,tabindex:-1)
2023-09-24 16:38:55,402 [INFO] PluginManage:292 - Check plugin updater
2023-09-24 16:38:55,415 [INFO] PluginManage:342 - Loaded plugin updater (category:base,tabindex:12)
2023-09-24 16:38:55,415 [INFO] PluginManage:265 - PluginManage : Loaded plugins [13]
2023-09-24 16:38:55,555 [INFO] PinOutPanel:1418 - setPackage(No Configuration,No Configuration)
2023-09-24 16:38:55,641 [INFO] IPUIPlugin:64 - create IPUIPlugin
2023-09-24 16:38:55,641 [INFO] PluginManager:200 - loadIPPluginJar : add adc
2023-09-24 16:38:55,696 [INFO] IPUIPlugin:64 - create IPUIPlugin
2023-09-24 16:38:55,696 [INFO] PluginManager:200 - loadIPPluginJar : add aes
2023-09-24 16:38:55,743 [INFO] IPUIPlugin:64 - create IPUIPlugin
2023-09-24 16:38:55,744 [INFO] PluginManager:200 - loadIPPluginJar : add can
2023-09-24 16:38:55,773 [INFO] IPUIPlugin:64 - create IPUIPlugin
2023-09-24 16:38:55,773 [INFO] PluginManager:200 - loadIPPluginJar : add comp
2023-09-24 16:38:55,805 [INFO] IPUIPlugin:64 - create IPUIPlugin
2023-09-24 16:38:55,805 [INFO] PluginManager:200 - loadIPPluginJar : add cryp
2023-09-24 16:38:55,839 [INFO] IPUIPlugin:64 - create IPUIPlugin
2023-09-24 16:38:55,839 [INFO] PluginManager:200 - loadIPPluginJar : add dfsdm
2023-09-24 16:38:55,851 [INFO] IPUIPlugin:64 - create IPUIPlugin
2023-09-24 16:38:55,851 [INFO] PluginManager:200 - loadIPPluginJar : add dma
2023-09-24 16:38:55,879 [INFO] IPUIPlugin:64 - create IPUIPlugin
2023-09-24 16:38:55,879 [INFO] PluginManager:200 - loadIPPluginJar : add fatfs
2023-09-24 16:38:55,945 [INFO] IPUIPlugin:64 - create IPUIPlugin
2023-09-24 16:38:55,946 [INFO] PluginManager:200 - loadIPPluginJar : add fmc
2023-09-24 16:38:55,963 [INFO] IPUIPlugin:64 - create IPUIPlugin
2023-09-24 16:38:55,964 [INFO] PluginManager:200 - loadIPPluginJar : add freertos
2023-09-24 16:38:55,995 [INFO] IPUIPlugin:64 - create IPUIPlugin
2023-09-24 16:38:55,996 [INFO] PluginManager:200 - loadIPPluginJar : add genericplugin
2023-09-24 16:38:56,105 [INFO] IPUIPlugin:64 - create IPUIPlugin
2023-09-24 16:38:56,105 [INFO] PluginManager:200 - loadIPPluginJar : add gfxmmu
2023-09-24 16:38:56,264 [INFO] IPUIPlugin:64 - create IPUIPlugin
2023-09-24 16:38:56,264 [INFO] PluginManager:200 - loadIPPluginJar : add gic
2023-09-24 16:38:56,276 [INFO] IPUIPlugin:64 - create IPUIPlugin
2023-09-24 16:38:56,276 [INFO] PluginManager:200 - loadIPPluginJar : add gpio
2023-09-24 16:38:56,337 [INFO] IPUIPlugin:64 - create IPUIPlugin
2023-09-24 16:38:56,338 [INFO] PluginManager:200 - loadIPPluginJar : add gtzc
2023-09-24 16:38:56,372 [INFO] IPUIPlugin:64 - create IPUIPlugin
2023-09-24 16:38:56,372 [INFO] PluginManager:200 - loadIPPluginJar : add hash
2023-09-24 16:38:56,422 [INFO] IPUIPlugin:64 - create IPUIPlugin
2023-09-24 16:38:56,422 [INFO] PluginManager:200 - loadIPPluginJar : add i2c
2023-09-24 16:38:56,460 [INFO] IPUIPlugin:64 - create IPUIPlugin
2023-09-24 16:38:56,460 [INFO] PluginManager:200 - loadIPPluginJar : add i2s
2023-09-24 16:38:56,470 [INFO] IPUIPlugin:64 - create IPUIPlugin
2023-09-24 16:38:56,470 [INFO] PluginManager:200 - loadIPPluginJar : add ipddr
2023-09-24 16:38:56,507 [INFO] IPUIPlugin:64 - create IPUIPlugin
2023-09-24 16:38:56,508 [INFO] PluginManager:200 - loadIPPluginJar : add ltdc
2023-09-24 16:38:56,517 [INFO] IPUIPlugin:64 - create IPUIPlugin
2023-09-24 16:38:56,518 [INFO] PluginManager:200 - loadIPPluginJar : add mdma
2023-09-24 16:38:56,528 [INFO] IPUIPlugin:64 - create IPUIPlugin
2023-09-24 16:38:56,528 [INFO] PluginManager:200 - loadIPPluginJar : add nvic
2023-09-24 16:38:56,561 [INFO] IPUIPlugin:64 - create IPUIPlugin
2023-09-24 16:38:56,561 [INFO] PluginManager:200 - loadIPPluginJar : add opamp
2023-09-24 16:38:56,614 [INFO] IPUIPlugin:64 - create IPUIPlugin
2023-09-24 16:38:56,614 [INFO] PluginManager:200 - loadIPPluginJar : add openamp
2023-09-24 16:38:56,666 [INFO] IPUIPlugin:64 - create IPUIPlugin
2023-09-24 16:38:56,666 [INFO] PluginManager:200 - loadIPPluginJar : add pdm2pcm
2023-09-24 16:38:56,684 [INFO] IPUIPlugin:64 - create IPUIPlugin
2023-09-24 16:38:56,686 [INFO] PluginManager:200 - loadIPPluginJar : add plateformsettings
2023-09-24 16:38:56,709 [INFO] IPUIPlugin:64 - create IPUIPlugin
2023-09-24 16:38:56,710 [INFO] PluginManager:200 - loadIPPluginJar : add quadspi
2023-09-24 16:38:56,720 [INFO] IPUIPlugin:64 - create IPUIPlugin
2023-09-24 16:38:56,720 [INFO] PluginManager:200 - loadIPPluginJar : add resmgrutility
2023-09-24 16:38:56,768 [INFO] IPUIPlugin:64 - create IPUIPlugin
2023-09-24 16:38:56,769 [INFO] PluginManager:200 - loadIPPluginJar : add sai
2023-09-24 16:38:56,806 [INFO] IPUIPlugin:64 - create IPUIPlugin
2023-09-24 16:38:56,806 [INFO] PluginManager:200 - loadIPPluginJar : add spi
2023-09-24 16:38:56,849 [INFO] IPUIPlugin:64 - create IPUIPlugin
2023-09-24 16:38:56,849 [INFO] PluginManager:200 - loadIPPluginJar : add stm32_wpan
2023-09-24 16:38:56,875 [INFO] IPUIPlugin:64 - create IPUIPlugin
2023-09-24 16:38:56,875 [INFO] PluginManager:200 - loadIPPluginJar : add tim
2023-09-24 16:38:56,932 [INFO] IPUIPlugin:64 - create IPUIPlugin
2023-09-24 16:38:56,932 [INFO] PluginManager:200 - loadIPPluginJar : add touchsensing
2023-09-24 16:38:56,958 [INFO] IPUIPlugin:64 - create IPUIPlugin
2023-09-24 16:38:56,958 [INFO] PluginManager:200 - loadIPPluginJar : add tracer_emb
2023-09-24 16:38:56,990 [INFO] IPUIPlugin:64 - create IPUIPlugin
2023-09-24 16:38:56,990 [INFO] PluginManager:200 - loadIPPluginJar : add ts
2023-09-24 16:38:57,016 [INFO] IPUIPlugin:64 - create IPUIPlugin
2023-09-24 16:38:57,016 [INFO] PluginManager:200 - loadIPPluginJar : add tsc
2023-09-24 16:38:57,043 [INFO] IPUIPlugin:64 - create IPUIPlugin
2023-09-24 16:38:57,043 [INFO] PluginManager:200 - loadIPPluginJar : add ucpd
2023-09-24 16:38:57,086 [INFO] IPUIPlugin:64 - create IPUIPlugin
2023-09-24 16:38:57,086 [INFO] PluginManager:200 - loadIPPluginJar : add usart
2023-09-24 16:38:57,866 [INFO] CubeProgrammer:457 - [DDR PANEL] - PathOfProgrammer: null
2023-09-24 16:38:58,472 [FATAL] Updater:282 - Updater called before beeing initialized
2023-09-24 16:38:58,613 [FATAL] Updater:282 - Updater called before beeing initialized
2023-09-24 16:38:58,613 [WARN] ThirdParty:775 - waiting for thirdparty lock release [close project]
2023-09-24 16:38:58,613 [INFO] ThirdParty:777 - entering critical section [close project]
2023-09-24 16:38:58,614 [INFO] ThirdParty:790 - exiting critical section [close project]
2023-09-24 16:38:58,616 [INFO] PinOutPanel:1418 - setPackage(No Configuration,No Configuration)
2023-09-24 16:38:58,616 [FATAL] Updater:282 - Updater called before beeing initialized
2023-09-24 16:38:58,626 [ERROR] Updater:967 - MainUpdater not yet initialized. External WinMGr cannot be set.
2023-09-24 16:38:58,627 [INFO] CubeProgrammer:457 - [DDR PANEL] - PathOfProgrammer: C:\ST\STM32CubeIDE_1.4.0\STM32CubeIDE\plugins\com.st.stm32cube.ide.mcu.externaltools.cubeprogrammer.win32_1.4.0.202007081208\tools\bin
2023-09-24 16:38:58,630 [INFO] ProgrammerExecThread:148 - [ProgrammerAPI] CubeProgrammer command construction: C:\ST\STM32CubeIDE_1.4.0\STM32CubeIDE\plugins\com.st.stm32cube.ide.mcu.externaltools.cubeprogrammer.win32_1.4.0.202007081208\tools\bin\STM32_Programmer_CLI.exe -l
2023-09-24 16:38:58,959 [INFO] MainDdrPanel:49 - [DDR PANEL] SETTER - Set cubeProgrammerPath to: C:\ST\STM32CubeIDE_1.4.0\STM32CubeIDE\plugins\com.st.stm32cube.ide.mcu.externaltools.cubeprogrammer.win32_1.4.0.202007081208\tools\bin
2023-09-24 16:38:59,063 [INFO] Updater:904 - Updater Version found : 6.0.0
2023-09-24 16:38:59,078 [INFO] ApplicationProperties:181 - Using Application install path: C:\ST\STM32CubeIDE_1.4.0\STM32CubeIDE\plugins\com.st.stm32cube.common.mx_6.0.0.202007160824
2023-09-24 16:39:09,431 [WARN] ServerAccessManage:1026 - Warning during Server Connexion :  timeout Read timed out
2023-09-24 16:39:11,457 [WARN] ServerAccessManage:1026 - Warning during Server Connexion :  timeout Read timed out
2023-09-24 16:39:13,478 [WARN] ServerAccessManage:1026 - Warning during Server Connexion :  timeout Read timed out
2023-09-24 16:39:15,487 [WARN] ServerAccessManage:1026 - Warning during Server Connexion :  timeout Read timed out
2023-09-24 16:39:15,488 [INFO] MainUpdater:2268 - connection check result : 22
2023-09-24 16:39:15,489 [INFO] MainUpdater:239 - Updater Check For Update Now.
2023-09-24 16:39:15,489 [INFO] MicroXplorer:414 - Change Database Version : DB.6.0.0
2023-09-24 16:39:15,560 [INFO] CheckServerUpdateThread:102 - End of CheckServer Thread
2023-09-24 16:39:16,177 [WARN] IntegrityCheckThread:61 - waiting for thirdparty lock release [integrity check]
2023-09-24 16:39:16,177 [INFO] IntegrityCheckThread:63 - entering critical section [integrity check]
2023-09-24 16:39:16,177 [WARN] MainUpdater:1087 - Updater busy. Cannot search thirdparties
2023-09-24 16:39:16,647 [WARN] ServerAccessManage:1026 - Warning during Server Connexion :  timeout Read timed out
2023-09-24 16:39:17,659 [WARN] ServerAccessManage:1026 - Warning during Server Connexion :  timeout Read timed out
2023-09-24 16:39:18,673 [WARN] ServerAccessManage:1026 - Warning during Server Connexion :  timeout Read timed out
2023-09-24 16:39:19,185 [WARN] MainUpdater:1087 - Updater busy. Cannot search thirdparties
2023-09-24 16:39:19,687 [WARN] ServerAccessManage:1026 - Warning during Server Connexion :  timeout Read timed out
2023-09-24 16:39:19,688 [INFO] MainUpdater:2268 - connection check result : 22
2023-09-24 16:39:22,433 [INFO] ThirdPartyDb:299 - Save Third Party DataBase File (C:/Users/LEGION/.stm32cubemx/plugins/thirdparty/db/thirdparties_db.xml) [forced]
2023-09-24 16:39:22,480 [INFO] ThirdPartyDb:299 - Save Third Party DataBase File (C:/Users/LEGION/.stm32cubemx/plugins/thirdparty/db/thirdparties_db.xml) [forced]
2023-09-24 16:39:22,545 [INFO] IntegrityCheckThread:76 - exiting critical section [integrity check]
2023-09-24 16:39:22,545 [INFO] IntegrityCheckThread:79 - End integrity checks thread
2023-09-24 16:39:58,841 [INFO] RetryExec:97 - I/O exception (org.apache.http.NoHttpResponseException) caught when processing request to {}->http://sw-center.st.com:80: The target server failed to respond
2023-09-24 16:39:58,843 [INFO] RetryExec:113 - Retrying request to {}->http://sw-center.st.com:80
2023-09-24 16:40:44,958 [ERROR] ServerAccessManage:1004 - Warning during Server Connexion :  Unknown host sw-center.st.com
2023-09-24 16:40:57,045 [WARN] ServerAccessManage:1026 - Warning during Server Connexion :  timeout Read timed out
2023-09-24 16:40:58,058 [WARN] ServerAccessManage:1026 - Warning during Server Connexion :  timeout Read timed out
2023-09-24 16:40:58,059 [INFO] MainUpdater:2268 - connection check result : 22
2023-09-24 16:41:10,139 [INFO] McuFinderGlobals:40 - Set McuFinder mode to 2 (CubeIDE integrated)
2023-09-24 16:41:10,273 [INFO] CrossSelectorPresenter:1330 - Cross Selector saved comparison directory: C:\Users\LEGION\.stmcufinder\plugins\mcufinder\mcu\cs_comparisons_mx
2023-09-24 16:41:10,277 [INFO] MultiScanPanel:193 - Auto-refresh data requested => check proxy status ongoing
2023-09-24 16:41:10,279 [INFO] FinderPluginLoader:87 - Searching for filters in installed packs
2023-09-24 16:41:10,280 [INFO] DbMcusXml:100 - Load MCU database from C:\ST\STM32CubeIDE_1.4.0\STM32CubeIDE\plugins\com.st.stm32cube.common.mx_6.0.0.202007160824\\db\/mcu/families.xml
2023-09-24 16:41:10,822 [INFO] DbMcusJson:92 - JSON generation date=Tue Nov 16 18:17:54 EET 2021 (1637079474)
2023-09-24 16:41:11,423 [INFO] DbMcus:175 - Found 1761 MCUs (1722 are supported by CubeMX, 1911 are visible in CubeMX)
2023-09-24 16:41:11,423 [INFO] ApiDb:201 - Load user favorites file C:\Users\LEGION/.stm32cubeide/favorites.mcus.txt: 0 item(s)
2023-09-24 16:41:11,424 [INFO] ApiDb:205 - User favorites MCUs=[]
2023-09-24 16:41:11,424 [INFO] DbMcus:187 - Set 0 / 0 favorites MCUs
2023-09-24 16:41:11,971 [INFO] McuFilterPanel:245 - Update 0 favorites MCUs
2023-09-24 16:41:12,041 [INFO] DbBoardsPdsc:94 - Found 23 items
2023-09-24 16:41:12,049 [INFO] DbBoardsPdsc:94 - Found 9 items
2023-09-24 16:41:12,060 [INFO] DbBoardsPdsc:94 - Found 29 items
2023-09-24 16:41:12,068 [INFO] DbBoardsPdsc:94 - Found 1 items
2023-09-24 16:41:12,080 [INFO] DbBoardsPdsc:94 - Found 44 items
2023-09-24 16:41:12,092 [INFO] DbBoardsPdsc:94 - Found 40 items
2023-09-24 16:41:12,101 [INFO] DbBoardsPdsc:94 - Found 2 items
2023-09-24 16:41:12,109 [INFO] DbBoardsPdsc:94 - Found 4 items
2023-09-24 16:41:12,114 [WARN] DbBoardsPdsc:258 - Board STM32H7B3I-DK: unknown feature type=Audio, name=, username=Audio stereo codec with Headphone Amp (CS42L51-CNZ), n=1
2023-09-24 16:41:12,114 [WARN] DbBoardsPdsc:258 - Board STM32H735G-DK: unknown feature type=Audio, name=, username=Audio stereo codec with Headphone Amp (WM8994ECS/R), n=1
2023-09-24 16:41:12,115 [WARN] DbBoardsPdsc:258 - Board STM32H7B3I-EVAL: unknown feature type=Audio, name=, username=Multi-Channel Audio Codec (CS42L51-CNZ), n=1
2023-09-24 16:41:12,115 [WARN] DbBoardsPdsc:258 - Board STM32H7B3I-EVAL: unknown feature type=Meter, name=, username=Power-metering and Temperature-monitoring with sigma-delta modulators, n=1
2023-09-24 16:41:12,115 [WARN] DbBoardsPdsc:258 - Board STM32H7B3I-EVAL: unknown feature type=Motor, name=, username=Motor Control, n=1
2023-09-24 16:41:12,159 [INFO] DbBoardsJson:85 - JSON generation date=Tue Nov 16 18:17:54 EET 2021 (1637079474)
2023-09-24 16:41:12,164 [INFO] DbBoards:117 - Found 166 boards (149 are supported by CubeMX)
2023-09-24 16:41:12,177 [INFO] DbBoardsDocs:145 - JSON generation date=Tue Nov 16 18:17:54 EET 2021 (1637079474)
2023-09-24 16:41:12,183 [INFO] DbBoardsDocs:81 - Found 209 boards documents
2023-09-24 16:41:12,184 [WARN] DbBoards:127 - board B-L475E-IOT01A2 has no document id list !
2023-09-24 16:41:12,185 [WARN] DbBoards:127 - board NUCLEO-H743ZI has no document id list !
2023-09-24 16:41:12,186 [WARN] DbBoards:127 - board P-NUCLEO-WB55-Nucleo has no document id list !
2023-09-24 16:41:12,187 [WARN] DbBoards:127 - board P-NUCLEO-WB55-USBDongle has no document id list !
2023-09-24 16:41:12,187 [WARN] DbBoards:127 - board STEVAL-BFA001V1B has no document id list !
2023-09-24 16:41:12,187 [WARN] DbBoards:127 - board STEVAL-BFA001V2B has no document id list !
2023-09-24 16:41:12,187 [WARN] DbBoards:127 - board STEVAL-IDP005V1 has no document id list !
2023-09-24 16:41:12,187 [WARN] DbBoards:127 - board STEVAL-IDP005V2 has no document id list !
2023-09-24 16:41:12,187 [WARN] DbBoards:127 - board STEVAL-MKSBOX1V1 has no document id list !
2023-09-24 16:41:12,187 [WARN] DbBoards:127 - board STEVAL-STWINKT1 has no document id list !
2023-09-24 16:41:12,187 [WARN] DbBoards:127 - board STEVAL-STWINKT1B has no document id list !
2023-09-24 16:41:12,188 [WARN] DbBoards:127 - board STM32439I-EVAL2 has no document id list !
2023-09-24 16:41:12,188 [WARN] DbBoards:127 - board STM32F401C-DISCO has no document id list !
2023-09-24 16:41:12,189 [WARN] DbBoards:127 - board STM32F769I-DISC1 has no document id list !
2023-09-24 16:41:12,190 [WARN] DbBoards:127 - board STM32G474E-EVAL1 has no document id list !
2023-09-24 16:41:12,190 [WARN] DbBoards:127 - board STM32H743I-EVAL2 has no document id list !
2023-09-24 16:41:12,190 [WARN] DbBoards:127 - board STM32H747I-DISC1 has no document id list !
2023-09-24 16:41:12,190 [WARN] DbBoards:127 - board STM32H753I-EVAL2 has no document id list !
2023-09-24 16:41:12,190 [WARN] DbBoards:127 - board STM32L-DISCOVERY has no document id list !
2023-09-24 16:41:12,279 [ERROR] DbBoards:189 - Image file not found for board B-L462E-CELL1: C:\ST\STM32CubeIDE_1.4.0\STM32CubeIDE\plugins\com.st.stm32cube.common.mx_6.0.0.202007160824\\db\/plugins/mcufinder/images/boards/B-L462E-CELL1_small.jpg
2023-09-24 16:41:12,312 [ERROR] DbBoards:189 - Image file not found for board B-U585I-IOT02A: C:\ST\STM32CubeIDE_1.4.0\STM32CubeIDE\plugins\com.st.stm32cube.common.mx_6.0.0.202007160824\\db\/plugins/mcufinder/images/boards/B-U585I-IOT02A_small.jpg
2023-09-24 16:41:12,374 [ERROR] DbBoards:189 - Image file not found for board NUCLEO-F413ZH: C:\ST\STM32CubeIDE_1.4.0\STM32CubeIDE\plugins\com.st.stm32cube.common.mx_6.0.0.202007160824\\db\/plugins/mcufinder/images/boards/nucleo-f413zh_small.jpg
2023-09-24 16:41:12,479 [ERROR] DbBoards:189 - Image file not found for board NUCLEO-L552ZE-Q: C:\ST\STM32CubeIDE_1.4.0\STM32CubeIDE\plugins\com.st.stm32cube.common.mx_6.0.0.202007160824\\db\/plugins/mcufinder/images/boards/nucleo_l552ze_q_small.jpg
2023-09-24 16:41:12,479 [ERROR] DbBoards:189 - Image file not found for board NUCLEO-U575ZI-Q: C:\ST\STM32CubeIDE_1.4.0\STM32CubeIDE\plugins\com.st.stm32cube.common.mx_6.0.0.202007160824\\db\/plugins/mcufinder/images/boards/nucleo-u575zi-q_small.jpg
2023-09-24 16:41:12,480 [ERROR] DbBoards:189 - Image file not found for board NUCLEO-WB15CC: C:\ST\STM32CubeIDE_1.4.0\STM32CubeIDE\plugins\com.st.stm32cube.common.mx_6.0.0.202007160824\\db\/plugins/mcufinder/images/boards/nucleo-wb15cc_small.jpg
2023-09-24 16:41:12,480 [ERROR] DbBoards:189 - Image file not found for board NUCLEO-WB55RG: C:\ST\STM32CubeIDE_1.4.0\STM32CubeIDE\plugins\com.st.stm32cube.common.mx_6.0.0.202007160824\\db\/plugins/mcufinder/images/boards/nucleo-wb55rg_small.jpg
2023-09-24 16:41:12,480 [ERROR] DbBoards:189 - Image file not found for board NUCLEO-WL55JC: C:\ST\STM32CubeIDE_1.4.0\STM32CubeIDE\plugins\com.st.stm32cube.common.mx_6.0.0.202007160824\\db\/plugins/mcufinder/images/boards/nucleo-wl55jc-small.jpg
2023-09-24 16:41:12,617 [ERROR] DbBoards:189 - Image file not found for board STEVAL-STWINKT1B: C:\ST\STM32CubeIDE_1.4.0\STM32CubeIDE\plugins\com.st.stm32cube.common.mx_6.0.0.202007160824\\db\/plugins/mcufinder/images/boards/steval-stwinkt1b_small.jpg
2023-09-24 16:41:12,884 [ERROR] DbBoards:189 - Image file not found for board STM32G0C1E-EV: C:\ST\STM32CubeIDE_1.4.0\STM32CubeIDE\plugins\com.st.stm32cube.common.mx_6.0.0.202007160824\\db\/plugins/mcufinder/images/boards/stm32g0c1e-eval_small.jpg
2023-09-24 16:41:12,969 [ERROR] DbBoards:189 - Image file not found for board STM32H7B3I-EVAL: C:\ST\STM32CubeIDE_1.4.0\STM32CubeIDE\plugins\com.st.stm32cube.common.mx_6.0.0.202007160824\\db\/plugins/mcufinder/images/boards/stm32h7b3ieval_small.jpg
2023-09-24 16:41:13,132 [ERROR] DbBoards:189 - Image file not found for board STM32U575I-EV: C:\ST\STM32CubeIDE_1.4.0\STM32CubeIDE\plugins\com.st.stm32cube.common.mx_6.0.0.202007160824\\db\/plugins/mcufinder/images/boards/stm32u575i-ev_small.jpg
2023-09-24 16:41:13,161 [ERROR] DbBoards:189 - Image file not found for board STM32WB5MM-DK: C:\ST\STM32CubeIDE_1.4.0\STM32CubeIDE\plugins\com.st.stm32cube.common.mx_6.0.0.202007160824\\db\/plugins/mcufinder/images/boards/STM32WB5MM-DK_small.jpg
2023-09-24 16:41:13,162 [INFO] ApiDb:201 - Load user favorites file C:\Users\LEGION/.stm32cubeide/favorites.boards.txt: 0 item(s)
2023-09-24 16:41:13,162 [INFO] ApiDb:205 - User favorites Boards=[]
2023-09-24 16:41:13,162 [INFO] DbBoards:206 - Set 0 / 0 favorites Boards
2023-09-24 16:43:04,088 [INFO] DbMcusDocs:145 - JSON generation date=Tue Nov 16 18:17:54 EET 2021 (1637079474)
2023-09-24 16:43:04,299 [INFO] DbMcusDocs:81 - Found 682 MCUs documents
2023-09-24 16:43:11,144 [INFO] GuiUtils:203 - Cannot open the file :C:/Users/LEGION/STM32Cube/Repository/\/DS5936.pdf using Desktop.
java.lang.IllegalArgumentException: The file: C:\Users\LEGION\STM32Cube\Repository\DS5936.pdf doesn't exist.
	at java.awt.Desktop.checkFileValidation(Desktop.java:208)
	at java.awt.Desktop.open(Desktop.java:267)
	at com.st.components.swing.GuiUtils.editFile(GuiUtils.java:200)
	at com.st.microxplorer.mcufinder.gui.mcuselector.McuDetailPanel.propertyChange(McuDetailPanel.java:592)
	at java.beans.PropertyChangeSupport.fire(PropertyChangeSupport.java:335)
	at java.beans.PropertyChangeSupport.firePropertyChange(PropertyChangeSupport.java:327)
	at java.beans.PropertyChangeSupport.firePropertyChange(PropertyChangeSupport.java:263)
	at com.st.microxplorer.mcufinder.gui.mcuselector.McuDatasheetAction.actionPerformed(McuActions.java:141)
	at javax.swing.AbstractButton.fireActionPerformed(AbstractButton.java:2022)
	at javax.swing.AbstractButton$Handler.actionPerformed(AbstractButton.java:2348)
	at javax.swing.DefaultButtonModel.fireActionPerformed(DefaultButtonModel.java:402)
	at javax.swing.DefaultButtonModel.setPressed(DefaultButtonModel.java:259)
	at javax.swing.plaf.basic.BasicButtonListener.mouseReleased(BasicButtonListener.java:252)
	at java.awt.AWTEventMulticaster.mouseReleased(AWTEventMulticaster.java:289)
	at java.awt.Component.processMouseEvent(Component.java:6539)
	at javax.swing.JComponent.processMouseEvent(JComponent.java:3324)
	at java.awt.Component.processEvent(Component.java:6304)
	at java.awt.Container.processEvent(Container.java:2239)
	at java.awt.Component.dispatchEventImpl(Component.java:4889)
	at java.awt.Container.dispatchEventImpl(Container.java:2297)
	at java.awt.Component.dispatchEvent(Component.java:4711)
	at java.awt.LightweightDispatcher.retargetMouseEvent(Container.java:4904)
	at java.awt.LightweightDispatcher.processMouseEvent(Container.java:4535)
	at java.awt.LightweightDispatcher.dispatchEvent(Container.java:4476)
	at java.awt.Container.dispatchEventImpl(Container.java:2283)
	at java.awt.Component.dispatchEvent(Component.java:4711)
	at java.awt.EventQueue.dispatchEventImpl(EventQueue.java:760)
	at java.awt.EventQueue.access$500(EventQueue.java:97)
	at java.awt.EventQueue$3.run(EventQueue.java:709)
	at java.awt.EventQueue$3.run(EventQueue.java:703)
	at java.security.AccessController.doPrivileged(Native Method)
	at java.security.ProtectionDomain$JavaSecurityAccessImpl.doIntersectionPrivilege(ProtectionDomain.java:74)
	at java.security.ProtectionDomain$JavaSecurityAccessImpl.doIntersectionPrivilege(ProtectionDomain.java:84)
	at java.awt.EventQueue$4.run(EventQueue.java:733)
	at java.awt.EventQueue$4.run(EventQueue.java:731)
	at java.security.AccessController.doPrivileged(Native Method)
	at java.security.ProtectionDomain$JavaSecurityAccessImpl.doIntersectionPrivilege(ProtectionDomain.java:74)
	at java.awt.EventQueue.dispatchEvent(EventQueue.java:730)
	at java.awt.EventDispatchThread.pumpOneEventForFilters(EventDispatchThread.java:205)
	at java.awt.EventDispatchThread.pumpEventsForFilter(EventDispatchThread.java:116)
	at java.awt.EventDispatchThread.pumpEventsForHierarchy(EventDispatchThread.java:105)
	at java.awt.EventDispatchThread.pumpEvents(EventDispatchThread.java:101)
	at java.awt.EventDispatchThread.pumpEvents(EventDispatchThread.java:93)
	at java.awt.EventDispatchThread.run(EventDispatchThread.java:82)
2023-09-24 16:43:11,263 [INFO] McuAction:142 - Datasheet
2023-09-24 16:43:22,125 [ERROR] McuDetailPanel:624 - No block diagram available for MCU STM32F103C6Tx
2023-09-24 16:43:22,125 [INFO] McuAction:183 - Block Diagram
2023-09-24 16:46:02,509 [INFO] LogOutputStream:76 - [STDOUT_REDIRECT] withoutVersionV1.8.4
2023-09-24 16:46:02,509 [INFO] LogOutputStream:76 - [STDOUT_REDIRECT] withoutVersionV1.8.3
2023-09-24 16:46:02,509 [INFO] LogOutputStream:76 - [STDOUT_REDIRECT] withoutVersionV1.8.2
2023-09-24 16:46:02,510 [INFO] LogOutputStream:76 - [STDOUT_REDIRECT] withoutVersionV1.8.1
2023-09-24 16:46:02,510 [INFO] LogOutputStream:76 - [STDOUT_REDIRECT] withoutVersionV1.8.0
2023-09-24 16:46:06,140 [INFO] ApiDb:226 - Save user favorites file C:\Users\LEGION/.stm32cubeide/favorites.mcus.txt: 0 item(s)
2023-09-24 16:46:06,141 [INFO] ApiDb:230 - User favorites MCUs=[]
2023-09-24 16:49:54,688 [INFO] Activator:178 - 


2023-09-24 16:49:54,691 [INFO] Activator:179 - !SESSION log4j initialized
2023-09-24 17:59:01,807 [INFO] Activator:178 - 


2023-09-24 17:59:01,810 [INFO] Activator:179 - !SESSION log4j initialized
2023-09-25 03:02:03,335 [INFO] Activator:178 - 


2023-09-25 03:02:03,364 [INFO] Activator:179 - !SESSION log4j initialized
2023-09-25 03:02:52,689 [INFO] RetryExec:97 - I/O exception (org.apache.http.NoHttpResponseException) caught when processing request to {s}->https://download.eclipse.org:443: The target server failed to respond
2023-09-25 03:02:52,692 [INFO] RetryExec:113 - Retrying request to {s}->https://download.eclipse.org:443
2023-09-25 03:03:17,584 [INFO] RetryExec:97 - I/O exception (java.net.SocketException) caught when processing request to {}->http://sw-center.st.com:80: Connection reset
2023-09-25 03:03:17,585 [INFO] RetryExec:113 - Retrying request to {}->http://sw-center.st.com:80
2023-09-25 03:03:28,935 [INFO] RetryExec:97 - I/O exception (org.apache.http.NoHttpResponseException) caught when processing request to {}->http://sw-center.st.com:80: The target server failed to respond
2023-09-25 03:03:28,936 [INFO] RetryExec:113 - Retrying request to {}->http://sw-center.st.com:80
2023-09-25 03:03:28,960 [INFO] RetryExec:97 - I/O exception (org.apache.http.NoHttpResponseException) caught when processing request to {}->http://sw-center.st.com:80: The target server failed to respond
2023-09-25 03:03:28,960 [INFO] RetryExec:113 - Retrying request to {}->http://sw-center.st.com:80
2023-09-25 03:03:28,968 [INFO] RetryExec:97 - I/O exception (org.apache.http.NoHttpResponseException) caught when processing request to {}->http://sw-center.st.com:80: The target server failed to respond
2023-09-25 03:03:28,969 [INFO] RetryExec:113 - Retrying request to {}->http://sw-center.st.com:80
2023-09-25 03:03:29,215 [INFO] RetryExec:97 - I/O exception (org.apache.http.NoHttpResponseException) caught when processing request to {}->http://sw-center.st.com:80: The target server failed to respond
2023-09-25 03:03:29,303 [INFO] RetryExec:113 - Retrying request to {}->http://sw-center.st.com:80
2023-09-25 03:03:29,603 [INFO] RetryExec:97 - I/O exception (org.apache.http.NoHttpResponseException) caught when processing request to {}->http://sw-center.st.com:80: The target server failed to respond
2023-09-25 03:03:29,603 [INFO] RetryExec:113 - Retrying request to {}->http://sw-center.st.com:80
2023-09-25 03:03:29,840 [INFO] RetryExec:97 - I/O exception (org.apache.http.NoHttpResponseException) caught when processing request to {}->http://sw-center.st.com:80: The target server failed to respond
2023-09-25 03:03:29,841 [INFO] RetryExec:113 - Retrying request to {}->http://sw-center.st.com:80
2023-09-25 03:03:29,859 [INFO] RetryExec:97 - I/O exception (org.apache.http.NoHttpResponseException) caught when processing request to {}->http://sw-center.st.com:80: The target server failed to respond
2023-09-25 03:03:29,859 [INFO] RetryExec:113 - Retrying request to {}->http://sw-center.st.com:80
2023-09-25 03:03:29,870 [INFO] RetryExec:97 - I/O exception (org.apache.http.NoHttpResponseException) caught when processing request to {}->http://sw-center.st.com:80: The target server failed to respond
2023-09-25 03:03:29,871 [INFO] RetryExec:113 - Retrying request to {}->http://sw-center.st.com:80
2023-09-25 16:47:35,136 [INFO] Activator:178 - 


2023-09-25 16:47:35,140 [INFO] Activator:179 - !SESSION log4j initialized
2023-09-25 16:48:30,860 [INFO] RetryExec:97 - I/O exception (org.apache.http.NoHttpResponseException) caught when processing request to {s}->https://download.eclipse.org:443: The target server failed to respond
2023-09-25 16:48:30,863 [INFO] RetryExec:113 - Retrying request to {s}->https://download.eclipse.org:443
2023-09-25 16:48:31,674 [INFO] RetryExec:97 - I/O exception (org.apache.http.NoHttpResponseException) caught when processing request to {s}->https://archive.eclipse.org:443: The target server failed to respond
2023-09-25 16:48:31,674 [INFO] RetryExec:113 - Retrying request to {s}->https://archive.eclipse.org:443
2023-09-26 04:14:18,995 [INFO] Activator:178 - 


2023-09-26 04:14:18,997 [INFO] Activator:179 - !SESSION log4j initialized
2023-09-26 04:15:34,255 [INFO] RetryExec:97 - I/O exception (org.apache.http.NoHttpResponseException) caught when processing request to {s}->https://download.eclipse.org:443: The target server failed to respond
2023-09-26 04:15:34,257 [INFO] RetryExec:113 - Retrying request to {s}->https://download.eclipse.org:443
2023-09-26 18:24:40,886 [INFO] Activator:178 - 


2023-09-26 18:24:40,986 [INFO] Activator:179 - !SESSION log4j initialized
2023-09-26 18:25:02,460 [INFO] RetryExec:97 - I/O exception (java.net.SocketException) caught when processing request to {}->http://sw-center.st.com:80: Socket Closed
2023-09-26 18:25:02,462 [INFO] RetryExec:113 - Retrying request to {}->http://sw-center.st.com:80
