2023-09-26 18:12:09,162 [INFO] Activator:178 - 


2023-09-26 18:12:09,167 [INFO] Activator:179 - !SESSION log4j initialized
2023-09-26 18:12:56,300 [INFO] RetryExec:97 - I/O exception (org.apache.http.NoHttpResponseException) caught when processing request to {s}->https://download.eclipse.org:443: The target server failed to respond
2023-09-26 18:12:56,303 [INFO] RetryExec:113 - Retrying request to {s}->https://download.eclipse.org:443
2023-09-26 18:16:33,343 [INFO] ApplicationProperties:181 - Using Application install path: C:\ST\STM32CubeIDE_1.4.0\STM32CubeIDE\plugins\com.st.stm32cube.common.mx_6.0.0.202007160824
2023-09-26 18:16:33,357 [INFO] DbMcusXml:70 - Set database path to: C:\ST\STM32CubeIDE_1.4.0\STM32CubeIDE\plugins\com.st.stm32cube.common.mx_6.0.0.202007160824\\db\/mcu/
2023-09-26 18:16:33,361 [INFO] DbBoardsPdsc:56 - Set plugin database path to: C:\ST\STM32CubeIDE_1.4.0\STM32CubeIDE\plugins\com.st.stm32cube.common.mx_6.0.0.202007160824\\db\/plugins/boardmanager/
2023-09-26 18:16:33,361 [INFO] DbMcus:258 - Set plugin images path to: C:\ST\STM32CubeIDE_1.4.0\STM32CubeIDE\plugins\com.st.stm32cube.common.mx_6.0.0.202007160824\\db\/plugins/mcufinder/images/
2023-09-26 18:16:33,361 [INFO] DbBoards:264 - Set plugin images path to: C:\ST\STM32CubeIDE_1.4.0\STM32CubeIDE\plugins\com.st.stm32cube.common.mx_6.0.0.202007160824\\db\/plugins/mcufinder/images/
2023-09-26 18:16:33,366 [INFO] DbExamples:326 - Set plugin images path to: C:\ST\STM32CubeIDE_1.4.0\STM32CubeIDE\plugins\com.st.stm32cube.common.mx_6.0.0.202007160824\\db\/plugins/mcufinder/images/
2023-09-26 18:16:33,376 [INFO] DbMcusDocs:112 - Set database path to: C:\Users\LEGION\.stmcufinder\plugins\mcufinder//mcu/
2023-09-26 18:16:33,378 [INFO] DbMcusJson:63 - Set database path to: C:\Users\LEGION\.stmcufinder\plugins\mcufinder//mcu/
2023-09-26 18:16:33,379 [INFO] DbBoardsDocs:112 - Set database path to: C:\Users\LEGION\.stmcufinder\plugins\mcufinder//mcu/
2023-09-26 18:16:33,380 [INFO] DbBoardsJson:56 - Set database path to: C:\Users\LEGION\.stmcufinder\plugins\mcufinder//mcu/
2023-09-26 18:16:33,407 [INFO] CrossReferenceDbSqlite:196 - Set database path to: C:\Users\LEGION\.stmcufinder\plugins\mcufinder//mcu/cs/
2023-09-26 18:16:33,410 [INFO] DbExamplesSqlite:800 - Set database path to: C:\Users\LEGION\.stmcufinder\plugins\mcufinder//mcu/
2023-09-26 18:16:33,540 [INFO] RulesReader:52 - Compatibility file has been processed (209 Rules)
2023-09-26 18:16:33,612 [INFO] MicroXplorer:564 - Detected Java Version = 1.8.0_252
2023-09-26 18:16:33,612 [INFO] DbMcusXml:70 - Set database path to: C:\ST\STM32CubeIDE_1.4.0\STM32CubeIDE\plugins\com.st.stm32cube.common.mx_6.0.0.202007160824\\db\/mcu/
2023-09-26 18:16:33,613 [INFO] DbBoardsPdsc:56 - Set plugin database path to: C:\ST\STM32CubeIDE_1.4.0\STM32CubeIDE\plugins\com.st.stm32cube.common.mx_6.0.0.202007160824\\db\/plugins/boardmanager/
2023-09-26 18:16:33,614 [INFO] DbMcus:258 - Set plugin images path to: C:\ST\STM32CubeIDE_1.4.0\STM32CubeIDE\plugins\com.st.stm32cube.common.mx_6.0.0.202007160824\\db\/plugins/mcufinder/images/
2023-09-26 18:16:33,615 [INFO] DbBoards:264 - Set plugin images path to: C:\ST\STM32CubeIDE_1.4.0\STM32CubeIDE\plugins\com.st.stm32cube.common.mx_6.0.0.202007160824\\db\/plugins/mcufinder/images/
2023-09-26 18:16:33,616 [INFO] DbExamples:326 - Set plugin images path to: C:\ST\STM32CubeIDE_1.4.0\STM32CubeIDE\plugins\com.st.stm32cube.common.mx_6.0.0.202007160824\\db\/plugins/mcufinder/images/
2023-09-26 18:16:33,616 [WARN] DbFile:36 - Overriding database path with different value: C:\Users\LEGION\.stmcufinder\plugins\mcufinder/ => C:\Users\LEGION\.stmcufinder\plugins\mcufinder
2023-09-26 18:16:33,616 [INFO] DbMcusDocs:112 - Set database path to: C:\Users\LEGION\.stmcufinder\plugins\mcufinder//mcu/
2023-09-26 18:16:33,617 [WARN] DbFile:36 - Overriding database path with different value: C:\Users\LEGION\.stmcufinder\plugins\mcufinder/ => C:\Users\LEGION\.stmcufinder\plugins\mcufinder
2023-09-26 18:16:33,617 [INFO] DbMcusJson:63 - Set database path to: C:\Users\LEGION\.stmcufinder\plugins\mcufinder//mcu/
2023-09-26 18:16:33,617 [WARN] DbFile:36 - Overriding database path with different value: C:\Users\LEGION\.stmcufinder\plugins\mcufinder/ => C:\Users\LEGION\.stmcufinder\plugins\mcufinder
2023-09-26 18:16:33,618 [INFO] DbBoardsDocs:112 - Set database path to: C:\Users\LEGION\.stmcufinder\plugins\mcufinder//mcu/
2023-09-26 18:16:33,618 [WARN] DbFile:36 - Overriding database path with different value: C:\Users\LEGION\.stmcufinder\plugins\mcufinder/ => C:\Users\LEGION\.stmcufinder\plugins\mcufinder
2023-09-26 18:16:33,618 [INFO] DbBoardsJson:56 - Set database path to: C:\Users\LEGION\.stmcufinder\plugins\mcufinder//mcu/
2023-09-26 18:16:33,618 [WARN] DbFile:36 - Overriding database path with different value: C:\Users\LEGION\.stmcufinder\plugins\mcufinder/ => C:\Users\LEGION\.stmcufinder\plugins\mcufinder
2023-09-26 18:16:33,619 [WARN] DbFile:36 - Overriding database path with different value: C:\Users\LEGION\.stmcufinder\plugins\mcufinder/ => C:\Users\LEGION\.stmcufinder\plugins\mcufinder
2023-09-26 18:16:33,619 [INFO] CrossReferenceDbSqlite:196 - Set database path to: C:\Users\LEGION\.stmcufinder\plugins\mcufinder//mcu/cs/
2023-09-26 18:16:33,619 [WARN] DbFile:36 - Overriding database path with different value: C:\Users\LEGION\.stmcufinder\plugins\mcufinder/ => C:\Users\LEGION\.stmcufinder\plugins\mcufinder
2023-09-26 18:16:33,619 [INFO] DbExamplesSqlite:800 - Set database path to: C:\Users\LEGION\.stmcufinder\plugins\mcufinder//mcu/
2023-09-26 18:16:33,676 [INFO] MainPanel:189 - HeapMemory: 689963008
2023-09-26 18:16:33,745 [INFO] DbMcusXml:70 - Set database path to: C:\ST\STM32CubeIDE_1.4.0\STM32CubeIDE\plugins\com.st.stm32cube.common.mx_6.0.0.202007160824\\db\/mcu/
2023-09-26 18:16:33,745 [INFO] DbBoardsPdsc:56 - Set plugin database path to: C:\ST\STM32CubeIDE_1.4.0\STM32CubeIDE\plugins\com.st.stm32cube.common.mx_6.0.0.202007160824\\db\/plugins/boardmanager/
2023-09-26 18:16:33,745 [INFO] DbMcus:258 - Set plugin images path to: C:\ST\STM32CubeIDE_1.4.0\STM32CubeIDE\plugins\com.st.stm32cube.common.mx_6.0.0.202007160824\\db\/plugins/mcufinder/images/
2023-09-26 18:16:33,746 [INFO] DbBoards:264 - Set plugin images path to: C:\ST\STM32CubeIDE_1.4.0\STM32CubeIDE\plugins\com.st.stm32cube.common.mx_6.0.0.202007160824\\db\/plugins/mcufinder/images/
2023-09-26 18:16:33,746 [INFO] DbExamples:326 - Set plugin images path to: C:\ST\STM32CubeIDE_1.4.0\STM32CubeIDE\plugins\com.st.stm32cube.common.mx_6.0.0.202007160824\\db\/plugins/mcufinder/images/
2023-09-26 18:16:33,746 [WARN] DbFile:36 - Overriding database path with different value: C:\Users\LEGION\.stmcufinder\plugins\mcufinder/ => C:\Users\LEGION\.stmcufinder\plugins\mcufinder
2023-09-26 18:16:33,746 [INFO] DbMcusDocs:112 - Set database path to: C:\Users\LEGION\.stmcufinder\plugins\mcufinder//mcu/
2023-09-26 18:16:33,746 [WARN] DbFile:36 - Overriding database path with different value: C:\Users\LEGION\.stmcufinder\plugins\mcufinder/ => C:\Users\LEGION\.stmcufinder\plugins\mcufinder
2023-09-26 18:16:33,746 [INFO] DbMcusJson:63 - Set database path to: C:\Users\LEGION\.stmcufinder\plugins\mcufinder//mcu/
2023-09-26 18:16:33,747 [WARN] DbFile:36 - Overriding database path with different value: C:\Users\LEGION\.stmcufinder\plugins\mcufinder/ => C:\Users\LEGION\.stmcufinder\plugins\mcufinder
2023-09-26 18:16:33,747 [INFO] DbBoardsDocs:112 - Set database path to: C:\Users\LEGION\.stmcufinder\plugins\mcufinder//mcu/
2023-09-26 18:16:33,747 [WARN] DbFile:36 - Overriding database path with different value: C:\Users\LEGION\.stmcufinder\plugins\mcufinder/ => C:\Users\LEGION\.stmcufinder\plugins\mcufinder
2023-09-26 18:16:33,747 [INFO] DbBoardsJson:56 - Set database path to: C:\Users\LEGION\.stmcufinder\plugins\mcufinder//mcu/
2023-09-26 18:16:33,747 [WARN] DbFile:36 - Overriding database path with different value: C:\Users\LEGION\.stmcufinder\plugins\mcufinder/ => C:\Users\LEGION\.stmcufinder\plugins\mcufinder
2023-09-26 18:16:33,747 [WARN] DbFile:36 - Overriding database path with different value: C:\Users\LEGION\.stmcufinder\plugins\mcufinder/ => C:\Users\LEGION\.stmcufinder\plugins\mcufinder
2023-09-26 18:16:33,747 [INFO] CrossReferenceDbSqlite:196 - Set database path to: C:\Users\LEGION\.stmcufinder\plugins\mcufinder//mcu/cs/
2023-09-26 18:16:33,747 [WARN] DbFile:36 - Overriding database path with different value: C:\Users\LEGION\.stmcufinder\plugins\mcufinder/ => C:\Users\LEGION\.stmcufinder\plugins\mcufinder
2023-09-26 18:16:33,747 [INFO] DbExamplesSqlite:800 - Set database path to: C:\Users\LEGION\.stmcufinder\plugins\mcufinder//mcu/
2023-09-26 18:16:33,761 [INFO] ApplicationProperties:181 - Using Application install path: C:\ST\STM32CubeIDE_1.4.0\STM32CubeIDE\plugins\com.st.stm32cube.common.mx_6.0.0.202007160824
2023-09-26 18:16:33,763 [INFO] PluginManage:178 - Search for loadable plugins [exclusion list=, ]
2023-09-26 18:16:33,764 [INFO] PluginManage:292 - Check plugin analytics
2023-09-26 18:16:33,887 [INFO] AnalyticsPlugin:203 - Accepted Software Licenses: 
2023-09-26 18:16:33,888 [INFO] AnalyticsPlugin:205 - Accepted CMSIS Pack Licenses: 
2023-09-26 18:16:33,888 [INFO] AnalyticsPlugin:207 - Accepted Firmware Licenses: 
2023-09-26 18:16:33,888 [INFO] PluginManage:342 - Loaded plugin analytics (category:tool,tabindex:-1)
2023-09-26 18:16:33,888 [INFO] PluginManage:292 - Check plugin clock
2023-09-26 18:16:33,907 [INFO] PluginManage:342 - Loaded plugin clock (category:base,tabindex:2)
2023-09-26 18:16:33,907 [INFO] PluginManage:292 - Check plugin ddr
2023-09-26 18:16:33,909 [INFO] PluginManage:342 - Loaded plugin ddr (category:tool,tabindex:6)
2023-09-26 18:16:33,909 [INFO] PluginManage:292 - Check plugin filemanager
2023-09-26 18:16:34,004 [INFO] PluginManage:342 - Loaded plugin filemanager (category:base,tabindex:10)
2023-09-26 18:16:34,005 [INFO] PluginManage:292 - Check plugin ipmanager
2023-09-26 18:16:34,011 [INFO] PluginManage:342 - Loaded plugin ipmanager (category:base,tabindex:5)
2023-09-26 18:16:34,011 [INFO] PluginManage:292 - Check plugin pinoutandconfiguration
2023-09-26 18:16:34,027 [INFO] PluginManage:342 - Loaded plugin pinoutandconfiguration (category:base,tabindex:1)
2023-09-26 18:16:34,027 [INFO] PluginManage:292 - Check plugin pinoutconfig
2023-09-26 18:16:34,056 [INFO] PluginManage:342 - Loaded plugin pinoutconfig (category:base,tabindex:0)
2023-09-26 18:16:34,056 [INFO] PluginManage:292 - Check plugin power
2023-09-26 18:16:34,072 [INFO] PluginManage:342 - Loaded plugin power (category:power,tabindex:4)
2023-09-26 18:16:34,073 [INFO] PluginManage:292 - Check plugin projectmanager
2023-09-26 18:16:34,085 [INFO] PluginManage:342 - Loaded plugin projectmanager (category:projectmanager,tabindex:3)
2023-09-26 18:16:34,085 [INFO] PluginManage:292 - Check plugin thirdparty
2023-09-26 18:16:34,200 [INFO] ThirdPartyDb:333 - Open Third Party DataBase File (C:/Users/LEGION/.stm32cubemx/plugins/thirdparty/db/thirdparties_db.xml) : 44 ms. number of Sw pack : 48
2023-09-26 18:16:34,204 [INFO] PluginManage:342 - Loaded plugin thirdparty (category:base,tabindex:-1)
2023-09-26 18:16:34,204 [INFO] PluginManage:292 - Check plugin tools
2023-09-26 18:16:34,253 [INFO] PluginManage:342 - Loaded plugin tools (category:base,tabindex:7)
2023-09-26 18:16:34,254 [INFO] PluginManage:292 - Check plugin tutovideos
2023-09-26 18:16:34,443 [INFO] PluginManage:342 - Loaded plugin tutovideos (category:base,tabindex:-1)
2023-09-26 18:16:34,444 [INFO] PluginManage:292 - Check plugin updater
2023-09-26 18:16:34,454 [INFO] PluginManage:342 - Loaded plugin updater (category:base,tabindex:12)
2023-09-26 18:16:34,455 [INFO] PluginManage:265 - PluginManage : Loaded plugins [13]
2023-09-26 18:16:34,588 [INFO] PinOutPanel:1418 - setPackage(No Configuration,No Configuration)
2023-09-26 18:16:34,673 [INFO] IPUIPlugin:64 - create IPUIPlugin
2023-09-26 18:16:34,673 [INFO] PluginManager:200 - loadIPPluginJar : add adc
2023-09-26 18:16:34,706 [INFO] IPUIPlugin:64 - create IPUIPlugin
2023-09-26 18:16:34,707 [INFO] PluginManager:200 - loadIPPluginJar : add aes
2023-09-26 18:16:34,747 [INFO] IPUIPlugin:64 - create IPUIPlugin
2023-09-26 18:16:34,747 [INFO] PluginManager:200 - loadIPPluginJar : add can
2023-09-26 18:16:34,773 [INFO] IPUIPlugin:64 - create IPUIPlugin
2023-09-26 18:16:34,773 [INFO] PluginManager:200 - loadIPPluginJar : add comp
2023-09-26 18:16:34,801 [INFO] IPUIPlugin:64 - create IPUIPlugin
2023-09-26 18:16:34,801 [INFO] PluginManager:200 - loadIPPluginJar : add cryp
2023-09-26 18:16:34,830 [INFO] IPUIPlugin:64 - create IPUIPlugin
2023-09-26 18:16:34,830 [INFO] PluginManager:200 - loadIPPluginJar : add dfsdm
2023-09-26 18:16:34,840 [INFO] IPUIPlugin:64 - create IPUIPlugin
2023-09-26 18:16:34,840 [INFO] PluginManager:200 - loadIPPluginJar : add dma
2023-09-26 18:16:34,862 [INFO] IPUIPlugin:64 - create IPUIPlugin
2023-09-26 18:16:34,862 [INFO] PluginManager:200 - loadIPPluginJar : add fatfs
2023-09-26 18:16:34,910 [INFO] IPUIPlugin:64 - create IPUIPlugin
2023-09-26 18:16:34,910 [INFO] PluginManager:200 - loadIPPluginJar : add fmc
2023-09-26 18:16:34,923 [INFO] IPUIPlugin:64 - create IPUIPlugin
2023-09-26 18:16:34,923 [INFO] PluginManager:200 - loadIPPluginJar : add freertos
2023-09-26 18:16:34,945 [INFO] IPUIPlugin:64 - create IPUIPlugin
2023-09-26 18:16:34,945 [INFO] PluginManager:200 - loadIPPluginJar : add genericplugin
2023-09-26 18:16:35,017 [INFO] IPUIPlugin:64 - create IPUIPlugin
2023-09-26 18:16:35,017 [INFO] PluginManager:200 - loadIPPluginJar : add gfxmmu
2023-09-26 18:16:35,117 [INFO] IPUIPlugin:64 - create IPUIPlugin
2023-09-26 18:16:35,117 [INFO] PluginManager:200 - loadIPPluginJar : add gic
2023-09-26 18:16:35,127 [INFO] IPUIPlugin:64 - create IPUIPlugin
2023-09-26 18:16:35,127 [INFO] PluginManager:200 - loadIPPluginJar : add gpio
2023-09-26 18:16:35,187 [INFO] IPUIPlugin:64 - create IPUIPlugin
2023-09-26 18:16:35,187 [INFO] PluginManager:200 - loadIPPluginJar : add gtzc
2023-09-26 18:16:35,213 [INFO] IPUIPlugin:64 - create IPUIPlugin
2023-09-26 18:16:35,214 [INFO] PluginManager:200 - loadIPPluginJar : add hash
2023-09-26 18:16:35,259 [INFO] IPUIPlugin:64 - create IPUIPlugin
2023-09-26 18:16:35,259 [INFO] PluginManager:200 - loadIPPluginJar : add i2c
2023-09-26 18:16:35,296 [INFO] IPUIPlugin:64 - create IPUIPlugin
2023-09-26 18:16:35,297 [INFO] PluginManager:200 - loadIPPluginJar : add i2s
2023-09-26 18:16:35,305 [INFO] IPUIPlugin:64 - create IPUIPlugin
2023-09-26 18:16:35,306 [INFO] PluginManager:200 - loadIPPluginJar : add ipddr
2023-09-26 18:16:35,338 [INFO] IPUIPlugin:64 - create IPUIPlugin
2023-09-26 18:16:35,338 [INFO] PluginManager:200 - loadIPPluginJar : add ltdc
2023-09-26 18:16:35,348 [INFO] IPUIPlugin:64 - create IPUIPlugin
2023-09-26 18:16:35,348 [INFO] PluginManager:200 - loadIPPluginJar : add mdma
2023-09-26 18:16:35,358 [INFO] IPUIPlugin:64 - create IPUIPlugin
2023-09-26 18:16:35,358 [INFO] PluginManager:200 - loadIPPluginJar : add nvic
2023-09-26 18:16:35,395 [INFO] IPUIPlugin:64 - create IPUIPlugin
2023-09-26 18:16:35,395 [INFO] PluginManager:200 - loadIPPluginJar : add opamp
2023-09-26 18:16:35,446 [INFO] IPUIPlugin:64 - create IPUIPlugin
2023-09-26 18:16:35,446 [INFO] PluginManager:200 - loadIPPluginJar : add openamp
2023-09-26 18:16:35,484 [INFO] IPUIPlugin:64 - create IPUIPlugin
2023-09-26 18:16:35,485 [INFO] PluginManager:200 - loadIPPluginJar : add pdm2pcm
2023-09-26 18:16:35,501 [INFO] IPUIPlugin:64 - create IPUIPlugin
2023-09-26 18:16:35,503 [INFO] PluginManager:200 - loadIPPluginJar : add plateformsettings
2023-09-26 18:16:35,528 [INFO] IPUIPlugin:64 - create IPUIPlugin
2023-09-26 18:16:35,528 [INFO] PluginManager:200 - loadIPPluginJar : add quadspi
2023-09-26 18:16:35,538 [INFO] IPUIPlugin:64 - create IPUIPlugin
2023-09-26 18:16:35,538 [INFO] PluginManager:200 - loadIPPluginJar : add resmgrutility
2023-09-26 18:16:35,583 [INFO] IPUIPlugin:64 - create IPUIPlugin
2023-09-26 18:16:35,583 [INFO] PluginManager:200 - loadIPPluginJar : add sai
2023-09-26 18:16:35,616 [INFO] IPUIPlugin:64 - create IPUIPlugin
2023-09-26 18:16:35,616 [INFO] PluginManager:200 - loadIPPluginJar : add spi
2023-09-26 18:16:35,664 [INFO] IPUIPlugin:64 - create IPUIPlugin
2023-09-26 18:16:35,665 [INFO] PluginManager:200 - loadIPPluginJar : add stm32_wpan
2023-09-26 18:16:35,689 [INFO] IPUIPlugin:64 - create IPUIPlugin
2023-09-26 18:16:35,689 [INFO] PluginManager:200 - loadIPPluginJar : add tim
2023-09-26 18:16:35,742 [INFO] IPUIPlugin:64 - create IPUIPlugin
2023-09-26 18:16:35,742 [INFO] PluginManager:200 - loadIPPluginJar : add touchsensing
2023-09-26 18:16:35,765 [INFO] IPUIPlugin:64 - create IPUIPlugin
2023-09-26 18:16:35,765 [INFO] PluginManager:200 - loadIPPluginJar : add tracer_emb
2023-09-26 18:16:35,790 [INFO] IPUIPlugin:64 - create IPUIPlugin
2023-09-26 18:16:35,790 [INFO] PluginManager:200 - loadIPPluginJar : add ts
2023-09-26 18:16:35,813 [INFO] IPUIPlugin:64 - create IPUIPlugin
2023-09-26 18:16:35,813 [INFO] PluginManager:200 - loadIPPluginJar : add tsc
2023-09-26 18:16:35,835 [INFO] IPUIPlugin:64 - create IPUIPlugin
2023-09-26 18:16:35,836 [INFO] PluginManager:200 - loadIPPluginJar : add ucpd
2023-09-26 18:16:35,872 [INFO] IPUIPlugin:64 - create IPUIPlugin
2023-09-26 18:16:35,873 [INFO] PluginManager:200 - loadIPPluginJar : add usart
2023-09-26 18:16:36,618 [INFO] CubeProgrammer:457 - [DDR PANEL] - PathOfProgrammer: null
2023-09-26 18:16:37,256 [FATAL] Updater:282 - Updater called before beeing initialized
2023-09-26 18:16:37,424 [FATAL] Updater:282 - Updater called before beeing initialized
2023-09-26 18:16:37,425 [WARN] ThirdParty:775 - waiting for thirdparty lock release [close project]
2023-09-26 18:16:37,425 [INFO] ThirdParty:777 - entering critical section [close project]
2023-09-26 18:16:37,425 [INFO] ThirdParty:790 - exiting critical section [close project]
2023-09-26 18:16:37,427 [INFO] PinOutPanel:1418 - setPackage(No Configuration,No Configuration)
2023-09-26 18:16:37,428 [FATAL] Updater:282 - Updater called before beeing initialized
2023-09-26 18:16:37,438 [ERROR] Updater:967 - MainUpdater not yet initialized. External WinMGr cannot be set.
2023-09-26 18:16:37,439 [INFO] CubeProgrammer:457 - [DDR PANEL] - PathOfProgrammer: C:\ST\STM32CubeIDE_1.4.0\STM32CubeIDE\plugins\com.st.stm32cube.ide.mcu.externaltools.cubeprogrammer.win32_1.4.0.202007081208\tools\bin
2023-09-26 18:16:37,441 [INFO] ProgrammerExecThread:148 - [ProgrammerAPI] CubeProgrammer command construction: C:\ST\STM32CubeIDE_1.4.0\STM32CubeIDE\plugins\com.st.stm32cube.ide.mcu.externaltools.cubeprogrammer.win32_1.4.0.202007081208\tools\bin\STM32_Programmer_CLI.exe -l
2023-09-26 18:16:37,772 [INFO] MainDdrPanel:49 - [DDR PANEL] SETTER - Set cubeProgrammerPath to: C:\ST\STM32CubeIDE_1.4.0\STM32CubeIDE\plugins\com.st.stm32cube.ide.mcu.externaltools.cubeprogrammer.win32_1.4.0.202007081208\tools\bin
2023-09-26 18:16:37,865 [INFO] Updater:904 - Updater Version found : 6.0.0
2023-09-26 18:16:37,880 [INFO] ApplicationProperties:181 - Using Application install path: C:\ST\STM32CubeIDE_1.4.0\STM32CubeIDE\plugins\com.st.stm32cube.common.mx_6.0.0.202007160824
2023-09-26 18:16:38,307 [INFO] MainUpdater:2268 - connection check result : 10
2023-09-26 18:16:38,307 [INFO] MainUpdater:2935 - Updater definition file requires update
2023-09-26 18:16:38,308 [INFO] MainUpdater:239 - Updater Check For Update Now.
2023-09-26 18:16:38,309 [INFO] MicroXplorer:414 - Change Database Version : DB.6.0.0
2023-09-26 18:16:38,388 [INFO] ServerAccessManage:348 - Download File updaters.zip
2023-09-26 18:16:38,533 [INFO] FileExtend:225 - Unzip File : updaters.zip
2023-09-26 18:16:38,533 [INFO] FileExtend:240 - Standard Zip Deflate
2023-09-26 18:16:39,097 [INFO] ServerAccessManage:348 - Download File PacksControlFlags.xml
2023-09-26 18:16:39,393 [INFO] ServerAccessManage:348 - Download File cubemx.pidx
2023-09-26 18:16:39,489 [INFO] LoadServerUpdatesThread:309 - End of LoadServerUpdate Thread
2023-09-26 18:16:39,530 [INFO] CheckServerUpdateThread:102 - End of CheckServer Thread
2023-09-26 18:16:39,544 [INFO] MainUpdater:2268 - connection check result : 10
2023-09-26 18:16:39,834 [INFO] ServerAccessManage:348 - Download File mcusDocs.json._tmp_
2023-09-26 18:16:40,011 [INFO] LoadUrlFilesThread:135 - End of LoadUrlFiles Thread
2023-09-26 18:16:40,112 [INFO] ServerAccessManage:348 - Download File mcusFeaturesAndDescription.json._tmp_
2023-09-26 18:16:40,220 [WARN] IntegrityCheckThread:61 - waiting for thirdparty lock release [integrity check]
2023-09-26 18:16:40,220 [INFO] IntegrityCheckThread:63 - entering critical section [integrity check]
2023-09-26 18:16:40,220 [WARN] MainUpdater:1087 - Updater busy. Cannot search thirdparties
2023-09-26 18:16:43,235 [WARN] MainUpdater:1087 - Updater busy. Cannot search thirdparties
2023-09-26 18:16:44,100 [INFO] LoadUrlFilesThread:135 - End of LoadUrlFiles Thread
2023-09-26 18:16:44,192 [INFO] ServerAccessManage:348 - Download File boardsDocs.json._tmp_
2023-09-26 18:16:44,225 [INFO] LoadUrlFilesThread:135 - End of LoadUrlFiles Thread
2023-09-26 18:16:44,320 [INFO] ServerAccessManage:348 - Download File boards.json._tmp_
2023-09-26 18:16:44,544 [INFO] LoadUrlFilesThread:135 - End of LoadUrlFiles Thread
2023-09-26 18:16:44,914 [INFO] ServerAccessManage:348 - Download File cube-finder-db.zip
2023-09-26 18:16:46,237 [WARN] MainUpdater:1087 - Updater busy. Cannot search thirdparties
2023-09-26 18:16:49,242 [WARN] MainUpdater:1087 - Updater busy. Cannot search thirdparties
2023-09-26 18:16:52,254 [WARN] MainUpdater:1087 - Updater busy. Cannot search thirdparties
2023-09-26 18:16:55,266 [WARN] MainUpdater:1087 - Updater busy. Cannot search thirdparties
2023-09-26 18:16:56,121 [INFO] FileExtend:225 - Unzip File : cube-finder-db.zip
2023-09-26 18:16:56,122 [INFO] FileExtend:240 - Standard Zip Deflate
2023-09-26 18:16:56,675 [INFO] LoadUrlFilesThread:135 - End of LoadUrlFiles Thread
2023-09-26 18:16:57,540 [INFO] ServerAccessManage:348 - Download File crdb.zip
2023-09-26 18:16:58,035 [INFO] FileExtend:225 - Unzip File : crdb.zip
2023-09-26 18:16:58,036 [INFO] FileExtend:240 - Standard Zip Deflate
2023-09-26 18:16:58,064 [INFO] LoadUrlFilesThread:135 - End of LoadUrlFiles Thread
2023-09-26 18:16:58,266 [WARN] MainUpdater:1087 - Updater busy. Cannot search thirdparties
2023-09-26 18:16:58,749 [INFO] ServerAccessManage:348 - Download File tutoVideoDB.zip
2023-09-26 18:16:58,804 [INFO] FileExtend:225 - Unzip File : tutoVideoDB.zip
2023-09-26 18:16:58,807 [INFO] FileExtend:240 - Standard Zip Deflate
2023-09-26 18:16:58,826 [INFO] LoadUrlFilesThread:135 - End of LoadUrlFiles Thread
2023-09-26 18:16:58,852 [INFO] DbMcusDocs:145 - JSON generation date=Tue Nov 16 18:17:54 EET 2021 (1637079474)
2023-09-26 18:16:58,854 [INFO] DbMcusXml:100 - Load MCU database from C:\ST\STM32CubeIDE_1.4.0\STM32CubeIDE\plugins\com.st.stm32cube.common.mx_6.0.0.202007160824\\db\/mcu/families.xml
2023-09-26 18:16:59,689 [INFO] DbMcusJson:92 - JSON generation date=Tue Nov 16 18:17:54 EET 2021 (1637079474)
2023-09-26 18:17:00,394 [INFO] DbMcus:175 - Found 1761 MCUs (1722 are supported by CubeMX, 1911 are visible in CubeMX)
2023-09-26 18:17:00,394 [INFO] ApiDb:201 - Load user favorites file C:\Users\LEGION/.stm32cubemx/favorites.mcus.txt: 0 item(s)
2023-09-26 18:17:00,395 [INFO] ApiDb:205 - User favorites MCUs=[]
2023-09-26 18:17:00,395 [INFO] DbMcus:187 - Set 0 / 0 favorites MCUs
2023-09-26 18:17:00,636 [INFO] DbMcusDocs:81 - Found 682 MCUs documents
2023-09-26 18:17:00,638 [INFO] ApiDb:226 - Save user favorites file C:\Users\LEGION/.stm32cubemx/favorites.mcus.txt: 0 item(s)
2023-09-26 18:17:00,640 [INFO] ApiDb:230 - User favorites MCUs=[]
2023-09-26 18:17:00,640 [INFO] DbMcusXml:100 - Load MCU database from C:\ST\STM32CubeIDE_1.4.0\STM32CubeIDE\plugins\com.st.stm32cube.common.mx_6.0.0.202007160824\\db\/mcu/families.xml
2023-09-26 18:17:01,015 [INFO] DbMcusJson:92 - JSON generation date=Tue Nov 16 18:17:54 EET 2021 (1637079474)
2023-09-26 18:17:01,872 [INFO] DbMcus:175 - Found 1761 MCUs (1722 are supported by CubeMX, 1911 are visible in CubeMX)
2023-09-26 18:17:01,872 [INFO] ApiDb:201 - Load user favorites file C:\Users\LEGION/.stm32cubemx/favorites.mcus.txt: 0 item(s)
2023-09-26 18:17:01,873 [INFO] ApiDb:205 - User favorites MCUs=[]
2023-09-26 18:17:01,873 [INFO] DbMcus:187 - Set 0 / 0 favorites MCUs
2023-09-26 18:17:01,879 [INFO] DbBoardsDocs:145 - JSON generation date=Tue Nov 16 18:17:54 EET 2021 (1637079474)
2023-09-26 18:17:01,911 [INFO] DbBoardsPdsc:94 - Found 23 items
2023-09-26 18:17:01,921 [INFO] DbBoardsPdsc:94 - Found 9 items
2023-09-26 18:17:01,934 [INFO] DbBoardsPdsc:94 - Found 29 items
2023-09-26 18:17:01,944 [INFO] ThirdPartyDb:299 - Save Third Party DataBase File (C:/Users/LEGION/.stm32cubemx/plugins/thirdparty/db/thirdparties_db.xml) [forced]
2023-09-26 18:17:01,948 [INFO] DbBoardsPdsc:94 - Found 1 items
2023-09-26 18:17:01,961 [INFO] DbBoardsPdsc:94 - Found 44 items
2023-09-26 18:17:01,975 [INFO] DbBoardsPdsc:94 - Found 40 items
2023-09-26 18:17:01,984 [INFO] DbBoardsPdsc:94 - Found 2 items
2023-09-26 18:17:01,991 [INFO] ThirdPartyDb:299 - Save Third Party DataBase File (C:/Users/LEGION/.stm32cubemx/plugins/thirdparty/db/thirdparties_db.xml) [forced]
2023-09-26 18:17:01,997 [INFO] DbBoardsPdsc:94 - Found 4 items
2023-09-26 18:17:02,002 [WARN] DbBoardsPdsc:258 - Board STM32H7B3I-DK: unknown feature type=Audio, name=, username=Audio stereo codec with Headphone Amp (CS42L51-CNZ), n=1
2023-09-26 18:17:02,002 [WARN] DbBoardsPdsc:258 - Board STM32H735G-DK: unknown feature type=Audio, name=, username=Audio stereo codec with Headphone Amp (WM8994ECS/R), n=1
2023-09-26 18:17:02,003 [WARN] DbBoardsPdsc:258 - Board STM32H7B3I-EVAL: unknown feature type=Audio, name=, username=Multi-Channel Audio Codec (CS42L51-CNZ), n=1
2023-09-26 18:17:02,003 [WARN] DbBoardsPdsc:258 - Board STM32H7B3I-EVAL: unknown feature type=Meter, name=, username=Power-metering and Temperature-monitoring with sigma-delta modulators, n=1
2023-09-26 18:17:02,003 [WARN] DbBoardsPdsc:258 - Board STM32H7B3I-EVAL: unknown feature type=Motor, name=, username=Motor Control, n=1
2023-09-26 18:17:02,029 [INFO] DbBoardsJson:85 - JSON generation date=Tue Nov 16 18:17:54 EET 2021 (1637079474)
2023-09-26 18:17:02,037 [INFO] DbBoards:117 - Found 166 boards (149 are supported by CubeMX)
2023-09-26 18:17:02,038 [INFO] DbBoardsDocs:145 - JSON generation date=Tue Nov 16 18:17:54 EET 2021 (1637079474)
2023-09-26 18:17:02,043 [INFO] DbBoardsDocs:81 - Found 209 boards documents
2023-09-26 18:17:02,044 [WARN] DbBoards:127 - board B-L475E-IOT01A2 has no document id list !
2023-09-26 18:17:02,045 [WARN] DbBoards:127 - board NUCLEO-H743ZI has no document id list !
2023-09-26 18:17:02,046 [WARN] DbBoards:127 - board P-NUCLEO-WB55-Nucleo has no document id list !
2023-09-26 18:17:02,046 [WARN] DbBoards:127 - board P-NUCLEO-WB55-USBDongle has no document id list !
2023-09-26 18:17:02,046 [WARN] DbBoards:127 - board STEVAL-BFA001V1B has no document id list !
2023-09-26 18:17:02,046 [WARN] DbBoards:127 - board STEVAL-BFA001V2B has no document id list !
2023-09-26 18:17:02,046 [WARN] DbBoards:127 - board STEVAL-IDP005V1 has no document id list !
2023-09-26 18:17:02,046 [WARN] DbBoards:127 - board STEVAL-IDP005V2 has no document id list !
2023-09-26 18:17:02,046 [WARN] DbBoards:127 - board STEVAL-MKSBOX1V1 has no document id list !
2023-09-26 18:17:02,047 [WARN] DbBoards:127 - board STEVAL-STWINKT1 has no document id list !
2023-09-26 18:17:02,047 [WARN] DbBoards:127 - board STEVAL-STWINKT1B has no document id list !
2023-09-26 18:17:02,047 [WARN] DbBoards:127 - board STM32439I-EVAL2 has no document id list !
2023-09-26 18:17:02,047 [WARN] DbBoards:127 - board STM32F401C-DISCO has no document id list !
2023-09-26 18:17:02,048 [WARN] DbBoards:127 - board STM32F769I-DISC1 has no document id list !
2023-09-26 18:17:02,048 [INFO] IntegrityCheckThread:76 - exiting critical section [integrity check]
2023-09-26 18:17:02,048 [WARN] DbBoards:127 - board STM32G474E-EVAL1 has no document id list !
2023-09-26 18:17:02,048 [INFO] IntegrityCheckThread:79 - End integrity checks thread
2023-09-26 18:17:02,049 [WARN] DbBoards:127 - board STM32H743I-EVAL2 has no document id list !
2023-09-26 18:17:02,049 [WARN] DbBoards:127 - board STM32H747I-DISC1 has no document id list !
2023-09-26 18:17:02,049 [WARN] DbBoards:127 - board STM32H753I-EVAL2 has no document id list !
2023-09-26 18:17:02,050 [WARN] DbBoards:127 - board STM32L-DISCOVERY has no document id list !
2023-09-26 18:17:02,141 [ERROR] DbBoards:189 - Image file not found for board B-L462E-CELL1: C:\ST\STM32CubeIDE_1.4.0\STM32CubeIDE\plugins\com.st.stm32cube.common.mx_6.0.0.202007160824\\db\/plugins/mcufinder/images/boards/B-L462E-CELL1_small.jpg
2023-09-26 18:17:02,228 [ERROR] DbBoards:189 - Image file not found for board B-U585I-IOT02A: C:\ST\STM32CubeIDE_1.4.0\STM32CubeIDE\plugins\com.st.stm32cube.common.mx_6.0.0.202007160824\\db\/plugins/mcufinder/images/boards/B-U585I-IOT02A_small.jpg
2023-09-26 18:17:02,333 [ERROR] DbBoards:189 - Image file not found for board NUCLEO-F413ZH: C:\ST\STM32CubeIDE_1.4.0\STM32CubeIDE\plugins\com.st.stm32cube.common.mx_6.0.0.202007160824\\db\/plugins/mcufinder/images/boards/nucleo-f413zh_small.jpg
2023-09-26 18:17:02,529 [ERROR] DbBoards:189 - Image file not found for board NUCLEO-L552ZE-Q: C:\ST\STM32CubeIDE_1.4.0\STM32CubeIDE\plugins\com.st.stm32cube.common.mx_6.0.0.202007160824\\db\/plugins/mcufinder/images/boards/nucleo_l552ze_q_small.jpg
2023-09-26 18:17:02,529 [ERROR] DbBoards:189 - Image file not found for board NUCLEO-U575ZI-Q: C:\ST\STM32CubeIDE_1.4.0\STM32CubeIDE\plugins\com.st.stm32cube.common.mx_6.0.0.202007160824\\db\/plugins/mcufinder/images/boards/nucleo-u575zi-q_small.jpg
2023-09-26 18:17:02,529 [ERROR] DbBoards:189 - Image file not found for board NUCLEO-WB15CC: C:\ST\STM32CubeIDE_1.4.0\STM32CubeIDE\plugins\com.st.stm32cube.common.mx_6.0.0.202007160824\\db\/plugins/mcufinder/images/boards/nucleo-wb15cc_small.jpg
2023-09-26 18:17:02,529 [ERROR] DbBoards:189 - Image file not found for board NUCLEO-WB55RG: C:\ST\STM32CubeIDE_1.4.0\STM32CubeIDE\plugins\com.st.stm32cube.common.mx_6.0.0.202007160824\\db\/plugins/mcufinder/images/boards/nucleo-wb55rg_small.jpg
2023-09-26 18:17:02,529 [ERROR] DbBoards:189 - Image file not found for board NUCLEO-WL55JC: C:\ST\STM32CubeIDE_1.4.0\STM32CubeIDE\plugins\com.st.stm32cube.common.mx_6.0.0.202007160824\\db\/plugins/mcufinder/images/boards/nucleo-wl55jc-small.jpg
2023-09-26 18:17:02,680 [ERROR] DbBoards:189 - Image file not found for board STEVAL-STWINKT1B: C:\ST\STM32CubeIDE_1.4.0\STM32CubeIDE\plugins\com.st.stm32cube.common.mx_6.0.0.202007160824\\db\/plugins/mcufinder/images/boards/steval-stwinkt1b_small.jpg
2023-09-26 18:17:02,988 [ERROR] DbBoards:189 - Image file not found for board STM32G0C1E-EV: C:\ST\STM32CubeIDE_1.4.0\STM32CubeIDE\plugins\com.st.stm32cube.common.mx_6.0.0.202007160824\\db\/plugins/mcufinder/images/boards/stm32g0c1e-eval_small.jpg
2023-09-26 18:17:03,112 [ERROR] DbBoards:189 - Image file not found for board STM32H7B3I-EVAL: C:\ST\STM32CubeIDE_1.4.0\STM32CubeIDE\plugins\com.st.stm32cube.common.mx_6.0.0.202007160824\\db\/plugins/mcufinder/images/boards/stm32h7b3ieval_small.jpg
2023-09-26 18:17:03,308 [ERROR] DbBoards:189 - Image file not found for board STM32U575I-EV: C:\ST\STM32CubeIDE_1.4.0\STM32CubeIDE\plugins\com.st.stm32cube.common.mx_6.0.0.202007160824\\db\/plugins/mcufinder/images/boards/stm32u575i-ev_small.jpg
2023-09-26 18:17:03,340 [ERROR] DbBoards:189 - Image file not found for board STM32WB5MM-DK: C:\ST\STM32CubeIDE_1.4.0\STM32CubeIDE\plugins\com.st.stm32cube.common.mx_6.0.0.202007160824\\db\/plugins/mcufinder/images/boards/STM32WB5MM-DK_small.jpg
2023-09-26 18:17:03,340 [INFO] ApiDb:201 - Load user favorites file C:\Users\LEGION/.stm32cubemx/favorites.boards.txt: 0 item(s)
2023-09-26 18:17:03,340 [INFO] ApiDb:205 - User favorites Boards=[]
2023-09-26 18:17:03,341 [INFO] DbBoards:206 - Set 0 / 0 favorites Boards
2023-09-26 18:17:03,342 [INFO] DbBoardsDocs:81 - Found 418 boards documents
2023-09-26 18:17:03,343 [INFO] ApiDb:226 - Save user favorites file C:\Users\LEGION/.stm32cubemx/favorites.boards.txt: 0 item(s)
2023-09-26 18:17:03,343 [INFO] ApiDb:230 - User favorites Boards=[]
2023-09-26 18:17:03,345 [INFO] DbBoardsPdsc:94 - Found 23 items
2023-09-26 18:17:03,346 [INFO] DbBoardsPdsc:94 - Found 9 items
2023-09-26 18:17:03,347 [INFO] DbBoardsPdsc:94 - Found 29 items
2023-09-26 18:17:03,348 [INFO] DbBoardsPdsc:94 - Found 1 items
2023-09-26 18:17:03,351 [INFO] DbBoardsPdsc:94 - Found 44 items
2023-09-26 18:17:03,354 [INFO] DbBoardsPdsc:94 - Found 40 items
2023-09-26 18:17:03,355 [INFO] DbBoardsPdsc:94 - Found 2 items
2023-09-26 18:17:03,356 [INFO] DbBoardsPdsc:94 - Found 4 items
2023-09-26 18:17:03,358 [WARN] DbBoardsPdsc:258 - Board STM32H7B3I-DK: unknown feature type=Audio, name=, username=Audio stereo codec with Headphone Amp (CS42L51-CNZ), n=1
2023-09-26 18:17:03,358 [WARN] DbBoardsPdsc:258 - Board STM32H735G-DK: unknown feature type=Audio, name=, username=Audio stereo codec with Headphone Amp (WM8994ECS/R), n=1
2023-09-26 18:17:03,359 [WARN] DbBoardsPdsc:258 - Board STM32H7B3I-EVAL: unknown feature type=Audio, name=, username=Multi-Channel Audio Codec (CS42L51-CNZ), n=1
2023-09-26 18:17:03,359 [WARN] DbBoardsPdsc:258 - Board STM32H7B3I-EVAL: unknown feature type=Meter, name=, username=Power-metering and Temperature-monitoring with sigma-delta modulators, n=1
2023-09-26 18:17:03,359 [WARN] DbBoardsPdsc:258 - Board STM32H7B3I-EVAL: unknown feature type=Motor, name=, username=Motor Control, n=1
2023-09-26 18:17:03,371 [INFO] DbBoardsJson:85 - JSON generation date=Tue Nov 16 18:17:54 EET 2021 (1637079474)
2023-09-26 18:17:03,376 [INFO] DbBoards:117 - Found 166 boards (149 are supported by CubeMX)
2023-09-26 18:17:03,376 [WARN] DbBoards:127 - board B-L475E-IOT01A2 has no document id list !
2023-09-26 18:17:03,377 [WARN] DbBoards:127 - board NUCLEO-H743ZI has no document id list !
2023-09-26 18:17:03,377 [WARN] DbBoards:127 - board P-NUCLEO-WB55-Nucleo has no document id list !
2023-09-26 18:17:03,377 [WARN] DbBoards:127 - board P-NUCLEO-WB55-USBDongle has no document id list !
2023-09-26 18:17:03,377 [WARN] DbBoards:127 - board STEVAL-BFA001V1B has no document id list !
2023-09-26 18:17:03,377 [WARN] DbBoards:127 - board STEVAL-BFA001V2B has no document id list !
2023-09-26 18:17:03,377 [WARN] DbBoards:127 - board STEVAL-IDP005V1 has no document id list !
2023-09-26 18:17:03,377 [WARN] DbBoards:127 - board STEVAL-IDP005V2 has no document id list !
2023-09-26 18:17:03,377 [WARN] DbBoards:127 - board STEVAL-MKSBOX1V1 has no document id list !
2023-09-26 18:17:03,377 [WARN] DbBoards:127 - board STEVAL-STWINKT1 has no document id list !
2023-09-26 18:17:03,377 [WARN] DbBoards:127 - board STEVAL-STWINKT1B has no document id list !
2023-09-26 18:17:03,378 [WARN] DbBoards:127 - board STM32439I-EVAL2 has no document id list !
2023-09-26 18:17:03,378 [WARN] DbBoards:127 - board STM32F401C-DISCO has no document id list !
2023-09-26 18:17:03,378 [WARN] DbBoards:127 - board STM32F769I-DISC1 has no document id list !
2023-09-26 18:17:03,378 [WARN] DbBoards:127 - board STM32G474E-EVAL1 has no document id list !
2023-09-26 18:17:03,378 [WARN] DbBoards:127 - board STM32H743I-EVAL2 has no document id list !
2023-09-26 18:17:03,378 [WARN] DbBoards:127 - board STM32H747I-DISC1 has no document id list !
2023-09-26 18:17:03,378 [WARN] DbBoards:127 - board STM32H753I-EVAL2 has no document id list !
2023-09-26 18:17:03,379 [WARN] DbBoards:127 - board STM32L-DISCOVERY has no document id list !
2023-09-26 18:17:03,400 [ERROR] DbBoards:189 - Image file not found for board B-L462E-CELL1: C:\ST\STM32CubeIDE_1.4.0\STM32CubeIDE\plugins\com.st.stm32cube.common.mx_6.0.0.202007160824\\db\/plugins/mcufinder/images/boards/B-L462E-CELL1_small.jpg
2023-09-26 18:17:03,423 [ERROR] DbBoards:189 - Image file not found for board B-U585I-IOT02A: C:\ST\STM32CubeIDE_1.4.0\STM32CubeIDE\plugins\com.st.stm32cube.common.mx_6.0.0.202007160824\\db\/plugins/mcufinder/images/boards/B-U585I-IOT02A_small.jpg
2023-09-26 18:17:03,472 [ERROR] DbBoards:189 - Image file not found for board NUCLEO-F413ZH: C:\ST\STM32CubeIDE_1.4.0\STM32CubeIDE\plugins\com.st.stm32cube.common.mx_6.0.0.202007160824\\db\/plugins/mcufinder/images/boards/nucleo-f413zh_small.jpg
2023-09-26 18:17:03,583 [ERROR] DbBoards:189 - Image file not found for board NUCLEO-L552ZE-Q: C:\ST\STM32CubeIDE_1.4.0\STM32CubeIDE\plugins\com.st.stm32cube.common.mx_6.0.0.202007160824\\db\/plugins/mcufinder/images/boards/nucleo_l552ze_q_small.jpg
2023-09-26 18:17:03,583 [ERROR] DbBoards:189 - Image file not found for board NUCLEO-U575ZI-Q: C:\ST\STM32CubeIDE_1.4.0\STM32CubeIDE\plugins\com.st.stm32cube.common.mx_6.0.0.202007160824\\db\/plugins/mcufinder/images/boards/nucleo-u575zi-q_small.jpg
2023-09-26 18:17:03,583 [ERROR] DbBoards:189 - Image file not found for board NUCLEO-WB15CC: C:\ST\STM32CubeIDE_1.4.0\STM32CubeIDE\plugins\com.st.stm32cube.common.mx_6.0.0.202007160824\\db\/plugins/mcufinder/images/boards/nucleo-wb15cc_small.jpg
2023-09-26 18:17:03,583 [ERROR] DbBoards:189 - Image file not found for board NUCLEO-WB55RG: C:\ST\STM32CubeIDE_1.4.0\STM32CubeIDE\plugins\com.st.stm32cube.common.mx_6.0.0.202007160824\\db\/plugins/mcufinder/images/boards/nucleo-wb55rg_small.jpg
2023-09-26 18:17:03,584 [ERROR] DbBoards:189 - Image file not found for board NUCLEO-WL55JC: C:\ST\STM32CubeIDE_1.4.0\STM32CubeIDE\plugins\com.st.stm32cube.common.mx_6.0.0.202007160824\\db\/plugins/mcufinder/images/boards/nucleo-wl55jc-small.jpg
2023-09-26 18:17:03,672 [ERROR] DbBoards:189 - Image file not found for board STEVAL-STWINKT1B: C:\ST\STM32CubeIDE_1.4.0\STM32CubeIDE\plugins\com.st.stm32cube.common.mx_6.0.0.202007160824\\db\/plugins/mcufinder/images/boards/steval-stwinkt1b_small.jpg
2023-09-26 18:17:03,826 [ERROR] DbBoards:189 - Image file not found for board STM32G0C1E-EV: C:\ST\STM32CubeIDE_1.4.0\STM32CubeIDE\plugins\com.st.stm32cube.common.mx_6.0.0.202007160824\\db\/plugins/mcufinder/images/boards/stm32g0c1e-eval_small.jpg
2023-09-26 18:17:03,878 [ERROR] DbBoards:189 - Image file not found for board STM32H7B3I-EVAL: C:\ST\STM32CubeIDE_1.4.0\STM32CubeIDE\plugins\com.st.stm32cube.common.mx_6.0.0.202007160824\\db\/plugins/mcufinder/images/boards/stm32h7b3ieval_small.jpg
2023-09-26 18:17:03,976 [ERROR] DbBoards:189 - Image file not found for board STM32U575I-EV: C:\ST\STM32CubeIDE_1.4.0\STM32CubeIDE\plugins\com.st.stm32cube.common.mx_6.0.0.202007160824\\db\/plugins/mcufinder/images/boards/stm32u575i-ev_small.jpg
2023-09-26 18:17:03,992 [ERROR] DbBoards:189 - Image file not found for board STM32WB5MM-DK: C:\ST\STM32CubeIDE_1.4.0\STM32CubeIDE\plugins\com.st.stm32cube.common.mx_6.0.0.202007160824\\db\/plugins/mcufinder/images/boards/STM32WB5MM-DK_small.jpg
2023-09-26 18:17:03,992 [INFO] ApiDb:201 - Load user favorites file C:\Users\LEGION/.stm32cubemx/favorites.boards.txt: 0 item(s)
2023-09-26 18:17:03,992 [INFO] ApiDb:205 - User favorites Boards=[]
2023-09-26 18:17:03,992 [INFO] DbBoards:206 - Set 0 / 0 favorites Boards
2023-09-26 18:17:04,099 [INFO] DbExamplesSqlite:156 - SQLite db open (C:\Users\LEGION\.stmcufinder\plugins\mcufinder\mcu\cube-finder-db.db)
2023-09-26 18:17:04,730 [INFO] DbExamplesSqlite:447 - Ignored 0 examples not supported by CubeIDE
2023-09-26 18:17:04,730 [INFO] DbExamplesSqlite:448 - Found 7231 examples active
2023-09-26 18:17:04,730 [INFO] DbExamplesSqlite:449 - Found 677 examples obsolete
2023-09-26 18:17:04,731 [INFO] DbExamplesSqlite:450 - Found 0 examples under development
2023-09-26 18:17:04,731 [INFO] DbExamplesSqlite:451 - Found 74 examples not building
2023-09-26 18:17:04,796 [INFO] DbExamplesSqlite:130 - SQLite Data Model version=2.1
2023-09-26 18:17:04,796 [INFO] DbExamplesSqlite:131 - SQLite Configuration version=3.0.37
2023-09-26 18:17:04,797 [INFO] DbExamplesSqlite:132 - SQLite generation date=2023-08-09 (1691586011)
2023-09-26 18:17:04,797 [INFO] DbExamplesSqlite:133 - SQLite FW Pack versions=[FP-ATR-ASTRA1_V2.0.0, FP-SNS-FLIGHT1_V5.0.1, FP-SNS-FLIGHT1_V5.0.2, FP-SNS-MOTENV1_V4.3.1, FP-SNS-MOTENV1_V4.3.2, STM32Cube_FW_C0_V1.1.0, STM32Cube_FW_F4_V1.27.1, STM32Cube_FW_F7_V1.17.0, STM32Cube_FW_G0_V1.6.1, STM32Cube_FW_G4_V1.5.1, STM32Cube_FW_H5_V0.5.1, STM32Cube_FW_H5_V1.1.0, STM32Cube_FW_H7_V1.11.0, STM32Cube_FW_L0_V1.12.2, STM32Cube_FW_L5_V1.5.0, STM32Cube_FW_U5_V1.3.0, STM32Cube_FW_U5_V1.3.0RC4, STM32Cube_FW_WBA_V1.0.0RC1, STM32Cube_FW_WBA_V1.1.0, STM32Cube_FW_WBA_V1.1.0RC1, STM32Cube_FW_WB_V1.15.0RC1, STM32Cube_FW_WB_V1.16.0, STM32Cube_FW_WB_V1.16.0RC2, STM32Cube_FW_WB_V1.17.0, STM32Cube_FW_WL_V1.3.0, X-CUBE-ALGOBUILD_V1.3.0, X-CUBE-ALS_V1.0.1, X-CUBE-AZRTOS-F4_V1.1.0, X-CUBE-AZRTOS-F7_V1.1.0, X-CUBE-AZRTOS-G0_V1.1.0, X-CUBE-AZRTOS-G4_V2.0.0, X-CUBE-AZRTOS-H7_V3.1.0, X-CUBE-AZRTOS-L4_V1.0.0, X-CUBE-AZRTOS-L4_V2.0.0, X-CUBE-AZRTOS-L5_V1.1.0, X-CUBE-AZRTOS-WB_V1.1.0, X-CUBE-AZRTOS-WL_V2.0.0, X-CUBE-BLE1_V7.0.0, X-CUBE-BLE2_V3.3.0, X-CUBE-BLEMGR_V2.0.0, X-CUBE-EEPRMA1_V4.1.0, X-CUBE-FREERTOS_V1.1.0, X-CUBE-GNSS1_V6.0.0, X-CUBE-MEMS1_V9.1.0, X-CUBE-MEMS1_V9.4.0, X-CUBE-MEMS1_V9.6.0, X-CUBE-NFC4_V3.0.0, X-CUBE-NFC7_V1.0.0, X-CUBE-SFXS2LP1_V4.0.0, X-CUBE-SUBG2_V5.0.0, X-CUBE-TOF1_V3.3.1]
2023-09-26 18:17:04,797 [INFO] DbExamples:123 - Found 7305 examples
2023-09-26 18:17:05,171 [ERROR] DbExamples:199 - Found 7305 examples with invalid data (board or MCU)
2023-09-26 18:17:05,171 [INFO] DbExamples:215 - Found 77 boards with related examples
2023-09-26 18:17:05,171 [INFO] DbExamples:228 - Found 0 MCUs with related examples
2023-09-26 18:17:05,192 [INFO] ApiDb:192 - User favorites file not found: C:\Users\LEGION/.stm32cubemx/favorites.examples.txt
2023-09-26 18:17:05,192 [INFO] DbExamples:249 - Set 0 / 0 favorites Examples
2023-09-26 18:17:05,459 [INFO] McuFinderGlobals:40 - Set McuFinder mode to 2 (CubeIDE integrated)
2023-09-26 18:17:05,594 [INFO] CrossSelectorPresenter:1330 - Cross Selector saved comparison directory: C:\Users\LEGION\.stmcufinder\plugins\mcufinder\mcu\cs_comparisons_mx
2023-09-26 18:17:05,599 [INFO] MultiScanPanel:193 - Auto-refresh data requested => check proxy status ongoing
2023-09-26 18:17:05,601 [INFO] FinderPluginLoader:87 - Searching for filters in installed packs
2023-09-26 18:17:06,099 [INFO] LoadUrlFilesThread:162 - End of LoadServerUrlFiles without Thread
2023-09-26 18:17:06,131 [INFO] DetailPanel:331 - Set advertising image to C:/Users/LEGION/STM32Cube/Repository/\stm32cubemx-promo_image.jpg
2023-09-26 18:17:06,439 [INFO] McuFilterPanel:245 - Update 0 favorites MCUs
2023-09-26 18:17:47,476 [INFO] LogOutputStream:76 - [STDOUT_REDIRECT] withoutVersionV1.8.4
2023-09-26 18:17:47,476 [INFO] LogOutputStream:76 - [STDOUT_REDIRECT] withoutVersionV1.8.3
2023-09-26 18:17:47,477 [INFO] LogOutputStream:76 - [STDOUT_REDIRECT] withoutVersionV1.8.2
2023-09-26 18:17:47,477 [INFO] LogOutputStream:76 - [STDOUT_REDIRECT] withoutVersionV1.8.1
2023-09-26 18:17:47,477 [INFO] LogOutputStream:76 - [STDOUT_REDIRECT] withoutVersionV1.8.0
2023-09-26 18:17:51,734 [INFO] ApiDb:226 - Save user favorites file C:\Users\LEGION/.stm32cubeide/favorites.mcus.txt: 0 item(s)
2023-09-26 18:17:51,735 [INFO] ApiDb:230 - User favorites MCUs=[]
2023-09-26 18:25:21,030 [INFO] Activator:178 - 


2023-09-26 18:25:21,032 [INFO] Activator:179 - !SESSION log4j initialized
2023-09-27 13:37:21,407 [INFO] Activator:178 - 


2023-09-27 13:37:21,413 [INFO] Activator:179 - !SESSION log4j initialized
2023-09-27 13:38:21,917 [INFO] RetryExec:97 - I/O exception (org.apache.http.NoHttpResponseException) caught when processing request to {s}->https://download.eclipse.org:443: The target server failed to respond
2023-09-27 13:38:21,920 [INFO] RetryExec:113 - Retrying request to {s}->https://download.eclipse.org:443
2023-09-27 13:38:22,666 [INFO] RetryExec:97 - I/O exception (org.apache.http.NoHttpResponseException) caught when processing request to {s}->https://archive.eclipse.org:443: The target server failed to respond
2023-09-27 13:38:22,666 [INFO] RetryExec:113 - Retrying request to {s}->https://archive.eclipse.org:443
2023-09-27 15:21:59,500 [INFO] Activator:178 - 


2023-09-27 15:21:59,502 [INFO] Activator:179 - !SESSION log4j initialized
2023-09-27 15:22:44,299 [INFO] RetryExec:97 - I/O exception (org.apache.http.NoHttpResponseException) caught when processing request to {s}->https://download.eclipse.org:443: The target server failed to respond
2023-09-27 15:22:44,301 [INFO] RetryExec:113 - Retrying request to {s}->https://download.eclipse.org:443
2023-09-27 17:52:18,237 [INFO] Activator:178 - 


2023-09-27 17:52:18,240 [INFO] Activator:179 - !SESSION log4j initialized
2023-09-27 17:53:14,341 [INFO] RetryExec:97 - I/O exception (org.apache.http.NoHttpResponseException) caught when processing request to {s}->https://download.eclipse.org:443: The target server failed to respond
2023-09-27 17:53:14,345 [INFO] RetryExec:113 - Retrying request to {s}->https://download.eclipse.org:443
