2023-09-17 23:52:18,430 [INFO] Activator:178 - 


2023-09-17 23:52:18,433 [INFO] Activator:179 - !SESSION log4j initialized
2023-09-17 23:53:37,676 [INFO] RetryExec:97 - I/O exception (org.apache.http.NoHttpResponseException) caught when processing request to {s}->https://download.eclipse.org:443: The target server failed to respond
2023-09-17 23:53:37,679 [INFO] RetryExec:113 - Retrying request to {s}->https://download.eclipse.org:443
2023-09-17 23:53:38,471 [INFO] RetryExec:97 - I/O exception (org.apache.http.NoHttpResponseException) caught when processing request to {s}->https://archive.eclipse.org:443: The target server failed to respond
2023-09-17 23:53:38,474 [INFO] RetryExec:113 - Retrying request to {s}->https://archive.eclipse.org:443
2023-09-18 00:31:08,773 [INFO] ApplicationProperties:181 - Using Application install path: C:\ST\STM32CubeIDE_1.4.0\STM32CubeIDE\plugins\com.st.stm32cube.common.mx_6.0.0.202007160824
2023-09-18 00:31:08,786 [INFO] DbMcusXml:70 - Set database path to: C:\ST\STM32CubeIDE_1.4.0\STM32CubeIDE\plugins\com.st.stm32cube.common.mx_6.0.0.202007160824\\db\/mcu/
2023-09-18 00:31:08,789 [INFO] DbBoardsPdsc:56 - Set plugin database path to: C:\ST\STM32CubeIDE_1.4.0\STM32CubeIDE\plugins\com.st.stm32cube.common.mx_6.0.0.202007160824\\db\/plugins/boardmanager/
2023-09-18 00:31:08,789 [INFO] DbMcus:258 - Set plugin images path to: C:\ST\STM32CubeIDE_1.4.0\STM32CubeIDE\plugins\com.st.stm32cube.common.mx_6.0.0.202007160824\\db\/plugins/mcufinder/images/
2023-09-18 00:31:08,790 [INFO] DbBoards:264 - Set plugin images path to: C:\ST\STM32CubeIDE_1.4.0\STM32CubeIDE\plugins\com.st.stm32cube.common.mx_6.0.0.202007160824\\db\/plugins/mcufinder/images/
2023-09-18 00:31:08,792 [INFO] DbExamples:326 - Set plugin images path to: C:\ST\STM32CubeIDE_1.4.0\STM32CubeIDE\plugins\com.st.stm32cube.common.mx_6.0.0.202007160824\\db\/plugins/mcufinder/images/
2023-09-18 00:31:08,799 [INFO] DbMcusDocs:112 - Set database path to: C:\Users\LEGION\.stmcufinder\plugins\mcufinder//mcu/
2023-09-18 00:31:08,802 [INFO] DbMcusJson:63 - Set database path to: C:\Users\LEGION\.stmcufinder\plugins\mcufinder//mcu/
2023-09-18 00:31:08,802 [INFO] DbBoardsDocs:112 - Set database path to: C:\Users\LEGION\.stmcufinder\plugins\mcufinder//mcu/
2023-09-18 00:31:08,803 [INFO] DbBoardsJson:56 - Set database path to: C:\Users\LEGION\.stmcufinder\plugins\mcufinder//mcu/
2023-09-18 00:31:08,830 [INFO] CrossReferenceDbSqlite:196 - Set database path to: C:\Users\LEGION\.stmcufinder\plugins\mcufinder//mcu/cs/
2023-09-18 00:31:08,834 [INFO] DbExamplesSqlite:800 - Set database path to: C:\Users\LEGION\.stmcufinder\plugins\mcufinder//mcu/
2023-09-18 00:31:08,943 [INFO] RulesReader:52 - Compatibility file has been processed (209 Rules)
2023-09-18 00:31:09,012 [INFO] MicroXplorer:564 - Detected Java Version = 1.8.0_252
2023-09-18 00:31:09,013 [INFO] DbMcusXml:70 - Set database path to: C:\ST\STM32CubeIDE_1.4.0\STM32CubeIDE\plugins\com.st.stm32cube.common.mx_6.0.0.202007160824\\db\/mcu/
2023-09-18 00:31:09,013 [INFO] DbBoardsPdsc:56 - Set plugin database path to: C:\ST\STM32CubeIDE_1.4.0\STM32CubeIDE\plugins\com.st.stm32cube.common.mx_6.0.0.202007160824\\db\/plugins/boardmanager/
2023-09-18 00:31:09,014 [INFO] DbMcus:258 - Set plugin images path to: C:\ST\STM32CubeIDE_1.4.0\STM32CubeIDE\plugins\com.st.stm32cube.common.mx_6.0.0.202007160824\\db\/plugins/mcufinder/images/
2023-09-18 00:31:09,014 [INFO] DbBoards:264 - Set plugin images path to: C:\ST\STM32CubeIDE_1.4.0\STM32CubeIDE\plugins\com.st.stm32cube.common.mx_6.0.0.202007160824\\db\/plugins/mcufinder/images/
2023-09-18 00:31:09,014 [INFO] DbExamples:326 - Set plugin images path to: C:\ST\STM32CubeIDE_1.4.0\STM32CubeIDE\plugins\com.st.stm32cube.common.mx_6.0.0.202007160824\\db\/plugins/mcufinder/images/
2023-09-18 00:31:09,014 [WARN] DbFile:36 - Overriding database path with different value: C:\Users\LEGION\.stmcufinder\plugins\mcufinder/ => C:\Users\LEGION\.stmcufinder\plugins\mcufinder
2023-09-18 00:31:09,014 [INFO] DbMcusDocs:112 - Set database path to: C:\Users\LEGION\.stmcufinder\plugins\mcufinder//mcu/
2023-09-18 00:31:09,014 [WARN] DbFile:36 - Overriding database path with different value: C:\Users\LEGION\.stmcufinder\plugins\mcufinder/ => C:\Users\LEGION\.stmcufinder\plugins\mcufinder
2023-09-18 00:31:09,014 [INFO] DbMcusJson:63 - Set database path to: C:\Users\LEGION\.stmcufinder\plugins\mcufinder//mcu/
2023-09-18 00:31:09,014 [WARN] DbFile:36 - Overriding database path with different value: C:\Users\LEGION\.stmcufinder\plugins\mcufinder/ => C:\Users\LEGION\.stmcufinder\plugins\mcufinder
2023-09-18 00:31:09,015 [INFO] DbBoardsDocs:112 - Set database path to: C:\Users\LEGION\.stmcufinder\plugins\mcufinder//mcu/
2023-09-18 00:31:09,015 [WARN] DbFile:36 - Overriding database path with different value: C:\Users\LEGION\.stmcufinder\plugins\mcufinder/ => C:\Users\LEGION\.stmcufinder\plugins\mcufinder
2023-09-18 00:31:09,015 [INFO] DbBoardsJson:56 - Set database path to: C:\Users\LEGION\.stmcufinder\plugins\mcufinder//mcu/
2023-09-18 00:31:09,015 [WARN] DbFile:36 - Overriding database path with different value: C:\Users\LEGION\.stmcufinder\plugins\mcufinder/ => C:\Users\LEGION\.stmcufinder\plugins\mcufinder
2023-09-18 00:31:09,015 [WARN] DbFile:36 - Overriding database path with different value: C:\Users\LEGION\.stmcufinder\plugins\mcufinder/ => C:\Users\LEGION\.stmcufinder\plugins\mcufinder
2023-09-18 00:31:09,015 [INFO] CrossReferenceDbSqlite:196 - Set database path to: C:\Users\LEGION\.stmcufinder\plugins\mcufinder//mcu/cs/
2023-09-18 00:31:09,015 [WARN] DbFile:36 - Overriding database path with different value: C:\Users\LEGION\.stmcufinder\plugins\mcufinder/ => C:\Users\LEGION\.stmcufinder\plugins\mcufinder
2023-09-18 00:31:09,015 [INFO] DbExamplesSqlite:800 - Set database path to: C:\Users\LEGION\.stmcufinder\plugins\mcufinder//mcu/
2023-09-18 00:31:09,071 [INFO] MainPanel:189 - HeapMemory: 700448768
2023-09-18 00:31:09,149 [INFO] DbMcusXml:70 - Set database path to: C:\ST\STM32CubeIDE_1.4.0\STM32CubeIDE\plugins\com.st.stm32cube.common.mx_6.0.0.202007160824\\db\/mcu/
2023-09-18 00:31:09,150 [INFO] DbBoardsPdsc:56 - Set plugin database path to: C:\ST\STM32CubeIDE_1.4.0\STM32CubeIDE\plugins\com.st.stm32cube.common.mx_6.0.0.202007160824\\db\/plugins/boardmanager/
2023-09-18 00:31:09,150 [INFO] DbMcus:258 - Set plugin images path to: C:\ST\STM32CubeIDE_1.4.0\STM32CubeIDE\plugins\com.st.stm32cube.common.mx_6.0.0.202007160824\\db\/plugins/mcufinder/images/
2023-09-18 00:31:09,150 [INFO] DbBoards:264 - Set plugin images path to: C:\ST\STM32CubeIDE_1.4.0\STM32CubeIDE\plugins\com.st.stm32cube.common.mx_6.0.0.202007160824\\db\/plugins/mcufinder/images/
2023-09-18 00:31:09,150 [INFO] DbExamples:326 - Set plugin images path to: C:\ST\STM32CubeIDE_1.4.0\STM32CubeIDE\plugins\com.st.stm32cube.common.mx_6.0.0.202007160824\\db\/plugins/mcufinder/images/
2023-09-18 00:31:09,150 [WARN] DbFile:36 - Overriding database path with different value: C:\Users\LEGION\.stmcufinder\plugins\mcufinder/ => C:\Users\LEGION\.stmcufinder\plugins\mcufinder
2023-09-18 00:31:09,151 [INFO] DbMcusDocs:112 - Set database path to: C:\Users\LEGION\.stmcufinder\plugins\mcufinder//mcu/
2023-09-18 00:31:09,151 [WARN] DbFile:36 - Overriding database path with different value: C:\Users\LEGION\.stmcufinder\plugins\mcufinder/ => C:\Users\LEGION\.stmcufinder\plugins\mcufinder
2023-09-18 00:31:09,151 [INFO] DbMcusJson:63 - Set database path to: C:\Users\LEGION\.stmcufinder\plugins\mcufinder//mcu/
2023-09-18 00:31:09,151 [WARN] DbFile:36 - Overriding database path with different value: C:\Users\LEGION\.stmcufinder\plugins\mcufinder/ => C:\Users\LEGION\.stmcufinder\plugins\mcufinder
2023-09-18 00:31:09,151 [INFO] DbBoardsDocs:112 - Set database path to: C:\Users\LEGION\.stmcufinder\plugins\mcufinder//mcu/
2023-09-18 00:31:09,151 [WARN] DbFile:36 - Overriding database path with different value: C:\Users\LEGION\.stmcufinder\plugins\mcufinder/ => C:\Users\LEGION\.stmcufinder\plugins\mcufinder
2023-09-18 00:31:09,151 [INFO] DbBoardsJson:56 - Set database path to: C:\Users\LEGION\.stmcufinder\plugins\mcufinder//mcu/
2023-09-18 00:31:09,151 [WARN] DbFile:36 - Overriding database path with different value: C:\Users\LEGION\.stmcufinder\plugins\mcufinder/ => C:\Users\LEGION\.stmcufinder\plugins\mcufinder
2023-09-18 00:31:09,152 [WARN] DbFile:36 - Overriding database path with different value: C:\Users\LEGION\.stmcufinder\plugins\mcufinder/ => C:\Users\LEGION\.stmcufinder\plugins\mcufinder
2023-09-18 00:31:09,152 [INFO] CrossReferenceDbSqlite:196 - Set database path to: C:\Users\LEGION\.stmcufinder\plugins\mcufinder//mcu/cs/
2023-09-18 00:31:09,152 [WARN] DbFile:36 - Overriding database path with different value: C:\Users\LEGION\.stmcufinder\plugins\mcufinder/ => C:\Users\LEGION\.stmcufinder\plugins\mcufinder
2023-09-18 00:31:09,152 [INFO] DbExamplesSqlite:800 - Set database path to: C:\Users\LEGION\.stmcufinder\plugins\mcufinder//mcu/
2023-09-18 00:31:09,167 [INFO] ApplicationProperties:181 - Using Application install path: C:\ST\STM32CubeIDE_1.4.0\STM32CubeIDE\plugins\com.st.stm32cube.common.mx_6.0.0.202007160824
2023-09-18 00:31:09,168 [INFO] PluginManage:178 - Search for loadable plugins [exclusion list=, ]
2023-09-18 00:31:09,169 [INFO] PluginManage:292 - Check plugin analytics
2023-09-18 00:31:13,853 [INFO] AnalyticsPlugin:203 - Accepted Software Licenses: 
2023-09-18 00:31:13,854 [INFO] AnalyticsPlugin:205 - Accepted CMSIS Pack Licenses: 
2023-09-18 00:31:13,854 [INFO] AnalyticsPlugin:207 - Accepted Firmware Licenses: 
2023-09-18 00:31:13,854 [INFO] PluginManage:342 - Loaded plugin analytics (category:tool,tabindex:-1)
2023-09-18 00:31:13,854 [INFO] PluginManage:292 - Check plugin clock
2023-09-18 00:31:13,889 [INFO] PluginManage:342 - Loaded plugin clock (category:base,tabindex:2)
2023-09-18 00:31:13,889 [INFO] PluginManage:292 - Check plugin ddr
2023-09-18 00:31:13,892 [INFO] PluginManage:342 - Loaded plugin ddr (category:tool,tabindex:6)
2023-09-18 00:31:13,892 [INFO] PluginManage:292 - Check plugin filemanager
2023-09-18 00:31:13,997 [INFO] PluginManage:342 - Loaded plugin filemanager (category:base,tabindex:10)
2023-09-18 00:31:13,997 [INFO] PluginManage:292 - Check plugin ipmanager
2023-09-18 00:31:14,004 [INFO] PluginManage:342 - Loaded plugin ipmanager (category:base,tabindex:5)
2023-09-18 00:31:14,004 [INFO] PluginManage:292 - Check plugin pinoutandconfiguration
2023-09-18 00:31:14,021 [INFO] PluginManage:342 - Loaded plugin pinoutandconfiguration (category:base,tabindex:1)
2023-09-18 00:31:14,021 [INFO] PluginManage:292 - Check plugin pinoutconfig
2023-09-18 00:31:14,051 [INFO] PluginManage:342 - Loaded plugin pinoutconfig (category:base,tabindex:0)
2023-09-18 00:31:14,051 [INFO] PluginManage:292 - Check plugin power
2023-09-18 00:31:14,068 [INFO] PluginManage:342 - Loaded plugin power (category:power,tabindex:4)
2023-09-18 00:31:14,068 [INFO] PluginManage:292 - Check plugin projectmanager
2023-09-18 00:31:14,081 [INFO] PluginManage:342 - Loaded plugin projectmanager (category:projectmanager,tabindex:3)
2023-09-18 00:31:14,081 [INFO] PluginManage:292 - Check plugin thirdparty
2023-09-18 00:31:14,200 [INFO] ThirdPartyDb:333 - Open Third Party DataBase File (C:/Users/LEGION/.stm32cubemx/plugins/thirdparty/db/thirdparties_db.xml) : 42 ms. number of Sw pack : 48
2023-09-18 00:31:14,204 [INFO] PluginManage:342 - Loaded plugin thirdparty (category:base,tabindex:-1)
2023-09-18 00:31:14,205 [INFO] PluginManage:292 - Check plugin tools
2023-09-18 00:31:14,263 [INFO] PluginManage:342 - Loaded plugin tools (category:base,tabindex:7)
2023-09-18 00:31:14,263 [INFO] PluginManage:292 - Check plugin tutovideos
2023-09-18 00:31:14,497 [INFO] PluginManage:342 - Loaded plugin tutovideos (category:base,tabindex:-1)
2023-09-18 00:31:14,498 [INFO] PluginManage:292 - Check plugin updater
2023-09-18 00:31:14,510 [INFO] PluginManage:342 - Loaded plugin updater (category:base,tabindex:12)
2023-09-18 00:31:14,510 [INFO] PluginManage:265 - PluginManage : Loaded plugins [13]
2023-09-18 00:31:14,649 [INFO] PinOutPanel:1418 - setPackage(No Configuration,No Configuration)
2023-09-18 00:31:14,731 [INFO] IPUIPlugin:64 - create IPUIPlugin
2023-09-18 00:31:14,731 [INFO] PluginManager:200 - loadIPPluginJar : add adc
2023-09-18 00:31:14,764 [INFO] IPUIPlugin:64 - create IPUIPlugin
2023-09-18 00:31:14,764 [INFO] PluginManager:200 - loadIPPluginJar : add aes
2023-09-18 00:31:14,808 [INFO] IPUIPlugin:64 - create IPUIPlugin
2023-09-18 00:31:14,808 [INFO] PluginManager:200 - loadIPPluginJar : add can
2023-09-18 00:31:14,834 [INFO] IPUIPlugin:64 - create IPUIPlugin
2023-09-18 00:31:14,834 [INFO] PluginManager:200 - loadIPPluginJar : add comp
2023-09-18 00:31:14,864 [INFO] IPUIPlugin:64 - create IPUIPlugin
2023-09-18 00:31:14,864 [INFO] PluginManager:200 - loadIPPluginJar : add cryp
2023-09-18 00:31:14,894 [INFO] IPUIPlugin:64 - create IPUIPlugin
2023-09-18 00:31:14,895 [INFO] PluginManager:200 - loadIPPluginJar : add dfsdm
2023-09-18 00:31:14,906 [INFO] IPUIPlugin:64 - create IPUIPlugin
2023-09-18 00:31:14,906 [INFO] PluginManager:200 - loadIPPluginJar : add dma
2023-09-18 00:31:14,930 [INFO] IPUIPlugin:64 - create IPUIPlugin
2023-09-18 00:31:14,930 [INFO] PluginManager:200 - loadIPPluginJar : add fatfs
2023-09-18 00:31:14,978 [INFO] IPUIPlugin:64 - create IPUIPlugin
2023-09-18 00:31:14,978 [INFO] PluginManager:200 - loadIPPluginJar : add fmc
2023-09-18 00:31:14,992 [INFO] IPUIPlugin:64 - create IPUIPlugin
2023-09-18 00:31:14,992 [INFO] PluginManager:200 - loadIPPluginJar : add freertos
2023-09-18 00:31:15,016 [INFO] IPUIPlugin:64 - create IPUIPlugin
2023-09-18 00:31:15,016 [INFO] PluginManager:200 - loadIPPluginJar : add genericplugin
2023-09-18 00:31:15,099 [INFO] IPUIPlugin:64 - create IPUIPlugin
2023-09-18 00:31:15,099 [INFO] PluginManager:200 - loadIPPluginJar : add gfxmmu
2023-09-18 00:31:15,223 [INFO] IPUIPlugin:64 - create IPUIPlugin
2023-09-18 00:31:15,223 [INFO] PluginManager:200 - loadIPPluginJar : add gic
2023-09-18 00:31:15,236 [INFO] IPUIPlugin:64 - create IPUIPlugin
2023-09-18 00:31:15,237 [INFO] PluginManager:200 - loadIPPluginJar : add gpio
2023-09-18 00:31:15,295 [INFO] IPUIPlugin:64 - create IPUIPlugin
2023-09-18 00:31:15,296 [INFO] PluginManager:200 - loadIPPluginJar : add gtzc
2023-09-18 00:31:15,327 [INFO] IPUIPlugin:64 - create IPUIPlugin
2023-09-18 00:31:15,327 [INFO] PluginManager:200 - loadIPPluginJar : add hash
2023-09-18 00:31:15,376 [INFO] IPUIPlugin:64 - create IPUIPlugin
2023-09-18 00:31:15,376 [INFO] PluginManager:200 - loadIPPluginJar : add i2c
2023-09-18 00:31:15,415 [INFO] IPUIPlugin:64 - create IPUIPlugin
2023-09-18 00:31:15,415 [INFO] PluginManager:200 - loadIPPluginJar : add i2s
2023-09-18 00:31:15,425 [INFO] IPUIPlugin:64 - create IPUIPlugin
2023-09-18 00:31:15,425 [INFO] PluginManager:200 - loadIPPluginJar : add ipddr
2023-09-18 00:31:15,460 [INFO] IPUIPlugin:64 - create IPUIPlugin
2023-09-18 00:31:15,461 [INFO] PluginManager:200 - loadIPPluginJar : add ltdc
2023-09-18 00:31:15,472 [INFO] IPUIPlugin:64 - create IPUIPlugin
2023-09-18 00:31:15,472 [INFO] PluginManager:200 - loadIPPluginJar : add mdma
2023-09-18 00:31:15,483 [INFO] IPUIPlugin:64 - create IPUIPlugin
2023-09-18 00:31:15,483 [INFO] PluginManager:200 - loadIPPluginJar : add nvic
2023-09-18 00:31:15,518 [INFO] IPUIPlugin:64 - create IPUIPlugin
2023-09-18 00:31:15,518 [INFO] PluginManager:200 - loadIPPluginJar : add opamp
2023-09-18 00:31:15,571 [INFO] IPUIPlugin:64 - create IPUIPlugin
2023-09-18 00:31:15,571 [INFO] PluginManager:200 - loadIPPluginJar : add openamp
2023-09-18 00:31:15,614 [INFO] IPUIPlugin:64 - create IPUIPlugin
2023-09-18 00:31:15,614 [INFO] PluginManager:200 - loadIPPluginJar : add pdm2pcm
2023-09-18 00:31:15,628 [INFO] IPUIPlugin:64 - create IPUIPlugin
2023-09-18 00:31:15,631 [INFO] PluginManager:200 - loadIPPluginJar : add plateformsettings
2023-09-18 00:31:15,656 [INFO] IPUIPlugin:64 - create IPUIPlugin
2023-09-18 00:31:15,656 [INFO] PluginManager:200 - loadIPPluginJar : add quadspi
2023-09-18 00:31:15,667 [INFO] IPUIPlugin:64 - create IPUIPlugin
2023-09-18 00:31:15,668 [INFO] PluginManager:200 - loadIPPluginJar : add resmgrutility
2023-09-18 00:31:15,717 [INFO] IPUIPlugin:64 - create IPUIPlugin
2023-09-18 00:31:15,718 [INFO] PluginManager:200 - loadIPPluginJar : add sai
2023-09-18 00:31:15,755 [INFO] IPUIPlugin:64 - create IPUIPlugin
2023-09-18 00:31:15,755 [INFO] PluginManager:200 - loadIPPluginJar : add spi
2023-09-18 00:31:15,801 [INFO] IPUIPlugin:64 - create IPUIPlugin
2023-09-18 00:31:15,801 [INFO] PluginManager:200 - loadIPPluginJar : add stm32_wpan
2023-09-18 00:31:15,827 [INFO] IPUIPlugin:64 - create IPUIPlugin
2023-09-18 00:31:15,827 [INFO] PluginManager:200 - loadIPPluginJar : add tim
2023-09-18 00:31:16,017 [INFO] IPUIPlugin:64 - create IPUIPlugin
2023-09-18 00:31:16,018 [INFO] PluginManager:200 - loadIPPluginJar : add touchsensing
2023-09-18 00:31:16,060 [INFO] IPUIPlugin:64 - create IPUIPlugin
2023-09-18 00:31:16,061 [INFO] PluginManager:200 - loadIPPluginJar : add tracer_emb
2023-09-18 00:31:16,128 [INFO] IPUIPlugin:64 - create IPUIPlugin
2023-09-18 00:31:16,128 [INFO] PluginManager:200 - loadIPPluginJar : add ts
2023-09-18 00:31:16,182 [INFO] IPUIPlugin:64 - create IPUIPlugin
2023-09-18 00:31:16,182 [INFO] PluginManager:200 - loadIPPluginJar : add tsc
2023-09-18 00:31:16,231 [INFO] IPUIPlugin:64 - create IPUIPlugin
2023-09-18 00:31:16,232 [INFO] PluginManager:200 - loadIPPluginJar : add ucpd
2023-09-18 00:31:16,315 [INFO] IPUIPlugin:64 - create IPUIPlugin
2023-09-18 00:31:16,316 [INFO] PluginManager:200 - loadIPPluginJar : add usart
2023-09-18 00:31:17,836 [INFO] CubeProgrammer:457 - [DDR PANEL] - PathOfProgrammer: null
2023-09-18 00:31:18,848 [FATAL] Updater:282 - Updater called before beeing initialized
2023-09-18 00:31:19,034 [FATAL] Updater:282 - Updater called before beeing initialized
2023-09-18 00:31:19,034 [WARN] ThirdParty:775 - waiting for thirdparty lock release [close project]
2023-09-18 00:31:19,034 [INFO] ThirdParty:777 - entering critical section [close project]
2023-09-18 00:31:19,035 [INFO] ThirdParty:790 - exiting critical section [close project]
2023-09-18 00:31:19,037 [INFO] PinOutPanel:1418 - setPackage(No Configuration,No Configuration)
2023-09-18 00:31:19,037 [FATAL] Updater:282 - Updater called before beeing initialized
2023-09-18 00:31:19,048 [ERROR] Updater:967 - MainUpdater not yet initialized. External WinMGr cannot be set.
2023-09-18 00:31:19,050 [INFO] CubeProgrammer:457 - [DDR PANEL] - PathOfProgrammer: C:\ST\STM32CubeIDE_1.4.0\STM32CubeIDE\plugins\com.st.stm32cube.ide.mcu.externaltools.cubeprogrammer.win32_1.4.0.202007081208\tools\bin
2023-09-18 00:31:19,054 [INFO] ProgrammerExecThread:148 - [ProgrammerAPI] CubeProgrammer command construction: C:\ST\STM32CubeIDE_1.4.0\STM32CubeIDE\plugins\com.st.stm32cube.ide.mcu.externaltools.cubeprogrammer.win32_1.4.0.202007081208\tools\bin\STM32_Programmer_CLI.exe -l
2023-09-18 00:31:19,387 [INFO] MainDdrPanel:49 - [DDR PANEL] SETTER - Set cubeProgrammerPath to: C:\ST\STM32CubeIDE_1.4.0\STM32CubeIDE\plugins\com.st.stm32cube.ide.mcu.externaltools.cubeprogrammer.win32_1.4.0.202007081208\tools\bin
2023-09-18 00:31:19,803 [INFO] Updater:904 - Updater Version found : 6.0.0
2023-09-18 00:31:19,823 [INFO] ApplicationProperties:181 - Using Application install path: C:\ST\STM32CubeIDE_1.4.0\STM32CubeIDE\plugins\com.st.stm32cube.common.mx_6.0.0.202007160824
2023-09-18 00:31:20,163 [INFO] MainUpdater:2268 - connection check result : 10
2023-09-18 00:31:20,164 [INFO] MainUpdater:2935 - Updater definition file requires update
2023-09-18 00:31:20,165 [INFO] MainUpdater:239 - Updater Check For Update Now.
2023-09-18 00:31:20,165 [INFO] MicroXplorer:414 - Change Database Version : DB.6.0.0
2023-09-18 00:31:20,222 [WARN] IntegrityCheckThread:61 - waiting for thirdparty lock release [integrity check]
2023-09-18 00:31:20,222 [INFO] IntegrityCheckThread:63 - entering critical section [integrity check]
2023-09-18 00:31:20,224 [WARN] MainUpdater:1087 - Updater busy. Cannot search thirdparties
2023-09-18 00:31:20,270 [INFO] ServerAccessManage:348 - Download File updaters.zip
2023-09-18 00:31:20,579 [INFO] FileExtend:225 - Unzip File : updaters.zip
2023-09-18 00:31:20,579 [INFO] FileExtend:240 - Standard Zip Deflate
2023-09-18 00:31:21,487 [INFO] ServerAccessManage:348 - Download File PacksControlFlags.xml
2023-09-18 00:31:21,671 [INFO] ServerAccessManage:348 - Download File cubemx.pidx
2023-09-18 00:31:22,149 [INFO] ServerAccessManage:348 - Download File STMicroelectronics.FP-SNS-SMARTAG2.pdsc
2023-09-18 00:31:23,238 [WARN] MainUpdater:1087 - Updater busy. Cannot search thirdparties
2023-09-18 00:31:26,241 [WARN] MainUpdater:1087 - Updater busy. Cannot search thirdparties
2023-09-18 00:31:29,140 [ERROR] ServerAccessManage:954 - Problem, Http access forbiden
2023-09-18 00:31:29,152 [ERROR] ServerAccessManage:517 - Problem, Http access forbiden : RoweBots.I-CUBE-UNISONRTOS.pdsc.
2023-09-18 00:31:29,255 [WARN] MainUpdater:1087 - Updater busy. Cannot search thirdparties
2023-09-18 00:31:29,257 [WARN] PopulateThirdPartyThread:96 - Error when creating pack: C:/Users/LEGION/.stm32cubemx/thirdparties/pdsc/STMicroelectronics.FP-SNS-SMARTAG2.pdsc
2023-09-18 00:31:29,258 [INFO] PopulateThirdPartyThread:50 - Ending populate Thread
2023-09-18 00:31:29,260 [INFO] ThirdPartyDb:299 - Save Third Party DataBase File (C:/Users/LEGION/.stm32cubemx/plugins/thirdparty/db/thirdparties_db.xml) [forced]
2023-09-18 00:31:29,296 [INFO] CheckServerUpdateThread:102 - End of CheckServer Thread
2023-09-18 00:31:29,300 [INFO] LoadServerUpdatesThread:309 - End of LoadServerUpdate Thread
2023-09-18 00:31:29,350 [INFO] MainUpdater:2268 - connection check result : 10
2023-09-18 00:31:29,642 [INFO] ServerAccessManage:348 - Download File mcusDocs.json._tmp_
2023-09-18 00:31:29,959 [INFO] LoadUrlFilesThread:135 - End of LoadUrlFiles Thread
2023-09-18 00:31:30,036 [INFO] ServerAccessManage:348 - Download File mcusFeaturesAndDescription.json._tmp_
2023-09-18 00:31:32,267 [WARN] MainUpdater:1087 - Updater busy. Cannot search thirdparties
2023-09-18 00:31:35,275 [WARN] MainUpdater:1087 - Updater busy. Cannot search thirdparties
2023-09-18 00:31:38,289 [WARN] MainUpdater:1087 - Updater busy. Cannot search thirdparties
2023-09-18 00:31:38,759 [INFO] LoadUrlFilesThread:135 - End of LoadUrlFiles Thread
2023-09-18 00:31:38,896 [INFO] ServerAccessManage:348 - Download File boardsDocs.json._tmp_
2023-09-18 00:31:38,930 [INFO] LoadUrlFilesThread:135 - End of LoadUrlFiles Thread
2023-09-18 00:31:39,012 [INFO] ServerAccessManage:348 - Download File boards.json._tmp_
2023-09-18 00:31:40,030 [INFO] LoadUrlFilesThread:135 - End of LoadUrlFiles Thread
2023-09-18 00:31:40,298 [INFO] ServerAccessManage:348 - Download File cube-finder-db.zip
2023-09-18 00:31:41,298 [WARN] MainUpdater:1087 - Updater busy. Cannot search thirdparties
2023-09-18 00:31:44,305 [WARN] MainUpdater:1087 - Updater busy. Cannot search thirdparties
2023-09-18 00:31:47,318 [WARN] MainUpdater:1087 - Updater busy. Cannot search thirdparties
2023-09-18 00:31:50,333 [WARN] MainUpdater:1087 - Updater busy. Cannot search thirdparties
2023-09-18 00:31:53,346 [WARN] MainUpdater:1087 - Updater busy. Cannot search thirdparties
2023-09-18 00:31:56,348 [WARN] MainUpdater:1087 - Updater busy. Cannot search thirdparties
2023-09-18 00:31:59,363 [WARN] MainUpdater:1087 - Updater busy. Cannot search thirdparties
2023-09-18 00:32:02,373 [WARN] MainUpdater:1087 - Updater busy. Cannot search thirdparties
2023-09-18 00:32:05,379 [ERROR] IntegrityCheckThread:67 - Unexpected exception IntegrityCheckThread Thread:
2023-09-18 00:32:05,379 [ERROR] IntegrityCheckThread:70 - java.lang.Exception: Updater error
	at com.st.microxplorer.plugins.thirdparty.engine.IntegrityCheckThread.getUpdaterThirdPartyList(IntegrityCheckThread.java:296)
	at com.st.microxplorer.plugins.thirdparty.engine.IntegrityCheckThread.runProcess(IntegrityCheckThread.java:84)
	at com.st.microxplorer.plugins.thirdparty.engine.IntegrityCheckThread.run(IntegrityCheckThread.java:65)

2023-09-18 00:32:05,379 [INFO] ThirdPartyDb:299 - Save Third Party DataBase File (C:/Users/LEGION/.stm32cubemx/plugins/thirdparty/db/thirdparties_db.xml) [forced]
2023-09-18 00:32:05,395 [INFO] IntegrityCheckThread:76 - exiting critical section [integrity check]
2023-09-18 00:32:05,396 [INFO] IntegrityCheckThread:79 - End integrity checks thread
2023-09-18 00:33:26,414 [INFO] FileExtend:225 - Unzip File : cube-finder-db.zip
2023-09-18 00:33:26,415 [INFO] FileExtend:240 - Standard Zip Deflate
2023-09-18 00:33:27,014 [INFO] LoadUrlFilesThread:135 - End of LoadUrlFiles Thread
2023-09-18 00:33:28,134 [INFO] ServerAccessManage:348 - Download File crdb.zip
2023-09-18 00:33:28,668 [INFO] FileExtend:225 - Unzip File : crdb.zip
2023-09-18 00:33:28,669 [INFO] FileExtend:240 - Standard Zip Deflate
2023-09-18 00:33:28,695 [INFO] LoadUrlFilesThread:135 - End of LoadUrlFiles Thread
2023-09-18 00:33:28,790 [INFO] ServerAccessManage:348 - Download File tutoVideoDB.zip
2023-09-18 00:33:29,494 [INFO] FileExtend:225 - Unzip File : tutoVideoDB.zip
2023-09-18 00:33:29,496 [INFO] FileExtend:240 - Standard Zip Deflate
2023-09-18 00:33:29,513 [INFO] LoadUrlFilesThread:135 - End of LoadUrlFiles Thread
2023-09-18 00:33:29,545 [INFO] DbMcusDocs:145 - JSON generation date=Tue Nov 16 18:17:54 EET 2021 (1637079474)
2023-09-18 00:33:29,545 [INFO] DbMcusXml:100 - Load MCU database from C:\ST\STM32CubeIDE_1.4.0\STM32CubeIDE\plugins\com.st.stm32cube.common.mx_6.0.0.202007160824\\db\/mcu/families.xml
2023-09-18 00:33:30,200 [INFO] DbMcusJson:92 - JSON generation date=Tue Nov 16 18:17:54 EET 2021 (1637079474)
2023-09-18 00:33:31,428 [INFO] DbMcus:175 - Found 1761 MCUs (1722 are supported by CubeMX, 1911 are visible in CubeMX)
2023-09-18 00:33:31,429 [INFO] ApiDb:201 - Load user favorites file C:\Users\LEGION/.stm32cubemx/favorites.mcus.txt: 0 item(s)
2023-09-18 00:33:31,429 [INFO] ApiDb:205 - User favorites MCUs=[]
2023-09-18 00:33:31,429 [INFO] DbMcus:187 - Set 0 / 0 favorites MCUs
2023-09-18 00:33:31,688 [INFO] DbMcusDocs:81 - Found 682 MCUs documents
2023-09-18 00:33:31,690 [INFO] ApiDb:226 - Save user favorites file C:\Users\LEGION/.stm32cubemx/favorites.mcus.txt: 0 item(s)
2023-09-18 00:33:31,690 [INFO] ApiDb:230 - User favorites MCUs=[]
2023-09-18 00:33:31,690 [INFO] DbMcusXml:100 - Load MCU database from C:\ST\STM32CubeIDE_1.4.0\STM32CubeIDE\plugins\com.st.stm32cube.common.mx_6.0.0.202007160824\\db\/mcu/families.xml
2023-09-18 00:33:32,362 [INFO] DbMcusJson:92 - JSON generation date=Tue Nov 16 18:17:54 EET 2021 (1637079474)
2023-09-18 00:33:32,850 [INFO] DbMcus:175 - Found 1761 MCUs (1722 are supported by CubeMX, 1911 are visible in CubeMX)
2023-09-18 00:33:32,850 [INFO] ApiDb:201 - Load user favorites file C:\Users\LEGION/.stm32cubemx/favorites.mcus.txt: 0 item(s)
2023-09-18 00:33:32,851 [INFO] ApiDb:205 - User favorites MCUs=[]
2023-09-18 00:33:32,851 [INFO] DbMcus:187 - Set 0 / 0 favorites MCUs
2023-09-18 00:33:32,857 [INFO] DbBoardsDocs:145 - JSON generation date=Tue Nov 16 18:17:54 EET 2021 (1637079474)
2023-09-18 00:33:32,884 [INFO] DbBoardsPdsc:94 - Found 23 items
2023-09-18 00:33:32,898 [INFO] DbBoardsPdsc:94 - Found 9 items
2023-09-18 00:33:32,913 [INFO] DbBoardsPdsc:94 - Found 29 items
2023-09-18 00:33:32,925 [INFO] DbBoardsPdsc:94 - Found 1 items
2023-09-18 00:33:32,944 [INFO] DbBoardsPdsc:94 - Found 44 items
2023-09-18 00:33:32,960 [INFO] DbBoardsPdsc:94 - Found 40 items
2023-09-18 00:33:32,969 [INFO] DbBoardsPdsc:94 - Found 2 items
2023-09-18 00:33:32,977 [INFO] DbBoardsPdsc:94 - Found 4 items
2023-09-18 00:33:32,983 [WARN] DbBoardsPdsc:258 - Board STM32H7B3I-DK: unknown feature type=Audio, name=, username=Audio stereo codec with Headphone Amp (CS42L51-CNZ), n=1
2023-09-18 00:33:32,983 [WARN] DbBoardsPdsc:258 - Board STM32H735G-DK: unknown feature type=Audio, name=, username=Audio stereo codec with Headphone Amp (WM8994ECS/R), n=1
2023-09-18 00:33:32,985 [WARN] DbBoardsPdsc:258 - Board STM32H7B3I-EVAL: unknown feature type=Audio, name=, username=Multi-Channel Audio Codec (CS42L51-CNZ), n=1
2023-09-18 00:33:32,985 [WARN] DbBoardsPdsc:258 - Board STM32H7B3I-EVAL: unknown feature type=Meter, name=, username=Power-metering and Temperature-monitoring with sigma-delta modulators, n=1
2023-09-18 00:33:32,985 [WARN] DbBoardsPdsc:258 - Board STM32H7B3I-EVAL: unknown feature type=Motor, name=, username=Motor Control, n=1
2023-09-18 00:33:33,028 [INFO] DbBoardsJson:85 - JSON generation date=Tue Nov 16 18:17:54 EET 2021 (1637079474)
2023-09-18 00:33:33,036 [INFO] DbBoards:117 - Found 166 boards (149 are supported by CubeMX)
2023-09-18 00:33:33,038 [INFO] DbBoardsDocs:145 - JSON generation date=Tue Nov 16 18:17:54 EET 2021 (1637079474)
2023-09-18 00:33:33,045 [INFO] DbBoardsDocs:81 - Found 209 boards documents
2023-09-18 00:33:33,047 [WARN] DbBoards:127 - board B-L475E-IOT01A2 has no document id list !
2023-09-18 00:33:33,050 [WARN] DbBoards:127 - board NUCLEO-H743ZI has no document id list !
2023-09-18 00:33:33,050 [WARN] DbBoards:127 - board P-NUCLEO-WB55-Nucleo has no document id list !
2023-09-18 00:33:33,050 [WARN] DbBoards:127 - board P-NUCLEO-WB55-USBDongle has no document id list !
2023-09-18 00:33:33,050 [WARN] DbBoards:127 - board STEVAL-BFA001V1B has no document id list !
2023-09-18 00:33:33,050 [WARN] DbBoards:127 - board STEVAL-BFA001V2B has no document id list !
2023-09-18 00:33:33,050 [WARN] DbBoards:127 - board STEVAL-IDP005V1 has no document id list !
2023-09-18 00:33:33,050 [WARN] DbBoards:127 - board STEVAL-IDP005V2 has no document id list !
2023-09-18 00:33:33,050 [WARN] DbBoards:127 - board STEVAL-MKSBOX1V1 has no document id list !
2023-09-18 00:33:33,050 [WARN] DbBoards:127 - board STEVAL-STWINKT1 has no document id list !
2023-09-18 00:33:33,050 [WARN] DbBoards:127 - board STEVAL-STWINKT1B has no document id list !
2023-09-18 00:33:33,050 [WARN] DbBoards:127 - board STM32439I-EVAL2 has no document id list !
2023-09-18 00:33:33,051 [WARN] DbBoards:127 - board STM32F401C-DISCO has no document id list !
2023-09-18 00:33:33,051 [WARN] DbBoards:127 - board STM32F769I-DISC1 has no document id list !
2023-09-18 00:33:33,052 [WARN] DbBoards:127 - board STM32G474E-EVAL1 has no document id list !
2023-09-18 00:33:33,052 [WARN] DbBoards:127 - board STM32H743I-EVAL2 has no document id list !
2023-09-18 00:33:33,052 [WARN] DbBoards:127 - board STM32H747I-DISC1 has no document id list !
2023-09-18 00:33:33,052 [WARN] DbBoards:127 - board STM32H753I-EVAL2 has no document id list !
2023-09-18 00:33:33,052 [WARN] DbBoards:127 - board STM32L-DISCOVERY has no document id list !
2023-09-18 00:33:33,155 [ERROR] DbBoards:189 - Image file not found for board B-L462E-CELL1: C:\ST\STM32CubeIDE_1.4.0\STM32CubeIDE\plugins\com.st.stm32cube.common.mx_6.0.0.202007160824\\db\/plugins/mcufinder/images/boards/B-L462E-CELL1_small.jpg
2023-09-18 00:33:33,209 [ERROR] DbBoards:189 - Image file not found for board B-U585I-IOT02A: C:\ST\STM32CubeIDE_1.4.0\STM32CubeIDE\plugins\com.st.stm32cube.common.mx_6.0.0.202007160824\\db\/plugins/mcufinder/images/boards/B-U585I-IOT02A_small.jpg
2023-09-18 00:33:33,305 [ERROR] DbBoards:189 - Image file not found for board NUCLEO-F413ZH: C:\ST\STM32CubeIDE_1.4.0\STM32CubeIDE\plugins\com.st.stm32cube.common.mx_6.0.0.202007160824\\db\/plugins/mcufinder/images/boards/nucleo-f413zh_small.jpg
2023-09-18 00:33:33,558 [ERROR] DbBoards:189 - Image file not found for board NUCLEO-L552ZE-Q: C:\ST\STM32CubeIDE_1.4.0\STM32CubeIDE\plugins\com.st.stm32cube.common.mx_6.0.0.202007160824\\db\/plugins/mcufinder/images/boards/nucleo_l552ze_q_small.jpg
2023-09-18 00:33:33,558 [ERROR] DbBoards:189 - Image file not found for board NUCLEO-U575ZI-Q: C:\ST\STM32CubeIDE_1.4.0\STM32CubeIDE\plugins\com.st.stm32cube.common.mx_6.0.0.202007160824\\db\/plugins/mcufinder/images/boards/nucleo-u575zi-q_small.jpg
2023-09-18 00:33:33,558 [ERROR] DbBoards:189 - Image file not found for board NUCLEO-WB15CC: C:\ST\STM32CubeIDE_1.4.0\STM32CubeIDE\plugins\com.st.stm32cube.common.mx_6.0.0.202007160824\\db\/plugins/mcufinder/images/boards/nucleo-wb15cc_small.jpg
2023-09-18 00:33:33,558 [ERROR] DbBoards:189 - Image file not found for board NUCLEO-WB55RG: C:\ST\STM32CubeIDE_1.4.0\STM32CubeIDE\plugins\com.st.stm32cube.common.mx_6.0.0.202007160824\\db\/plugins/mcufinder/images/boards/nucleo-wb55rg_small.jpg
2023-09-18 00:33:33,558 [ERROR] DbBoards:189 - Image file not found for board NUCLEO-WL55JC: C:\ST\STM32CubeIDE_1.4.0\STM32CubeIDE\plugins\com.st.stm32cube.common.mx_6.0.0.202007160824\\db\/plugins/mcufinder/images/boards/nucleo-wl55jc-small.jpg
2023-09-18 00:33:33,738 [ERROR] DbBoards:189 - Image file not found for board STEVAL-STWINKT1B: C:\ST\STM32CubeIDE_1.4.0\STM32CubeIDE\plugins\com.st.stm32cube.common.mx_6.0.0.202007160824\\db\/plugins/mcufinder/images/boards/steval-stwinkt1b_small.jpg
2023-09-18 00:33:34,087 [ERROR] DbBoards:189 - Image file not found for board STM32G0C1E-EV: C:\ST\STM32CubeIDE_1.4.0\STM32CubeIDE\plugins\com.st.stm32cube.common.mx_6.0.0.202007160824\\db\/plugins/mcufinder/images/boards/stm32g0c1e-eval_small.jpg
2023-09-18 00:33:34,179 [ERROR] DbBoards:189 - Image file not found for board STM32H7B3I-EVAL: C:\ST\STM32CubeIDE_1.4.0\STM32CubeIDE\plugins\com.st.stm32cube.common.mx_6.0.0.202007160824\\db\/plugins/mcufinder/images/boards/stm32h7b3ieval_small.jpg
2023-09-18 00:33:34,358 [ERROR] DbBoards:189 - Image file not found for board STM32U575I-EV: C:\ST\STM32CubeIDE_1.4.0\STM32CubeIDE\plugins\com.st.stm32cube.common.mx_6.0.0.202007160824\\db\/plugins/mcufinder/images/boards/stm32u575i-ev_small.jpg
2023-09-18 00:33:34,463 [ERROR] DbBoards:189 - Image file not found for board STM32WB5MM-DK: C:\ST\STM32CubeIDE_1.4.0\STM32CubeIDE\plugins\com.st.stm32cube.common.mx_6.0.0.202007160824\\db\/plugins/mcufinder/images/boards/STM32WB5MM-DK_small.jpg
2023-09-18 00:33:34,464 [INFO] ApiDb:201 - Load user favorites file C:\Users\LEGION/.stm32cubemx/favorites.boards.txt: 0 item(s)
2023-09-18 00:33:34,465 [INFO] ApiDb:205 - User favorites Boards=[]
2023-09-18 00:33:34,465 [INFO] DbBoards:206 - Set 0 / 0 favorites Boards
2023-09-18 00:33:34,467 [INFO] DbBoardsDocs:81 - Found 418 boards documents
2023-09-18 00:33:34,468 [INFO] ApiDb:226 - Save user favorites file C:\Users\LEGION/.stm32cubemx/favorites.boards.txt: 0 item(s)
2023-09-18 00:33:34,468 [INFO] ApiDb:230 - User favorites Boards=[]
2023-09-18 00:33:34,470 [INFO] DbBoardsPdsc:94 - Found 23 items
2023-09-18 00:33:34,472 [INFO] DbBoardsPdsc:94 - Found 9 items
2023-09-18 00:33:34,475 [INFO] DbBoardsPdsc:94 - Found 29 items
2023-09-18 00:33:34,476 [INFO] DbBoardsPdsc:94 - Found 1 items
2023-09-18 00:33:34,480 [INFO] DbBoardsPdsc:94 - Found 44 items
2023-09-18 00:33:34,484 [INFO] DbBoardsPdsc:94 - Found 40 items
2023-09-18 00:33:34,485 [INFO] DbBoardsPdsc:94 - Found 2 items
2023-09-18 00:33:34,488 [INFO] DbBoardsPdsc:94 - Found 4 items
2023-09-18 00:33:34,489 [WARN] DbBoardsPdsc:258 - Board STM32H7B3I-DK: unknown feature type=Audio, name=, username=Audio stereo codec with Headphone Amp (CS42L51-CNZ), n=1
2023-09-18 00:33:34,490 [WARN] DbBoardsPdsc:258 - Board STM32H735G-DK: unknown feature type=Audio, name=, username=Audio stereo codec with Headphone Amp (WM8994ECS/R), n=1
2023-09-18 00:33:34,491 [WARN] DbBoardsPdsc:258 - Board STM32H7B3I-EVAL: unknown feature type=Audio, name=, username=Multi-Channel Audio Codec (CS42L51-CNZ), n=1
2023-09-18 00:33:34,491 [WARN] DbBoardsPdsc:258 - Board STM32H7B3I-EVAL: unknown feature type=Meter, name=, username=Power-metering and Temperature-monitoring with sigma-delta modulators, n=1
2023-09-18 00:33:34,491 [WARN] DbBoardsPdsc:258 - Board STM32H7B3I-EVAL: unknown feature type=Motor, name=, username=Motor Control, n=1
2023-09-18 00:33:34,502 [INFO] DbBoardsJson:85 - JSON generation date=Tue Nov 16 18:17:54 EET 2021 (1637079474)
2023-09-18 00:33:34,505 [INFO] DbBoards:117 - Found 166 boards (149 are supported by CubeMX)
2023-09-18 00:33:34,505 [WARN] DbBoards:127 - board B-L475E-IOT01A2 has no document id list !
2023-09-18 00:33:34,506 [WARN] DbBoards:127 - board NUCLEO-H743ZI has no document id list !
2023-09-18 00:33:34,506 [WARN] DbBoards:127 - board P-NUCLEO-WB55-Nucleo has no document id list !
2023-09-18 00:33:34,506 [WARN] DbBoards:127 - board P-NUCLEO-WB55-USBDongle has no document id list !
2023-09-18 00:33:34,506 [WARN] DbBoards:127 - board STEVAL-BFA001V1B has no document id list !
2023-09-18 00:33:34,506 [WARN] DbBoards:127 - board STEVAL-BFA001V2B has no document id list !
2023-09-18 00:33:34,506 [WARN] DbBoards:127 - board STEVAL-IDP005V1 has no document id list !
2023-09-18 00:33:34,507 [WARN] DbBoards:127 - board STEVAL-IDP005V2 has no document id list !
2023-09-18 00:33:34,507 [WARN] DbBoards:127 - board STEVAL-MKSBOX1V1 has no document id list !
2023-09-18 00:33:34,507 [WARN] DbBoards:127 - board STEVAL-STWINKT1 has no document id list !
2023-09-18 00:33:34,507 [WARN] DbBoards:127 - board STEVAL-STWINKT1B has no document id list !
2023-09-18 00:33:34,507 [WARN] DbBoards:127 - board STM32439I-EVAL2 has no document id list !
2023-09-18 00:33:34,507 [WARN] DbBoards:127 - board STM32F401C-DISCO has no document id list !
2023-09-18 00:33:34,507 [WARN] DbBoards:127 - board STM32F769I-DISC1 has no document id list !
2023-09-18 00:33:34,507 [WARN] DbBoards:127 - board STM32G474E-EVAL1 has no document id list !
2023-09-18 00:33:34,508 [WARN] DbBoards:127 - board STM32H743I-EVAL2 has no document id list !
2023-09-18 00:33:34,508 [WARN] DbBoards:127 - board STM32H747I-DISC1 has no document id list !
2023-09-18 00:33:34,508 [WARN] DbBoards:127 - board STM32H753I-EVAL2 has no document id list !
2023-09-18 00:33:34,508 [WARN] DbBoards:127 - board STM32L-DISCOVERY has no document id list !
2023-09-18 00:33:34,541 [ERROR] DbBoards:189 - Image file not found for board B-L462E-CELL1: C:\ST\STM32CubeIDE_1.4.0\STM32CubeIDE\plugins\com.st.stm32cube.common.mx_6.0.0.202007160824\\db\/plugins/mcufinder/images/boards/B-L462E-CELL1_small.jpg
2023-09-18 00:33:34,569 [ERROR] DbBoards:189 - Image file not found for board B-U585I-IOT02A: C:\ST\STM32CubeIDE_1.4.0\STM32CubeIDE\plugins\com.st.stm32cube.common.mx_6.0.0.202007160824\\db\/plugins/mcufinder/images/boards/B-U585I-IOT02A_small.jpg
2023-09-18 00:33:34,633 [ERROR] DbBoards:189 - Image file not found for board NUCLEO-F413ZH: C:\ST\STM32CubeIDE_1.4.0\STM32CubeIDE\plugins\com.st.stm32cube.common.mx_6.0.0.202007160824\\db\/plugins/mcufinder/images/boards/nucleo-f413zh_small.jpg
2023-09-18 00:33:34,779 [ERROR] DbBoards:189 - Image file not found for board NUCLEO-L552ZE-Q: C:\ST\STM32CubeIDE_1.4.0\STM32CubeIDE\plugins\com.st.stm32cube.common.mx_6.0.0.202007160824\\db\/plugins/mcufinder/images/boards/nucleo_l552ze_q_small.jpg
2023-09-18 00:33:34,780 [ERROR] DbBoards:189 - Image file not found for board NUCLEO-U575ZI-Q: C:\ST\STM32CubeIDE_1.4.0\STM32CubeIDE\plugins\com.st.stm32cube.common.mx_6.0.0.202007160824\\db\/plugins/mcufinder/images/boards/nucleo-u575zi-q_small.jpg
2023-09-18 00:33:34,780 [ERROR] DbBoards:189 - Image file not found for board NUCLEO-WB15CC: C:\ST\STM32CubeIDE_1.4.0\STM32CubeIDE\plugins\com.st.stm32cube.common.mx_6.0.0.202007160824\\db\/plugins/mcufinder/images/boards/nucleo-wb15cc_small.jpg
2023-09-18 00:33:34,780 [ERROR] DbBoards:189 - Image file not found for board NUCLEO-WB55RG: C:\ST\STM32CubeIDE_1.4.0\STM32CubeIDE\plugins\com.st.stm32cube.common.mx_6.0.0.202007160824\\db\/plugins/mcufinder/images/boards/nucleo-wb55rg_small.jpg
2023-09-18 00:33:34,780 [ERROR] DbBoards:189 - Image file not found for board NUCLEO-WL55JC: C:\ST\STM32CubeIDE_1.4.0\STM32CubeIDE\plugins\com.st.stm32cube.common.mx_6.0.0.202007160824\\db\/plugins/mcufinder/images/boards/nucleo-wl55jc-small.jpg
2023-09-18 00:33:34,885 [ERROR] DbBoards:189 - Image file not found for board STEVAL-STWINKT1B: C:\ST\STM32CubeIDE_1.4.0\STM32CubeIDE\plugins\com.st.stm32cube.common.mx_6.0.0.202007160824\\db\/plugins/mcufinder/images/boards/steval-stwinkt1b_small.jpg
2023-09-18 00:33:35,095 [ERROR] DbBoards:189 - Image file not found for board STM32G0C1E-EV: C:\ST\STM32CubeIDE_1.4.0\STM32CubeIDE\plugins\com.st.stm32cube.common.mx_6.0.0.202007160824\\db\/plugins/mcufinder/images/boards/stm32g0c1e-eval_small.jpg
2023-09-18 00:33:35,157 [ERROR] DbBoards:189 - Image file not found for board STM32H7B3I-EVAL: C:\ST\STM32CubeIDE_1.4.0\STM32CubeIDE\plugins\com.st.stm32cube.common.mx_6.0.0.202007160824\\db\/plugins/mcufinder/images/boards/stm32h7b3ieval_small.jpg
2023-09-18 00:33:35,266 [ERROR] DbBoards:189 - Image file not found for board STM32U575I-EV: C:\ST\STM32CubeIDE_1.4.0\STM32CubeIDE\plugins\com.st.stm32cube.common.mx_6.0.0.202007160824\\db\/plugins/mcufinder/images/boards/stm32u575i-ev_small.jpg
2023-09-18 00:33:35,285 [ERROR] DbBoards:189 - Image file not found for board STM32WB5MM-DK: C:\ST\STM32CubeIDE_1.4.0\STM32CubeIDE\plugins\com.st.stm32cube.common.mx_6.0.0.202007160824\\db\/plugins/mcufinder/images/boards/STM32WB5MM-DK_small.jpg
2023-09-18 00:33:35,286 [INFO] ApiDb:201 - Load user favorites file C:\Users\LEGION/.stm32cubemx/favorites.boards.txt: 0 item(s)
2023-09-18 00:33:35,286 [INFO] ApiDb:205 - User favorites Boards=[]
2023-09-18 00:33:35,286 [INFO] DbBoards:206 - Set 0 / 0 favorites Boards
2023-09-18 00:33:35,409 [INFO] DbExamplesSqlite:156 - SQLite db open (C:\Users\LEGION\.stmcufinder\plugins\mcufinder\mcu\cube-finder-db.db)
2023-09-18 00:33:36,304 [INFO] DbExamplesSqlite:447 - Ignored 0 examples not supported by CubeIDE
2023-09-18 00:33:36,305 [INFO] DbExamplesSqlite:448 - Found 7232 examples active
2023-09-18 00:33:36,306 [INFO] DbExamplesSqlite:449 - Found 678 examples obsolete
2023-09-18 00:33:36,306 [INFO] DbExamplesSqlite:450 - Found 0 examples under development
2023-09-18 00:33:36,306 [INFO] DbExamplesSqlite:451 - Found 74 examples not building
2023-09-18 00:33:36,404 [INFO] DbExamplesSqlite:130 - SQLite Data Model version=2.1
2023-09-18 00:33:36,405 [INFO] DbExamplesSqlite:131 - SQLite Configuration version=3.0.37
2023-09-18 00:33:36,405 [INFO] DbExamplesSqlite:132 - SQLite generation date=2023-08-31 (1693470701)
2023-09-18 00:33:36,405 [INFO] DbExamplesSqlite:133 - SQLite FW Pack versions=[FP-ATR-ASTRA1_V2.0.0, FP-SNS-FLIGHT1_V5.0.1, FP-SNS-FLIGHT1_V5.0.2, FP-SNS-MOTENV1_V4.3.1, FP-SNS-MOTENV1_V4.3.2, STM32Cube_FW_C0_V1.1.0, STM32Cube_FW_F4_V1.27.1, STM32Cube_FW_F7_V1.17.0, STM32Cube_FW_G0_V1.6.1, STM32Cube_FW_G4_V1.5.1, STM32Cube_FW_H5_V0.5.1, STM32Cube_FW_H5_V1.1.1, STM32Cube_FW_H7_V1.11.0, STM32Cube_FW_L0_V1.12.2, STM32Cube_FW_L5_V1.5.0, STM32Cube_FW_U5_V1.3.0, STM32Cube_FW_U5_V1.3.0RC4, STM32Cube_FW_WBA_V1.0.0RC1, STM32Cube_FW_WBA_V1.1.0, STM32Cube_FW_WBA_V1.1.0RC1, STM32Cube_FW_WB_V1.15.0RC1, STM32Cube_FW_WB_V1.16.0, STM32Cube_FW_WB_V1.16.0RC2, STM32Cube_FW_WB_V1.17.0, STM32Cube_FW_WB_V1.17.2, STM32Cube_FW_WL_V1.3.0, X-CUBE-ALGOBUILD_V1.3.0, X-CUBE-ALS_V1.0.1, X-CUBE-AZRTOS-F4_V1.1.0, X-CUBE-AZRTOS-F7_V1.1.0, X-CUBE-AZRTOS-G0_V1.1.0, X-CUBE-AZRTOS-G4_V2.0.0, X-CUBE-AZRTOS-H7_V3.1.0, X-CUBE-AZRTOS-L4_V1.0.0, X-CUBE-AZRTOS-L4_V2.0.0, X-CUBE-AZRTOS-L5_V1.1.0, X-CUBE-AZRTOS-WB_V2.0.0, X-CUBE-AZRTOS-WL_V2.0.0, X-CUBE-BLE1_V7.0.0, X-CUBE-BLE2_V3.3.0, X-CUBE-BLEMGR_V2.0.0, X-CUBE-EEPRMA1_V4.1.0, X-CUBE-FREERTOS_V1.1.0, X-CUBE-GNSS1_V6.0.0, X-CUBE-MEMS1_V9.1.0, X-CUBE-MEMS1_V9.4.0, X-CUBE-MEMS1_V9.6.0, X-CUBE-NFC4_V3.0.0, X-CUBE-NFC7_V1.0.0, X-CUBE-SFXS2LP1_V4.0.0, X-CUBE-SUBG2_V5.0.0, X-CUBE-TOF1_V3.3.1]
2023-09-18 00:33:36,405 [INFO] DbExamples:123 - Found 7306 examples
2023-09-18 00:33:36,837 [ERROR] DbExamples:199 - Found 7306 examples with invalid data (board or MCU)
2023-09-18 00:33:36,837 [INFO] DbExamples:215 - Found 77 boards with related examples
2023-09-18 00:33:36,838 [INFO] DbExamples:228 - Found 0 MCUs with related examples
2023-09-18 00:33:36,860 [INFO] ApiDb:192 - User favorites file not found: C:\Users\LEGION/.stm32cubemx/favorites.examples.txt
2023-09-18 00:33:36,860 [INFO] DbExamples:249 - Set 0 / 0 favorites Examples
2023-09-18 00:33:37,168 [INFO] McuFinderGlobals:40 - Set McuFinder mode to 2 (CubeIDE integrated)
2023-09-18 00:33:37,304 [INFO] CrossSelectorPresenter:1330 - Cross Selector saved comparison directory: C:\Users\LEGION\.stmcufinder\plugins\mcufinder\mcu\cs_comparisons_mx
2023-09-18 00:33:37,313 [INFO] MultiScanPanel:193 - Auto-refresh data requested => check proxy status ongoing
2023-09-18 00:33:37,315 [INFO] FinderPluginLoader:87 - Searching for filters in installed packs
2023-09-18 00:33:37,887 [INFO] LoadUrlFilesThread:162 - End of LoadServerUrlFiles without Thread
2023-09-18 00:33:37,919 [INFO] DetailPanel:331 - Set advertising image to C:/Users/LEGION/STM32Cube/Repository/\stm32cubemx-promo_image.jpg
2023-09-18 00:33:38,282 [INFO] McuFilterPanel:245 - Update 0 favorites MCUs
2023-09-18 00:35:18,830 [INFO] LogOutputStream:76 - [STDOUT_REDIRECT] withoutVersionV1.8.4
2023-09-18 00:35:18,830 [INFO] LogOutputStream:76 - [STDOUT_REDIRECT] withoutVersionV1.8.3
2023-09-18 00:35:18,830 [INFO] LogOutputStream:76 - [STDOUT_REDIRECT] withoutVersionV1.8.2
2023-09-18 00:35:18,831 [INFO] LogOutputStream:76 - [STDOUT_REDIRECT] withoutVersionV1.8.1
2023-09-18 00:35:18,831 [INFO] LogOutputStream:76 - [STDOUT_REDIRECT] withoutVersionV1.8.0
2023-09-18 00:35:22,805 [INFO] ApiDb:226 - Save user favorites file C:\Users\LEGION/.stm32cubeide/favorites.mcus.txt: 0 item(s)
2023-09-18 00:35:22,806 [INFO] ApiDb:230 - User favorites MCUs=[]
2023-09-18 11:52:49,269 [INFO] Activator:178 - 


2023-09-18 11:52:49,271 [INFO] Activator:179 - !SESSION log4j initialized
2023-09-18 11:53:08,749 [INFO] RetryExec:97 - I/O exception (java.net.SocketException) caught when processing request to {}->http://sw-center.st.com:80: Socket Closed
2023-09-18 11:53:08,752 [INFO] RetryExec:113 - Retrying request to {}->http://sw-center.st.com:80
2023-09-18 12:01:39,452 [INFO] Activator:178 - 


2023-09-18 12:01:39,454 [INFO] Activator:179 - !SESSION log4j initialized
2023-09-18 12:02:29,377 [INFO] RetryExec:97 - I/O exception (org.apache.http.NoHttpResponseException) caught when processing request to {s}->https://download.eclipse.org:443: The target server failed to respond
2023-09-18 12:02:29,379 [INFO] RetryExec:113 - Retrying request to {s}->https://download.eclipse.org:443
2023-09-18 12:02:30,088 [INFO] RetryExec:97 - I/O exception (org.apache.http.NoHttpResponseException) caught when processing request to {s}->https://archive.eclipse.org:443: The target server failed to respond
2023-09-18 12:02:30,088 [INFO] RetryExec:113 - Retrying request to {s}->https://archive.eclipse.org:443
