2023-10-31 17:48:09,851 [INFO] Activator:178 - 


2023-10-31 17:48:09,853 [INFO] Activator:179 - !SESSION log4j initialized
2023-10-31 19:11:41,400 [INFO] ApplicationProperties:181 - Using Application install path: C:\ST\STM32CubeIDE_1.4.0\STM32CubeIDE\plugins\com.st.stm32cube.common.mx_6.0.0.202007160824
2023-10-31 19:11:41,417 [INFO] DbMcusXml:70 - Set database path to: C:\ST\STM32CubeIDE_1.4.0\STM32CubeIDE\plugins\com.st.stm32cube.common.mx_6.0.0.202007160824\\db\/mcu/
2023-10-31 19:11:41,422 [INFO] DbBoardsPdsc:56 - Set plugin database path to: C:\ST\STM32CubeIDE_1.4.0\STM32CubeIDE\plugins\com.st.stm32cube.common.mx_6.0.0.202007160824\\db\/plugins/boardmanager/
2023-10-31 19:11:41,423 [INFO] DbMcus:258 - Set plugin images path to: C:\ST\STM32CubeIDE_1.4.0\STM32CubeIDE\plugins\com.st.stm32cube.common.mx_6.0.0.202007160824\\db\/plugins/mcufinder/images/
2023-10-31 19:11:41,423 [INFO] DbBoards:264 - Set plugin images path to: C:\ST\STM32CubeIDE_1.4.0\STM32CubeIDE\plugins\com.st.stm32cube.common.mx_6.0.0.202007160824\\db\/plugins/mcufinder/images/
2023-10-31 19:11:41,427 [INFO] DbExamples:326 - Set plugin images path to: C:\ST\STM32CubeIDE_1.4.0\STM32CubeIDE\plugins\com.st.stm32cube.common.mx_6.0.0.202007160824\\db\/plugins/mcufinder/images/
2023-10-31 19:11:41,435 [INFO] DbMcusDocs:112 - Set database path to: C:\Users\LEGION\.stmcufinder\plugins\mcufinder//mcu/
2023-10-31 19:11:41,437 [INFO] DbMcusJson:63 - Set database path to: C:\Users\LEGION\.stmcufinder\plugins\mcufinder//mcu/
2023-10-31 19:11:41,438 [INFO] DbBoardsDocs:112 - Set database path to: C:\Users\LEGION\.stmcufinder\plugins\mcufinder//mcu/
2023-10-31 19:11:41,440 [INFO] DbBoardsJson:56 - Set database path to: C:\Users\LEGION\.stmcufinder\plugins\mcufinder//mcu/
2023-10-31 19:11:41,478 [INFO] CrossReferenceDbSqlite:196 - Set database path to: C:\Users\LEGION\.stmcufinder\plugins\mcufinder//mcu/cs/
2023-10-31 19:11:41,482 [INFO] DbExamplesSqlite:800 - Set database path to: C:\Users\LEGION\.stmcufinder\plugins\mcufinder//mcu/
2023-10-31 19:11:41,608 [INFO] RulesReader:52 - Compatibility file has been processed (209 Rules)
2023-10-31 19:11:41,704 [INFO] MicroXplorer:564 - Detected Java Version = 1.8.0_252
2023-10-31 19:11:41,704 [INFO] DbMcusXml:70 - Set database path to: C:\ST\STM32CubeIDE_1.4.0\STM32CubeIDE\plugins\com.st.stm32cube.common.mx_6.0.0.202007160824\\db\/mcu/
2023-10-31 19:11:41,704 [INFO] DbBoardsPdsc:56 - Set plugin database path to: C:\ST\STM32CubeIDE_1.4.0\STM32CubeIDE\plugins\com.st.stm32cube.common.mx_6.0.0.202007160824\\db\/plugins/boardmanager/
2023-10-31 19:11:41,705 [INFO] DbMcus:258 - Set plugin images path to: C:\ST\STM32CubeIDE_1.4.0\STM32CubeIDE\plugins\com.st.stm32cube.common.mx_6.0.0.202007160824\\db\/plugins/mcufinder/images/
2023-10-31 19:11:41,705 [INFO] DbBoards:264 - Set plugin images path to: C:\ST\STM32CubeIDE_1.4.0\STM32CubeIDE\plugins\com.st.stm32cube.common.mx_6.0.0.202007160824\\db\/plugins/mcufinder/images/
2023-10-31 19:11:41,706 [INFO] DbExamples:326 - Set plugin images path to: C:\ST\STM32CubeIDE_1.4.0\STM32CubeIDE\plugins\com.st.stm32cube.common.mx_6.0.0.202007160824\\db\/plugins/mcufinder/images/
2023-10-31 19:11:41,706 [WARN] DbFile:36 - Overriding database path with different value: C:\Users\LEGION\.stmcufinder\plugins\mcufinder/ => C:\Users\LEGION\.stmcufinder\plugins\mcufinder
2023-10-31 19:11:41,706 [INFO] DbMcusDocs:112 - Set database path to: C:\Users\LEGION\.stmcufinder\plugins\mcufinder//mcu/
2023-10-31 19:11:41,706 [WARN] DbFile:36 - Overriding database path with different value: C:\Users\LEGION\.stmcufinder\plugins\mcufinder/ => C:\Users\LEGION\.stmcufinder\plugins\mcufinder
2023-10-31 19:11:41,706 [INFO] DbMcusJson:63 - Set database path to: C:\Users\LEGION\.stmcufinder\plugins\mcufinder//mcu/
2023-10-31 19:11:41,707 [WARN] DbFile:36 - Overriding database path with different value: C:\Users\LEGION\.stmcufinder\plugins\mcufinder/ => C:\Users\LEGION\.stmcufinder\plugins\mcufinder
2023-10-31 19:11:41,707 [INFO] DbBoardsDocs:112 - Set database path to: C:\Users\LEGION\.stmcufinder\plugins\mcufinder//mcu/
2023-10-31 19:11:41,707 [WARN] DbFile:36 - Overriding database path with different value: C:\Users\LEGION\.stmcufinder\plugins\mcufinder/ => C:\Users\LEGION\.stmcufinder\plugins\mcufinder
2023-10-31 19:11:41,707 [INFO] DbBoardsJson:56 - Set database path to: C:\Users\LEGION\.stmcufinder\plugins\mcufinder//mcu/
2023-10-31 19:11:41,707 [WARN] DbFile:36 - Overriding database path with different value: C:\Users\LEGION\.stmcufinder\plugins\mcufinder/ => C:\Users\LEGION\.stmcufinder\plugins\mcufinder
2023-10-31 19:11:41,707 [WARN] DbFile:36 - Overriding database path with different value: C:\Users\LEGION\.stmcufinder\plugins\mcufinder/ => C:\Users\LEGION\.stmcufinder\plugins\mcufinder
2023-10-31 19:11:41,708 [INFO] CrossReferenceDbSqlite:196 - Set database path to: C:\Users\LEGION\.stmcufinder\plugins\mcufinder//mcu/cs/
2023-10-31 19:11:41,708 [WARN] DbFile:36 - Overriding database path with different value: C:\Users\LEGION\.stmcufinder\plugins\mcufinder/ => C:\Users\LEGION\.stmcufinder\plugins\mcufinder
2023-10-31 19:11:41,708 [INFO] DbExamplesSqlite:800 - Set database path to: C:\Users\LEGION\.stmcufinder\plugins\mcufinder//mcu/
2023-10-31 19:11:41,784 [INFO] MainPanel:189 - HeapMemory: 764411904
2023-10-31 19:11:41,875 [INFO] DbMcusXml:70 - Set database path to: C:\ST\STM32CubeIDE_1.4.0\STM32CubeIDE\plugins\com.st.stm32cube.common.mx_6.0.0.202007160824\\db\/mcu/
2023-10-31 19:11:41,876 [INFO] DbBoardsPdsc:56 - Set plugin database path to: C:\ST\STM32CubeIDE_1.4.0\STM32CubeIDE\plugins\com.st.stm32cube.common.mx_6.0.0.202007160824\\db\/plugins/boardmanager/
2023-10-31 19:11:41,876 [INFO] DbMcus:258 - Set plugin images path to: C:\ST\STM32CubeIDE_1.4.0\STM32CubeIDE\plugins\com.st.stm32cube.common.mx_6.0.0.202007160824\\db\/plugins/mcufinder/images/
2023-10-31 19:11:41,876 [INFO] DbBoards:264 - Set plugin images path to: C:\ST\STM32CubeIDE_1.4.0\STM32CubeIDE\plugins\com.st.stm32cube.common.mx_6.0.0.202007160824\\db\/plugins/mcufinder/images/
2023-10-31 19:11:41,876 [INFO] DbExamples:326 - Set plugin images path to: C:\ST\STM32CubeIDE_1.4.0\STM32CubeIDE\plugins\com.st.stm32cube.common.mx_6.0.0.202007160824\\db\/plugins/mcufinder/images/
2023-10-31 19:11:41,877 [WARN] DbFile:36 - Overriding database path with different value: C:\Users\LEGION\.stmcufinder\plugins\mcufinder/ => C:\Users\LEGION\.stmcufinder\plugins\mcufinder
2023-10-31 19:11:41,877 [INFO] DbMcusDocs:112 - Set database path to: C:\Users\LEGION\.stmcufinder\plugins\mcufinder//mcu/
2023-10-31 19:11:41,877 [WARN] DbFile:36 - Overriding database path with different value: C:\Users\LEGION\.stmcufinder\plugins\mcufinder/ => C:\Users\LEGION\.stmcufinder\plugins\mcufinder
2023-10-31 19:11:41,877 [INFO] DbMcusJson:63 - Set database path to: C:\Users\LEGION\.stmcufinder\plugins\mcufinder//mcu/
2023-10-31 19:11:41,878 [WARN] DbFile:36 - Overriding database path with different value: C:\Users\LEGION\.stmcufinder\plugins\mcufinder/ => C:\Users\LEGION\.stmcufinder\plugins\mcufinder
2023-10-31 19:11:41,878 [INFO] DbBoardsDocs:112 - Set database path to: C:\Users\LEGION\.stmcufinder\plugins\mcufinder//mcu/
2023-10-31 19:11:41,878 [WARN] DbFile:36 - Overriding database path with different value: C:\Users\LEGION\.stmcufinder\plugins\mcufinder/ => C:\Users\LEGION\.stmcufinder\plugins\mcufinder
2023-10-31 19:11:41,878 [INFO] DbBoardsJson:56 - Set database path to: C:\Users\LEGION\.stmcufinder\plugins\mcufinder//mcu/
2023-10-31 19:11:41,878 [WARN] DbFile:36 - Overriding database path with different value: C:\Users\LEGION\.stmcufinder\plugins\mcufinder/ => C:\Users\LEGION\.stmcufinder\plugins\mcufinder
2023-10-31 19:11:41,878 [WARN] DbFile:36 - Overriding database path with different value: C:\Users\LEGION\.stmcufinder\plugins\mcufinder/ => C:\Users\LEGION\.stmcufinder\plugins\mcufinder
2023-10-31 19:11:41,879 [INFO] CrossReferenceDbSqlite:196 - Set database path to: C:\Users\LEGION\.stmcufinder\plugins\mcufinder//mcu/cs/
2023-10-31 19:11:41,879 [WARN] DbFile:36 - Overriding database path with different value: C:\Users\LEGION\.stmcufinder\plugins\mcufinder/ => C:\Users\LEGION\.stmcufinder\plugins\mcufinder
2023-10-31 19:11:41,879 [INFO] DbExamplesSqlite:800 - Set database path to: C:\Users\LEGION\.stmcufinder\plugins\mcufinder//mcu/
2023-10-31 19:11:41,899 [INFO] ApplicationProperties:181 - Using Application install path: C:\ST\STM32CubeIDE_1.4.0\STM32CubeIDE\plugins\com.st.stm32cube.common.mx_6.0.0.202007160824
2023-10-31 19:11:41,902 [INFO] PluginManage:178 - Search for loadable plugins [exclusion list=, ]
2023-10-31 19:11:41,904 [INFO] PluginManage:292 - Check plugin analytics
2023-10-31 19:11:57,690 [INFO] AnalyticsPlugin:203 - Accepted Software Licenses: 
2023-10-31 19:11:57,691 [INFO] AnalyticsPlugin:205 - Accepted CMSIS Pack Licenses: 
2023-10-31 19:11:57,691 [INFO] AnalyticsPlugin:207 - Accepted Firmware Licenses: 
2023-10-31 19:11:57,692 [INFO] PluginManage:342 - Loaded plugin analytics (category:tool,tabindex:-1)
2023-10-31 19:11:57,692 [INFO] PluginManage:292 - Check plugin clock
2023-10-31 19:11:57,720 [INFO] PluginManage:342 - Loaded plugin clock (category:base,tabindex:2)
2023-10-31 19:11:57,720 [INFO] PluginManage:292 - Check plugin ddr
2023-10-31 19:11:57,723 [INFO] PluginManage:342 - Loaded plugin ddr (category:tool,tabindex:6)
2023-10-31 19:11:57,723 [INFO] PluginManage:292 - Check plugin filemanager
2023-10-31 19:11:57,865 [INFO] PluginManage:342 - Loaded plugin filemanager (category:base,tabindex:10)
2023-10-31 19:11:57,865 [INFO] PluginManage:292 - Check plugin ipmanager
2023-10-31 19:11:57,874 [INFO] PluginManage:342 - Loaded plugin ipmanager (category:base,tabindex:5)
2023-10-31 19:11:57,875 [INFO] PluginManage:292 - Check plugin pinoutandconfiguration
2023-10-31 19:11:57,896 [INFO] PluginManage:342 - Loaded plugin pinoutandconfiguration (category:base,tabindex:1)
2023-10-31 19:11:57,896 [INFO] PluginManage:292 - Check plugin pinoutconfig
2023-10-31 19:11:57,936 [INFO] PluginManage:342 - Loaded plugin pinoutconfig (category:base,tabindex:0)
2023-10-31 19:11:57,936 [INFO] PluginManage:292 - Check plugin power
2023-10-31 19:11:57,959 [INFO] PluginManage:342 - Loaded plugin power (category:power,tabindex:4)
2023-10-31 19:11:57,959 [INFO] PluginManage:292 - Check plugin projectmanager
2023-10-31 19:11:57,977 [INFO] PluginManage:342 - Loaded plugin projectmanager (category:projectmanager,tabindex:3)
2023-10-31 19:11:57,977 [INFO] PluginManage:292 - Check plugin thirdparty
2023-10-31 19:11:58,157 [INFO] ThirdPartyDb:333 - Open Third Party DataBase File (C:/Users/LEGION/.stm32cubemx/plugins/thirdparty/db/thirdparties_db.xml) : 65 ms. number of Sw pack : 50
2023-10-31 19:11:58,162 [INFO] PluginManage:342 - Loaded plugin thirdparty (category:base,tabindex:-1)
2023-10-31 19:11:58,162 [INFO] PluginManage:292 - Check plugin tools
2023-10-31 19:11:58,234 [INFO] PluginManage:342 - Loaded plugin tools (category:base,tabindex:7)
2023-10-31 19:11:58,234 [INFO] PluginManage:292 - Check plugin tutovideos
2023-10-31 19:11:58,526 [INFO] PluginManage:342 - Loaded plugin tutovideos (category:base,tabindex:-1)
2023-10-31 19:11:58,526 [INFO] PluginManage:292 - Check plugin updater
2023-10-31 19:11:58,541 [INFO] PluginManage:342 - Loaded plugin updater (category:base,tabindex:12)
2023-10-31 19:11:58,542 [INFO] PluginManage:265 - PluginManage : Loaded plugins [13]
2023-10-31 19:11:58,724 [INFO] PinOutPanel:1418 - setPackage(No Configuration,No Configuration)
2023-10-31 19:11:58,838 [INFO] IPUIPlugin:64 - create IPUIPlugin
2023-10-31 19:11:58,838 [INFO] PluginManager:200 - loadIPPluginJar : add adc
2023-10-31 19:11:58,884 [INFO] IPUIPlugin:64 - create IPUIPlugin
2023-10-31 19:11:58,884 [INFO] PluginManager:200 - loadIPPluginJar : add aes
2023-10-31 19:11:58,939 [INFO] IPUIPlugin:64 - create IPUIPlugin
2023-10-31 19:11:58,939 [INFO] PluginManager:200 - loadIPPluginJar : add can
2023-10-31 19:11:58,974 [INFO] IPUIPlugin:64 - create IPUIPlugin
2023-10-31 19:11:58,975 [INFO] PluginManager:200 - loadIPPluginJar : add comp
2023-10-31 19:11:59,018 [INFO] IPUIPlugin:64 - create IPUIPlugin
2023-10-31 19:11:59,019 [INFO] PluginManager:200 - loadIPPluginJar : add cryp
2023-10-31 19:11:59,062 [INFO] IPUIPlugin:64 - create IPUIPlugin
2023-10-31 19:11:59,062 [INFO] PluginManager:200 - loadIPPluginJar : add dfsdm
2023-10-31 19:11:59,078 [INFO] IPUIPlugin:64 - create IPUIPlugin
2023-10-31 19:11:59,079 [INFO] PluginManager:200 - loadIPPluginJar : add dma
2023-10-31 19:11:59,121 [INFO] IPUIPlugin:64 - create IPUIPlugin
2023-10-31 19:11:59,121 [INFO] PluginManager:200 - loadIPPluginJar : add fatfs
2023-10-31 19:11:59,188 [INFO] IPUIPlugin:64 - create IPUIPlugin
2023-10-31 19:11:59,188 [INFO] PluginManager:200 - loadIPPluginJar : add fmc
2023-10-31 19:11:59,205 [INFO] IPUIPlugin:64 - create IPUIPlugin
2023-10-31 19:11:59,205 [INFO] PluginManager:200 - loadIPPluginJar : add freertos
2023-10-31 19:11:59,238 [INFO] IPUIPlugin:64 - create IPUIPlugin
2023-10-31 19:11:59,239 [INFO] PluginManager:200 - loadIPPluginJar : add genericplugin
2023-10-31 19:11:59,349 [INFO] IPUIPlugin:64 - create IPUIPlugin
2023-10-31 19:11:59,349 [INFO] PluginManager:200 - loadIPPluginJar : add gfxmmu
2023-10-31 19:11:59,500 [INFO] IPUIPlugin:64 - create IPUIPlugin
2023-10-31 19:11:59,501 [INFO] PluginManager:200 - loadIPPluginJar : add gic
2023-10-31 19:11:59,515 [INFO] IPUIPlugin:64 - create IPUIPlugin
2023-10-31 19:11:59,515 [INFO] PluginManager:200 - loadIPPluginJar : add gpio
2023-10-31 19:11:59,596 [INFO] IPUIPlugin:64 - create IPUIPlugin
2023-10-31 19:11:59,596 [INFO] PluginManager:200 - loadIPPluginJar : add gtzc
2023-10-31 19:11:59,637 [INFO] IPUIPlugin:64 - create IPUIPlugin
2023-10-31 19:11:59,637 [INFO] PluginManager:200 - loadIPPluginJar : add hash
2023-10-31 19:11:59,707 [INFO] IPUIPlugin:64 - create IPUIPlugin
2023-10-31 19:11:59,707 [INFO] PluginManager:200 - loadIPPluginJar : add i2c
2023-10-31 19:11:59,762 [INFO] IPUIPlugin:64 - create IPUIPlugin
2023-10-31 19:11:59,762 [INFO] PluginManager:200 - loadIPPluginJar : add i2s
2023-10-31 19:11:59,775 [INFO] IPUIPlugin:64 - create IPUIPlugin
2023-10-31 19:11:59,775 [INFO] PluginManager:200 - loadIPPluginJar : add ipddr
2023-10-31 19:11:59,825 [INFO] IPUIPlugin:64 - create IPUIPlugin
2023-10-31 19:11:59,825 [INFO] PluginManager:200 - loadIPPluginJar : add ltdc
2023-10-31 19:11:59,838 [INFO] IPUIPlugin:64 - create IPUIPlugin
2023-10-31 19:11:59,839 [INFO] PluginManager:200 - loadIPPluginJar : add mdma
2023-10-31 19:11:59,853 [INFO] IPUIPlugin:64 - create IPUIPlugin
2023-10-31 19:11:59,853 [INFO] PluginManager:200 - loadIPPluginJar : add nvic
2023-10-31 19:11:59,900 [INFO] IPUIPlugin:64 - create IPUIPlugin
2023-10-31 19:11:59,901 [INFO] PluginManager:200 - loadIPPluginJar : add opamp
2023-10-31 19:11:59,981 [INFO] IPUIPlugin:64 - create IPUIPlugin
2023-10-31 19:11:59,981 [INFO] PluginManager:200 - loadIPPluginJar : add openamp
2023-10-31 19:12:00,044 [INFO] IPUIPlugin:64 - create IPUIPlugin
2023-10-31 19:12:00,044 [INFO] PluginManager:200 - loadIPPluginJar : add pdm2pcm
2023-10-31 19:12:00,060 [INFO] IPUIPlugin:64 - create IPUIPlugin
2023-10-31 19:12:00,063 [INFO] PluginManager:200 - loadIPPluginJar : add plateformsettings
2023-10-31 19:12:00,098 [INFO] IPUIPlugin:64 - create IPUIPlugin
2023-10-31 19:12:00,099 [INFO] PluginManager:200 - loadIPPluginJar : add quadspi
2023-10-31 19:12:00,114 [INFO] IPUIPlugin:64 - create IPUIPlugin
2023-10-31 19:12:00,114 [INFO] PluginManager:200 - loadIPPluginJar : add resmgrutility
2023-10-31 19:12:00,184 [INFO] IPUIPlugin:64 - create IPUIPlugin
2023-10-31 19:12:00,184 [INFO] PluginManager:200 - loadIPPluginJar : add sai
2023-10-31 19:12:00,236 [INFO] IPUIPlugin:64 - create IPUIPlugin
2023-10-31 19:12:00,237 [INFO] PluginManager:200 - loadIPPluginJar : add spi
2023-10-31 19:12:00,301 [INFO] IPUIPlugin:64 - create IPUIPlugin
2023-10-31 19:12:00,302 [INFO] PluginManager:200 - loadIPPluginJar : add stm32_wpan
2023-10-31 19:12:00,338 [INFO] IPUIPlugin:64 - create IPUIPlugin
2023-10-31 19:12:00,338 [INFO] PluginManager:200 - loadIPPluginJar : add tim
2023-10-31 19:12:00,418 [INFO] IPUIPlugin:64 - create IPUIPlugin
2023-10-31 19:12:00,418 [INFO] PluginManager:200 - loadIPPluginJar : add touchsensing
2023-10-31 19:12:00,452 [INFO] IPUIPlugin:64 - create IPUIPlugin
2023-10-31 19:12:00,452 [INFO] PluginManager:200 - loadIPPluginJar : add tracer_emb
2023-10-31 19:12:00,489 [INFO] IPUIPlugin:64 - create IPUIPlugin
2023-10-31 19:12:00,489 [INFO] PluginManager:200 - loadIPPluginJar : add ts
2023-10-31 19:12:00,525 [INFO] IPUIPlugin:64 - create IPUIPlugin
2023-10-31 19:12:00,525 [INFO] PluginManager:200 - loadIPPluginJar : add tsc
2023-10-31 19:12:00,560 [INFO] IPUIPlugin:64 - create IPUIPlugin
2023-10-31 19:12:00,561 [INFO] PluginManager:200 - loadIPPluginJar : add ucpd
2023-10-31 19:12:00,618 [INFO] IPUIPlugin:64 - create IPUIPlugin
2023-10-31 19:12:00,618 [INFO] PluginManager:200 - loadIPPluginJar : add usart
2023-10-31 19:12:01,939 [INFO] CubeProgrammer:457 - [DDR PANEL] - PathOfProgrammer: null
2023-10-31 19:12:02,943 [FATAL] Updater:282 - Updater called before beeing initialized
2023-10-31 19:12:03,122 [FATAL] Updater:282 - Updater called before beeing initialized
2023-10-31 19:12:03,122 [WARN] ThirdParty:775 - waiting for thirdparty lock release [close project]
2023-10-31 19:12:03,123 [INFO] ThirdParty:777 - entering critical section [close project]
2023-10-31 19:12:03,123 [INFO] ThirdParty:790 - exiting critical section [close project]
2023-10-31 19:12:03,126 [INFO] PinOutPanel:1418 - setPackage(No Configuration,No Configuration)
2023-10-31 19:12:03,126 [FATAL] Updater:282 - Updater called before beeing initialized
2023-10-31 19:12:03,140 [ERROR] Updater:967 - MainUpdater not yet initialized. External WinMGr cannot be set.
2023-10-31 19:12:03,142 [INFO] CubeProgrammer:457 - [DDR PANEL] - PathOfProgrammer: C:\ST\STM32CubeIDE_1.4.0\STM32CubeIDE\plugins\com.st.stm32cube.ide.mcu.externaltools.cubeprogrammer.win32_1.4.0.202007081208\tools\bin
2023-10-31 19:12:03,146 [INFO] ProgrammerExecThread:148 - [ProgrammerAPI] CubeProgrammer command construction: C:\ST\STM32CubeIDE_1.4.0\STM32CubeIDE\plugins\com.st.stm32cube.ide.mcu.externaltools.cubeprogrammer.win32_1.4.0.202007081208\tools\bin\STM32_Programmer_CLI.exe -l
2023-10-31 19:12:03,475 [INFO] MainDdrPanel:49 - [DDR PANEL] SETTER - Set cubeProgrammerPath to: C:\ST\STM32CubeIDE_1.4.0\STM32CubeIDE\plugins\com.st.stm32cube.ide.mcu.externaltools.cubeprogrammer.win32_1.4.0.202007081208\tools\bin
2023-10-31 19:12:03,606 [INFO] Updater:904 - Updater Version found : 6.0.0
2023-10-31 19:12:03,628 [INFO] ApplicationProperties:181 - Using Application install path: C:\ST\STM32CubeIDE_1.4.0\STM32CubeIDE\plugins\com.st.stm32cube.common.mx_6.0.0.202007160824
2023-10-31 19:12:04,574 [INFO] MainUpdater:2268 - connection check result : 10
2023-10-31 19:12:04,574 [INFO] MainUpdater:2935 - Updater definition file requires update
2023-10-31 19:12:04,575 [INFO] MainUpdater:239 - Updater Check For Update Now.
2023-10-31 19:12:04,576 [INFO] MicroXplorer:414 - Change Database Version : DB.6.0.0
2023-10-31 19:12:05,244 [INFO] ServerAccessManage:348 - Download File updaters.zip
2023-10-31 19:12:05,566 [INFO] FileExtend:225 - Unzip File : updaters.zip
2023-10-31 19:12:05,566 [INFO] FileExtend:240 - Standard Zip Deflate
2023-10-31 19:12:06,797 [INFO] ServerAccessManage:348 - Download File PacksControlFlags.xml
2023-10-31 19:12:07,195 [WARN] IntegrityCheckThread:61 - waiting for thirdparty lock release [integrity check]
2023-10-31 19:12:07,195 [INFO] IntegrityCheckThread:63 - entering critical section [integrity check]
2023-10-31 19:12:07,196 [WARN] MainUpdater:1087 - Updater busy. Cannot search thirdparties
2023-10-31 19:12:07,236 [INFO] ServerAccessManage:348 - Download File cubemx.pidx
2023-10-31 19:12:08,104 [INFO] ServerAccessManage:348 - Download File STMicroelectronics.X-CUBE-BLEMGR.pdsc
2023-10-31 19:12:10,197 [WARN] MainUpdater:1087 - Updater busy. Cannot search thirdparties
2023-10-31 19:12:11,088 [INFO] ServerAccessManage:348 - Download File STMicroelectronics.X-CUBE-EEPRMA1.pdsc
2023-10-31 19:12:12,827 [ERROR] ServerAccessManage:947 - Problem, file not found on Server
2023-10-31 19:12:13,201 [WARN] MainUpdater:1087 - Updater busy. Cannot search thirdparties
2023-10-31 19:12:15,561 [ERROR] ServerAccessManage:954 - Problem, Http access forbiden
2023-10-31 19:12:15,571 [ERROR] ServerAccessManage:517 - Problem, Http access forbiden : RoweBots.I-CUBE-UNISONRTOS.pdsc.
2023-10-31 19:12:15,748 [WARN] PopulateThirdPartyThread:96 - Error when creating pack: C:/Users/LEGION/.stm32cubemx/thirdparties/pdsc/STMicroelectronics.X-CUBE-BLEMGR.pdsc
2023-10-31 19:12:15,785 [INFO] MainUpdater:2268 - connection check result : 10
2023-10-31 19:12:15,801 [INFO] CheckServerUpdateThread:102 - End of CheckServer Thread
2023-10-31 19:12:15,843 [INFO] ThirdPartyDb:299 - Save Third Party DataBase File (C:/Users/LEGION/.stm32cubemx/plugins/thirdparty/db/thirdparties_db.xml) [forced]
2023-10-31 19:12:15,962 [INFO] PopulateThirdPartyThread:50 - Ending populate Thread
2023-10-31 19:12:15,962 [INFO] ThirdPartyDb:299 - Save Third Party DataBase File (C:/Users/LEGION/.stm32cubemx/plugins/thirdparty/db/thirdparties_db.xml) [forced]
2023-10-31 19:12:16,039 [INFO] Engine:289 - softwarePackList size : 51
2023-10-31 19:12:16,052 [INFO] Engine:301 - compute dependency for SwPack FP-ATR-ASTRA1 have been done, and update is requested
2023-10-31 19:12:16,077 [INFO] Engine:301 - compute dependency for SwPack FP-ATR-SIGFOX1 have been done, and update is requested
2023-10-31 19:12:16,097 [INFO] Engine:301 - compute dependency for SwPack X-CUBE-AI have been done, and update is requested
2023-10-31 19:12:16,115 [INFO] Engine:301 - compute dependency for SwPack X-CUBE-ALS have been done, and update is requested
2023-10-31 19:12:16,129 [INFO] Engine:301 - compute dependency for SwPack X-CUBE-BLE1 have been done, and update is requested
2023-10-31 19:12:16,144 [INFO] Engine:301 - compute dependency for SwPack X-CUBE-BLE2 have been done, and update is requested
2023-10-31 19:12:16,166 [INFO] Engine:301 - compute dependency for SwPack X-CUBE-BLEMGR have been done, and update is requested
2023-10-31 19:12:16,190 [INFO] Engine:301 - compute dependency for SwPack X-CUBE-EEPRMA1 have been done, and update is requested
2023-10-31 19:12:16,206 [INFO] Engine:301 - compute dependency for SwPack X-CUBE-GNSS1 have been done, and update is requested
2023-10-31 19:12:16,210 [WARN] MainUpdater:1087 - Updater busy. Cannot search thirdparties
2023-10-31 19:12:16,221 [INFO] Engine:301 - compute dependency for SwPack X-CUBE-ISPU have been done, and update is requested
2023-10-31 19:12:16,223 [INFO] ServerAccessManage:348 - Download File mcusDocs.json._tmp_
2023-10-31 19:12:16,380 [INFO] LoadUrlFilesThread:135 - End of LoadUrlFiles Thread
2023-10-31 19:12:16,506 [INFO] ServerAccessManage:348 - Download File mcusFeaturesAndDescription.json._tmp_
2023-10-31 19:12:17,402 [INFO] Engine:301 - compute dependency for SwPack X-CUBE-MEMS1 have been done, and update is requested
2023-10-31 19:12:17,420 [INFO] Engine:301 - compute dependency for SwPack X-CUBE-NFC4 have been done, and update is requested
2023-10-31 19:12:17,433 [INFO] Engine:301 - compute dependency for SwPack X-CUBE-NFC7 have been done, and update is requested
2023-10-31 19:12:17,449 [INFO] Engine:301 - compute dependency for SwPack X-CUBE-SFXS2LP1 have been done, and update is requested
2023-10-31 19:12:17,490 [INFO] Engine:301 - compute dependency for SwPack X-CUBE-SUBG2 have been done, and update is requested
2023-10-31 19:12:17,512 [INFO] Engine:305 - compute dependency for SwPack X-CUBE-TOUCHGFX have been done, no update is requested
2023-10-31 19:12:17,516 [INFO] Engine:301 - compute dependency for SwPack X-CUBE-ALGOBUILD have been done, and update is requested
2023-10-31 19:12:17,533 [INFO] Engine:301 - compute dependency for SwPack X-CUBE-AZRTOS-H7 have been done, and update is requested
2023-10-31 19:12:17,553 [INFO] Engine:301 - compute dependency for SwPack X-CUBE-AZRTOS-F4 have been done, and update is requested
2023-10-31 19:12:17,583 [INFO] Engine:301 - compute dependency for SwPack X-CUBE-AZRTOS-F7 have been done, and update is requested
2023-10-31 19:12:17,611 [INFO] Engine:301 - compute dependency for SwPack X-CUBE-AZRTOS-L4 have been done, and update is requested
2023-10-31 19:12:17,619 [ERROR] DependencyParser:1297 - StateRcvOpen_Cte Bad Token : )
2023-10-31 19:12:17,619 [ERROR] DependencyParser:1297 - StateRcvOpen_Cte Bad Token : )
2023-10-31 19:12:17,619 [ERROR] DependencyParser:1297 - StateRcvOpen_Cte Bad Token : )
2023-10-31 19:12:17,619 [ERROR] DependencyParser:1297 - StateRcvOpen_Cte Bad Token : )
2023-10-31 19:12:17,619 [ERROR] DependencyParser:1297 - StateRcvOpen_Cte Bad Token : )
2023-10-31 19:12:17,619 [ERROR] DependencyParser:1297 - StateRcvOpen_Cte Bad Token : )
2023-10-31 19:12:17,619 [ERROR] DependencyParser:1297 - StateRcvOpen_Cte Bad Token : )
2023-10-31 19:12:17,619 [ERROR] DependencyParser:1297 - StateRcvOpen_Cte Bad Token : )
2023-10-31 19:12:17,619 [ERROR] DependencyParser:1297 - StateRcvOpen_Cte Bad Token : )
2023-10-31 19:12:17,619 [ERROR] DependencyParser:1297 - StateRcvOpen_Cte Bad Token : )
2023-10-31 19:12:17,619 [ERROR] DependencyParser:1297 - StateRcvOpen_Cte Bad Token : )
2023-10-31 19:12:17,620 [ERROR] DependencyParser:1297 - StateRcvOpen_Cte Bad Token : )
2023-10-31 19:12:17,620 [ERROR] DependencyParser:1297 - StateRcvOpen_Cte Bad Token : )
2023-10-31 19:12:17,620 [ERROR] DependencyParser:1297 - StateRcvOpen_Cte Bad Token : )
2023-10-31 19:12:17,620 [ERROR] DependencyParser:1297 - StateRcvOpen_Cte Bad Token : )
2023-10-31 19:12:17,620 [ERROR] DependencyParser:1297 - StateRcvOpen_Cte Bad Token : )
2023-10-31 19:12:17,620 [ERROR] DependencyParser:1297 - StateRcvOpen_Cte Bad Token : )
2023-10-31 19:12:17,620 [ERROR] DependencyParser:1297 - StateRcvOpen_Cte Bad Token : )
2023-10-31 19:12:17,620 [ERROR] DependencyParser:1297 - StateRcvOpen_Cte Bad Token : )
2023-10-31 19:12:17,620 [ERROR] DependencyParser:1297 - StateRcvOpen_Cte Bad Token : )
2023-10-31 19:12:17,620 [ERROR] DependencyParser:1297 - StateRcvOpen_Cte Bad Token : )
2023-10-31 19:12:17,620 [ERROR] DependencyParser:1297 - StateRcvOpen_Cte Bad Token : )
2023-10-31 19:12:17,620 [ERROR] DependencyParser:1297 - StateRcvOpen_Cte Bad Token : )
2023-10-31 19:12:17,620 [ERROR] DependencyParser:1297 - StateRcvOpen_Cte Bad Token : )
2023-10-31 19:12:17,620 [ERROR] DependencyParser:1297 - StateRcvOpen_Cte Bad Token : )
2023-10-31 19:12:17,620 [ERROR] DependencyParser:1297 - StateRcvOpen_Cte Bad Token : )
2023-10-31 19:12:17,621 [ERROR] DependencyParser:1297 - StateRcvOpen_Cte Bad Token : )
2023-10-31 19:12:17,621 [ERROR] DependencyParser:1297 - StateRcvOpen_Cte Bad Token : )
2023-10-31 19:12:17,621 [ERROR] DependencyParser:1297 - StateRcvOpen_Cte Bad Token : )
2023-10-31 19:12:17,621 [ERROR] DependencyParser:1297 - StateRcvOpen_Cte Bad Token : )
2023-10-31 19:12:17,621 [ERROR] DependencyParser:1297 - StateRcvOpen_Cte Bad Token : )
2023-10-31 19:12:17,621 [ERROR] DependencyParser:1297 - StateRcvOpen_Cte Bad Token : )
2023-10-31 19:12:17,621 [ERROR] DependencyParser:1297 - StateRcvOpen_Cte Bad Token : )
2023-10-31 19:12:17,621 [ERROR] DependencyParser:1297 - StateRcvOpen_Cte Bad Token : )
2023-10-31 19:12:17,621 [ERROR] DependencyParser:1297 - StateRcvOpen_Cte Bad Token : )
2023-10-31 19:12:17,621 [ERROR] DependencyParser:1297 - StateRcvOpen_Cte Bad Token : )
2023-10-31 19:12:17,621 [ERROR] DependencyParser:1297 - StateRcvOpen_Cte Bad Token : )
2023-10-31 19:12:17,621 [ERROR] DependencyParser:1297 - StateRcvOpen_Cte Bad Token : )
2023-10-31 19:12:17,622 [ERROR] DependencyParser:1297 - StateRcvOpen_Cte Bad Token : )
2023-10-31 19:12:17,622 [ERROR] DependencyParser:1297 - StateRcvOpen_Cte Bad Token : )
2023-10-31 19:12:17,622 [ERROR] DependencyParser:1297 - StateRcvOpen_Cte Bad Token : )
2023-10-31 19:12:17,622 [ERROR] DependencyParser:1297 - StateRcvOpen_Cte Bad Token : )
2023-10-31 19:12:17,622 [ERROR] DependencyParser:1297 - StateRcvOpen_Cte Bad Token : )
2023-10-31 19:12:17,622 [ERROR] DependencyParser:1297 - StateRcvOpen_Cte Bad Token : )
2023-10-31 19:12:17,622 [ERROR] DependencyParser:1297 - StateRcvOpen_Cte Bad Token : )
2023-10-31 19:12:17,622 [ERROR] DependencyParser:1297 - StateRcvOpen_Cte Bad Token : )
2023-10-31 19:12:17,622 [INFO] Engine:305 - compute dependency for SwPack X-CUBE-AZRTOS-L5 have been done, no update is requested
2023-10-31 19:12:17,630 [INFO] Engine:301 - compute dependency for SwPack X-CUBE-AZRTOS-G0 have been done, and update is requested
2023-10-31 19:12:17,644 [INFO] Engine:301 - compute dependency for SwPack X-CUBE-AZRTOS-G4 have been done, and update is requested
2023-10-31 19:12:17,657 [INFO] Engine:301 - compute dependency for SwPack X-CUBE-AZRTOS-WB have been done, and update is requested
2023-10-31 19:12:17,668 [INFO] Engine:301 - compute dependency for SwPack X-CUBE-AZRTOS-WL have been done, and update is requested
2023-10-31 19:12:17,677 [INFO] Engine:301 - compute dependency for SwPack I-CUBE-wolfSSL have been done, and update is requested
2023-10-31 19:12:17,981 [INFO] Engine:301 - compute dependency for SwPack I-CUBE-embOS have been done, and update is requested
2023-10-31 19:12:17,990 [INFO] Engine:301 - compute dependency for SwPack I-Cube-SoM-uGOAL have been done, and update is requested
2023-10-31 19:12:17,999 [INFO] Engine:301 - compute dependency for SwPack I-CUBE-Cesium have been done, and update is requested
2023-10-31 19:12:18,012 [INFO] Engine:305 - compute dependency for SwPack FreeRTOS have been done, no update is requested
2023-10-31 19:12:18,012 [INFO] Engine:305 - compute dependency for SwPack lwIP have been done, no update is requested
2023-10-31 19:12:18,012 [INFO] Engine:305 - compute dependency for SwPack lwIP have been done, no update is requested
2023-10-31 19:12:18,012 [INFO] Engine:305 - compute dependency for SwPack MBEDTLS have been done, no update is requested
2023-10-31 19:12:18,012 [INFO] Engine:305 - compute dependency for SwPack MBEDTLS have been done, no update is requested
2023-10-31 19:12:18,012 [INFO] Engine:305 - compute dependency for SwPack PDM2PCM have been done, no update is requested
2023-10-31 19:12:18,012 [INFO] Engine:305 - compute dependency for SwPack PDM2PCM have been done, no update is requested
2023-10-31 19:12:18,012 [INFO] Engine:305 - compute dependency for SwPack PDM2PCM have been done, no update is requested
2023-10-31 19:12:18,015 [INFO] Engine:305 - compute dependency for SwPack USB_DEVICE have been done, no update is requested
2023-10-31 19:12:18,016 [INFO] Engine:305 - compute dependency for SwPack USB_DEVICE have been done, no update is requested
2023-10-31 19:12:18,016 [INFO] Engine:305 - compute dependency for SwPack USB_DEVICE have been done, no update is requested
2023-10-31 19:12:18,018 [INFO] Engine:305 - compute dependency for SwPack USB_HOST have been done, no update is requested
2023-10-31 19:12:18,018 [INFO] Engine:305 - compute dependency for SwPack USB_HOST have been done, no update is requested
2023-10-31 19:12:18,020 [INFO] Engine:301 - compute dependency for SwPack X-CUBE-AI have been done, and update is requested
2023-10-31 19:12:18,034 [INFO] Engine:301 - compute dependency for SwPack X-CUBE-BLE1 have been done, and update is requested
2023-10-31 19:12:18,057 [INFO] Engine:301 - compute dependency for SwPack X-CUBE-NFC6 have been done, and update is requested
2023-10-31 19:12:18,081 [ERROR] DependencyParser:1297 - StateRcvOpen_Cte Bad Token : )
2023-10-31 19:12:18,082 [ERROR] DependencyParser:1297 - StateRcvOpen_Cte Bad Token : )
2023-10-31 19:12:18,082 [ERROR] DependencyParser:1297 - StateRcvOpen_Cte Bad Token : )
2023-10-31 19:12:18,082 [ERROR] DependencyParser:1297 - StateRcvOpen_Cte Bad Token : )
2023-10-31 19:12:18,082 [ERROR] DependencyParser:1297 - StateRcvOpen_Cte Bad Token : )
2023-10-31 19:12:18,082 [ERROR] DependencyParser:1297 - StateRcvOpen_Cte Bad Token : )
2023-10-31 19:12:18,082 [ERROR] DependencyParser:1297 - StateRcvOpen_Cte Bad Token : )
2023-10-31 19:12:18,082 [ERROR] DependencyParser:1297 - StateRcvOpen_Cte Bad Token : )
2023-10-31 19:12:18,082 [ERROR] DependencyParser:1297 - StateRcvOpen_Cte Bad Token : )
2023-10-31 19:12:18,082 [ERROR] DependencyParser:1297 - StateRcvOpen_Cte Bad Token : )
2023-10-31 19:12:18,082 [ERROR] DependencyParser:1297 - StateRcvOpen_Cte Bad Token : )
2023-10-31 19:12:18,082 [ERROR] DependencyParser:1297 - StateRcvOpen_Cte Bad Token : )
2023-10-31 19:12:18,082 [ERROR] DependencyParser:1297 - StateRcvOpen_Cte Bad Token : )
2023-10-31 19:12:18,082 [ERROR] DependencyParser:1297 - StateRcvOpen_Cte Bad Token : )
2023-10-31 19:12:18,083 [ERROR] DependencyParser:1297 - StateRcvOpen_Cte Bad Token : )
2023-10-31 19:12:18,083 [ERROR] DependencyParser:1297 - StateRcvOpen_Cte Bad Token : )
2023-10-31 19:12:18,083 [ERROR] DependencyParser:1297 - StateRcvOpen_Cte Bad Token : )
2023-10-31 19:12:18,083 [ERROR] DependencyParser:1297 - StateRcvOpen_Cte Bad Token : )
2023-10-31 19:12:18,083 [ERROR] DependencyParser:1297 - StateRcvOpen_Cte Bad Token : )
2023-10-31 19:12:18,083 [ERROR] DependencyParser:1297 - StateRcvOpen_Cte Bad Token : )
2023-10-31 19:12:18,083 [ERROR] DependencyParser:1297 - StateRcvOpen_Cte Bad Token : )
2023-10-31 19:12:18,083 [ERROR] DependencyParser:1297 - StateRcvOpen_Cte Bad Token : )
2023-10-31 19:12:18,083 [ERROR] DependencyParser:1297 - StateRcvOpen_Cte Bad Token : )
2023-10-31 19:12:18,083 [ERROR] DependencyParser:1297 - StateRcvOpen_Cte Bad Token : )
2023-10-31 19:12:18,083 [ERROR] DependencyParser:1297 - StateRcvOpen_Cte Bad Token : )
2023-10-31 19:12:18,083 [ERROR] DependencyParser:1297 - StateRcvOpen_Cte Bad Token : )
2023-10-31 19:12:18,083 [ERROR] DependencyParser:1297 - StateRcvOpen_Cte Bad Token : )
2023-10-31 19:12:18,083 [ERROR] DependencyParser:1297 - StateRcvOpen_Cte Bad Token : )
2023-10-31 19:12:18,084 [ERROR] DependencyParser:1297 - StateRcvOpen_Cte Bad Token : )
2023-10-31 19:12:18,084 [ERROR] DependencyParser:1297 - StateRcvOpen_Cte Bad Token : )
2023-10-31 19:12:18,084 [ERROR] DependencyParser:1297 - StateRcvOpen_Cte Bad Token : )
2023-10-31 19:12:18,084 [ERROR] DependencyParser:1297 - StateRcvOpen_Cte Bad Token : )
2023-10-31 19:12:18,084 [ERROR] DependencyParser:1297 - StateRcvOpen_Cte Bad Token : )
2023-10-31 19:12:18,084 [ERROR] DependencyParser:1297 - StateRcvOpen_Cte Bad Token : )
2023-10-31 19:12:18,084 [ERROR] DependencyParser:1297 - StateRcvOpen_Cte Bad Token : )
2023-10-31 19:12:18,084 [ERROR] DependencyParser:1297 - StateRcvOpen_Cte Bad Token : )
2023-10-31 19:12:18,084 [ERROR] DependencyParser:1297 - StateRcvOpen_Cte Bad Token : )
2023-10-31 19:12:18,084 [ERROR] DependencyParser:1297 - StateRcvOpen_Cte Bad Token : )
2023-10-31 19:12:18,084 [ERROR] DependencyParser:1297 - StateRcvOpen_Cte Bad Token : )
2023-10-31 19:12:18,084 [ERROR] DependencyParser:1297 - StateRcvOpen_Cte Bad Token : )
2023-10-31 19:12:18,084 [ERROR] DependencyParser:1297 - StateRcvOpen_Cte Bad Token : )
2023-10-31 19:12:18,084 [ERROR] DependencyParser:1297 - StateRcvOpen_Cte Bad Token : )
2023-10-31 19:12:18,084 [ERROR] DependencyParser:1297 - StateRcvOpen_Cte Bad Token : )
2023-10-31 19:12:18,084 [ERROR] DependencyParser:1297 - StateRcvOpen_Cte Bad Token : )
2023-10-31 19:12:18,085 [ERROR] DependencyParser:1297 - StateRcvOpen_Cte Bad Token : )
2023-10-31 19:12:18,085 [ERROR] DependencyParser:1297 - StateRcvOpen_Cte Bad Token : )
2023-10-31 19:12:18,085 [INFO] Engine:305 - compute dependency for SwPack X-CUBE-AZRTOS-L5 have been done, no update is requested
2023-10-31 19:12:18,090 [INFO] Engine:301 - compute dependency for SwPack X-CUBE-AZRTOS-WB have been done, and update is requested
2023-10-31 19:12:18,104 [INFO] Engine:305 - compute dependency for SwPack X-CUBE-TOUCHGFX have been done, no update is requested
2023-10-31 19:12:18,981 [INFO] Engine:301 - compute dependency for SwPack X-CUBE-MEMS1 have been done, and update is requested
2023-10-31 19:12:18,995 [INFO] Engine:301 - compute dependency for SwPack X-CUBE-EEPRMA1 have been done, and update is requested
2023-10-31 19:12:19,002 [INFO] ThirdPartyDb:299 - Save Third Party DataBase File (C:/Users/LEGION/.stm32cubemx/plugins/thirdparty/db/thirdparties_db.xml) [forced]
2023-10-31 19:12:19,028 [INFO] LoadServerUpdatesThread:309 - End of LoadServerUpdate Thread
2023-10-31 19:12:19,220 [WARN] MainUpdater:1087 - Updater busy. Cannot search thirdparties
2023-10-31 19:12:20,166 [INFO] LoadUrlFilesThread:135 - End of LoadUrlFiles Thread
2023-10-31 19:12:20,267 [INFO] ServerAccessManage:348 - Download File boardsDocs.json._tmp_
2023-10-31 19:12:20,293 [INFO] LoadUrlFilesThread:135 - End of LoadUrlFiles Thread
2023-10-31 19:12:20,385 [INFO] ServerAccessManage:348 - Download File boards.json._tmp_
2023-10-31 19:12:20,540 [INFO] LoadUrlFilesThread:135 - End of LoadUrlFiles Thread
2023-10-31 19:12:21,364 [INFO] ServerAccessManage:348 - Download File cube-finder-db.zip
2023-10-31 19:12:22,226 [WARN] MainUpdater:1087 - Updater busy. Cannot search thirdparties
2023-10-31 19:12:25,237 [WARN] MainUpdater:1087 - Updater busy. Cannot search thirdparties
2023-10-31 19:12:28,237 [WARN] MainUpdater:1087 - Updater busy. Cannot search thirdparties
2023-10-31 19:12:30,996 [INFO] FileExtend:225 - Unzip File : cube-finder-db.zip
2023-10-31 19:12:30,998 [INFO] FileExtend:240 - Standard Zip Deflate
2023-10-31 19:12:31,239 [WARN] MainUpdater:1087 - Updater busy. Cannot search thirdparties
2023-10-31 19:12:31,750 [INFO] LoadUrlFilesThread:135 - End of LoadUrlFiles Thread
2023-10-31 19:12:32,194 [INFO] ServerAccessManage:348 - Download File crdb.zip
2023-10-31 19:12:32,638 [INFO] FileExtend:225 - Unzip File : crdb.zip
2023-10-31 19:12:32,640 [INFO] FileExtend:240 - Standard Zip Deflate
2023-10-31 19:12:32,673 [INFO] LoadUrlFilesThread:135 - End of LoadUrlFiles Thread
2023-10-31 19:12:33,225 [INFO] ServerAccessManage:348 - Download File tutoVideoDB.zip
2023-10-31 19:12:33,344 [INFO] FileExtend:225 - Unzip File : tutoVideoDB.zip
2023-10-31 19:12:33,346 [INFO] FileExtend:240 - Standard Zip Deflate
2023-10-31 19:12:33,358 [INFO] LoadUrlFilesThread:135 - End of LoadUrlFiles Thread
2023-10-31 19:12:33,380 [INFO] DbMcusDocs:145 - JSON generation date=Tue Nov 16 18:17:54 EET 2021 (1637079474)
2023-10-31 19:12:33,381 [INFO] DbMcusXml:100 - Load MCU database from C:\ST\STM32CubeIDE_1.4.0\STM32CubeIDE\plugins\com.st.stm32cube.common.mx_6.0.0.202007160824\\db\/mcu/families.xml
2023-10-31 19:12:34,281 [INFO] DbMcusJson:92 - JSON generation date=Tue Nov 16 18:17:54 EET 2021 (1637079474)
2023-10-31 19:12:34,732 [INFO] ThirdPartyDb:299 - Save Third Party DataBase File (C:/Users/LEGION/.stm32cubemx/plugins/thirdparty/db/thirdparties_db.xml) [forced]
2023-10-31 19:12:34,781 [INFO] ThirdPartyDb:299 - Save Third Party DataBase File (C:/Users/LEGION/.stm32cubemx/plugins/thirdparty/db/thirdparties_db.xml) [forced]
2023-10-31 19:12:34,858 [INFO] IntegrityCheckThread:76 - exiting critical section [integrity check]
2023-10-31 19:12:34,858 [INFO] IntegrityCheckThread:79 - End integrity checks thread
2023-10-31 19:12:35,336 [INFO] DbMcus:175 - Found 1761 MCUs (1722 are supported by CubeMX, 1911 are visible in CubeMX)
2023-10-31 19:12:35,337 [INFO] ApiDb:201 - Load user favorites file C:\Users\LEGION/.stm32cubemx/favorites.mcus.txt: 0 item(s)
2023-10-31 19:12:35,337 [INFO] ApiDb:205 - User favorites MCUs=[]
2023-10-31 19:12:35,337 [INFO] DbMcus:187 - Set 0 / 0 favorites MCUs
2023-10-31 19:12:35,637 [INFO] DbMcusDocs:81 - Found 682 MCUs documents
2023-10-31 19:12:35,639 [INFO] ApiDb:226 - Save user favorites file C:\Users\LEGION/.stm32cubemx/favorites.mcus.txt: 0 item(s)
2023-10-31 19:12:35,640 [INFO] ApiDb:230 - User favorites MCUs=[]
2023-10-31 19:12:35,640 [INFO] DbMcusXml:100 - Load MCU database from C:\ST\STM32CubeIDE_1.4.0\STM32CubeIDE\plugins\com.st.stm32cube.common.mx_6.0.0.202007160824\\db\/mcu/families.xml
2023-10-31 19:12:36,126 [INFO] DbMcusJson:92 - JSON generation date=Tue Nov 16 18:17:54 EET 2021 (1637079474)
2023-10-31 19:12:37,216 [INFO] DbMcus:175 - Found 1761 MCUs (1722 are supported by CubeMX, 1911 are visible in CubeMX)
2023-10-31 19:12:37,216 [INFO] ApiDb:201 - Load user favorites file C:\Users\LEGION/.stm32cubemx/favorites.mcus.txt: 0 item(s)
2023-10-31 19:12:37,216 [INFO] ApiDb:205 - User favorites MCUs=[]
2023-10-31 19:12:37,216 [INFO] DbMcus:187 - Set 0 / 0 favorites MCUs
2023-10-31 19:12:37,224 [INFO] DbBoardsDocs:145 - JSON generation date=Tue Nov 16 18:17:54 EET 2021 (1637079474)
2023-10-31 19:12:37,253 [INFO] DbBoardsPdsc:94 - Found 23 items
2023-10-31 19:12:37,262 [INFO] DbBoardsPdsc:94 - Found 9 items
2023-10-31 19:12:37,274 [INFO] DbBoardsPdsc:94 - Found 29 items
2023-10-31 19:12:37,283 [INFO] DbBoardsPdsc:94 - Found 1 items
2023-10-31 19:12:37,297 [INFO] DbBoardsPdsc:94 - Found 44 items
2023-10-31 19:12:37,313 [INFO] DbBoardsPdsc:94 - Found 40 items
2023-10-31 19:12:37,323 [INFO] DbBoardsPdsc:94 - Found 2 items
2023-10-31 19:12:37,332 [INFO] DbBoardsPdsc:94 - Found 4 items
2023-10-31 19:12:37,338 [WARN] DbBoardsPdsc:258 - Board STM32H7B3I-DK: unknown feature type=Audio, name=, username=Audio stereo codec with Headphone Amp (CS42L51-CNZ), n=1
2023-10-31 19:12:37,338 [WARN] DbBoardsPdsc:258 - Board STM32H735G-DK: unknown feature type=Audio, name=, username=Audio stereo codec with Headphone Amp (WM8994ECS/R), n=1
2023-10-31 19:12:37,340 [WARN] DbBoardsPdsc:258 - Board STM32H7B3I-EVAL: unknown feature type=Audio, name=, username=Multi-Channel Audio Codec (CS42L51-CNZ), n=1
2023-10-31 19:12:37,340 [WARN] DbBoardsPdsc:258 - Board STM32H7B3I-EVAL: unknown feature type=Meter, name=, username=Power-metering and Temperature-monitoring with sigma-delta modulators, n=1
2023-10-31 19:12:37,340 [WARN] DbBoardsPdsc:258 - Board STM32H7B3I-EVAL: unknown feature type=Motor, name=, username=Motor Control, n=1
2023-10-31 19:12:37,373 [INFO] DbBoardsJson:85 - JSON generation date=Tue Nov 16 18:17:54 EET 2021 (1637079474)
2023-10-31 19:12:37,380 [INFO] DbBoards:117 - Found 166 boards (149 are supported by CubeMX)
2023-10-31 19:12:37,381 [INFO] DbBoardsDocs:145 - JSON generation date=Tue Nov 16 18:17:54 EET 2021 (1637079474)
2023-10-31 19:12:37,386 [INFO] DbBoardsDocs:81 - Found 209 boards documents
2023-10-31 19:12:37,388 [WARN] DbBoards:127 - board B-L475E-IOT01A2 has no document id list !
2023-10-31 19:12:37,389 [WARN] DbBoards:127 - board NUCLEO-H743ZI has no document id list !
2023-10-31 19:12:37,390 [WARN] DbBoards:127 - board P-NUCLEO-WB55-Nucleo has no document id list !
2023-10-31 19:12:37,390 [WARN] DbBoards:127 - board P-NUCLEO-WB55-USBDongle has no document id list !
2023-10-31 19:12:37,390 [WARN] DbBoards:127 - board STEVAL-BFA001V1B has no document id list !
2023-10-31 19:12:37,390 [WARN] DbBoards:127 - board STEVAL-BFA001V2B has no document id list !
2023-10-31 19:12:37,391 [WARN] DbBoards:127 - board STEVAL-IDP005V1 has no document id list !
2023-10-31 19:12:37,391 [WARN] DbBoards:127 - board STEVAL-IDP005V2 has no document id list !
2023-10-31 19:12:37,391 [WARN] DbBoards:127 - board STEVAL-MKSBOX1V1 has no document id list !
2023-10-31 19:12:37,391 [WARN] DbBoards:127 - board STEVAL-STWINKT1 has no document id list !
2023-10-31 19:12:37,391 [WARN] DbBoards:127 - board STEVAL-STWINKT1B has no document id list !
2023-10-31 19:12:37,391 [WARN] DbBoards:127 - board STM32439I-EVAL2 has no document id list !
2023-10-31 19:12:37,391 [WARN] DbBoards:127 - board STM32F401C-DISCO has no document id list !
2023-10-31 19:12:37,392 [WARN] DbBoards:127 - board STM32F769I-DISC1 has no document id list !
2023-10-31 19:12:37,392 [WARN] DbBoards:127 - board STM32G474E-EVAL1 has no document id list !
2023-10-31 19:12:37,392 [WARN] DbBoards:127 - board STM32H743I-EVAL2 has no document id list !
2023-10-31 19:12:37,392 [WARN] DbBoards:127 - board STM32H747I-DISC1 has no document id list !
2023-10-31 19:12:37,392 [WARN] DbBoards:127 - board STM32H753I-EVAL2 has no document id list !
2023-10-31 19:12:37,393 [WARN] DbBoards:127 - board STM32L-DISCOVERY has no document id list !
2023-10-31 19:12:37,498 [ERROR] DbBoards:189 - Image file not found for board B-L462E-CELL1: C:\ST\STM32CubeIDE_1.4.0\STM32CubeIDE\plugins\com.st.stm32cube.common.mx_6.0.0.202007160824\\db\/plugins/mcufinder/images/boards/B-L462E-CELL1_small.jpg
2023-10-31 19:12:37,584 [ERROR] DbBoards:189 - Image file not found for board B-U585I-IOT02A: C:\ST\STM32CubeIDE_1.4.0\STM32CubeIDE\plugins\com.st.stm32cube.common.mx_6.0.0.202007160824\\db\/plugins/mcufinder/images/boards/B-U585I-IOT02A_small.jpg
2023-10-31 19:12:37,680 [ERROR] DbBoards:189 - Image file not found for board NUCLEO-F413ZH: C:\ST\STM32CubeIDE_1.4.0\STM32CubeIDE\plugins\com.st.stm32cube.common.mx_6.0.0.202007160824\\db\/plugins/mcufinder/images/boards/nucleo-f413zh_small.jpg
2023-10-31 19:12:37,926 [ERROR] DbBoards:189 - Image file not found for board NUCLEO-L552ZE-Q: C:\ST\STM32CubeIDE_1.4.0\STM32CubeIDE\plugins\com.st.stm32cube.common.mx_6.0.0.202007160824\\db\/plugins/mcufinder/images/boards/nucleo_l552ze_q_small.jpg
2023-10-31 19:12:37,926 [ERROR] DbBoards:189 - Image file not found for board NUCLEO-U575ZI-Q: C:\ST\STM32CubeIDE_1.4.0\STM32CubeIDE\plugins\com.st.stm32cube.common.mx_6.0.0.202007160824\\db\/plugins/mcufinder/images/boards/nucleo-u575zi-q_small.jpg
2023-10-31 19:12:37,927 [ERROR] DbBoards:189 - Image file not found for board NUCLEO-WB15CC: C:\ST\STM32CubeIDE_1.4.0\STM32CubeIDE\plugins\com.st.stm32cube.common.mx_6.0.0.202007160824\\db\/plugins/mcufinder/images/boards/nucleo-wb15cc_small.jpg
2023-10-31 19:12:37,927 [ERROR] DbBoards:189 - Image file not found for board NUCLEO-WB55RG: C:\ST\STM32CubeIDE_1.4.0\STM32CubeIDE\plugins\com.st.stm32cube.common.mx_6.0.0.202007160824\\db\/plugins/mcufinder/images/boards/nucleo-wb55rg_small.jpg
2023-10-31 19:12:37,927 [ERROR] DbBoards:189 - Image file not found for board NUCLEO-WL55JC: C:\ST\STM32CubeIDE_1.4.0\STM32CubeIDE\plugins\com.st.stm32cube.common.mx_6.0.0.202007160824\\db\/plugins/mcufinder/images/boards/nucleo-wl55jc-small.jpg
2023-10-31 19:12:38,125 [ERROR] DbBoards:189 - Image file not found for board STEVAL-STWINKT1B: C:\ST\STM32CubeIDE_1.4.0\STM32CubeIDE\plugins\com.st.stm32cube.common.mx_6.0.0.202007160824\\db\/plugins/mcufinder/images/boards/steval-stwinkt1b_small.jpg
2023-10-31 19:12:38,528 [ERROR] DbBoards:189 - Image file not found for board STM32G0C1E-EV: C:\ST\STM32CubeIDE_1.4.0\STM32CubeIDE\plugins\com.st.stm32cube.common.mx_6.0.0.202007160824\\db\/plugins/mcufinder/images/boards/stm32g0c1e-eval_small.jpg
2023-10-31 19:12:38,636 [ERROR] DbBoards:189 - Image file not found for board STM32H7B3I-EVAL: C:\ST\STM32CubeIDE_1.4.0\STM32CubeIDE\plugins\com.st.stm32cube.common.mx_6.0.0.202007160824\\db\/plugins/mcufinder/images/boards/stm32h7b3ieval_small.jpg
2023-10-31 19:12:38,857 [ERROR] DbBoards:189 - Image file not found for board STM32U575I-EV: C:\ST\STM32CubeIDE_1.4.0\STM32CubeIDE\plugins\com.st.stm32cube.common.mx_6.0.0.202007160824\\db\/plugins/mcufinder/images/boards/stm32u575i-ev_small.jpg
2023-10-31 19:12:38,900 [ERROR] DbBoards:189 - Image file not found for board STM32WB5MM-DK: C:\ST\STM32CubeIDE_1.4.0\STM32CubeIDE\plugins\com.st.stm32cube.common.mx_6.0.0.202007160824\\db\/plugins/mcufinder/images/boards/STM32WB5MM-DK_small.jpg
2023-10-31 19:12:38,900 [INFO] ApiDb:201 - Load user favorites file C:\Users\LEGION/.stm32cubemx/favorites.boards.txt: 0 item(s)
2023-10-31 19:12:38,900 [INFO] ApiDb:205 - User favorites Boards=[]
2023-10-31 19:12:38,901 [INFO] DbBoards:206 - Set 0 / 0 favorites Boards
2023-10-31 19:12:38,904 [INFO] DbBoardsDocs:81 - Found 418 boards documents
2023-10-31 19:12:38,904 [INFO] ApiDb:226 - Save user favorites file C:\Users\LEGION/.stm32cubemx/favorites.boards.txt: 0 item(s)
2023-10-31 19:12:38,904 [INFO] ApiDb:230 - User favorites Boards=[]
2023-10-31 19:12:38,907 [INFO] DbBoardsPdsc:94 - Found 23 items
2023-10-31 19:12:38,908 [INFO] DbBoardsPdsc:94 - Found 9 items
2023-10-31 19:12:38,910 [INFO] DbBoardsPdsc:94 - Found 29 items
2023-10-31 19:12:38,911 [INFO] DbBoardsPdsc:94 - Found 1 items
2023-10-31 19:12:38,914 [INFO] DbBoardsPdsc:94 - Found 44 items
2023-10-31 19:12:38,918 [INFO] DbBoardsPdsc:94 - Found 40 items
2023-10-31 19:12:38,919 [INFO] DbBoardsPdsc:94 - Found 2 items
2023-10-31 19:12:38,920 [INFO] DbBoardsPdsc:94 - Found 4 items
2023-10-31 19:12:38,922 [WARN] DbBoardsPdsc:258 - Board STM32H7B3I-DK: unknown feature type=Audio, name=, username=Audio stereo codec with Headphone Amp (CS42L51-CNZ), n=1
2023-10-31 19:12:38,923 [WARN] DbBoardsPdsc:258 - Board STM32H735G-DK: unknown feature type=Audio, name=, username=Audio stereo codec with Headphone Amp (WM8994ECS/R), n=1
2023-10-31 19:12:38,925 [WARN] DbBoardsPdsc:258 - Board STM32H7B3I-EVAL: unknown feature type=Audio, name=, username=Multi-Channel Audio Codec (CS42L51-CNZ), n=1
2023-10-31 19:12:38,925 [WARN] DbBoardsPdsc:258 - Board STM32H7B3I-EVAL: unknown feature type=Meter, name=, username=Power-metering and Temperature-monitoring with sigma-delta modulators, n=1
2023-10-31 19:12:38,925 [WARN] DbBoardsPdsc:258 - Board STM32H7B3I-EVAL: unknown feature type=Motor, name=, username=Motor Control, n=1
2023-10-31 19:12:38,949 [INFO] DbBoardsJson:85 - JSON generation date=Tue Nov 16 18:17:54 EET 2021 (1637079474)
2023-10-31 19:12:38,953 [INFO] DbBoards:117 - Found 166 boards (149 are supported by CubeMX)
2023-10-31 19:12:38,953 [WARN] DbBoards:127 - board B-L475E-IOT01A2 has no document id list !
2023-10-31 19:12:38,954 [WARN] DbBoards:127 - board NUCLEO-H743ZI has no document id list !
2023-10-31 19:12:38,954 [WARN] DbBoards:127 - board P-NUCLEO-WB55-Nucleo has no document id list !
2023-10-31 19:12:38,954 [WARN] DbBoards:127 - board P-NUCLEO-WB55-USBDongle has no document id list !
2023-10-31 19:12:38,954 [WARN] DbBoards:127 - board STEVAL-BFA001V1B has no document id list !
2023-10-31 19:12:38,954 [WARN] DbBoards:127 - board STEVAL-BFA001V2B has no document id list !
2023-10-31 19:12:38,954 [WARN] DbBoards:127 - board STEVAL-IDP005V1 has no document id list !
2023-10-31 19:12:38,954 [WARN] DbBoards:127 - board STEVAL-IDP005V2 has no document id list !
2023-10-31 19:12:38,954 [WARN] DbBoards:127 - board STEVAL-MKSBOX1V1 has no document id list !
2023-10-31 19:12:38,954 [WARN] DbBoards:127 - board STEVAL-STWINKT1 has no document id list !
2023-10-31 19:12:38,954 [WARN] DbBoards:127 - board STEVAL-STWINKT1B has no document id list !
2023-10-31 19:12:38,954 [WARN] DbBoards:127 - board STM32439I-EVAL2 has no document id list !
2023-10-31 19:12:38,955 [WARN] DbBoards:127 - board STM32F401C-DISCO has no document id list !
2023-10-31 19:12:38,955 [WARN] DbBoards:127 - board STM32F769I-DISC1 has no document id list !
2023-10-31 19:12:38,955 [WARN] DbBoards:127 - board STM32G474E-EVAL1 has no document id list !
2023-10-31 19:12:38,955 [WARN] DbBoards:127 - board STM32H743I-EVAL2 has no document id list !
2023-10-31 19:12:38,955 [WARN] DbBoards:127 - board STM32H747I-DISC1 has no document id list !
2023-10-31 19:12:38,955 [WARN] DbBoards:127 - board STM32H753I-EVAL2 has no document id list !
2023-10-31 19:12:38,955 [WARN] DbBoards:127 - board STM32L-DISCOVERY has no document id list !
2023-10-31 19:12:38,987 [ERROR] DbBoards:189 - Image file not found for board B-L462E-CELL1: C:\ST\STM32CubeIDE_1.4.0\STM32CubeIDE\plugins\com.st.stm32cube.common.mx_6.0.0.202007160824\\db\/plugins/mcufinder/images/boards/B-L462E-CELL1_small.jpg
2023-10-31 19:12:39,017 [ERROR] DbBoards:189 - Image file not found for board B-U585I-IOT02A: C:\ST\STM32CubeIDE_1.4.0\STM32CubeIDE\plugins\com.st.stm32cube.common.mx_6.0.0.202007160824\\db\/plugins/mcufinder/images/boards/B-U585I-IOT02A_small.jpg
2023-10-31 19:12:39,085 [ERROR] DbBoards:189 - Image file not found for board NUCLEO-F413ZH: C:\ST\STM32CubeIDE_1.4.0\STM32CubeIDE\plugins\com.st.stm32cube.common.mx_6.0.0.202007160824\\db\/plugins/mcufinder/images/boards/nucleo-f413zh_small.jpg
2023-10-31 19:12:39,240 [ERROR] DbBoards:189 - Image file not found for board NUCLEO-L552ZE-Q: C:\ST\STM32CubeIDE_1.4.0\STM32CubeIDE\plugins\com.st.stm32cube.common.mx_6.0.0.202007160824\\db\/plugins/mcufinder/images/boards/nucleo_l552ze_q_small.jpg
2023-10-31 19:12:39,240 [ERROR] DbBoards:189 - Image file not found for board NUCLEO-U575ZI-Q: C:\ST\STM32CubeIDE_1.4.0\STM32CubeIDE\plugins\com.st.stm32cube.common.mx_6.0.0.202007160824\\db\/plugins/mcufinder/images/boards/nucleo-u575zi-q_small.jpg
2023-10-31 19:12:39,240 [ERROR] DbBoards:189 - Image file not found for board NUCLEO-WB15CC: C:\ST\STM32CubeIDE_1.4.0\STM32CubeIDE\plugins\com.st.stm32cube.common.mx_6.0.0.202007160824\\db\/plugins/mcufinder/images/boards/nucleo-wb15cc_small.jpg
2023-10-31 19:12:39,240 [ERROR] DbBoards:189 - Image file not found for board NUCLEO-WB55RG: C:\ST\STM32CubeIDE_1.4.0\STM32CubeIDE\plugins\com.st.stm32cube.common.mx_6.0.0.202007160824\\db\/plugins/mcufinder/images/boards/nucleo-wb55rg_small.jpg
2023-10-31 19:12:39,241 [ERROR] DbBoards:189 - Image file not found for board NUCLEO-WL55JC: C:\ST\STM32CubeIDE_1.4.0\STM32CubeIDE\plugins\com.st.stm32cube.common.mx_6.0.0.202007160824\\db\/plugins/mcufinder/images/boards/nucleo-wl55jc-small.jpg
2023-10-31 19:12:39,352 [ERROR] DbBoards:189 - Image file not found for board STEVAL-STWINKT1B: C:\ST\STM32CubeIDE_1.4.0\STM32CubeIDE\plugins\com.st.stm32cube.common.mx_6.0.0.202007160824\\db\/plugins/mcufinder/images/boards/steval-stwinkt1b_small.jpg
2023-10-31 19:12:39,566 [ERROR] DbBoards:189 - Image file not found for board STM32G0C1E-EV: C:\ST\STM32CubeIDE_1.4.0\STM32CubeIDE\plugins\com.st.stm32cube.common.mx_6.0.0.202007160824\\db\/plugins/mcufinder/images/boards/stm32g0c1e-eval_small.jpg
2023-10-31 19:12:39,640 [ERROR] DbBoards:189 - Image file not found for board STM32H7B3I-EVAL: C:\ST\STM32CubeIDE_1.4.0\STM32CubeIDE\plugins\com.st.stm32cube.common.mx_6.0.0.202007160824\\db\/plugins/mcufinder/images/boards/stm32h7b3ieval_small.jpg
2023-10-31 19:12:39,776 [ERROR] DbBoards:189 - Image file not found for board STM32U575I-EV: C:\ST\STM32CubeIDE_1.4.0\STM32CubeIDE\plugins\com.st.stm32cube.common.mx_6.0.0.202007160824\\db\/plugins/mcufinder/images/boards/stm32u575i-ev_small.jpg
2023-10-31 19:12:39,799 [ERROR] DbBoards:189 - Image file not found for board STM32WB5MM-DK: C:\ST\STM32CubeIDE_1.4.0\STM32CubeIDE\plugins\com.st.stm32cube.common.mx_6.0.0.202007160824\\db\/plugins/mcufinder/images/boards/STM32WB5MM-DK_small.jpg
2023-10-31 19:12:39,799 [INFO] ApiDb:201 - Load user favorites file C:\Users\LEGION/.stm32cubemx/favorites.boards.txt: 0 item(s)
2023-10-31 19:12:39,799 [INFO] ApiDb:205 - User favorites Boards=[]
2023-10-31 19:12:39,799 [INFO] DbBoards:206 - Set 0 / 0 favorites Boards
2023-10-31 19:12:39,937 [INFO] DbExamplesSqlite:156 - SQLite db open (C:\Users\LEGION\.stmcufinder\plugins\mcufinder\mcu\cube-finder-db.db)
2023-10-31 19:12:40,779 [INFO] DbExamplesSqlite:447 - Ignored 0 examples not supported by CubeIDE
2023-10-31 19:12:40,779 [INFO] DbExamplesSqlite:448 - Found 7221 examples active
2023-10-31 19:12:40,779 [INFO] DbExamplesSqlite:449 - Found 777 examples obsolete
2023-10-31 19:12:40,779 [INFO] DbExamplesSqlite:450 - Found 0 examples under development
2023-10-31 19:12:40,779 [INFO] DbExamplesSqlite:451 - Found 74 examples not building
2023-10-31 19:12:40,864 [INFO] DbExamplesSqlite:130 - SQLite Data Model version=2.1
2023-10-31 19:12:40,864 [INFO] DbExamplesSqlite:131 - SQLite Configuration version=3.0.37
2023-10-31 19:12:40,865 [INFO] DbExamplesSqlite:132 - SQLite generation date=2023-10-13 (1697197505)
2023-10-31 19:12:40,865 [INFO] DbExamplesSqlite:133 - SQLite FW Pack versions=[FP-ATR-ASTRA1_V2.0.0, FP-SNS-FLIGHT1_V5.0.1, FP-SNS-FLIGHT1_V5.0.2, FP-SNS-MOTENV1_V4.3.1, FP-SNS-MOTENV1_V4.3.2, FP-SNS-SMARTAG2_V1.2.0, I-CUBE-ITTIADB_V8.6.3-1, STM32Cube_FW_C0_V1.1.0, STM32Cube_FW_F4_V1.27.1, STM32Cube_FW_F7_V1.17.0, STM32Cube_FW_G0_V1.6.1, STM32Cube_FW_G4_V1.5.1, STM32Cube_FW_H5_V0.5.1, STM32Cube_FW_H5_V1.1.1, STM32Cube_FW_H7_V1.11.0, STM32Cube_FW_L0_V1.12.2, STM32Cube_FW_L5_V1.5.0, STM32Cube_FW_U5_V1.3.0, STM32Cube_FW_U5_V1.3.0RC4, STM32Cube_FW_WBA_V1.0.0RC1, STM32Cube_FW_WBA_V1.1.0RC1, STM32Cube_FW_WBA_V1.1.1, STM32Cube_FW_WB_V1.15.0RC1, STM32Cube_FW_WB_V1.16.0, STM32Cube_FW_WB_V1.16.0RC2, STM32Cube_FW_WB_V1.17.3, STM32Cube_FW_WL_V1.3.0, X-CUBE-ALGOBUILD_V1.3.0, X-CUBE-ALS_V1.0.1, X-CUBE-AZRTOS-F4_V1.1.0, X-CUBE-AZRTOS-F7_V1.1.0, X-CUBE-AZRTOS-G0_V1.1.0, X-CUBE-AZRTOS-G4_V2.0.0, X-CUBE-AZRTOS-H7_V3.1.0, X-CUBE-AZRTOS-L4_V1.0.0, X-CUBE-AZRTOS-L4_V2.0.0, X-CUBE-AZRTOS-L5_V1.1.0, X-CUBE-AZRTOS-WB_V2.0.0, X-CUBE-AZRTOS-WL_V2.0.0, X-CUBE-BLE1_V7.0.0, X-CUBE-BLE2_V3.3.0, X-CUBE-BLEMGR_V2.0.0, X-CUBE-EEPRMA1_V4.1.0, X-CUBE-FREERTOS_V1.1.0, X-CUBE-GNSS1_V6.0.0, X-CUBE-MEMS1_V10.0.0, X-CUBE-MEMS1_V9.1.0, X-CUBE-MEMS1_V9.4.0, X-CUBE-MEMS1_V9.6.0, X-CUBE-NFC4_V3.0.0, X-CUBE-NFC7_V1.0.1, X-CUBE-SFXS2LP1_V4.0.0, X-CUBE-SUBG2_V5.0.0, X-CUBE-TOF1_V3.3.1]
2023-10-31 19:12:40,865 [INFO] DbExamples:123 - Found 7295 examples
2023-10-31 19:12:41,323 [ERROR] DbExamples:199 - Found 7295 examples with invalid data (board or MCU)
2023-10-31 19:12:41,323 [INFO] DbExamples:215 - Found 77 boards with related examples
2023-10-31 19:12:41,324 [INFO] DbExamples:228 - Found 0 MCUs with related examples
2023-10-31 19:12:41,349 [INFO] ApiDb:192 - User favorites file not found: C:\Users\LEGION/.stm32cubemx/favorites.examples.txt
2023-10-31 19:12:41,349 [INFO] DbExamples:249 - Set 0 / 0 favorites Examples
2023-10-31 19:12:41,627 [INFO] McuFinderGlobals:40 - Set McuFinder mode to 2 (CubeIDE integrated)
2023-10-31 19:12:41,785 [INFO] CrossSelectorPresenter:1330 - Cross Selector saved comparison directory: C:\Users\LEGION\.stmcufinder\plugins\mcufinder\mcu\cs_comparisons_mx
2023-10-31 19:12:41,790 [INFO] MultiScanPanel:193 - Auto-refresh data requested => check proxy status ongoing
2023-10-31 19:12:41,793 [INFO] FinderPluginLoader:87 - Searching for filters in installed packs
2023-10-31 19:12:42,356 [INFO] LoadUrlFilesThread:162 - End of LoadServerUrlFiles without Thread
2023-10-31 19:12:42,392 [INFO] DetailPanel:331 - Set advertising image to C:/Users/LEGION/STM32Cube/Repository/\stm32cubemx-promo_image.jpg
2023-10-31 19:12:42,788 [INFO] McuFilterPanel:245 - Update 0 favorites MCUs
2023-10-31 19:12:42,961 [INFO] MultiScanPanel:193 - Auto-refresh data requested => check proxy status ongoing
2023-10-31 19:12:43,013 [INFO] LoadUrlFilesThread:162 - End of LoadServerUrlFiles without Thread
2023-10-31 19:12:43,013 [INFO] DetailPanel:331 - Set advertising image to C:/Users/LEGION/STM32Cube/Repository/\stm32cubemx-promo_image.jpg
2023-10-31 19:12:43,035 [INFO] BoardFilterPanel:214 - Update 0 favorites Boards
2023-10-31 19:12:43,054 [INFO] MultiScanPanel:193 - Auto-refresh data requested => check proxy status ongoing
2023-10-31 19:12:44,173 [INFO] LoadUrlFilesThread:162 - End of LoadServerUrlFiles without Thread
2023-10-31 19:12:44,173 [INFO] DetailPanel:331 - Set advertising image to C:/Users/LEGION/STM32Cube/Repository/\stm32cubemx-promo_image.jpg
2023-10-31 19:12:45,589 [INFO] ExampleFilterPanel:266 - Update 0 favorites Examples
2023-10-31 19:13:13,259 [INFO] ApiDb:226 - Save user favorites file C:\Users\LEGION/.stm32cubeide/favorites.mcus.txt: 0 item(s)
2023-10-31 19:13:13,259 [INFO] ApiDb:230 - User favorites MCUs=[]
2023-10-31 19:13:13,262 [INFO] ApiDb:226 - Save user favorites file C:\Users\LEGION/.stm32cubeide/favorites.boards.txt: 0 item(s)
2023-10-31 19:13:13,262 [INFO] ApiDb:230 - User favorites Boards=[]
2023-10-31 19:13:13,265 [INFO] ApiDb:226 - Save user favorites file C:\Users\LEGION/.stm32cubeide/favorites.examples.txt: 0 item(s)
2023-10-31 19:13:13,265 [INFO] ApiDb:230 - User favorites Examples=[]
2023-10-31 19:13:16,926 [INFO] MainUpdater:2268 - connection check result : 10
2023-10-31 19:13:17,014 [INFO] McuFinderGlobals:40 - Set McuFinder mode to 2 (CubeIDE integrated)
2023-10-31 19:13:17,025 [INFO] CrossSelectorPresenter:1330 - Cross Selector saved comparison directory: C:\Users\LEGION\.stmcufinder\plugins\mcufinder\mcu\cs_comparisons_mx
2023-10-31 19:13:17,027 [INFO] MultiScanPanel:193 - Auto-refresh data requested => check proxy status ongoing
2023-10-31 19:13:17,027 [INFO] FinderPluginLoader:87 - Searching for filters in installed packs
2023-10-31 19:13:17,180 [INFO] LoadUrlFilesThread:162 - End of LoadServerUrlFiles without Thread
2023-10-31 19:13:17,180 [INFO] DetailPanel:331 - Set advertising image to C:/Users/LEGION/STM32Cube/Repository/\stm32cubemx-promo_image.jpg
2023-10-31 19:13:17,342 [INFO] McuFilterPanel:245 - Update 0 favorites MCUs
2023-10-31 19:14:41,364 [INFO] LogOutputStream:76 - [STDOUT_REDIRECT] withoutVersionV1.8.4
2023-10-31 19:14:41,365 [INFO] LogOutputStream:76 - [STDOUT_REDIRECT] withoutVersionV1.8.3
2023-10-31 19:14:41,365 [INFO] LogOutputStream:76 - [STDOUT_REDIRECT] withoutVersionV1.8.2
2023-10-31 19:14:41,366 [INFO] LogOutputStream:76 - [STDOUT_REDIRECT] withoutVersionV1.8.1
2023-10-31 19:14:41,366 [INFO] LogOutputStream:76 - [STDOUT_REDIRECT] withoutVersionV1.8.0
2023-10-31 19:14:48,179 [INFO] ApiDb:226 - Save user favorites file C:\Users\LEGION/.stm32cubeide/favorites.mcus.txt: 0 item(s)
2023-10-31 19:14:48,179 [INFO] ApiDb:230 - User favorites MCUs=[]
2023-11-02 14:39:24,291 [INFO] Activator:178 - 


2023-11-02 14:39:24,316 [INFO] Activator:179 - !SESSION log4j initialized
2023-11-02 17:46:57,409 [INFO] Activator:178 - 


2023-11-02 17:46:57,411 [INFO] Activator:179 - !SESSION log4j initialized
2023-11-03 15:37:38,462 [INFO] Activator:178 - 


2023-11-03 15:37:38,468 [INFO] Activator:179 - !SESSION log4j initialized
